<!DOCTYPE html>
<html>
  <head>
    <meta charset="utf-8"/>
    <title id="head-title">report.html</title>
      <link href="assets\style.css" rel="stylesheet" type="text/css"/>
  </head>
  <body>
    <h1 id="title">report.html</h1>
    <p>Report generated on 11-Feb-2024 at 09:29:26 by <a href="https://pypi.python.org/pypi/pytest-html">pytest-html</a>
        v4.1.1</p>
    <div id="environment-header">
      <h2>Environment</h2>
    </div>
    <table id="environment"></table>
    <!-- TEMPLATES -->
      <template id="template_environment_row">
      <tr>
        <td></td>
        <td></td>
      </tr>
    </template>
    <template id="template_results-table__body--empty">
      <tbody class="results-table-row">
        <tr id="not-found-message">
          <td colspan="4">No results found. Check the filters.</th>
        </tr>
    </template>
    <template id="template_results-table__tbody">
      <tbody class="results-table-row">
        <tr class="collapsible">
        </tr>
        <tr class="extras-row">
          <td class="extra" colspan="4">
            <div class="extraHTML"></div>
            <div class="media">
              <div class="media-container">
                  <div class="media-container__nav--left"><</div>
                  <div class="media-container__viewport">
                    <img src="" />
                    <video controls>
                      <source src="" type="video/mp4">
                    </video>
                  </div>
                  <div class="media-container__nav--right">></div>
                </div>
                <div class="media__name"></div>
                <div class="media__counter"></div>
            </div>
            <div class="logwrapper">
              <div class="logexpander"></div>
              <div class="log"></div>
            </div>
          </td>
        </tr>
      </tbody>
    </template>
    <!-- END TEMPLATES -->
    <div class="summary">
      <div class="summary__data">
        <h2>Summary</h2>
        <div class="additional-summary prefix">
        </div>
        <p class="run-count">100 tests took 00:21:54.</p>
        <p class="filter">(Un)check the boxes to filter the results.</p>
        <div class="summary__reload">
          <div class="summary__reload__button hidden" onclick="location.reload()">
            <div>There are still tests running. <br />Reload this page to get the latest results!</div>
          </div>
        </div>
        <div class="summary__spacer"></div>
        <div class="controls">
          <div class="filters">
            <input checked="true" class="filter" name="filter_checkbox" type="checkbox" data-test-result="failed" />
            <span class="failed">9 Failed,</span>
            <input checked="true" class="filter" name="filter_checkbox" type="checkbox" data-test-result="passed" />
            <span class="passed">91 Passed,</span>
            <input checked="true" class="filter" name="filter_checkbox" type="checkbox" data-test-result="skipped" disabled/>
            <span class="skipped">0 Skipped,</span>
            <input checked="true" class="filter" name="filter_checkbox" type="checkbox" data-test-result="xfailed" disabled/>
            <span class="xfailed">0 Expected failures,</span>
            <input checked="true" class="filter" name="filter_checkbox" type="checkbox" data-test-result="xpassed" disabled/>
            <span class="xpassed">0 Unexpected passes,</span>
            <input checked="true" class="filter" name="filter_checkbox" type="checkbox" data-test-result="error" disabled/>
            <span class="error">0 Errors,</span>
            <input checked="true" class="filter" name="filter_checkbox" type="checkbox" data-test-result="rerun" disabled/>
            <span class="rerun">0 Reruns</span>
          </div>
          <div class="collapse">
            <button id="show_all_details">Show all details</button>&nbsp;/&nbsp;<button id="hide_all_details">Hide all details</button>
          </div>
        </div>
      </div>
      <div class="additional-summary summary">
      </div>
      <div class="additional-summary postfix">
      </div>
    </div>
    <table id="results-table">
      <thead id="results-table-head">
        <tr>
          <th class="sortable" data-column-type="result">Result</th>
          <th class="sortable" data-column-type="testId">Test</th>
          <th class="sortable" data-column-type="duration">Duration</th>
          <th>Links</th>
        </tr>
      </thead>
    </table>
  </body>
  <footer>
    <div id="data-container" data-jsonblob="{&#34;environment&#34;: {&#34;Python&#34;: &#34;3.12.1&#34;, &#34;Platform&#34;: &#34;Windows-11-10.0.22631-SP0&#34;, &#34;Packages&#34;: {&#34;pytest&#34;: &#34;8.0.0&#34;, &#34;pluggy&#34;: &#34;1.4.0&#34;}, &#34;Plugins&#34;: {&#34;html&#34;: &#34;4.1.1&#34;, &#34;metadata&#34;: &#34;3.1.0&#34;, &#34;xdist&#34;: &#34;3.5.0&#34;}}, &#34;tests&#34;: {&#34;testCases/test_Homepage_Elements.py::Test_WebElement::test_page_loading&#34;: [{&#34;extras&#34;: [], &#34;result&#34;: &#34;Passed&#34;, &#34;testId&#34;: &#34;testCases/test_Homepage_Elements.py::Test_WebElement::test_page_loading&#34;, &#34;duration&#34;: &#34;00:00:12&#34;, &#34;resultsTableRow&#34;: [&#34;&lt;td class=\&#34;col-result\&#34;&gt;Passed&lt;/td&gt;&#34;, &#34;&lt;td class=\&#34;col-testId\&#34;&gt;testCases/test_Homepage_Elements.py::Test_WebElement::test_page_loading&lt;/td&gt;&#34;, &#34;&lt;td class=\&#34;col-duration\&#34;&gt;00:00:12&lt;/td&gt;&#34;, &#34;&lt;td class=\&#34;col-links\&#34;&gt;&lt;/td&gt;&#34;], &#34;log&#34;: &#34;[gw0] win32 -- Python 3.12.1 C:\\Automation\\Python\\DemoQA-Automation\\.venv\\Scripts\\python.exe\n\n------------------------------ Captured log call -------------------------------\nINFO     root:test_Homepage_Elements.py:28 Title of HomePage: PASSED\n\n&#34;}], &#34;testCases/test_alert_frame_windows.py::Test_Alerts::test_prompt[dismiss]&#34;: [{&#34;extras&#34;: [], &#34;result&#34;: &#34;Passed&#34;, &#34;testId&#34;: &#34;testCases/test_alert_frame_windows.py::Test_Alerts::test_prompt[dismiss]&#34;, &#34;duration&#34;: &#34;00:00:14&#34;, &#34;resultsTableRow&#34;: [&#34;&lt;td class=\&#34;col-result\&#34;&gt;Passed&lt;/td&gt;&#34;, &#34;&lt;td class=\&#34;col-testId\&#34;&gt;testCases/test_alert_frame_windows.py::Test_Alerts::test_prompt[dismiss]&lt;/td&gt;&#34;, &#34;&lt;td class=\&#34;col-duration\&#34;&gt;00:00:14&lt;/td&gt;&#34;, &#34;&lt;td class=\&#34;col-links\&#34;&gt;&lt;/td&gt;&#34;], &#34;log&#34;: &#34;[gw4] win32 -- Python 3.12.1 C:\\Automation\\Python\\DemoQA-Automation\\.venv\\Scripts\\python.exe\n&#34;}], &#34;testCases/test_Homepage_Elements.py::Test_WebElement::test_elements_cat_click&#34;: [{&#34;extras&#34;: [], &#34;result&#34;: &#34;Passed&#34;, &#34;testId&#34;: &#34;testCases/test_Homepage_Elements.py::Test_WebElement::test_elements_cat_click&#34;, &#34;duration&#34;: &#34;00:00:14&#34;, &#34;resultsTableRow&#34;: [&#34;&lt;td class=\&#34;col-result\&#34;&gt;Passed&lt;/td&gt;&#34;, &#34;&lt;td class=\&#34;col-testId\&#34;&gt;testCases/test_Homepage_Elements.py::Test_WebElement::test_elements_cat_click&lt;/td&gt;&#34;, &#34;&lt;td class=\&#34;col-duration\&#34;&gt;00:00:14&lt;/td&gt;&#34;, &#34;&lt;td class=\&#34;col-links\&#34;&gt;&lt;/td&gt;&#34;], &#34;log&#34;: &#34;[gw1] win32 -- Python 3.12.1 C:\\Automation\\Python\\DemoQA-Automation\\.venv\\Scripts\\python.exe\n\n------------------------------ Captured log call -------------------------------\nINFO     root:test_Homepage_Elements.py:63 Elements Category Presence: PASSED\n\n&#34;}], &#34;testCases/test_Homepage_Elements.py::Test_WebElement::test_books_app_cat_click&#34;: [{&#34;extras&#34;: [], &#34;result&#34;: &#34;Passed&#34;, &#34;testId&#34;: &#34;testCases/test_Homepage_Elements.py::Test_WebElement::test_books_app_cat_click&#34;, &#34;duration&#34;: &#34;00:00:14&#34;, &#34;resultsTableRow&#34;: [&#34;&lt;td class=\&#34;col-result\&#34;&gt;Passed&lt;/td&gt;&#34;, &#34;&lt;td class=\&#34;col-testId\&#34;&gt;testCases/test_Homepage_Elements.py::Test_WebElement::test_books_app_cat_click&lt;/td&gt;&#34;, &#34;&lt;td class=\&#34;col-duration\&#34;&gt;00:00:14&lt;/td&gt;&#34;, &#34;&lt;td class=\&#34;col-links\&#34;&gt;&lt;/td&gt;&#34;], &#34;log&#34;: &#34;[gw2] win32 -- Python 3.12.1 C:\\Automation\\Python\\DemoQA-Automation\\.venv\\Scripts\\python.exe\n\n------------------------------ Captured log call -------------------------------\nINFO     root:test_Homepage_Elements.py:93 Books APP Category Presence: PASSED\n\n&#34;}], &#34;testCases/test_alert_frame_windows.py::Test_Alerts::test_alert&#34;: [{&#34;extras&#34;: [], &#34;result&#34;: &#34;Failed&#34;, &#34;testId&#34;: &#34;testCases/test_alert_frame_windows.py::Test_Alerts::test_alert&#34;, &#34;duration&#34;: &#34;00:00:15&#34;, &#34;resultsTableRow&#34;: [&#34;&lt;td class=\&#34;col-result\&#34;&gt;Failed&lt;/td&gt;&#34;, &#34;&lt;td class=\&#34;col-testId\&#34;&gt;testCases/test_alert_frame_windows.py::Test_Alerts::test_alert&lt;/td&gt;&#34;, &#34;&lt;td class=\&#34;col-duration\&#34;&gt;00:00:15&lt;/td&gt;&#34;, &#34;&lt;td class=\&#34;col-links\&#34;&gt;&lt;/td&gt;&#34;], &#34;log&#34;: &#34;[gw3] win32 -- Python 3.12.1 C:\\Automation\\Python\\DemoQA-Automation\\.venv\\Scripts\\python.exe\n\nself = &amp;lt;testCases.test_alert_frame_windows.Test_Alerts object at 0x000002CF27711190&amp;gt;\n\n    def test_alert(self):\n        self.alert_page.click_alert_button()\n        alert = self.driver.switch_to.alert\n        alert.accept()\n&amp;gt;       assert &amp;quot;You clicked a button&amp;quot; == alert.text\n\ntestCases\\test_alert_frame_windows.py:63: \n_ _ _ _ _ _ _ _ _ _ _ _ _ _ _ _ _ _ _ _ _ _ _ _ _ _ _ _ _ _ _ _ _ _ _ _ _ _ _ _ _ _ _ _ _ _ _ _ _ _ _ _ _ _ _ _ _ _ _ _ _ _ _ _ _ _ _ _ _ _ _ _ _ _\n.venv\\Lib\\site-packages\\selenium\\webdriver\\common\\alert.py:58: in text\n    return self.driver.execute(Command.W3C_GET_ALERT_TEXT)[&amp;quot;value&amp;quot;]\n.venv\\Lib\\site-packages\\selenium\\webdriver\\remote\\webdriver.py:347: in execute\n    self.error_handler.check_response(response)\n_ _ _ _ _ _ _ _ _ _ _ _ _ _ _ _ _ _ _ _ _ _ _ _ _ _ _ _ _ _ _ _ _ _ _ _ _ _ _ _ _ _ _ _ _ _ _ _ _ _ _ _ _ _ _ _ _ _ _ _ _ _ _ _ _ _ _ _ _ _ _ _ _ _\n\nself = &amp;lt;selenium.webdriver.remote.errorhandler.ErrorHandler object at 0x000002CF27575070&amp;gt;\nresponse = {&amp;#x27;status&amp;#x27;: 404, &amp;#x27;value&amp;#x27;: &amp;#x27;{&amp;quot;value&amp;quot;:{&amp;quot;error&amp;quot;:&amp;quot;no such alert&amp;quot;,&amp;quot;message&amp;quot;:&amp;quot;no such alert\\\\n  (Session info: chrome=121.0.6...07FF7C1B8BD04]\\\\n\\\\tBaseThreadInitThunk [0x00007FFECF70257D+29]\\\\n\\\\tRtlUserThreadStart [0x00007FFED166AA58+40]\\\\n&amp;quot;}}&amp;#x27;}\n\n    def check_response(self, response: Dict[str, Any]) -&amp;gt; None:\n        &amp;quot;&amp;quot;&amp;quot;Checks that a JSON response from the WebDriver does not have an\n        error.\n    \n        :Args:\n         - response - The JSON response from the WebDriver server as a dictionary\n           object.\n    \n        :Raises: If the response contains an error message.\n        &amp;quot;&amp;quot;&amp;quot;\n        status = response.get(&amp;quot;status&amp;quot;, None)\n        if not status or status == ErrorCode.SUCCESS:\n            return\n        value = None\n        message = response.get(&amp;quot;message&amp;quot;, &amp;quot;&amp;quot;)\n        screen: str = response.get(&amp;quot;screen&amp;quot;, &amp;quot;&amp;quot;)\n        stacktrace = None\n        if isinstance(status, int):\n            value_json = response.get(&amp;quot;value&amp;quot;, None)\n            if value_json and isinstance(value_json, str):\n                import json\n    \n                try:\n                    value = json.loads(value_json)\n                    if len(value) == 1:\n                        value = value[&amp;quot;value&amp;quot;]\n                    status = value.get(&amp;quot;error&amp;quot;, None)\n                    if not status:\n                        status = value.get(&amp;quot;status&amp;quot;, ErrorCode.UNKNOWN_ERROR)\n                        message = value.get(&amp;quot;value&amp;quot;) or value.get(&amp;quot;message&amp;quot;)\n                        if not isinstance(message, str):\n                            value = message\n                            message = message.get(&amp;quot;message&amp;quot;)\n                    else:\n                        message = value.get(&amp;quot;message&amp;quot;, None)\n                except ValueError:\n                    pass\n    \n        exception_class: Type[WebDriverException]\n        e = ErrorCode()\n        error_codes = [item for item in dir(e) if not item.startswith(&amp;quot;__&amp;quot;)]\n        for error_code in error_codes:\n            error_info = getattr(ErrorCode, error_code)\n            if isinstance(error_info, list) and status in error_info:\n                exception_class = getattr(ExceptionMapping, error_code, WebDriverException)\n                break\n        else:\n            exception_class = WebDriverException\n    \n        if not value:\n            value = response[&amp;quot;value&amp;quot;]\n        if isinstance(value, str):\n            raise exception_class(value)\n        if message == &amp;quot;&amp;quot; and &amp;quot;message&amp;quot; in value:\n            message = value[&amp;quot;message&amp;quot;]\n    \n        screen = None  # type: ignore[assignment]\n        if &amp;quot;screen&amp;quot; in value:\n            screen = value[&amp;quot;screen&amp;quot;]\n    \n        stacktrace = None\n        st_value = value.get(&amp;quot;stackTrace&amp;quot;) or value.get(&amp;quot;stacktrace&amp;quot;)\n        if st_value:\n            if isinstance(st_value, str):\n                stacktrace = st_value.split(&amp;quot;\\n&amp;quot;)\n            else:\n                stacktrace = []\n                try:\n                    for frame in st_value:\n                        line = frame.get(&amp;quot;lineNumber&amp;quot;, &amp;quot;&amp;quot;)\n                        file = frame.get(&amp;quot;fileName&amp;quot;, &amp;quot;&amp;lt;anonymous&amp;gt;&amp;quot;)\n                        if line:\n                            file = f&amp;quot;{file}:{line}&amp;quot;\n                        meth = frame.get(&amp;quot;methodName&amp;quot;, &amp;quot;&amp;lt;anonymous&amp;gt;&amp;quot;)\n                        if &amp;quot;className&amp;quot; in frame:\n                            meth = f&amp;quot;{frame[&amp;#x27;className&amp;#x27;]}.{meth}&amp;quot;\n                        msg = &amp;quot;    at %s (%s)&amp;quot;\n                        msg = msg % (meth, file)\n                        stacktrace.append(msg)\n                except TypeError:\n                    pass\n        if exception_class == UnexpectedAlertPresentException:\n            alert_text = None\n            if &amp;quot;data&amp;quot; in value:\n                alert_text = value[&amp;quot;data&amp;quot;].get(&amp;quot;text&amp;quot;)\n            elif &amp;quot;alert&amp;quot; in value:\n                alert_text = value[&amp;quot;alert&amp;quot;].get(&amp;quot;text&amp;quot;)\n            raise exception_class(message, screen, stacktrace, alert_text)  # type: ignore[call-arg]  # mypy is not smart enough here\n&amp;gt;       raise exception_class(message, screen, stacktrace)\nE       selenium.common.exceptions.NoAlertPresentException: Message: no such alert\nE         (Session info: chrome=121.0.6167.161)\nE       Stacktrace:\nE       \tGetHandleVerifier [0x00007FF7C1F75E42+3538674]\nE       \t(No symbol) [0x00007FF7C1B94C02]\nE       \t(No symbol) [0x00007FF7C1A4599D]\nE       \t(No symbol) [0x00007FF7C1A3A087]\nE       \t(No symbol) [0x00007FF7C1A6582F]\nE       \t(No symbol) [0x00007FF7C1AAF15D]\nE       \t(No symbol) [0x00007FF7C1A6568B]\nE       \t(No symbol) [0x00007FF7C1AAEE53]\nE       \t(No symbol) [0x00007FF7C1A7F514]\nE       \t(No symbol) [0x00007FF7C1A80631]\nE       \tGetHandleVerifier [0x00007FF7C1FA6CAD+3738973]\nE       \tGetHandleVerifier [0x00007FF7C1FFC506+4089270]\nE       \tGetHandleVerifier [0x00007FF7C1FF4823+4057299]\nE       \tGetHandleVerifier [0x00007FF7C1CC5C49+720121]\nE       \t(No symbol) [0x00007FF7C1BA126F]\nE       \t(No symbol) [0x00007FF7C1B9C304]\nE       \t(No symbol) [0x00007FF7C1B9C432]\nE       \t(No symbol) [0x00007FF7C1B8BD04]\nE       \tBaseThreadInitThunk [0x00007FFECF70257D+29]\nE       \tRtlUserThreadStart [0x00007FFED166AA58+40]\n\n.venv\\Lib\\site-packages\\selenium\\webdriver\\remote\\errorhandler.py:229: NoAlertPresentException\n&#34;}], &#34;testCases/test_Homepage_Elements.py::Test_WebElement::test_logo_presence&#34;: [{&#34;extras&#34;: [], &#34;result&#34;: &#34;Passed&#34;, &#34;testId&#34;: &#34;testCases/test_Homepage_Elements.py::Test_WebElement::test_logo_presence&#34;, &#34;duration&#34;: &#34;00:00:11&#34;, &#34;resultsTableRow&#34;: [&#34;&lt;td class=\&#34;col-result\&#34;&gt;Passed&lt;/td&gt;&#34;, &#34;&lt;td class=\&#34;col-testId\&#34;&gt;testCases/test_Homepage_Elements.py::Test_WebElement::test_logo_presence&lt;/td&gt;&#34;, &#34;&lt;td class=\&#34;col-duration\&#34;&gt;00:00:11&lt;/td&gt;&#34;, &#34;&lt;td class=\&#34;col-links\&#34;&gt;&lt;/td&gt;&#34;], &#34;log&#34;: &#34;[gw0] win32 -- Python 3.12.1 C:\\Automation\\Python\\DemoQA-Automation\\.venv\\Scripts\\python.exe\n\n------------------------------ Captured log call -------------------------------\nINFO     root:test_Homepage_Elements.py:34 Header Logo Presence: PASSED\n\n&#34;}], &#34;testCases/test_Homepage_Elements.py::Test_WebElement::test_forms_cat_click&#34;: [{&#34;extras&#34;: [], &#34;result&#34;: &#34;Passed&#34;, &#34;testId&#34;: &#34;testCases/test_Homepage_Elements.py::Test_WebElement::test_forms_cat_click&#34;, &#34;duration&#34;: &#34;00:00:12&#34;, &#34;resultsTableRow&#34;: [&#34;&lt;td class=\&#34;col-result\&#34;&gt;Passed&lt;/td&gt;&#34;, &#34;&lt;td class=\&#34;col-testId\&#34;&gt;testCases/test_Homepage_Elements.py::Test_WebElement::test_forms_cat_click&lt;/td&gt;&#34;, &#34;&lt;td class=\&#34;col-duration\&#34;&gt;00:00:12&lt;/td&gt;&#34;, &#34;&lt;td class=\&#34;col-links\&#34;&gt;&lt;/td&gt;&#34;], &#34;log&#34;: &#34;[gw1] win32 -- Python 3.12.1 C:\\Automation\\Python\\DemoQA-Automation\\.venv\\Scripts\\python.exe\n\n------------------------------ Captured log call -------------------------------\nINFO     root:test_Homepage_Elements.py:69 Forms Category Presence: PASSED\n\n&#34;}], &#34;testCases/test_alert_frame_windows.py::Test_Windows::test_header_text&#34;: [{&#34;extras&#34;: [], &#34;result&#34;: &#34;Passed&#34;, &#34;testId&#34;: &#34;testCases/test_alert_frame_windows.py::Test_Windows::test_header_text&#34;, &#34;duration&#34;: &#34;00:00:12&#34;, &#34;resultsTableRow&#34;: [&#34;&lt;td class=\&#34;col-result\&#34;&gt;Passed&lt;/td&gt;&#34;, &#34;&lt;td class=\&#34;col-testId\&#34;&gt;testCases/test_alert_frame_windows.py::Test_Windows::test_header_text&lt;/td&gt;&#34;, &#34;&lt;td class=\&#34;col-duration\&#34;&gt;00:00:12&lt;/td&gt;&#34;, &#34;&lt;td class=\&#34;col-links\&#34;&gt;&lt;/td&gt;&#34;], &#34;log&#34;: &#34;[gw2] win32 -- Python 3.12.1 C:\\Automation\\Python\\DemoQA-Automation\\.venv\\Scripts\\python.exe\n&#34;}], &#34;testCases/test_alert_frame_windows.py::Test_Frames::test_frames_header_text&#34;: [{&#34;extras&#34;: [], &#34;result&#34;: &#34;Passed&#34;, &#34;testId&#34;: &#34;testCases/test_alert_frame_windows.py::Test_Frames::test_frames_header_text&#34;, &#34;duration&#34;: &#34;00:00:13&#34;, &#34;resultsTableRow&#34;: [&#34;&lt;td class=\&#34;col-result\&#34;&gt;Passed&lt;/td&gt;&#34;, &#34;&lt;td class=\&#34;col-testId\&#34;&gt;testCases/test_alert_frame_windows.py::Test_Frames::test_frames_header_text&lt;/td&gt;&#34;, &#34;&lt;td class=\&#34;col-duration\&#34;&gt;00:00:13&lt;/td&gt;&#34;, &#34;&lt;td class=\&#34;col-links\&#34;&gt;&lt;/td&gt;&#34;], &#34;log&#34;: &#34;[gw4] win32 -- Python 3.12.1 C:\\Automation\\Python\\DemoQA-Automation\\.venv\\Scripts\\python.exe\n&#34;}], &#34;testCases/test_alert_frame_windows.py::Test_Alerts::test_alert_delay&#34;: [{&#34;extras&#34;: [], &#34;result&#34;: &#34;Failed&#34;, &#34;testId&#34;: &#34;testCases/test_alert_frame_windows.py::Test_Alerts::test_alert_delay&#34;, &#34;duration&#34;: &#34;00:00:18&#34;, &#34;resultsTableRow&#34;: [&#34;&lt;td class=\&#34;col-result\&#34;&gt;Failed&lt;/td&gt;&#34;, &#34;&lt;td class=\&#34;col-testId\&#34;&gt;testCases/test_alert_frame_windows.py::Test_Alerts::test_alert_delay&lt;/td&gt;&#34;, &#34;&lt;td class=\&#34;col-duration\&#34;&gt;00:00:18&lt;/td&gt;&#34;, &#34;&lt;td class=\&#34;col-links\&#34;&gt;&lt;/td&gt;&#34;], &#34;log&#34;: &#34;[gw3] win32 -- Python 3.12.1 C:\\Automation\\Python\\DemoQA-Automation\\.venv\\Scripts\\python.exe\n\nself = &amp;lt;testCases.test_alert_frame_windows.Test_Alerts object at 0x000002CF27711310&amp;gt;\n\n    def test_alert_delay(self):\n        self.alert_page.click_delay_alert_button()\n        time.sleep(6)\n        delay = self.driver.switch_to.alert\n        delay.accept()\n&amp;gt;       assert &amp;quot;This alert appeared after 5 seconds&amp;quot; == delay.text\n\ntestCases\\test_alert_frame_windows.py:70: \n_ _ _ _ _ _ _ _ _ _ _ _ _ _ _ _ _ _ _ _ _ _ _ _ _ _ _ _ _ _ _ _ _ _ _ _ _ _ _ _ _ _ _ _ _ _ _ _ _ _ _ _ _ _ _ _ _ _ _ _ _ _ _ _ _ _ _ _ _ _ _ _ _ _\n.venv\\Lib\\site-packages\\selenium\\webdriver\\common\\alert.py:58: in text\n    return self.driver.execute(Command.W3C_GET_ALERT_TEXT)[&amp;quot;value&amp;quot;]\n.venv\\Lib\\site-packages\\selenium\\webdriver\\remote\\webdriver.py:347: in execute\n    self.error_handler.check_response(response)\n_ _ _ _ _ _ _ _ _ _ _ _ _ _ _ _ _ _ _ _ _ _ _ _ _ _ _ _ _ _ _ _ _ _ _ _ _ _ _ _ _ _ _ _ _ _ _ _ _ _ _ _ _ _ _ _ _ _ _ _ _ _ _ _ _ _ _ _ _ _ _ _ _ _\n\nself = &amp;lt;selenium.webdriver.remote.errorhandler.ErrorHandler object at 0x000002CF27859CA0&amp;gt;\nresponse = {&amp;#x27;status&amp;#x27;: 404, &amp;#x27;value&amp;#x27;: &amp;#x27;{&amp;quot;value&amp;quot;:{&amp;quot;error&amp;quot;:&amp;quot;no such alert&amp;quot;,&amp;quot;message&amp;quot;:&amp;quot;no such alert\\\\n  (Session info: chrome=121.0.6...07FF7C1B8BD04]\\\\n\\\\tBaseThreadInitThunk [0x00007FFECF70257D+29]\\\\n\\\\tRtlUserThreadStart [0x00007FFED166AA58+40]\\\\n&amp;quot;}}&amp;#x27;}\n\n    def check_response(self, response: Dict[str, Any]) -&amp;gt; None:\n        &amp;quot;&amp;quot;&amp;quot;Checks that a JSON response from the WebDriver does not have an\n        error.\n    \n        :Args:\n         - response - The JSON response from the WebDriver server as a dictionary\n           object.\n    \n        :Raises: If the response contains an error message.\n        &amp;quot;&amp;quot;&amp;quot;\n        status = response.get(&amp;quot;status&amp;quot;, None)\n        if not status or status == ErrorCode.SUCCESS:\n            return\n        value = None\n        message = response.get(&amp;quot;message&amp;quot;, &amp;quot;&amp;quot;)\n        screen: str = response.get(&amp;quot;screen&amp;quot;, &amp;quot;&amp;quot;)\n        stacktrace = None\n        if isinstance(status, int):\n            value_json = response.get(&amp;quot;value&amp;quot;, None)\n            if value_json and isinstance(value_json, str):\n                import json\n    \n                try:\n                    value = json.loads(value_json)\n                    if len(value) == 1:\n                        value = value[&amp;quot;value&amp;quot;]\n                    status = value.get(&amp;quot;error&amp;quot;, None)\n                    if not status:\n                        status = value.get(&amp;quot;status&amp;quot;, ErrorCode.UNKNOWN_ERROR)\n                        message = value.get(&amp;quot;value&amp;quot;) or value.get(&amp;quot;message&amp;quot;)\n                        if not isinstance(message, str):\n                            value = message\n                            message = message.get(&amp;quot;message&amp;quot;)\n                    else:\n                        message = value.get(&amp;quot;message&amp;quot;, None)\n                except ValueError:\n                    pass\n    \n        exception_class: Type[WebDriverException]\n        e = ErrorCode()\n        error_codes = [item for item in dir(e) if not item.startswith(&amp;quot;__&amp;quot;)]\n        for error_code in error_codes:\n            error_info = getattr(ErrorCode, error_code)\n            if isinstance(error_info, list) and status in error_info:\n                exception_class = getattr(ExceptionMapping, error_code, WebDriverException)\n                break\n        else:\n            exception_class = WebDriverException\n    \n        if not value:\n            value = response[&amp;quot;value&amp;quot;]\n        if isinstance(value, str):\n            raise exception_class(value)\n        if message == &amp;quot;&amp;quot; and &amp;quot;message&amp;quot; in value:\n            message = value[&amp;quot;message&amp;quot;]\n    \n        screen = None  # type: ignore[assignment]\n        if &amp;quot;screen&amp;quot; in value:\n            screen = value[&amp;quot;screen&amp;quot;]\n    \n        stacktrace = None\n        st_value = value.get(&amp;quot;stackTrace&amp;quot;) or value.get(&amp;quot;stacktrace&amp;quot;)\n        if st_value:\n            if isinstance(st_value, str):\n                stacktrace = st_value.split(&amp;quot;\\n&amp;quot;)\n            else:\n                stacktrace = []\n                try:\n                    for frame in st_value:\n                        line = frame.get(&amp;quot;lineNumber&amp;quot;, &amp;quot;&amp;quot;)\n                        file = frame.get(&amp;quot;fileName&amp;quot;, &amp;quot;&amp;lt;anonymous&amp;gt;&amp;quot;)\n                        if line:\n                            file = f&amp;quot;{file}:{line}&amp;quot;\n                        meth = frame.get(&amp;quot;methodName&amp;quot;, &amp;quot;&amp;lt;anonymous&amp;gt;&amp;quot;)\n                        if &amp;quot;className&amp;quot; in frame:\n                            meth = f&amp;quot;{frame[&amp;#x27;className&amp;#x27;]}.{meth}&amp;quot;\n                        msg = &amp;quot;    at %s (%s)&amp;quot;\n                        msg = msg % (meth, file)\n                        stacktrace.append(msg)\n                except TypeError:\n                    pass\n        if exception_class == UnexpectedAlertPresentException:\n            alert_text = None\n            if &amp;quot;data&amp;quot; in value:\n                alert_text = value[&amp;quot;data&amp;quot;].get(&amp;quot;text&amp;quot;)\n            elif &amp;quot;alert&amp;quot; in value:\n                alert_text = value[&amp;quot;alert&amp;quot;].get(&amp;quot;text&amp;quot;)\n            raise exception_class(message, screen, stacktrace, alert_text)  # type: ignore[call-arg]  # mypy is not smart enough here\n&amp;gt;       raise exception_class(message, screen, stacktrace)\nE       selenium.common.exceptions.NoAlertPresentException: Message: no such alert\nE         (Session info: chrome=121.0.6167.161)\nE       Stacktrace:\nE       \tGetHandleVerifier [0x00007FF7C1F75E42+3538674]\nE       \t(No symbol) [0x00007FF7C1B94C02]\nE       \t(No symbol) [0x00007FF7C1A4599D]\nE       \t(No symbol) [0x00007FF7C1A3A087]\nE       \t(No symbol) [0x00007FF7C1A6582F]\nE       \t(No symbol) [0x00007FF7C1AAF15D]\nE       \t(No symbol) [0x00007FF7C1A6568B]\nE       \t(No symbol) [0x00007FF7C1AAEE53]\nE       \t(No symbol) [0x00007FF7C1A7F514]\nE       \t(No symbol) [0x00007FF7C1A80631]\nE       \tGetHandleVerifier [0x00007FF7C1FA6CAD+3738973]\nE       \tGetHandleVerifier [0x00007FF7C1FFC506+4089270]\nE       \tGetHandleVerifier [0x00007FF7C1FF4823+4057299]\nE       \tGetHandleVerifier [0x00007FF7C1CC5C49+720121]\nE       \t(No symbol) [0x00007FF7C1BA126F]\nE       \t(No symbol) [0x00007FF7C1B9C304]\nE       \t(No symbol) [0x00007FF7C1B9C432]\nE       \t(No symbol) [0x00007FF7C1B8BD04]\nE       \tBaseThreadInitThunk [0x00007FFECF70257D+29]\nE       \tRtlUserThreadStart [0x00007FFED166AA58+40]\n\n.venv\\Lib\\site-packages\\selenium\\webdriver\\remote\\errorhandler.py:229: NoAlertPresentException\n&#34;}], &#34;testCases/test_Homepage_Elements.py::Test_WebElement::test_logo_clickable&#34;: [{&#34;extras&#34;: [], &#34;result&#34;: &#34;Passed&#34;, &#34;testId&#34;: &#34;testCases/test_Homepage_Elements.py::Test_WebElement::test_logo_clickable&#34;, &#34;duration&#34;: &#34;00:00:12&#34;, &#34;resultsTableRow&#34;: [&#34;&lt;td class=\&#34;col-result\&#34;&gt;Passed&lt;/td&gt;&#34;, &#34;&lt;td class=\&#34;col-testId\&#34;&gt;testCases/test_Homepage_Elements.py::Test_WebElement::test_logo_clickable&lt;/td&gt;&#34;, &#34;&lt;td class=\&#34;col-duration\&#34;&gt;00:00:12&lt;/td&gt;&#34;, &#34;&lt;td class=\&#34;col-links\&#34;&gt;&lt;/td&gt;&#34;], &#34;log&#34;: &#34;[gw0] win32 -- Python 3.12.1 C:\\Automation\\Python\\DemoQA-Automation\\.venv\\Scripts\\python.exe\n\n------------------------------ Captured log call -------------------------------\nINFO     root:test_Homepage_Elements.py:42 Logo is clickable: PASSED\n\n&#34;}], &#34;testCases/test_Homepage_Elements.py::Test_WebElement::test_alert_frame_windows_cat_click&#34;: [{&#34;extras&#34;: [], &#34;result&#34;: &#34;Passed&#34;, &#34;testId&#34;: &#34;testCases/test_Homepage_Elements.py::Test_WebElement::test_alert_frame_windows_cat_click&#34;, &#34;duration&#34;: &#34;00:00:11&#34;, &#34;resultsTableRow&#34;: [&#34;&lt;td class=\&#34;col-result\&#34;&gt;Passed&lt;/td&gt;&#34;, &#34;&lt;td class=\&#34;col-testId\&#34;&gt;testCases/test_Homepage_Elements.py::Test_WebElement::test_alert_frame_windows_cat_click&lt;/td&gt;&#34;, &#34;&lt;td class=\&#34;col-duration\&#34;&gt;00:00:11&lt;/td&gt;&#34;, &#34;&lt;td class=\&#34;col-links\&#34;&gt;&lt;/td&gt;&#34;], &#34;log&#34;: &#34;[gw1] win32 -- Python 3.12.1 C:\\Automation\\Python\\DemoQA-Automation\\.venv\\Scripts\\python.exe\n\n------------------------------ Captured log call -------------------------------\nINFO     root:test_Homepage_Elements.py:75 AlertWindows Category Presence: PASSED\n\n&#34;}], &#34;testCases/test_alert_frame_windows.py::Test_Windows::test_open_new_tab&#34;: [{&#34;extras&#34;: [], &#34;result&#34;: &#34;Passed&#34;, &#34;testId&#34;: &#34;testCases/test_alert_frame_windows.py::Test_Windows::test_open_new_tab&#34;, &#34;duration&#34;: &#34;00:00:12&#34;, &#34;resultsTableRow&#34;: [&#34;&lt;td class=\&#34;col-result\&#34;&gt;Passed&lt;/td&gt;&#34;, &#34;&lt;td class=\&#34;col-testId\&#34;&gt;testCases/test_alert_frame_windows.py::Test_Windows::test_open_new_tab&lt;/td&gt;&#34;, &#34;&lt;td class=\&#34;col-duration\&#34;&gt;00:00:12&lt;/td&gt;&#34;, &#34;&lt;td class=\&#34;col-links\&#34;&gt;&lt;/td&gt;&#34;], &#34;log&#34;: &#34;[gw2] win32 -- Python 3.12.1 C:\\Automation\\Python\\DemoQA-Automation\\.venv\\Scripts\\python.exe\n&#34;}], &#34;testCases/test_alert_frame_windows.py::Test_Frames::test_large_frame&#34;: [{&#34;extras&#34;: [], &#34;result&#34;: &#34;Passed&#34;, &#34;testId&#34;: &#34;testCases/test_alert_frame_windows.py::Test_Frames::test_large_frame&#34;, &#34;duration&#34;: &#34;00:00:12&#34;, &#34;resultsTableRow&#34;: [&#34;&lt;td class=\&#34;col-result\&#34;&gt;Passed&lt;/td&gt;&#34;, &#34;&lt;td class=\&#34;col-testId\&#34;&gt;testCases/test_alert_frame_windows.py::Test_Frames::test_large_frame&lt;/td&gt;&#34;, &#34;&lt;td class=\&#34;col-duration\&#34;&gt;00:00:12&lt;/td&gt;&#34;, &#34;&lt;td class=\&#34;col-links\&#34;&gt;&lt;/td&gt;&#34;], &#34;log&#34;: &#34;[gw4] win32 -- Python 3.12.1 C:\\Automation\\Python\\DemoQA-Automation\\.venv\\Scripts\\python.exe\n&#34;}], &#34;testCases/test_alert_frame_windows.py::Test_Alerts::test_confirm_alert[accept]&#34;: [{&#34;extras&#34;: [], &#34;result&#34;: &#34;Passed&#34;, &#34;testId&#34;: &#34;testCases/test_alert_frame_windows.py::Test_Alerts::test_confirm_alert[accept]&#34;, &#34;duration&#34;: &#34;00:00:11&#34;, &#34;resultsTableRow&#34;: [&#34;&lt;td class=\&#34;col-result\&#34;&gt;Passed&lt;/td&gt;&#34;, &#34;&lt;td class=\&#34;col-testId\&#34;&gt;testCases/test_alert_frame_windows.py::Test_Alerts::test_confirm_alert[accept]&lt;/td&gt;&#34;, &#34;&lt;td class=\&#34;col-duration\&#34;&gt;00:00:11&lt;/td&gt;&#34;, &#34;&lt;td class=\&#34;col-links\&#34;&gt;&lt;/td&gt;&#34;], &#34;log&#34;: &#34;[gw3] win32 -- Python 3.12.1 C:\\Automation\\Python\\DemoQA-Automation\\.venv\\Scripts\\python.exe\n&#34;}], &#34;testCases/test_Homepage_Elements.py::Test_WebElement::test_footer_presence&#34;: [{&#34;extras&#34;: [], &#34;result&#34;: &#34;Passed&#34;, &#34;testId&#34;: &#34;testCases/test_Homepage_Elements.py::Test_WebElement::test_footer_presence&#34;, &#34;duration&#34;: &#34;00:00:11&#34;, &#34;resultsTableRow&#34;: [&#34;&lt;td class=\&#34;col-result\&#34;&gt;Passed&lt;/td&gt;&#34;, &#34;&lt;td class=\&#34;col-testId\&#34;&gt;testCases/test_Homepage_Elements.py::Test_WebElement::test_footer_presence&lt;/td&gt;&#34;, &#34;&lt;td class=\&#34;col-duration\&#34;&gt;00:00:11&lt;/td&gt;&#34;, &#34;&lt;td class=\&#34;col-links\&#34;&gt;&lt;/td&gt;&#34;], &#34;log&#34;: &#34;[gw0] win32 -- Python 3.12.1 C:\\Automation\\Python\\DemoQA-Automation\\.venv\\Scripts\\python.exe\n\n------------------------------ Captured log call -------------------------------\nINFO     root:test_Homepage_Elements.py:49 Footer presence: PASSED\n\n&#34;}], &#34;testCases/test_Homepage_Elements.py::Test_WebElement::test_widgets_cat_click&#34;: [{&#34;extras&#34;: [], &#34;result&#34;: &#34;Passed&#34;, &#34;testId&#34;: &#34;testCases/test_Homepage_Elements.py::Test_WebElement::test_widgets_cat_click&#34;, &#34;duration&#34;: &#34;00:00:11&#34;, &#34;resultsTableRow&#34;: [&#34;&lt;td class=\&#34;col-result\&#34;&gt;Passed&lt;/td&gt;&#34;, &#34;&lt;td class=\&#34;col-testId\&#34;&gt;testCases/test_Homepage_Elements.py::Test_WebElement::test_widgets_cat_click&lt;/td&gt;&#34;, &#34;&lt;td class=\&#34;col-duration\&#34;&gt;00:00:11&lt;/td&gt;&#34;, &#34;&lt;td class=\&#34;col-links\&#34;&gt;&lt;/td&gt;&#34;], &#34;log&#34;: &#34;[gw1] win32 -- Python 3.12.1 C:\\Automation\\Python\\DemoQA-Automation\\.venv\\Scripts\\python.exe\n\n------------------------------ Captured log call -------------------------------\nINFO     root:test_Homepage_Elements.py:81 Widgets Category Presence: PASSED\n\n&#34;}], &#34;testCases/test_alert_frame_windows.py::Test_Frames::test_small_frame&#34;: [{&#34;extras&#34;: [], &#34;result&#34;: &#34;Passed&#34;, &#34;testId&#34;: &#34;testCases/test_alert_frame_windows.py::Test_Frames::test_small_frame&#34;, &#34;duration&#34;: &#34;00:00:12&#34;, &#34;resultsTableRow&#34;: [&#34;&lt;td class=\&#34;col-result\&#34;&gt;Passed&lt;/td&gt;&#34;, &#34;&lt;td class=\&#34;col-testId\&#34;&gt;testCases/test_alert_frame_windows.py::Test_Frames::test_small_frame&lt;/td&gt;&#34;, &#34;&lt;td class=\&#34;col-duration\&#34;&gt;00:00:12&lt;/td&gt;&#34;, &#34;&lt;td class=\&#34;col-links\&#34;&gt;&lt;/td&gt;&#34;], &#34;log&#34;: &#34;[gw4] win32 -- Python 3.12.1 C:\\Automation\\Python\\DemoQA-Automation\\.venv\\Scripts\\python.exe\n&#34;}], &#34;testCases/test_alert_frame_windows.py::Test_Windows::test_open_new_window&#34;: [{&#34;extras&#34;: [], &#34;result&#34;: &#34;Passed&#34;, &#34;testId&#34;: &#34;testCases/test_alert_frame_windows.py::Test_Windows::test_open_new_window&#34;, &#34;duration&#34;: &#34;00:00:14&#34;, &#34;resultsTableRow&#34;: [&#34;&lt;td class=\&#34;col-result\&#34;&gt;Passed&lt;/td&gt;&#34;, &#34;&lt;td class=\&#34;col-testId\&#34;&gt;testCases/test_alert_frame_windows.py::Test_Windows::test_open_new_window&lt;/td&gt;&#34;, &#34;&lt;td class=\&#34;col-duration\&#34;&gt;00:00:14&lt;/td&gt;&#34;, &#34;&lt;td class=\&#34;col-links\&#34;&gt;&lt;/td&gt;&#34;], &#34;log&#34;: &#34;[gw2] win32 -- Python 3.12.1 C:\\Automation\\Python\\DemoQA-Automation\\.venv\\Scripts\\python.exe\n&#34;}], &#34;testCases/test_alert_frame_windows.py::Test_Alerts::test_confirm_alert[dismiss]&#34;: [{&#34;extras&#34;: [], &#34;result&#34;: &#34;Passed&#34;, &#34;testId&#34;: &#34;testCases/test_alert_frame_windows.py::Test_Alerts::test_confirm_alert[dismiss]&#34;, &#34;duration&#34;: &#34;00:00:11&#34;, &#34;resultsTableRow&#34;: [&#34;&lt;td class=\&#34;col-result\&#34;&gt;Passed&lt;/td&gt;&#34;, &#34;&lt;td class=\&#34;col-testId\&#34;&gt;testCases/test_alert_frame_windows.py::Test_Alerts::test_confirm_alert[dismiss]&lt;/td&gt;&#34;, &#34;&lt;td class=\&#34;col-duration\&#34;&gt;00:00:11&lt;/td&gt;&#34;, &#34;&lt;td class=\&#34;col-links\&#34;&gt;&lt;/td&gt;&#34;], &#34;log&#34;: &#34;[gw3] win32 -- Python 3.12.1 C:\\Automation\\Python\\DemoQA-Automation\\.venv\\Scripts\\python.exe\n&#34;}], &#34;testCases/test_Homepage_Elements.py::Test_WebElement::test_nums_of_category&#34;: [{&#34;extras&#34;: [], &#34;result&#34;: &#34;Passed&#34;, &#34;testId&#34;: &#34;testCases/test_Homepage_Elements.py::Test_WebElement::test_nums_of_category&#34;, &#34;duration&#34;: &#34;00:00:11&#34;, &#34;resultsTableRow&#34;: [&#34;&lt;td class=\&#34;col-result\&#34;&gt;Passed&lt;/td&gt;&#34;, &#34;&lt;td class=\&#34;col-testId\&#34;&gt;testCases/test_Homepage_Elements.py::Test_WebElement::test_nums_of_category&lt;/td&gt;&#34;, &#34;&lt;td class=\&#34;col-duration\&#34;&gt;00:00:11&lt;/td&gt;&#34;, &#34;&lt;td class=\&#34;col-links\&#34;&gt;&lt;/td&gt;&#34;], &#34;log&#34;: &#34;[gw0] win32 -- Python 3.12.1 C:\\Automation\\Python\\DemoQA-Automation\\.venv\\Scripts\\python.exe\n\n------------------------------ Captured log call -------------------------------\nINFO     root:test_Homepage_Elements.py:56 Categories Presence and size: PASSED\n\n&#34;}], &#34;testCases/test_Homepage_Elements.py::Test_WebElement::test_interactions_cat_click&#34;: [{&#34;extras&#34;: [], &#34;result&#34;: &#34;Passed&#34;, &#34;testId&#34;: &#34;testCases/test_Homepage_Elements.py::Test_WebElement::test_interactions_cat_click&#34;, &#34;duration&#34;: &#34;00:00:12&#34;, &#34;resultsTableRow&#34;: [&#34;&lt;td class=\&#34;col-result\&#34;&gt;Passed&lt;/td&gt;&#34;, &#34;&lt;td class=\&#34;col-testId\&#34;&gt;testCases/test_Homepage_Elements.py::Test_WebElement::test_interactions_cat_click&lt;/td&gt;&#34;, &#34;&lt;td class=\&#34;col-duration\&#34;&gt;00:00:12&lt;/td&gt;&#34;, &#34;&lt;td class=\&#34;col-links\&#34;&gt;&lt;/td&gt;&#34;], &#34;log&#34;: &#34;[gw1] win32 -- Python 3.12.1 C:\\Automation\\Python\\DemoQA-Automation\\.venv\\Scripts\\python.exe\n\n------------------------------ Captured log call -------------------------------\nINFO     root:test_Homepage_Elements.py:87 Interactions Category Presence: PASSED\n\n&#34;}], &#34;testCases/test_alert_frame_windows.py::Test_Nested_Frames::test_parent_frame&#34;: [{&#34;extras&#34;: [], &#34;result&#34;: &#34;Passed&#34;, &#34;testId&#34;: &#34;testCases/test_alert_frame_windows.py::Test_Nested_Frames::test_parent_frame&#34;, &#34;duration&#34;: &#34;00:00:12&#34;, &#34;resultsTableRow&#34;: [&#34;&lt;td class=\&#34;col-result\&#34;&gt;Passed&lt;/td&gt;&#34;, &#34;&lt;td class=\&#34;col-testId\&#34;&gt;testCases/test_alert_frame_windows.py::Test_Nested_Frames::test_parent_frame&lt;/td&gt;&#34;, &#34;&lt;td class=\&#34;col-duration\&#34;&gt;00:00:12&lt;/td&gt;&#34;, &#34;&lt;td class=\&#34;col-links\&#34;&gt;&lt;/td&gt;&#34;], &#34;log&#34;: &#34;[gw4] win32 -- Python 3.12.1 C:\\Automation\\Python\\DemoQA-Automation\\.venv\\Scripts\\python.exe\n&#34;}], &#34;testCases/test_alert_frame_windows.py::Test_Windows::test_open_new_window_message&#34;: [{&#34;extras&#34;: [], &#34;result&#34;: &#34;Passed&#34;, &#34;testId&#34;: &#34;testCases/test_alert_frame_windows.py::Test_Windows::test_open_new_window_message&#34;, &#34;duration&#34;: &#34;00:00:12&#34;, &#34;resultsTableRow&#34;: [&#34;&lt;td class=\&#34;col-result\&#34;&gt;Passed&lt;/td&gt;&#34;, &#34;&lt;td class=\&#34;col-testId\&#34;&gt;testCases/test_alert_frame_windows.py::Test_Windows::test_open_new_window_message&lt;/td&gt;&#34;, &#34;&lt;td class=\&#34;col-duration\&#34;&gt;00:00:12&lt;/td&gt;&#34;, &#34;&lt;td class=\&#34;col-links\&#34;&gt;&lt;/td&gt;&#34;], &#34;log&#34;: &#34;[gw2] win32 -- Python 3.12.1 C:\\Automation\\Python\\DemoQA-Automation\\.venv\\Scripts\\python.exe\n&#34;}], &#34;testCases/test_alert_frame_windows.py::Test_Alerts::test_prompt[accept]&#34;: [{&#34;extras&#34;: [], &#34;result&#34;: &#34;Passed&#34;, &#34;testId&#34;: &#34;testCases/test_alert_frame_windows.py::Test_Alerts::test_prompt[accept]&#34;, &#34;duration&#34;: &#34;00:00:12&#34;, &#34;resultsTableRow&#34;: [&#34;&lt;td class=\&#34;col-result\&#34;&gt;Passed&lt;/td&gt;&#34;, &#34;&lt;td class=\&#34;col-testId\&#34;&gt;testCases/test_alert_frame_windows.py::Test_Alerts::test_prompt[accept]&lt;/td&gt;&#34;, &#34;&lt;td class=\&#34;col-duration\&#34;&gt;00:00:12&lt;/td&gt;&#34;, &#34;&lt;td class=\&#34;col-links\&#34;&gt;&lt;/td&gt;&#34;], &#34;log&#34;: &#34;[gw3] win32 -- Python 3.12.1 C:\\Automation\\Python\\DemoQA-Automation\\.venv\\Scripts\\python.exe\n&#34;}], &#34;testCases/test_alert_frame_windows.py::Test_Models::test_model_page_header_text&#34;: [{&#34;extras&#34;: [], &#34;result&#34;: &#34;Passed&#34;, &#34;testId&#34;: &#34;testCases/test_alert_frame_windows.py::Test_Models::test_model_page_header_text&#34;, &#34;duration&#34;: &#34;00:00:11&#34;, &#34;resultsTableRow&#34;: [&#34;&lt;td class=\&#34;col-result\&#34;&gt;Passed&lt;/td&gt;&#34;, &#34;&lt;td class=\&#34;col-testId\&#34;&gt;testCases/test_alert_frame_windows.py::Test_Models::test_model_page_header_text&lt;/td&gt;&#34;, &#34;&lt;td class=\&#34;col-duration\&#34;&gt;00:00:11&lt;/td&gt;&#34;, &#34;&lt;td class=\&#34;col-links\&#34;&gt;&lt;/td&gt;&#34;], &#34;log&#34;: &#34;[gw0] win32 -- Python 3.12.1 C:\\Automation\\Python\\DemoQA-Automation\\.venv\\Scripts\\python.exe\n&#34;}], &#34;testCases/test_elements_page.py::Test_ElementPage::test_click_text_box&#34;: [{&#34;extras&#34;: [], &#34;result&#34;: &#34;Passed&#34;, &#34;testId&#34;: &#34;testCases/test_elements_page.py::Test_ElementPage::test_click_text_box&#34;, &#34;duration&#34;: &#34;00:00:11&#34;, &#34;resultsTableRow&#34;: [&#34;&lt;td class=\&#34;col-result\&#34;&gt;Passed&lt;/td&gt;&#34;, &#34;&lt;td class=\&#34;col-testId\&#34;&gt;testCases/test_elements_page.py::Test_ElementPage::test_click_text_box&lt;/td&gt;&#34;, &#34;&lt;td class=\&#34;col-duration\&#34;&gt;00:00:11&lt;/td&gt;&#34;, &#34;&lt;td class=\&#34;col-links\&#34;&gt;&lt;/td&gt;&#34;], &#34;log&#34;: &#34;[gw1] win32 -- Python 3.12.1 C:\\Automation\\Python\\DemoQA-Automation\\.venv\\Scripts\\python.exe\n&#34;}], &#34;testCases/test_elements_page.py::Test_CheckBox::test_collapse_all_check_boxes&#34;: [{&#34;extras&#34;: [], &#34;result&#34;: &#34;Passed&#34;, &#34;testId&#34;: &#34;testCases/test_elements_page.py::Test_CheckBox::test_collapse_all_check_boxes&#34;, &#34;duration&#34;: &#34;00:00:12&#34;, &#34;resultsTableRow&#34;: [&#34;&lt;td class=\&#34;col-result\&#34;&gt;Passed&lt;/td&gt;&#34;, &#34;&lt;td class=\&#34;col-testId\&#34;&gt;testCases/test_elements_page.py::Test_CheckBox::test_collapse_all_check_boxes&lt;/td&gt;&#34;, &#34;&lt;td class=\&#34;col-duration\&#34;&gt;00:00:12&lt;/td&gt;&#34;, &#34;&lt;td class=\&#34;col-links\&#34;&gt;&lt;/td&gt;&#34;], &#34;log&#34;: &#34;[gw4] win32 -- Python 3.12.1 C:\\Automation\\Python\\DemoQA-Automation\\.venv\\Scripts\\python.exe\n&#34;}], &#34;testCases/test_elements_page.py::Test_Web_Tables::test_data_in_table&#34;: [{&#34;extras&#34;: [], &#34;result&#34;: &#34;Passed&#34;, &#34;testId&#34;: &#34;testCases/test_elements_page.py::Test_Web_Tables::test_data_in_table&#34;, &#34;duration&#34;: &#34;00:00:12&#34;, &#34;resultsTableRow&#34;: [&#34;&lt;td class=\&#34;col-result\&#34;&gt;Passed&lt;/td&gt;&#34;, &#34;&lt;td class=\&#34;col-testId\&#34;&gt;testCases/test_elements_page.py::Test_Web_Tables::test_data_in_table&lt;/td&gt;&#34;, &#34;&lt;td class=\&#34;col-duration\&#34;&gt;00:00:12&lt;/td&gt;&#34;, &#34;&lt;td class=\&#34;col-links\&#34;&gt;&lt;/td&gt;&#34;], &#34;log&#34;: &#34;[gw2] win32 -- Python 3.12.1 C:\\Automation\\Python\\DemoQA-Automation\\.venv\\Scripts\\python.exe\n\n----------------------------- Captured stdout call -----------------------------\nData:  {0: [&amp;#x27;Cierra&amp;#x27;, &amp;#x27;Vega&amp;#x27;, &amp;#x27;39&amp;#x27;, &amp;#x27;cierra@example.com&amp;#x27;, &amp;#x27;10000&amp;#x27;, &amp;#x27;Insurance&amp;#x27;], 1: [&amp;#x27;Alden&amp;#x27;, &amp;#x27;Cantrell&amp;#x27;, &amp;#x27;45&amp;#x27;, &amp;#x27;alden@example.com&amp;#x27;, &amp;#x27;12000&amp;#x27;, &amp;#x27;Compliance&amp;#x27;], 2: [&amp;#x27;Kierra&amp;#x27;, &amp;#x27;Gentry&amp;#x27;, &amp;#x27;29&amp;#x27;, &amp;#x27;kierra@example.com&amp;#x27;, &amp;#x27;2000&amp;#x27;, &amp;#x27;Legal&amp;#x27;], 3: [&amp;#x27;       &amp;#x27;], 4: [&amp;#x27;       &amp;#x27;], 5: [&amp;#x27;       &amp;#x27;], 6: [&amp;#x27;       &amp;#x27;], 7: [&amp;#x27;       &amp;#x27;], 8: [&amp;#x27;       &amp;#x27;], 9: [&amp;#x27;       &amp;#x27;]}\n&#34;}], &#34;testCases/test_alert_frame_windows.py::Test_Models::test_small_model&#34;: [{&#34;extras&#34;: [], &#34;result&#34;: &#34;Passed&#34;, &#34;testId&#34;: &#34;testCases/test_alert_frame_windows.py::Test_Models::test_small_model&#34;, &#34;duration&#34;: &#34;00:00:12&#34;, &#34;resultsTableRow&#34;: [&#34;&lt;td class=\&#34;col-result\&#34;&gt;Passed&lt;/td&gt;&#34;, &#34;&lt;td class=\&#34;col-testId\&#34;&gt;testCases/test_alert_frame_windows.py::Test_Models::test_small_model&lt;/td&gt;&#34;, &#34;&lt;td class=\&#34;col-duration\&#34;&gt;00:00:12&lt;/td&gt;&#34;, &#34;&lt;td class=\&#34;col-links\&#34;&gt;&lt;/td&gt;&#34;], &#34;log&#34;: &#34;[gw0] win32 -- Python 3.12.1 C:\\Automation\\Python\\DemoQA-Automation\\.venv\\Scripts\\python.exe\n&#34;}], &#34;testCases/test_elements_page.py::Test_ElementPage::test_click_check_box&#34;: [{&#34;extras&#34;: [], &#34;result&#34;: &#34;Passed&#34;, &#34;testId&#34;: &#34;testCases/test_elements_page.py::Test_ElementPage::test_click_check_box&#34;, &#34;duration&#34;: &#34;00:00:11&#34;, &#34;resultsTableRow&#34;: [&#34;&lt;td class=\&#34;col-result\&#34;&gt;Passed&lt;/td&gt;&#34;, &#34;&lt;td class=\&#34;col-testId\&#34;&gt;testCases/test_elements_page.py::Test_ElementPage::test_click_check_box&lt;/td&gt;&#34;, &#34;&lt;td class=\&#34;col-duration\&#34;&gt;00:00:11&lt;/td&gt;&#34;, &#34;&lt;td class=\&#34;col-links\&#34;&gt;&lt;/td&gt;&#34;], &#34;log&#34;: &#34;[gw1] win32 -- Python 3.12.1 C:\\Automation\\Python\\DemoQA-Automation\\.venv\\Scripts\\python.exe\n&#34;}], &#34;testCases/test_elements_page.py::Test_Radio_Button::test_radio_button[yes]&#34;: [{&#34;extras&#34;: [], &#34;result&#34;: &#34;Passed&#34;, &#34;testId&#34;: &#34;testCases/test_elements_page.py::Test_Radio_Button::test_radio_button[yes]&#34;, &#34;duration&#34;: &#34;00:00:11&#34;, &#34;resultsTableRow&#34;: [&#34;&lt;td class=\&#34;col-result\&#34;&gt;Passed&lt;/td&gt;&#34;, &#34;&lt;td class=\&#34;col-testId\&#34;&gt;testCases/test_elements_page.py::Test_Radio_Button::test_radio_button[yes]&lt;/td&gt;&#34;, &#34;&lt;td class=\&#34;col-duration\&#34;&gt;00:00:11&lt;/td&gt;&#34;, &#34;&lt;td class=\&#34;col-links\&#34;&gt;&lt;/td&gt;&#34;], &#34;log&#34;: &#34;[gw4] win32 -- Python 3.12.1 C:\\Automation\\Python\\DemoQA-Automation\\.venv\\Scripts\\python.exe\n&#34;}], &#34;testCases/test_elements_page.py::Test_Web_Tables::test_add_new_record_and_match&#34;: [{&#34;extras&#34;: [], &#34;result&#34;: &#34;Passed&#34;, &#34;testId&#34;: &#34;testCases/test_elements_page.py::Test_Web_Tables::test_add_new_record_and_match&#34;, &#34;duration&#34;: &#34;00:00:13&#34;, &#34;resultsTableRow&#34;: [&#34;&lt;td class=\&#34;col-result\&#34;&gt;Passed&lt;/td&gt;&#34;, &#34;&lt;td class=\&#34;col-testId\&#34;&gt;testCases/test_elements_page.py::Test_Web_Tables::test_add_new_record_and_match&lt;/td&gt;&#34;, &#34;&lt;td class=\&#34;col-duration\&#34;&gt;00:00:13&lt;/td&gt;&#34;, &#34;&lt;td class=\&#34;col-links\&#34;&gt;&lt;/td&gt;&#34;], &#34;log&#34;: &#34;[gw2] win32 -- Python 3.12.1 C:\\Automation\\Python\\DemoQA-Automation\\.venv\\Scripts\\python.exe\n&#34;}], &#34;testCases/test_elements_page.py::Test_Buttons_Click::test_click_home_link&#34;: [{&#34;extras&#34;: [], &#34;result&#34;: &#34;Failed&#34;, &#34;testId&#34;: &#34;testCases/test_elements_page.py::Test_Buttons_Click::test_click_home_link&#34;, &#34;duration&#34;: &#34;00:00:22&#34;, &#34;resultsTableRow&#34;: [&#34;&lt;td class=\&#34;col-result\&#34;&gt;Failed&lt;/td&gt;&#34;, &#34;&lt;td class=\&#34;col-testId\&#34;&gt;testCases/test_elements_page.py::Test_Buttons_Click::test_click_home_link&lt;/td&gt;&#34;, &#34;&lt;td class=\&#34;col-duration\&#34;&gt;00:00:22&lt;/td&gt;&#34;, &#34;&lt;td class=\&#34;col-links\&#34;&gt;&lt;/td&gt;&#34;], &#34;log&#34;: &#34;[gw3] win32 -- Python 3.12.1 C:\\Automation\\Python\\DemoQA-Automation\\.venv\\Scripts\\python.exe\n\nself = &amp;lt;testCases.test_elements_page.Test_Buttons_Click object at 0x000002CF277489B0&amp;gt;\n\n    def test_click_home_link(self):\n&amp;gt;       self.element.click_home_link(&amp;#x27;Login&amp;#x27;)\n\ntestCases\\test_elements_page.py:142: \n_ _ _ _ _ _ _ _ _ _ _ _ _ _ _ _ _ _ _ _ _ _ _ _ _ _ _ _ _ _ _ _ _ _ _ _ _ _ _ _ _ _ _ _ _ _ _ _ _ _ _ _ _ _ _ _ _ _ _ _ _ _ _ _ _ _ _ _ _ _ _ _ _ _\npageObjects\\elements_page.py:230: in click_home_link\n    self.driver.find_element(By.LINK_TEXT, link_text).click()\n.venv\\Lib\\site-packages\\selenium\\webdriver\\remote\\webdriver.py:741: in find_element\n    return self.execute(Command.FIND_ELEMENT, {&amp;quot;using&amp;quot;: by, &amp;quot;value&amp;quot;: value})[&amp;quot;value&amp;quot;]\n.venv\\Lib\\site-packages\\selenium\\webdriver\\remote\\webdriver.py:347: in execute\n    self.error_handler.check_response(response)\n_ _ _ _ _ _ _ _ _ _ _ _ _ _ _ _ _ _ _ _ _ _ _ _ _ _ _ _ _ _ _ _ _ _ _ _ _ _ _ _ _ _ _ _ _ _ _ _ _ _ _ _ _ _ _ _ _ _ _ _ _ _ _ _ _ _ _ _ _ _ _ _ _ _\n\nself = &amp;lt;selenium.webdriver.remote.errorhandler.ErrorHandler object at 0x000002CF279308F0&amp;gt;\nresponse = {&amp;#x27;status&amp;#x27;: 404, &amp;#x27;value&amp;#x27;: &amp;#x27;{&amp;quot;value&amp;quot;:{&amp;quot;error&amp;quot;:&amp;quot;no such element&amp;quot;,&amp;quot;message&amp;quot;:&amp;quot;no such element: Unable to locate element: {\\...07FF7C1B8BD04]\\\\n\\\\tBaseThreadInitThunk [0x00007FFECF70257D+29]\\\\n\\\\tRtlUserThreadStart [0x00007FFED166AA58+40]\\\\n&amp;quot;}}&amp;#x27;}\n\n    def check_response(self, response: Dict[str, Any]) -&amp;gt; None:\n        &amp;quot;&amp;quot;&amp;quot;Checks that a JSON response from the WebDriver does not have an\n        error.\n    \n        :Args:\n         - response - The JSON response from the WebDriver server as a dictionary\n           object.\n    \n        :Raises: If the response contains an error message.\n        &amp;quot;&amp;quot;&amp;quot;\n        status = response.get(&amp;quot;status&amp;quot;, None)\n        if not status or status == ErrorCode.SUCCESS:\n            return\n        value = None\n        message = response.get(&amp;quot;message&amp;quot;, &amp;quot;&amp;quot;)\n        screen: str = response.get(&amp;quot;screen&amp;quot;, &amp;quot;&amp;quot;)\n        stacktrace = None\n        if isinstance(status, int):\n            value_json = response.get(&amp;quot;value&amp;quot;, None)\n            if value_json and isinstance(value_json, str):\n                import json\n    \n                try:\n                    value = json.loads(value_json)\n                    if len(value) == 1:\n                        value = value[&amp;quot;value&amp;quot;]\n                    status = value.get(&amp;quot;error&amp;quot;, None)\n                    if not status:\n                        status = value.get(&amp;quot;status&amp;quot;, ErrorCode.UNKNOWN_ERROR)\n                        message = value.get(&amp;quot;value&amp;quot;) or value.get(&amp;quot;message&amp;quot;)\n                        if not isinstance(message, str):\n                            value = message\n                            message = message.get(&amp;quot;message&amp;quot;)\n                    else:\n                        message = value.get(&amp;quot;message&amp;quot;, None)\n                except ValueError:\n                    pass\n    \n        exception_class: Type[WebDriverException]\n        e = ErrorCode()\n        error_codes = [item for item in dir(e) if not item.startswith(&amp;quot;__&amp;quot;)]\n        for error_code in error_codes:\n            error_info = getattr(ErrorCode, error_code)\n            if isinstance(error_info, list) and status in error_info:\n                exception_class = getattr(ExceptionMapping, error_code, WebDriverException)\n                break\n        else:\n            exception_class = WebDriverException\n    \n        if not value:\n            value = response[&amp;quot;value&amp;quot;]\n        if isinstance(value, str):\n            raise exception_class(value)\n        if message == &amp;quot;&amp;quot; and &amp;quot;message&amp;quot; in value:\n            message = value[&amp;quot;message&amp;quot;]\n    \n        screen = None  # type: ignore[assignment]\n        if &amp;quot;screen&amp;quot; in value:\n            screen = value[&amp;quot;screen&amp;quot;]\n    \n        stacktrace = None\n        st_value = value.get(&amp;quot;stackTrace&amp;quot;) or value.get(&amp;quot;stacktrace&amp;quot;)\n        if st_value:\n            if isinstance(st_value, str):\n                stacktrace = st_value.split(&amp;quot;\\n&amp;quot;)\n            else:\n                stacktrace = []\n                try:\n                    for frame in st_value:\n                        line = frame.get(&amp;quot;lineNumber&amp;quot;, &amp;quot;&amp;quot;)\n                        file = frame.get(&amp;quot;fileName&amp;quot;, &amp;quot;&amp;lt;anonymous&amp;gt;&amp;quot;)\n                        if line:\n                            file = f&amp;quot;{file}:{line}&amp;quot;\n                        meth = frame.get(&amp;quot;methodName&amp;quot;, &amp;quot;&amp;lt;anonymous&amp;gt;&amp;quot;)\n                        if &amp;quot;className&amp;quot; in frame:\n                            meth = f&amp;quot;{frame[&amp;#x27;className&amp;#x27;]}.{meth}&amp;quot;\n                        msg = &amp;quot;    at %s (%s)&amp;quot;\n                        msg = msg % (meth, file)\n                        stacktrace.append(msg)\n                except TypeError:\n                    pass\n        if exception_class == UnexpectedAlertPresentException:\n            alert_text = None\n            if &amp;quot;data&amp;quot; in value:\n                alert_text = value[&amp;quot;data&amp;quot;].get(&amp;quot;text&amp;quot;)\n            elif &amp;quot;alert&amp;quot; in value:\n                alert_text = value[&amp;quot;alert&amp;quot;].get(&amp;quot;text&amp;quot;)\n            raise exception_class(message, screen, stacktrace, alert_text)  # type: ignore[call-arg]  # mypy is not smart enough here\n&amp;gt;       raise exception_class(message, screen, stacktrace)\nE       selenium.common.exceptions.NoSuchElementException: Message: no such element: Unable to locate element: {&amp;quot;method&amp;quot;:&amp;quot;link text&amp;quot;,&amp;quot;selector&amp;quot;:&amp;quot;Login&amp;quot;}\nE         (Session info: chrome=121.0.6167.161); For documentation on this error, please visit: https://www.selenium.dev/documentation/webdriver/troubleshooting/errors#no-such-element-exception\nE       Stacktrace:\nE       \tGetHandleVerifier [0x00007FF7C1F75E42+3538674]\nE       \t(No symbol) [0x00007FF7C1B94C02]\nE       \t(No symbol) [0x00007FF7C1A45AEB]\nE       \t(No symbol) [0x00007FF7C1A8BF4E]\nE       \t(No symbol) [0x00007FF7C1A8C0CC]\nE       \t(No symbol) [0x00007FF7C1ACE477]\nE       \t(No symbol) [0x00007FF7C1AAF0EF]\nE       \t(No symbol) [0x00007FF7C1ACBDE3]\nE       \t(No symbol) [0x00007FF7C1AAEE53]\nE       \t(No symbol) [0x00007FF7C1A7F514]\nE       \t(No symbol) [0x00007FF7C1A80631]\nE       \tGetHandleVerifier [0x00007FF7C1FA6CAD+3738973]\nE       \tGetHandleVerifier [0x00007FF7C1FFC506+4089270]\nE       \tGetHandleVerifier [0x00007FF7C1FF4823+4057299]\nE       \tGetHandleVerifier [0x00007FF7C1CC5C49+720121]\nE       \t(No symbol) [0x00007FF7C1BA126F]\nE       \t(No symbol) [0x00007FF7C1B9C304]\nE       \t(No symbol) [0x00007FF7C1B9C432]\nE       \t(No symbol) [0x00007FF7C1B8BD04]\nE       \tBaseThreadInitThunk [0x00007FFECF70257D+29]\nE       \tRtlUserThreadStart [0x00007FFED166AA58+40]\n\n.venv\\Lib\\site-packages\\selenium\\webdriver\\remote\\errorhandler.py:229: NoSuchElementException\n&#34;}], &#34;testCases/test_alert_frame_windows.py::Test_Models::test_large_model&#34;: [{&#34;extras&#34;: [], &#34;result&#34;: &#34;Passed&#34;, &#34;testId&#34;: &#34;testCases/test_alert_frame_windows.py::Test_Models::test_large_model&#34;, &#34;duration&#34;: &#34;00:00:11&#34;, &#34;resultsTableRow&#34;: [&#34;&lt;td class=\&#34;col-result\&#34;&gt;Passed&lt;/td&gt;&#34;, &#34;&lt;td class=\&#34;col-testId\&#34;&gt;testCases/test_alert_frame_windows.py::Test_Models::test_large_model&lt;/td&gt;&#34;, &#34;&lt;td class=\&#34;col-duration\&#34;&gt;00:00:11&lt;/td&gt;&#34;, &#34;&lt;td class=\&#34;col-links\&#34;&gt;&lt;/td&gt;&#34;], &#34;log&#34;: &#34;[gw0] win32 -- Python 3.12.1 C:\\Automation\\Python\\DemoQA-Automation\\.venv\\Scripts\\python.exe\n&#34;}], &#34;testCases/test_elements_page.py::Test_TextBox::test_verify_heading&#34;: [{&#34;extras&#34;: [], &#34;result&#34;: &#34;Passed&#34;, &#34;testId&#34;: &#34;testCases/test_elements_page.py::Test_TextBox::test_verify_heading&#34;, &#34;duration&#34;: &#34;00:00:12&#34;, &#34;resultsTableRow&#34;: [&#34;&lt;td class=\&#34;col-result\&#34;&gt;Passed&lt;/td&gt;&#34;, &#34;&lt;td class=\&#34;col-testId\&#34;&gt;testCases/test_elements_page.py::Test_TextBox::test_verify_heading&lt;/td&gt;&#34;, &#34;&lt;td class=\&#34;col-duration\&#34;&gt;00:00:12&lt;/td&gt;&#34;, &#34;&lt;td class=\&#34;col-links\&#34;&gt;&lt;/td&gt;&#34;], &#34;log&#34;: &#34;[gw1] win32 -- Python 3.12.1 C:\\Automation\\Python\\DemoQA-Automation\\.venv\\Scripts\\python.exe\n&#34;}], &#34;testCases/test_elements_page.py::Test_Radio_Button::test_radio_button[impressive]&#34;: [{&#34;extras&#34;: [], &#34;result&#34;: &#34;Passed&#34;, &#34;testId&#34;: &#34;testCases/test_elements_page.py::Test_Radio_Button::test_radio_button[impressive]&#34;, &#34;duration&#34;: &#34;00:00:12&#34;, &#34;resultsTableRow&#34;: [&#34;&lt;td class=\&#34;col-result\&#34;&gt;Passed&lt;/td&gt;&#34;, &#34;&lt;td class=\&#34;col-testId\&#34;&gt;testCases/test_elements_page.py::Test_Radio_Button::test_radio_button[impressive]&lt;/td&gt;&#34;, &#34;&lt;td class=\&#34;col-duration\&#34;&gt;00:00:12&lt;/td&gt;&#34;, &#34;&lt;td class=\&#34;col-links\&#34;&gt;&lt;/td&gt;&#34;], &#34;log&#34;: &#34;[gw4] win32 -- Python 3.12.1 C:\\Automation\\Python\\DemoQA-Automation\\.venv\\Scripts\\python.exe\n&#34;}], &#34;testCases/test_elements_page.py::Test_Buttons_Click::test_right_click&#34;: [{&#34;extras&#34;: [], &#34;result&#34;: &#34;Passed&#34;, &#34;testId&#34;: &#34;testCases/test_elements_page.py::Test_Buttons_Click::test_right_click&#34;, &#34;duration&#34;: &#34;00:00:12&#34;, &#34;resultsTableRow&#34;: [&#34;&lt;td class=\&#34;col-result\&#34;&gt;Passed&lt;/td&gt;&#34;, &#34;&lt;td class=\&#34;col-testId\&#34;&gt;testCases/test_elements_page.py::Test_Buttons_Click::test_right_click&lt;/td&gt;&#34;, &#34;&lt;td class=\&#34;col-duration\&#34;&gt;00:00:12&lt;/td&gt;&#34;, &#34;&lt;td class=\&#34;col-links\&#34;&gt;&lt;/td&gt;&#34;], &#34;log&#34;: &#34;[gw2] win32 -- Python 3.12.1 C:\\Automation\\Python\\DemoQA-Automation\\.venv\\Scripts\\python.exe\n&#34;}], &#34;testCases/test_elements_page.py::Test_Link_Clicks::test_home_link_click[Home]&#34;: [{&#34;extras&#34;: [], &#34;result&#34;: &#34;Passed&#34;, &#34;testId&#34;: &#34;testCases/test_elements_page.py::Test_Link_Clicks::test_home_link_click[Home]&#34;, &#34;duration&#34;: &#34;00:00:14&#34;, &#34;resultsTableRow&#34;: [&#34;&lt;td class=\&#34;col-result\&#34;&gt;Passed&lt;/td&gt;&#34;, &#34;&lt;td class=\&#34;col-testId\&#34;&gt;testCases/test_elements_page.py::Test_Link_Clicks::test_home_link_click[Home]&lt;/td&gt;&#34;, &#34;&lt;td class=\&#34;col-duration\&#34;&gt;00:00:14&lt;/td&gt;&#34;, &#34;&lt;td class=\&#34;col-links\&#34;&gt;&lt;/td&gt;&#34;], &#34;log&#34;: &#34;[gw3] win32 -- Python 3.12.1 C:\\Automation\\Python\\DemoQA-Automation\\.venv\\Scripts\\python.exe\n&#34;}], &#34;testCases/test_elements_page.py::Test_TextBox::test_text_boxes_submission&#34;: [{&#34;extras&#34;: [], &#34;result&#34;: &#34;Passed&#34;, &#34;testId&#34;: &#34;testCases/test_elements_page.py::Test_TextBox::test_text_boxes_submission&#34;, &#34;duration&#34;: &#34;00:00:14&#34;, &#34;resultsTableRow&#34;: [&#34;&lt;td class=\&#34;col-result\&#34;&gt;Passed&lt;/td&gt;&#34;, &#34;&lt;td class=\&#34;col-testId\&#34;&gt;testCases/test_elements_page.py::Test_TextBox::test_text_boxes_submission&lt;/td&gt;&#34;, &#34;&lt;td class=\&#34;col-duration\&#34;&gt;00:00:14&lt;/td&gt;&#34;, &#34;&lt;td class=\&#34;col-links\&#34;&gt;&lt;/td&gt;&#34;], &#34;log&#34;: &#34;[gw1] win32 -- Python 3.12.1 C:\\Automation\\Python\\DemoQA-Automation\\.venv\\Scripts\\python.exe\n&#34;}], &#34;testCases/test_elements_page.py::Test_ElementPage::test_header_text&#34;: [{&#34;extras&#34;: [], &#34;result&#34;: &#34;Passed&#34;, &#34;testId&#34;: &#34;testCases/test_elements_page.py::Test_ElementPage::test_header_text&#34;, &#34;duration&#34;: &#34;00:00:18&#34;, &#34;resultsTableRow&#34;: [&#34;&lt;td class=\&#34;col-result\&#34;&gt;Passed&lt;/td&gt;&#34;, &#34;&lt;td class=\&#34;col-testId\&#34;&gt;testCases/test_elements_page.py::Test_ElementPage::test_header_text&lt;/td&gt;&#34;, &#34;&lt;td class=\&#34;col-duration\&#34;&gt;00:00:18&lt;/td&gt;&#34;, &#34;&lt;td class=\&#34;col-links\&#34;&gt;&lt;/td&gt;&#34;], &#34;log&#34;: &#34;[gw0] win32 -- Python 3.12.1 C:\\Automation\\Python\\DemoQA-Automation\\.venv\\Scripts\\python.exe\n&#34;}], &#34;testCases/test_elements_page.py::Test_Buttons_Click::test_double_click&#34;: [{&#34;extras&#34;: [], &#34;result&#34;: &#34;Passed&#34;, &#34;testId&#34;: &#34;testCases/test_elements_page.py::Test_Buttons_Click::test_double_click&#34;, &#34;duration&#34;: &#34;00:00:12&#34;, &#34;resultsTableRow&#34;: [&#34;&lt;td class=\&#34;col-result\&#34;&gt;Passed&lt;/td&gt;&#34;, &#34;&lt;td class=\&#34;col-testId\&#34;&gt;testCases/test_elements_page.py::Test_Buttons_Click::test_double_click&lt;/td&gt;&#34;, &#34;&lt;td class=\&#34;col-duration\&#34;&gt;00:00:12&lt;/td&gt;&#34;, &#34;&lt;td class=\&#34;col-links\&#34;&gt;&lt;/td&gt;&#34;], &#34;log&#34;: &#34;[gw2] win32 -- Python 3.12.1 C:\\Automation\\Python\\DemoQA-Automation\\.venv\\Scripts\\python.exe\n&#34;}], &#34;testCases/test_elements_page.py::Test_Radio_Button::test_radio_button[no]&#34;: [{&#34;extras&#34;: [], &#34;result&#34;: &#34;Passed&#34;, &#34;testId&#34;: &#34;testCases/test_elements_page.py::Test_Radio_Button::test_radio_button[no]&#34;, &#34;duration&#34;: &#34;00:00:21&#34;, &#34;resultsTableRow&#34;: [&#34;&lt;td class=\&#34;col-result\&#34;&gt;Passed&lt;/td&gt;&#34;, &#34;&lt;td class=\&#34;col-testId\&#34;&gt;testCases/test_elements_page.py::Test_Radio_Button::test_radio_button[no]&lt;/td&gt;&#34;, &#34;&lt;td class=\&#34;col-duration\&#34;&gt;00:00:21&lt;/td&gt;&#34;, &#34;&lt;td class=\&#34;col-links\&#34;&gt;&lt;/td&gt;&#34;], &#34;log&#34;: &#34;[gw4] win32 -- Python 3.12.1 C:\\Automation\\Python\\DemoQA-Automation\\.venv\\Scripts\\python.exe\n\n----------------------------- Captured stdout call -----------------------------\nMessage: no such element: Unable to locate element: {&amp;quot;method&amp;quot;:&amp;quot;css selector&amp;quot;,&amp;quot;selector&amp;quot;:&amp;quot;.text-success&amp;quot;}\n  (Session info: chrome=121.0.6167.161); For documentation on this error, please visit: https://www.selenium.dev/documentation/webdriver/troubleshooting/errors#no-such-element-exception\nStacktrace:\n\tGetHandleVerifier [0x00007FF7C1F75E42+3538674]\n\t(No symbol) [0x00007FF7C1B94C02]\n\t(No symbol) [0x00007FF7C1A45AEB]\n\t(No symbol) [0x00007FF7C1A8BF4E]\n\t(No symbol) [0x00007FF7C1A8C0CC]\n\t(No symbol) [0x00007FF7C1ACE477]\n\t(No symbol) [0x00007FF7C1AAF0EF]\n\t(No symbol) [0x00007FF7C1ACBDE3]\n\t(No symbol) [0x00007FF7C1AAEE53]\n\t(No symbol) [0x00007FF7C1A7F514]\n\t(No symbol) [0x00007FF7C1A80631]\n\tGetHandleVerifier [0x00007FF7C1FA6CAD+3738973]\n\tGetHandleVerifier [0x00007FF7C1FFC506+4089270]\n\tGetHandleVerifier [0x00007FF7C1FF4823+4057299]\n\tGetHandleVerifier [0x00007FF7C1CC5C49+720121]\n\t(No symbol) [0x00007FF7C1BA126F]\n\t(No symbol) [0x00007FF7C1B9C304]\n\t(No symbol) [0x00007FF7C1B9C432]\n\t(No symbol) [0x00007FF7C1B8BD04]\n\tBaseThreadInitThunk [0x00007FFECF70257D+29]\n\tRtlUserThreadStart [0x00007FFED166AA58+40]\n\n&#34;}], &#34;testCases/test_elements_page.py::Test_CheckBox::test_expand_all_check_boxes&#34;: [{&#34;extras&#34;: [], &#34;result&#34;: &#34;Passed&#34;, &#34;testId&#34;: &#34;testCases/test_elements_page.py::Test_CheckBox::test_expand_all_check_boxes&#34;, &#34;duration&#34;: &#34;00:00:11&#34;, &#34;resultsTableRow&#34;: [&#34;&lt;td class=\&#34;col-result\&#34;&gt;Passed&lt;/td&gt;&#34;, &#34;&lt;td class=\&#34;col-testId\&#34;&gt;testCases/test_elements_page.py::Test_CheckBox::test_expand_all_check_boxes&lt;/td&gt;&#34;, &#34;&lt;td class=\&#34;col-duration\&#34;&gt;00:00:11&lt;/td&gt;&#34;, &#34;&lt;td class=\&#34;col-links\&#34;&gt;&lt;/td&gt;&#34;], &#34;log&#34;: &#34;[gw1] win32 -- Python 3.12.1 C:\\Automation\\Python\\DemoQA-Automation\\.venv\\Scripts\\python.exe\n&#34;}], &#34;testCases/test_elements_page.py::Test_ElementPage::test_header_paragraph&#34;: [{&#34;extras&#34;: [], &#34;result&#34;: &#34;Failed&#34;, &#34;testId&#34;: &#34;testCases/test_elements_page.py::Test_ElementPage::test_header_paragraph&#34;, &#34;duration&#34;: &#34;00:00:11&#34;, &#34;resultsTableRow&#34;: [&#34;&lt;td class=\&#34;col-result\&#34;&gt;Failed&lt;/td&gt;&#34;, &#34;&lt;td class=\&#34;col-testId\&#34;&gt;testCases/test_elements_page.py::Test_ElementPage::test_header_paragraph&lt;/td&gt;&#34;, &#34;&lt;td class=\&#34;col-duration\&#34;&gt;00:00:11&lt;/td&gt;&#34;, &#34;&lt;td class=\&#34;col-links\&#34;&gt;&lt;/td&gt;&#34;], &#34;log&#34;: &#34;[gw0] win32 -- Python 3.12.1 C:\\Automation\\Python\\DemoQA-Automation\\.venv\\Scripts\\python.exe\n\nself = &amp;lt;testCases.test_elements_page.Test_ElementPage object at 0x000001D9CF663470&amp;gt;\n\n    @pytest.mark.ui\n    def test_header_paragraph(self):\n        expected = &amp;quot;Please select an item from left to start practice.&amp;quot;\n&amp;gt;       assert self.element.get_header_paragraph() == expected, &amp;quot;Header paragraph does not match&amp;quot;\nE       AssertionError: Header paragraph does not match\nE       assert &amp;#x27;&amp;#x27; == &amp;#x27;Please selec...art practice.&amp;#x27;\nE         \nE         - Please select an item from left to start practice.\n\ntestCases\\test_elements_page.py:29: AssertionError\n&#34;}], &#34;testCases/test_elements_page.py::Test_Link_Clicks::test_links_sends_api_call[No Content]&#34;: [{&#34;extras&#34;: [], &#34;result&#34;: &#34;Passed&#34;, &#34;testId&#34;: &#34;testCases/test_elements_page.py::Test_Link_Clicks::test_links_sends_api_call[No Content]&#34;, &#34;duration&#34;: &#34;00:00:11&#34;, &#34;resultsTableRow&#34;: [&#34;&lt;td class=\&#34;col-result\&#34;&gt;Passed&lt;/td&gt;&#34;, &#34;&lt;td class=\&#34;col-testId\&#34;&gt;testCases/test_elements_page.py::Test_Link_Clicks::test_links_sends_api_call[No Content]&lt;/td&gt;&#34;, &#34;&lt;td class=\&#34;col-duration\&#34;&gt;00:00:11&lt;/td&gt;&#34;, &#34;&lt;td class=\&#34;col-links\&#34;&gt;&lt;/td&gt;&#34;], &#34;log&#34;: &#34;[gw2] win32 -- Python 3.12.1 C:\\Automation\\Python\\DemoQA-Automation\\.venv\\Scripts\\python.exe\n&#34;}], &#34;testCases/test_elements_page.py::Test_Link_Clicks::test_home_link_click[Home3oQe8]&#34;: [{&#34;extras&#34;: [], &#34;result&#34;: &#34;Failed&#34;, &#34;testId&#34;: &#34;testCases/test_elements_page.py::Test_Link_Clicks::test_home_link_click[Home3oQe8]&#34;, &#34;duration&#34;: &#34;00:00:22&#34;, &#34;resultsTableRow&#34;: [&#34;&lt;td class=\&#34;col-result\&#34;&gt;Failed&lt;/td&gt;&#34;, &#34;&lt;td class=\&#34;col-testId\&#34;&gt;testCases/test_elements_page.py::Test_Link_Clicks::test_home_link_click[Home3oQe8]&lt;/td&gt;&#34;, &#34;&lt;td class=\&#34;col-duration\&#34;&gt;00:00:22&lt;/td&gt;&#34;, &#34;&lt;td class=\&#34;col-links\&#34;&gt;&lt;/td&gt;&#34;], &#34;log&#34;: &#34;[gw3] win32 -- Python 3.12.1 C:\\Automation\\Python\\DemoQA-Automation\\.venv\\Scripts\\python.exe\n\nself = &amp;lt;testCases.test_elements_page.Test_Link_Clicks object at 0x000002CF27748D70&amp;gt;, link_text = &amp;#x27;Home3oQe8&amp;#x27;\n\n    @pytest.mark.parametrize(&amp;#x27;link_text&amp;#x27;, [(&amp;#x27;Home&amp;#x27;), (&amp;#x27;Home3oQe8&amp;#x27;)])\n    def test_home_link_click(self, link_text):\n&amp;gt;       self.element.click_home_link(link_text)\n\ntestCases\\test_elements_page.py:150: \n_ _ _ _ _ _ _ _ _ _ _ _ _ _ _ _ _ _ _ _ _ _ _ _ _ _ _ _ _ _ _ _ _ _ _ _ _ _ _ _ _ _ _ _ _ _ _ _ _ _ _ _ _ _ _ _ _ _ _ _ _ _ _ _ _ _ _ _ _ _ _ _ _ _\npageObjects\\elements_page.py:230: in click_home_link\n    self.driver.find_element(By.LINK_TEXT, link_text).click()\n.venv\\Lib\\site-packages\\selenium\\webdriver\\remote\\webdriver.py:741: in find_element\n    return self.execute(Command.FIND_ELEMENT, {&amp;quot;using&amp;quot;: by, &amp;quot;value&amp;quot;: value})[&amp;quot;value&amp;quot;]\n.venv\\Lib\\site-packages\\selenium\\webdriver\\remote\\webdriver.py:347: in execute\n    self.error_handler.check_response(response)\n_ _ _ _ _ _ _ _ _ _ _ _ _ _ _ _ _ _ _ _ _ _ _ _ _ _ _ _ _ _ _ _ _ _ _ _ _ _ _ _ _ _ _ _ _ _ _ _ _ _ _ _ _ _ _ _ _ _ _ _ _ _ _ _ _ _ _ _ _ _ _ _ _ _\n\nself = &amp;lt;selenium.webdriver.remote.errorhandler.ErrorHandler object at 0x000002CF279322A0&amp;gt;\nresponse = {&amp;#x27;status&amp;#x27;: 404, &amp;#x27;value&amp;#x27;: &amp;#x27;{&amp;quot;value&amp;quot;:{&amp;quot;error&amp;quot;:&amp;quot;no such element&amp;quot;,&amp;quot;message&amp;quot;:&amp;quot;no such element: Unable to locate element: {\\...07FF7C1B8BD04]\\\\n\\\\tBaseThreadInitThunk [0x00007FFECF70257D+29]\\\\n\\\\tRtlUserThreadStart [0x00007FFED166AA58+40]\\\\n&amp;quot;}}&amp;#x27;}\n\n    def check_response(self, response: Dict[str, Any]) -&amp;gt; None:\n        &amp;quot;&amp;quot;&amp;quot;Checks that a JSON response from the WebDriver does not have an\n        error.\n    \n        :Args:\n         - response - The JSON response from the WebDriver server as a dictionary\n           object.\n    \n        :Raises: If the response contains an error message.\n        &amp;quot;&amp;quot;&amp;quot;\n        status = response.get(&amp;quot;status&amp;quot;, None)\n        if not status or status == ErrorCode.SUCCESS:\n            return\n        value = None\n        message = response.get(&amp;quot;message&amp;quot;, &amp;quot;&amp;quot;)\n        screen: str = response.get(&amp;quot;screen&amp;quot;, &amp;quot;&amp;quot;)\n        stacktrace = None\n        if isinstance(status, int):\n            value_json = response.get(&amp;quot;value&amp;quot;, None)\n            if value_json and isinstance(value_json, str):\n                import json\n    \n                try:\n                    value = json.loads(value_json)\n                    if len(value) == 1:\n                        value = value[&amp;quot;value&amp;quot;]\n                    status = value.get(&amp;quot;error&amp;quot;, None)\n                    if not status:\n                        status = value.get(&amp;quot;status&amp;quot;, ErrorCode.UNKNOWN_ERROR)\n                        message = value.get(&amp;quot;value&amp;quot;) or value.get(&amp;quot;message&amp;quot;)\n                        if not isinstance(message, str):\n                            value = message\n                            message = message.get(&amp;quot;message&amp;quot;)\n                    else:\n                        message = value.get(&amp;quot;message&amp;quot;, None)\n                except ValueError:\n                    pass\n    \n        exception_class: Type[WebDriverException]\n        e = ErrorCode()\n        error_codes = [item for item in dir(e) if not item.startswith(&amp;quot;__&amp;quot;)]\n        for error_code in error_codes:\n            error_info = getattr(ErrorCode, error_code)\n            if isinstance(error_info, list) and status in error_info:\n                exception_class = getattr(ExceptionMapping, error_code, WebDriverException)\n                break\n        else:\n            exception_class = WebDriverException\n    \n        if not value:\n            value = response[&amp;quot;value&amp;quot;]\n        if isinstance(value, str):\n            raise exception_class(value)\n        if message == &amp;quot;&amp;quot; and &amp;quot;message&amp;quot; in value:\n            message = value[&amp;quot;message&amp;quot;]\n    \n        screen = None  # type: ignore[assignment]\n        if &amp;quot;screen&amp;quot; in value:\n            screen = value[&amp;quot;screen&amp;quot;]\n    \n        stacktrace = None\n        st_value = value.get(&amp;quot;stackTrace&amp;quot;) or value.get(&amp;quot;stacktrace&amp;quot;)\n        if st_value:\n            if isinstance(st_value, str):\n                stacktrace = st_value.split(&amp;quot;\\n&amp;quot;)\n            else:\n                stacktrace = []\n                try:\n                    for frame in st_value:\n                        line = frame.get(&amp;quot;lineNumber&amp;quot;, &amp;quot;&amp;quot;)\n                        file = frame.get(&amp;quot;fileName&amp;quot;, &amp;quot;&amp;lt;anonymous&amp;gt;&amp;quot;)\n                        if line:\n                            file = f&amp;quot;{file}:{line}&amp;quot;\n                        meth = frame.get(&amp;quot;methodName&amp;quot;, &amp;quot;&amp;lt;anonymous&amp;gt;&amp;quot;)\n                        if &amp;quot;className&amp;quot; in frame:\n                            meth = f&amp;quot;{frame[&amp;#x27;className&amp;#x27;]}.{meth}&amp;quot;\n                        msg = &amp;quot;    at %s (%s)&amp;quot;\n                        msg = msg % (meth, file)\n                        stacktrace.append(msg)\n                except TypeError:\n                    pass\n        if exception_class == UnexpectedAlertPresentException:\n            alert_text = None\n            if &amp;quot;data&amp;quot; in value:\n                alert_text = value[&amp;quot;data&amp;quot;].get(&amp;quot;text&amp;quot;)\n            elif &amp;quot;alert&amp;quot; in value:\n                alert_text = value[&amp;quot;alert&amp;quot;].get(&amp;quot;text&amp;quot;)\n            raise exception_class(message, screen, stacktrace, alert_text)  # type: ignore[call-arg]  # mypy is not smart enough here\n&amp;gt;       raise exception_class(message, screen, stacktrace)\nE       selenium.common.exceptions.NoSuchElementException: Message: no such element: Unable to locate element: {&amp;quot;method&amp;quot;:&amp;quot;link text&amp;quot;,&amp;quot;selector&amp;quot;:&amp;quot;Home3oQe8&amp;quot;}\nE         (Session info: chrome=121.0.6167.161); For documentation on this error, please visit: https://www.selenium.dev/documentation/webdriver/troubleshooting/errors#no-such-element-exception\nE       Stacktrace:\nE       \tGetHandleVerifier [0x00007FF7C1F75E42+3538674]\nE       \t(No symbol) [0x00007FF7C1B94C02]\nE       \t(No symbol) [0x00007FF7C1A45AEB]\nE       \t(No symbol) [0x00007FF7C1A8BF4E]\nE       \t(No symbol) [0x00007FF7C1A8C0CC]\nE       \t(No symbol) [0x00007FF7C1ACE477]\nE       \t(No symbol) [0x00007FF7C1AAF0EF]\nE       \t(No symbol) [0x00007FF7C1ACBDE3]\nE       \t(No symbol) [0x00007FF7C1AAEE53]\nE       \t(No symbol) [0x00007FF7C1A7F514]\nE       \t(No symbol) [0x00007FF7C1A80631]\nE       \tGetHandleVerifier [0x00007FF7C1FA6CAD+3738973]\nE       \tGetHandleVerifier [0x00007FF7C1FFC506+4089270]\nE       \tGetHandleVerifier [0x00007FF7C1FF4823+4057299]\nE       \tGetHandleVerifier [0x00007FF7C1CC5C49+720121]\nE       \t(No symbol) [0x00007FF7C1BA126F]\nE       \t(No symbol) [0x00007FF7C1B9C304]\nE       \t(No symbol) [0x00007FF7C1B9C432]\nE       \t(No symbol) [0x00007FF7C1B8BD04]\nE       \tBaseThreadInitThunk [0x00007FFECF70257D+29]\nE       \tRtlUserThreadStart [0x00007FFED166AA58+40]\n\n.venv\\Lib\\site-packages\\selenium\\webdriver\\remote\\errorhandler.py:229: NoSuchElementException\n&#34;}], &#34;testCases/test_elements_page.py::Test_Web_Tables::test_len_of_columns&#34;: [{&#34;extras&#34;: [], &#34;result&#34;: &#34;Passed&#34;, &#34;testId&#34;: &#34;testCases/test_elements_page.py::Test_Web_Tables::test_len_of_columns&#34;, &#34;duration&#34;: &#34;00:00:11&#34;, &#34;resultsTableRow&#34;: [&#34;&lt;td class=\&#34;col-result\&#34;&gt;Passed&lt;/td&gt;&#34;, &#34;&lt;td class=\&#34;col-testId\&#34;&gt;testCases/test_elements_page.py::Test_Web_Tables::test_len_of_columns&lt;/td&gt;&#34;, &#34;&lt;td class=\&#34;col-duration\&#34;&gt;00:00:11&lt;/td&gt;&#34;, &#34;&lt;td class=\&#34;col-links\&#34;&gt;&lt;/td&gt;&#34;], &#34;log&#34;: &#34;[gw4] win32 -- Python 3.12.1 C:\\Automation\\Python\\DemoQA-Automation\\.venv\\Scripts\\python.exe\n\n----------------------------- Captured stdout call -----------------------------\nColumns in Table:  [&amp;#x27;First Name\\nLast Name\\nAge\\nEmail\\nSalary\\nDepartment\\nAction&amp;#x27;]\n&#34;}], &#34;testCases/test_elements_page.py::Test_Link_Clicks::test_links_sends_api_call[Forbidden]&#34;: [{&#34;extras&#34;: [], &#34;result&#34;: &#34;Passed&#34;, &#34;testId&#34;: &#34;testCases/test_elements_page.py::Test_Link_Clicks::test_links_sends_api_call[Forbidden]&#34;, &#34;duration&#34;: &#34;00:00:12&#34;, &#34;resultsTableRow&#34;: [&#34;&lt;td class=\&#34;col-result\&#34;&gt;Passed&lt;/td&gt;&#34;, &#34;&lt;td class=\&#34;col-testId\&#34;&gt;testCases/test_elements_page.py::Test_Link_Clicks::test_links_sends_api_call[Forbidden]&lt;/td&gt;&#34;, &#34;&lt;td class=\&#34;col-duration\&#34;&gt;00:00:12&lt;/td&gt;&#34;, &#34;&lt;td class=\&#34;col-links\&#34;&gt;&lt;/td&gt;&#34;], &#34;log&#34;: &#34;[gw1] win32 -- Python 3.12.1 C:\\Automation\\Python\\DemoQA-Automation\\.venv\\Scripts\\python.exe\n&#34;}], &#34;testCases/test_elements_page.py::Test_ElementPage::test_element_groups&#34;: [{&#34;extras&#34;: [], &#34;result&#34;: &#34;Passed&#34;, &#34;testId&#34;: &#34;testCases/test_elements_page.py::Test_ElementPage::test_element_groups&#34;, &#34;duration&#34;: &#34;00:00:12&#34;, &#34;resultsTableRow&#34;: [&#34;&lt;td class=\&#34;col-result\&#34;&gt;Passed&lt;/td&gt;&#34;, &#34;&lt;td class=\&#34;col-testId\&#34;&gt;testCases/test_elements_page.py::Test_ElementPage::test_element_groups&lt;/td&gt;&#34;, &#34;&lt;td class=\&#34;col-duration\&#34;&gt;00:00:12&lt;/td&gt;&#34;, &#34;&lt;td class=\&#34;col-links\&#34;&gt;&lt;/td&gt;&#34;], &#34;log&#34;: &#34;[gw0] win32 -- Python 3.12.1 C:\\Automation\\Python\\DemoQA-Automation\\.venv\\Scripts\\python.exe\n&#34;}], &#34;testCases/test_elements_page.py::Test_Link_Clicks::test_links_sends_api_call[Moved]&#34;: [{&#34;extras&#34;: [], &#34;result&#34;: &#34;Passed&#34;, &#34;testId&#34;: &#34;testCases/test_elements_page.py::Test_Link_Clicks::test_links_sends_api_call[Moved]&#34;, &#34;duration&#34;: &#34;00:00:11&#34;, &#34;resultsTableRow&#34;: [&#34;&lt;td class=\&#34;col-result\&#34;&gt;Passed&lt;/td&gt;&#34;, &#34;&lt;td class=\&#34;col-testId\&#34;&gt;testCases/test_elements_page.py::Test_Link_Clicks::test_links_sends_api_call[Moved]&lt;/td&gt;&#34;, &#34;&lt;td class=\&#34;col-duration\&#34;&gt;00:00:11&lt;/td&gt;&#34;, &#34;&lt;td class=\&#34;col-links\&#34;&gt;&lt;/td&gt;&#34;], &#34;log&#34;: &#34;[gw2] win32 -- Python 3.12.1 C:\\Automation\\Python\\DemoQA-Automation\\.venv\\Scripts\\python.exe\n&#34;}], &#34;testCases/test_elements_page.py::Test_Link_Clicks::test_links_sends_api_call[Created]&#34;: [{&#34;extras&#34;: [], &#34;result&#34;: &#34;Passed&#34;, &#34;testId&#34;: &#34;testCases/test_elements_page.py::Test_Link_Clicks::test_links_sends_api_call[Created]&#34;, &#34;duration&#34;: &#34;00:00:12&#34;, &#34;resultsTableRow&#34;: [&#34;&lt;td class=\&#34;col-result\&#34;&gt;Passed&lt;/td&gt;&#34;, &#34;&lt;td class=\&#34;col-testId\&#34;&gt;testCases/test_elements_page.py::Test_Link_Clicks::test_links_sends_api_call[Created]&lt;/td&gt;&#34;, &#34;&lt;td class=\&#34;col-duration\&#34;&gt;00:00:12&lt;/td&gt;&#34;, &#34;&lt;td class=\&#34;col-links\&#34;&gt;&lt;/td&gt;&#34;], &#34;log&#34;: &#34;[gw3] win32 -- Python 3.12.1 C:\\Automation\\Python\\DemoQA-Automation\\.venv\\Scripts\\python.exe\n&#34;}], &#34;testCases/test_elements_page.py::Test_Link_Clicks::test_links_sends_api_call[Not Found]&#34;: [{&#34;extras&#34;: [], &#34;result&#34;: &#34;Passed&#34;, &#34;testId&#34;: &#34;testCases/test_elements_page.py::Test_Link_Clicks::test_links_sends_api_call[Not Found]&#34;, &#34;duration&#34;: &#34;00:00:12&#34;, &#34;resultsTableRow&#34;: [&#34;&lt;td class=\&#34;col-result\&#34;&gt;Passed&lt;/td&gt;&#34;, &#34;&lt;td class=\&#34;col-testId\&#34;&gt;testCases/test_elements_page.py::Test_Link_Clicks::test_links_sends_api_call[Not Found]&lt;/td&gt;&#34;, &#34;&lt;td class=\&#34;col-duration\&#34;&gt;00:00:12&lt;/td&gt;&#34;, &#34;&lt;td class=\&#34;col-links\&#34;&gt;&lt;/td&gt;&#34;], &#34;log&#34;: &#34;[gw1] win32 -- Python 3.12.1 C:\\Automation\\Python\\DemoQA-Automation\\.venv\\Scripts\\python.exe\n&#34;}], &#34;testCases/test_interactions_page.py::Test_ShortableListGrids::test_sortable_list&#34;: [{&#34;extras&#34;: [], &#34;result&#34;: &#34;Passed&#34;, &#34;testId&#34;: &#34;testCases/test_interactions_page.py::Test_ShortableListGrids::test_sortable_list&#34;, &#34;duration&#34;: &#34;00:00:13&#34;, &#34;resultsTableRow&#34;: [&#34;&lt;td class=\&#34;col-result\&#34;&gt;Passed&lt;/td&gt;&#34;, &#34;&lt;td class=\&#34;col-testId\&#34;&gt;testCases/test_interactions_page.py::Test_ShortableListGrids::test_sortable_list&lt;/td&gt;&#34;, &#34;&lt;td class=\&#34;col-duration\&#34;&gt;00:00:13&lt;/td&gt;&#34;, &#34;&lt;td class=\&#34;col-links\&#34;&gt;&lt;/td&gt;&#34;], &#34;log&#34;: &#34;[gw0] win32 -- Python 3.12.1 C:\\Automation\\Python\\DemoQA-Automation\\.venv\\Scripts\\python.exe\n&#34;}], &#34;testCases/test_elements_page.py::Test_Link_Clicks::test_links_sends_api_call[Bad Request]&#34;: [{&#34;extras&#34;: [], &#34;result&#34;: &#34;Passed&#34;, &#34;testId&#34;: &#34;testCases/test_elements_page.py::Test_Link_Clicks::test_links_sends_api_call[Bad Request]&#34;, &#34;duration&#34;: &#34;00:00:12&#34;, &#34;resultsTableRow&#34;: [&#34;&lt;td class=\&#34;col-result\&#34;&gt;Passed&lt;/td&gt;&#34;, &#34;&lt;td class=\&#34;col-testId\&#34;&gt;testCases/test_elements_page.py::Test_Link_Clicks::test_links_sends_api_call[Bad Request]&lt;/td&gt;&#34;, &#34;&lt;td class=\&#34;col-duration\&#34;&gt;00:00:12&lt;/td&gt;&#34;, &#34;&lt;td class=\&#34;col-links\&#34;&gt;&lt;/td&gt;&#34;], &#34;log&#34;: &#34;[gw2] win32 -- Python 3.12.1 C:\\Automation\\Python\\DemoQA-Automation\\.venv\\Scripts\\python.exe\n&#34;}], &#34;testCases/test_elements_page.py::Test_Upload_Download::test_upload&#34;: [{&#34;extras&#34;: [], &#34;result&#34;: &#34;Failed&#34;, &#34;testId&#34;: &#34;testCases/test_elements_page.py::Test_Upload_Download::test_upload&#34;, &#34;duration&#34;: &#34;00:00:21&#34;, &#34;resultsTableRow&#34;: [&#34;&lt;td class=\&#34;col-result\&#34;&gt;Failed&lt;/td&gt;&#34;, &#34;&lt;td class=\&#34;col-testId\&#34;&gt;testCases/test_elements_page.py::Test_Upload_Download::test_upload&lt;/td&gt;&#34;, &#34;&lt;td class=\&#34;col-duration\&#34;&gt;00:00:21&lt;/td&gt;&#34;, &#34;&lt;td class=\&#34;col-links\&#34;&gt;&lt;/td&gt;&#34;], &#34;log&#34;: &#34;[gw4] win32 -- Python 3.12.1 C:\\Automation\\Python\\DemoQA-Automation\\.venv\\Scripts\\python.exe\n\nself = &amp;lt;testCases.test_elements_page.Test_Upload_Download object at 0x000002E17A488530&amp;gt;\n\n    def test_upload(self):\n        # file_path = &amp;quot;C:\\\\Automation\\\\Python\\\\DemoQA-Automation\\\\Screenshots\\\\test_logo_presence.png&amp;quot;\n&amp;gt;       uploaded_path = self.element.upload_download(&amp;#x27;upload&amp;#x27;, &amp;#x27;test_logo_presence.png&amp;#x27;)\n\ntestCases\\test_elements_page.py:170: \n_ _ _ _ _ _ _ _ _ _ _ _ _ _ _ _ _ _ _ _ _ _ _ _ _ _ _ _ _ _ _ _ _ _ _ _ _ _ _ _ _ _ _ _ _ _ _ _ _ _ _ _ _ _ _ _ _ _ _ _ _ _ _ _ _ _ _ _ _ _ _ _ _ _\npageObjects\\elements_page.py:241: in upload_download\n    self.driver.find_element(By.ID, self.upload_id).send_keys(file)\n.venv\\Lib\\site-packages\\selenium\\webdriver\\remote\\webdriver.py:741: in find_element\n    return self.execute(Command.FIND_ELEMENT, {&amp;quot;using&amp;quot;: by, &amp;quot;value&amp;quot;: value})[&amp;quot;value&amp;quot;]\n.venv\\Lib\\site-packages\\selenium\\webdriver\\remote\\webdriver.py:347: in execute\n    self.error_handler.check_response(response)\n_ _ _ _ _ _ _ _ _ _ _ _ _ _ _ _ _ _ _ _ _ _ _ _ _ _ _ _ _ _ _ _ _ _ _ _ _ _ _ _ _ _ _ _ _ _ _ _ _ _ _ _ _ _ _ _ _ _ _ _ _ _ _ _ _ _ _ _ _ _ _ _ _ _\n\nself = &amp;lt;selenium.webdriver.remote.errorhandler.ErrorHandler object at 0x000002E17A596240&amp;gt;\nresponse = {&amp;#x27;status&amp;#x27;: 404, &amp;#x27;value&amp;#x27;: &amp;#x27;{&amp;quot;value&amp;quot;:{&amp;quot;error&amp;quot;:&amp;quot;no such element&amp;quot;,&amp;quot;message&amp;quot;:&amp;quot;no such element: Unable to locate element: {\\...07FF7C1B8BD04]\\\\n\\\\tBaseThreadInitThunk [0x00007FFECF70257D+29]\\\\n\\\\tRtlUserThreadStart [0x00007FFED166AA58+40]\\\\n&amp;quot;}}&amp;#x27;}\n\n    def check_response(self, response: Dict[str, Any]) -&amp;gt; None:\n        &amp;quot;&amp;quot;&amp;quot;Checks that a JSON response from the WebDriver does not have an\n        error.\n    \n        :Args:\n         - response - The JSON response from the WebDriver server as a dictionary\n           object.\n    \n        :Raises: If the response contains an error message.\n        &amp;quot;&amp;quot;&amp;quot;\n        status = response.get(&amp;quot;status&amp;quot;, None)\n        if not status or status == ErrorCode.SUCCESS:\n            return\n        value = None\n        message = response.get(&amp;quot;message&amp;quot;, &amp;quot;&amp;quot;)\n        screen: str = response.get(&amp;quot;screen&amp;quot;, &amp;quot;&amp;quot;)\n        stacktrace = None\n        if isinstance(status, int):\n            value_json = response.get(&amp;quot;value&amp;quot;, None)\n            if value_json and isinstance(value_json, str):\n                import json\n    \n                try:\n                    value = json.loads(value_json)\n                    if len(value) == 1:\n                        value = value[&amp;quot;value&amp;quot;]\n                    status = value.get(&amp;quot;error&amp;quot;, None)\n                    if not status:\n                        status = value.get(&amp;quot;status&amp;quot;, ErrorCode.UNKNOWN_ERROR)\n                        message = value.get(&amp;quot;value&amp;quot;) or value.get(&amp;quot;message&amp;quot;)\n                        if not isinstance(message, str):\n                            value = message\n                            message = message.get(&amp;quot;message&amp;quot;)\n                    else:\n                        message = value.get(&amp;quot;message&amp;quot;, None)\n                except ValueError:\n                    pass\n    \n        exception_class: Type[WebDriverException]\n        e = ErrorCode()\n        error_codes = [item for item in dir(e) if not item.startswith(&amp;quot;__&amp;quot;)]\n        for error_code in error_codes:\n            error_info = getattr(ErrorCode, error_code)\n            if isinstance(error_info, list) and status in error_info:\n                exception_class = getattr(ExceptionMapping, error_code, WebDriverException)\n                break\n        else:\n            exception_class = WebDriverException\n    \n        if not value:\n            value = response[&amp;quot;value&amp;quot;]\n        if isinstance(value, str):\n            raise exception_class(value)\n        if message == &amp;quot;&amp;quot; and &amp;quot;message&amp;quot; in value:\n            message = value[&amp;quot;message&amp;quot;]\n    \n        screen = None  # type: ignore[assignment]\n        if &amp;quot;screen&amp;quot; in value:\n            screen = value[&amp;quot;screen&amp;quot;]\n    \n        stacktrace = None\n        st_value = value.get(&amp;quot;stackTrace&amp;quot;) or value.get(&amp;quot;stacktrace&amp;quot;)\n        if st_value:\n            if isinstance(st_value, str):\n                stacktrace = st_value.split(&amp;quot;\\n&amp;quot;)\n            else:\n                stacktrace = []\n                try:\n                    for frame in st_value:\n                        line = frame.get(&amp;quot;lineNumber&amp;quot;, &amp;quot;&amp;quot;)\n                        file = frame.get(&amp;quot;fileName&amp;quot;, &amp;quot;&amp;lt;anonymous&amp;gt;&amp;quot;)\n                        if line:\n                            file = f&amp;quot;{file}:{line}&amp;quot;\n                        meth = frame.get(&amp;quot;methodName&amp;quot;, &amp;quot;&amp;lt;anonymous&amp;gt;&amp;quot;)\n                        if &amp;quot;className&amp;quot; in frame:\n                            meth = f&amp;quot;{frame[&amp;#x27;className&amp;#x27;]}.{meth}&amp;quot;\n                        msg = &amp;quot;    at %s (%s)&amp;quot;\n                        msg = msg % (meth, file)\n                        stacktrace.append(msg)\n                except TypeError:\n                    pass\n        if exception_class == UnexpectedAlertPresentException:\n            alert_text = None\n            if &amp;quot;data&amp;quot; in value:\n                alert_text = value[&amp;quot;data&amp;quot;].get(&amp;quot;text&amp;quot;)\n            elif &amp;quot;alert&amp;quot; in value:\n                alert_text = value[&amp;quot;alert&amp;quot;].get(&amp;quot;text&amp;quot;)\n            raise exception_class(message, screen, stacktrace, alert_text)  # type: ignore[call-arg]  # mypy is not smart enough here\n&amp;gt;       raise exception_class(message, screen, stacktrace)\nE       selenium.common.exceptions.NoSuchElementException: Message: no such element: Unable to locate element: {&amp;quot;method&amp;quot;:&amp;quot;css selector&amp;quot;,&amp;quot;selector&amp;quot;:&amp;quot;[id=&amp;quot;uploadFile&amp;quot;]&amp;quot;}\nE         (Session info: chrome=121.0.6167.161); For documentation on this error, please visit: https://www.selenium.dev/documentation/webdriver/troubleshooting/errors#no-such-element-exception\nE       Stacktrace:\nE       \tGetHandleVerifier [0x00007FF7C1F75E42+3538674]\nE       \t(No symbol) [0x00007FF7C1B94C02]\nE       \t(No symbol) [0x00007FF7C1A45AEB]\nE       \t(No symbol) [0x00007FF7C1A8BF4E]\nE       \t(No symbol) [0x00007FF7C1A8C0CC]\nE       \t(No symbol) [0x00007FF7C1ACE477]\nE       \t(No symbol) [0x00007FF7C1AAF0EF]\nE       \t(No symbol) [0x00007FF7C1ACBDE3]\nE       \t(No symbol) [0x00007FF7C1AAEE53]\nE       \t(No symbol) [0x00007FF7C1A7F514]\nE       \t(No symbol) [0x00007FF7C1A80631]\nE       \tGetHandleVerifier [0x00007FF7C1FA6CAD+3738973]\nE       \tGetHandleVerifier [0x00007FF7C1FFC506+4089270]\nE       \tGetHandleVerifier [0x00007FF7C1FF4823+4057299]\nE       \tGetHandleVerifier [0x00007FF7C1CC5C49+720121]\nE       \t(No symbol) [0x00007FF7C1BA126F]\nE       \t(No symbol) [0x00007FF7C1B9C304]\nE       \t(No symbol) [0x00007FF7C1B9C432]\nE       \t(No symbol) [0x00007FF7C1B8BD04]\nE       \tBaseThreadInitThunk [0x00007FFECF70257D+29]\nE       \tRtlUserThreadStart [0x00007FFED166AA58+40]\n\n.venv\\Lib\\site-packages\\selenium\\webdriver\\remote\\errorhandler.py:229: NoSuchElementException\n&#34;}], &#34;testCases/test_interactions_page.py::Test_SelectableListGrids::test_select_grid&#34;: [{&#34;extras&#34;: [], &#34;result&#34;: &#34;Passed&#34;, &#34;testId&#34;: &#34;testCases/test_interactions_page.py::Test_SelectableListGrids::test_select_grid&#34;, &#34;duration&#34;: &#34;00:00:16&#34;, &#34;resultsTableRow&#34;: [&#34;&lt;td class=\&#34;col-result\&#34;&gt;Passed&lt;/td&gt;&#34;, &#34;&lt;td class=\&#34;col-testId\&#34;&gt;testCases/test_interactions_page.py::Test_SelectableListGrids::test_select_grid&lt;/td&gt;&#34;, &#34;&lt;td class=\&#34;col-duration\&#34;&gt;00:00:16&lt;/td&gt;&#34;, &#34;&lt;td class=\&#34;col-links\&#34;&gt;&lt;/td&gt;&#34;], &#34;log&#34;: &#34;[gw3] win32 -- Python 3.12.1 C:\\Automation\\Python\\DemoQA-Automation\\.venv\\Scripts\\python.exe\n&#34;}], &#34;testCases/test_elements_page.py::Test_Link_Clicks::test_links_sends_api_call[Unauthorized]&#34;: [{&#34;extras&#34;: [], &#34;result&#34;: &#34;Passed&#34;, &#34;testId&#34;: &#34;testCases/test_elements_page.py::Test_Link_Clicks::test_links_sends_api_call[Unauthorized]&#34;, &#34;duration&#34;: &#34;00:00:12&#34;, &#34;resultsTableRow&#34;: [&#34;&lt;td class=\&#34;col-result\&#34;&gt;Passed&lt;/td&gt;&#34;, &#34;&lt;td class=\&#34;col-testId\&#34;&gt;testCases/test_elements_page.py::Test_Link_Clicks::test_links_sends_api_call[Unauthorized]&lt;/td&gt;&#34;, &#34;&lt;td class=\&#34;col-duration\&#34;&gt;00:00:12&lt;/td&gt;&#34;, &#34;&lt;td class=\&#34;col-links\&#34;&gt;&lt;/td&gt;&#34;], &#34;log&#34;: &#34;[gw2] win32 -- Python 3.12.1 C:\\Automation\\Python\\DemoQA-Automation\\.venv\\Scripts\\python.exe\n&#34;}], &#34;testCases/test_interactions_page.py::Test_ShortableListGrids::test_sortable_grid&#34;: [{&#34;extras&#34;: [], &#34;result&#34;: &#34;Passed&#34;, &#34;testId&#34;: &#34;testCases/test_interactions_page.py::Test_ShortableListGrids::test_sortable_grid&#34;, &#34;duration&#34;: &#34;00:00:13&#34;, &#34;resultsTableRow&#34;: [&#34;&lt;td class=\&#34;col-result\&#34;&gt;Passed&lt;/td&gt;&#34;, &#34;&lt;td class=\&#34;col-testId\&#34;&gt;testCases/test_interactions_page.py::Test_ShortableListGrids::test_sortable_grid&lt;/td&gt;&#34;, &#34;&lt;td class=\&#34;col-duration\&#34;&gt;00:00:13&lt;/td&gt;&#34;, &#34;&lt;td class=\&#34;col-links\&#34;&gt;&lt;/td&gt;&#34;], &#34;log&#34;: &#34;[gw0] win32 -- Python 3.12.1 C:\\Automation\\Python\\DemoQA-Automation\\.venv\\Scripts\\python.exe\n&#34;}], &#34;testCases/test_forms_page.py::Test_Form_Page::test_header_text&#34;: [{&#34;extras&#34;: [], &#34;result&#34;: &#34;Passed&#34;, &#34;testId&#34;: &#34;testCases/test_forms_page.py::Test_Form_Page::test_header_text&#34;, &#34;duration&#34;: &#34;00:00:11&#34;, &#34;resultsTableRow&#34;: [&#34;&lt;td class=\&#34;col-result\&#34;&gt;Passed&lt;/td&gt;&#34;, &#34;&lt;td class=\&#34;col-testId\&#34;&gt;testCases/test_forms_page.py::Test_Form_Page::test_header_text&lt;/td&gt;&#34;, &#34;&lt;td class=\&#34;col-duration\&#34;&gt;00:00:11&lt;/td&gt;&#34;, &#34;&lt;td class=\&#34;col-links\&#34;&gt;&lt;/td&gt;&#34;], &#34;log&#34;: &#34;[gw4] win32 -- Python 3.12.1 C:\\Automation\\Python\\DemoQA-Automation\\.venv\\Scripts\\python.exe\n&#34;}], &#34;testCases/test_elements_page.py::Test_Upload_Download::test_download&#34;: [{&#34;extras&#34;: [], &#34;result&#34;: &#34;Failed&#34;, &#34;testId&#34;: &#34;testCases/test_elements_page.py::Test_Upload_Download::test_download&#34;, &#34;duration&#34;: &#34;00:00:23&#34;, &#34;resultsTableRow&#34;: [&#34;&lt;td class=\&#34;col-result\&#34;&gt;Failed&lt;/td&gt;&#34;, &#34;&lt;td class=\&#34;col-testId\&#34;&gt;testCases/test_elements_page.py::Test_Upload_Download::test_download&lt;/td&gt;&#34;, &#34;&lt;td class=\&#34;col-duration\&#34;&gt;00:00:23&lt;/td&gt;&#34;, &#34;&lt;td class=\&#34;col-links\&#34;&gt;&lt;/td&gt;&#34;], &#34;log&#34;: &#34;[gw1] win32 -- Python 3.12.1 C:\\Automation\\Python\\DemoQA-Automation\\.venv\\Scripts\\python.exe\n\nself = &amp;lt;testCases.test_elements_page.Test_Upload_Download object at 0x000001FC5D7D8FB0&amp;gt;\n\n    def test_download(self):\n&amp;gt;       self.element.upload_download(&amp;#x27;download&amp;#x27;, None)\n\ntestCases\\test_elements_page.py:166: \n_ _ _ _ _ _ _ _ _ _ _ _ _ _ _ _ _ _ _ _ _ _ _ _ _ _ _ _ _ _ _ _ _ _ _ _ _ _ _ _ _ _ _ _ _ _ _ _ _ _ _ _ _ _ _ _ _ _ _ _ _ _ _ _ _ _ _ _ _ _ _ _ _ _\npageObjects\\elements_page.py:244: in upload_download\n    self.driver.find_element(By.ID, self.download_btn_id).click()\n.venv\\Lib\\site-packages\\selenium\\webdriver\\remote\\webdriver.py:741: in find_element\n    return self.execute(Command.FIND_ELEMENT, {&amp;quot;using&amp;quot;: by, &amp;quot;value&amp;quot;: value})[&amp;quot;value&amp;quot;]\n.venv\\Lib\\site-packages\\selenium\\webdriver\\remote\\webdriver.py:347: in execute\n    self.error_handler.check_response(response)\n_ _ _ _ _ _ _ _ _ _ _ _ _ _ _ _ _ _ _ _ _ _ _ _ _ _ _ _ _ _ _ _ _ _ _ _ _ _ _ _ _ _ _ _ _ _ _ _ _ _ _ _ _ _ _ _ _ _ _ _ _ _ _ _ _ _ _ _ _ _ _ _ _ _\n\nself = &amp;lt;selenium.webdriver.remote.errorhandler.ErrorHandler object at 0x000001FC5D93A1B0&amp;gt;\nresponse = {&amp;#x27;status&amp;#x27;: 404, &amp;#x27;value&amp;#x27;: &amp;#x27;{&amp;quot;value&amp;quot;:{&amp;quot;error&amp;quot;:&amp;quot;no such element&amp;quot;,&amp;quot;message&amp;quot;:&amp;quot;no such element: Unable to locate element: {\\...07FF7C1B8BD04]\\\\n\\\\tBaseThreadInitThunk [0x00007FFECF70257D+29]\\\\n\\\\tRtlUserThreadStart [0x00007FFED166AA58+40]\\\\n&amp;quot;}}&amp;#x27;}\n\n    def check_response(self, response: Dict[str, Any]) -&amp;gt; None:\n        &amp;quot;&amp;quot;&amp;quot;Checks that a JSON response from the WebDriver does not have an\n        error.\n    \n        :Args:\n         - response - The JSON response from the WebDriver server as a dictionary\n           object.\n    \n        :Raises: If the response contains an error message.\n        &amp;quot;&amp;quot;&amp;quot;\n        status = response.get(&amp;quot;status&amp;quot;, None)\n        if not status or status == ErrorCode.SUCCESS:\n            return\n        value = None\n        message = response.get(&amp;quot;message&amp;quot;, &amp;quot;&amp;quot;)\n        screen: str = response.get(&amp;quot;screen&amp;quot;, &amp;quot;&amp;quot;)\n        stacktrace = None\n        if isinstance(status, int):\n            value_json = response.get(&amp;quot;value&amp;quot;, None)\n            if value_json and isinstance(value_json, str):\n                import json\n    \n                try:\n                    value = json.loads(value_json)\n                    if len(value) == 1:\n                        value = value[&amp;quot;value&amp;quot;]\n                    status = value.get(&amp;quot;error&amp;quot;, None)\n                    if not status:\n                        status = value.get(&amp;quot;status&amp;quot;, ErrorCode.UNKNOWN_ERROR)\n                        message = value.get(&amp;quot;value&amp;quot;) or value.get(&amp;quot;message&amp;quot;)\n                        if not isinstance(message, str):\n                            value = message\n                            message = message.get(&amp;quot;message&amp;quot;)\n                    else:\n                        message = value.get(&amp;quot;message&amp;quot;, None)\n                except ValueError:\n                    pass\n    \n        exception_class: Type[WebDriverException]\n        e = ErrorCode()\n        error_codes = [item for item in dir(e) if not item.startswith(&amp;quot;__&amp;quot;)]\n        for error_code in error_codes:\n            error_info = getattr(ErrorCode, error_code)\n            if isinstance(error_info, list) and status in error_info:\n                exception_class = getattr(ExceptionMapping, error_code, WebDriverException)\n                break\n        else:\n            exception_class = WebDriverException\n    \n        if not value:\n            value = response[&amp;quot;value&amp;quot;]\n        if isinstance(value, str):\n            raise exception_class(value)\n        if message == &amp;quot;&amp;quot; and &amp;quot;message&amp;quot; in value:\n            message = value[&amp;quot;message&amp;quot;]\n    \n        screen = None  # type: ignore[assignment]\n        if &amp;quot;screen&amp;quot; in value:\n            screen = value[&amp;quot;screen&amp;quot;]\n    \n        stacktrace = None\n        st_value = value.get(&amp;quot;stackTrace&amp;quot;) or value.get(&amp;quot;stacktrace&amp;quot;)\n        if st_value:\n            if isinstance(st_value, str):\n                stacktrace = st_value.split(&amp;quot;\\n&amp;quot;)\n            else:\n                stacktrace = []\n                try:\n                    for frame in st_value:\n                        line = frame.get(&amp;quot;lineNumber&amp;quot;, &amp;quot;&amp;quot;)\n                        file = frame.get(&amp;quot;fileName&amp;quot;, &amp;quot;&amp;lt;anonymous&amp;gt;&amp;quot;)\n                        if line:\n                            file = f&amp;quot;{file}:{line}&amp;quot;\n                        meth = frame.get(&amp;quot;methodName&amp;quot;, &amp;quot;&amp;lt;anonymous&amp;gt;&amp;quot;)\n                        if &amp;quot;className&amp;quot; in frame:\n                            meth = f&amp;quot;{frame[&amp;#x27;className&amp;#x27;]}.{meth}&amp;quot;\n                        msg = &amp;quot;    at %s (%s)&amp;quot;\n                        msg = msg % (meth, file)\n                        stacktrace.append(msg)\n                except TypeError:\n                    pass\n        if exception_class == UnexpectedAlertPresentException:\n            alert_text = None\n            if &amp;quot;data&amp;quot; in value:\n                alert_text = value[&amp;quot;data&amp;quot;].get(&amp;quot;text&amp;quot;)\n            elif &amp;quot;alert&amp;quot; in value:\n                alert_text = value[&amp;quot;alert&amp;quot;].get(&amp;quot;text&amp;quot;)\n            raise exception_class(message, screen, stacktrace, alert_text)  # type: ignore[call-arg]  # mypy is not smart enough here\n&amp;gt;       raise exception_class(message, screen, stacktrace)\nE       selenium.common.exceptions.NoSuchElementException: Message: no such element: Unable to locate element: {&amp;quot;method&amp;quot;:&amp;quot;css selector&amp;quot;,&amp;quot;selector&amp;quot;:&amp;quot;[id=&amp;quot;downloadButton&amp;quot;]&amp;quot;}\nE         (Session info: chrome=121.0.6167.161); For documentation on this error, please visit: https://www.selenium.dev/documentation/webdriver/troubleshooting/errors#no-such-element-exception\nE       Stacktrace:\nE       \tGetHandleVerifier [0x00007FF7C1F75E42+3538674]\nE       \t(No symbol) [0x00007FF7C1B94C02]\nE       \t(No symbol) [0x00007FF7C1A45AEB]\nE       \t(No symbol) [0x00007FF7C1A8BF4E]\nE       \t(No symbol) [0x00007FF7C1A8C0CC]\nE       \t(No symbol) [0x00007FF7C1ACE477]\nE       \t(No symbol) [0x00007FF7C1AAF0EF]\nE       \t(No symbol) [0x00007FF7C1ACBDE3]\nE       \t(No symbol) [0x00007FF7C1AAEE53]\nE       \t(No symbol) [0x00007FF7C1A7F514]\nE       \t(No symbol) [0x00007FF7C1A80631]\nE       \tGetHandleVerifier [0x00007FF7C1FA6CAD+3738973]\nE       \tGetHandleVerifier [0x00007FF7C1FFC506+4089270]\nE       \tGetHandleVerifier [0x00007FF7C1FF4823+4057299]\nE       \tGetHandleVerifier [0x00007FF7C1CC5C49+720121]\nE       \t(No symbol) [0x00007FF7C1BA126F]\nE       \t(No symbol) [0x00007FF7C1B9C304]\nE       \t(No symbol) [0x00007FF7C1B9C432]\nE       \t(No symbol) [0x00007FF7C1B8BD04]\nE       \tBaseThreadInitThunk [0x00007FFECF70257D+29]\nE       \tRtlUserThreadStart [0x00007FFED166AA58+40]\n\n.venv\\Lib\\site-packages\\selenium\\webdriver\\remote\\errorhandler.py:229: NoSuchElementException\n&#34;}], &#34;testCases/test_interactions_page.py::Test_ResizeableBox::test_resizeable_inner_box[150-150]&#34;: [{&#34;extras&#34;: [], &#34;result&#34;: &#34;Passed&#34;, &#34;testId&#34;: &#34;testCases/test_interactions_page.py::Test_ResizeableBox::test_resizeable_inner_box[150-150]&#34;, &#34;duration&#34;: &#34;00:00:17&#34;, &#34;resultsTableRow&#34;: [&#34;&lt;td class=\&#34;col-result\&#34;&gt;Passed&lt;/td&gt;&#34;, &#34;&lt;td class=\&#34;col-testId\&#34;&gt;testCases/test_interactions_page.py::Test_ResizeableBox::test_resizeable_inner_box[150-150]&lt;/td&gt;&#34;, &#34;&lt;td class=\&#34;col-duration\&#34;&gt;00:00:17&lt;/td&gt;&#34;, &#34;&lt;td class=\&#34;col-links\&#34;&gt;&lt;/td&gt;&#34;], &#34;log&#34;: &#34;[gw3] win32 -- Python 3.12.1 C:\\Automation\\Python\\DemoQA-Automation\\.venv\\Scripts\\python.exe\n&#34;}], &#34;testCases/test_interactions_page.py::Test_SelectableListGrids::test_select_list&#34;: [{&#34;extras&#34;: [], &#34;result&#34;: &#34;Passed&#34;, &#34;testId&#34;: &#34;testCases/test_interactions_page.py::Test_SelectableListGrids::test_select_list&#34;, &#34;duration&#34;: &#34;00:00:11&#34;, &#34;resultsTableRow&#34;: [&#34;&lt;td class=\&#34;col-result\&#34;&gt;Passed&lt;/td&gt;&#34;, &#34;&lt;td class=\&#34;col-testId\&#34;&gt;testCases/test_interactions_page.py::Test_SelectableListGrids::test_select_list&lt;/td&gt;&#34;, &#34;&lt;td class=\&#34;col-duration\&#34;&gt;00:00:11&lt;/td&gt;&#34;, &#34;&lt;td class=\&#34;col-links\&#34;&gt;&lt;/td&gt;&#34;], &#34;log&#34;: &#34;[gw0] win32 -- Python 3.12.1 C:\\Automation\\Python\\DemoQA-Automation\\.venv\\Scripts\\python.exe\n&#34;}], &#34;testCases/test_forms_page.py::Test_Form_Page::test_forms&#34;: [{&#34;extras&#34;: [], &#34;result&#34;: &#34;Passed&#34;, &#34;testId&#34;: &#34;testCases/test_forms_page.py::Test_Form_Page::test_forms&#34;, &#34;duration&#34;: &#34;00:00:12&#34;, &#34;resultsTableRow&#34;: [&#34;&lt;td class=\&#34;col-result\&#34;&gt;Passed&lt;/td&gt;&#34;, &#34;&lt;td class=\&#34;col-testId\&#34;&gt;testCases/test_forms_page.py::Test_Form_Page::test_forms&lt;/td&gt;&#34;, &#34;&lt;td class=\&#34;col-duration\&#34;&gt;00:00:12&lt;/td&gt;&#34;, &#34;&lt;td class=\&#34;col-links\&#34;&gt;&lt;/td&gt;&#34;], &#34;log&#34;: &#34;[gw4] win32 -- Python 3.12.1 C:\\Automation\\Python\\DemoQA-Automation\\.venv\\Scripts\\python.exe\n&#34;}], &#34;testCases/test_interactions_page.py::Test_ResizeableBox::test_resizeable_inner_box[200-200]&#34;: [{&#34;extras&#34;: [], &#34;result&#34;: &#34;Passed&#34;, &#34;testId&#34;: &#34;testCases/test_interactions_page.py::Test_ResizeableBox::test_resizeable_inner_box[200-200]&#34;, &#34;duration&#34;: &#34;00:00:11&#34;, &#34;resultsTableRow&#34;: [&#34;&lt;td class=\&#34;col-result\&#34;&gt;Passed&lt;/td&gt;&#34;, &#34;&lt;td class=\&#34;col-testId\&#34;&gt;testCases/test_interactions_page.py::Test_ResizeableBox::test_resizeable_inner_box[200-200]&lt;/td&gt;&#34;, &#34;&lt;td class=\&#34;col-duration\&#34;&gt;00:00:11&lt;/td&gt;&#34;, &#34;&lt;td class=\&#34;col-links\&#34;&gt;&lt;/td&gt;&#34;], &#34;log&#34;: &#34;[gw1] win32 -- Python 3.12.1 C:\\Automation\\Python\\DemoQA-Automation\\.venv\\Scripts\\python.exe\n&#34;}], &#34;testCases/test_interactions_page.py::Test_ResizeableBox::test_resizeable_outer_box[350-450]&#34;: [{&#34;extras&#34;: [], &#34;result&#34;: &#34;Passed&#34;, &#34;testId&#34;: &#34;testCases/test_interactions_page.py::Test_ResizeableBox::test_resizeable_outer_box[350-450]&#34;, &#34;duration&#34;: &#34;00:00:17&#34;, &#34;resultsTableRow&#34;: [&#34;&lt;td class=\&#34;col-result\&#34;&gt;Passed&lt;/td&gt;&#34;, &#34;&lt;td class=\&#34;col-testId\&#34;&gt;testCases/test_interactions_page.py::Test_ResizeableBox::test_resizeable_outer_box[350-450]&lt;/td&gt;&#34;, &#34;&lt;td class=\&#34;col-duration\&#34;&gt;00:00:17&lt;/td&gt;&#34;, &#34;&lt;td class=\&#34;col-links\&#34;&gt;&lt;/td&gt;&#34;], &#34;log&#34;: &#34;[gw2] win32 -- Python 3.12.1 C:\\Automation\\Python\\DemoQA-Automation\\.venv\\Scripts\\python.exe\n&#34;}], &#34;testCases/test_interactions_page.py::Test_Droppable::test_simple_droppable&#34;: [{&#34;extras&#34;: [], &#34;result&#34;: &#34;Passed&#34;, &#34;testId&#34;: &#34;testCases/test_interactions_page.py::Test_Droppable::test_simple_droppable&#34;, &#34;duration&#34;: &#34;00:00:13&#34;, &#34;resultsTableRow&#34;: [&#34;&lt;td class=\&#34;col-result\&#34;&gt;Passed&lt;/td&gt;&#34;, &#34;&lt;td class=\&#34;col-testId\&#34;&gt;testCases/test_interactions_page.py::Test_Droppable::test_simple_droppable&lt;/td&gt;&#34;, &#34;&lt;td class=\&#34;col-duration\&#34;&gt;00:00:13&lt;/td&gt;&#34;, &#34;&lt;td class=\&#34;col-links\&#34;&gt;&lt;/td&gt;&#34;], &#34;log&#34;: &#34;[gw3] win32 -- Python 3.12.1 C:\\Automation\\Python\\DemoQA-Automation\\.venv\\Scripts\\python.exe\n&#34;}], &#34;testCases/test_interactions_page.py::Test_Droppable::test_acceptable_drop[False-Drop here]&#34;: [{&#34;extras&#34;: [], &#34;result&#34;: &#34;Passed&#34;, &#34;testId&#34;: &#34;testCases/test_interactions_page.py::Test_Droppable::test_acceptable_drop[False-Drop here]&#34;, &#34;duration&#34;: &#34;00:00:13&#34;, &#34;resultsTableRow&#34;: [&#34;&lt;td class=\&#34;col-result\&#34;&gt;Passed&lt;/td&gt;&#34;, &#34;&lt;td class=\&#34;col-testId\&#34;&gt;testCases/test_interactions_page.py::Test_Droppable::test_acceptable_drop[False-Drop here]&lt;/td&gt;&#34;, &#34;&lt;td class=\&#34;col-duration\&#34;&gt;00:00:13&lt;/td&gt;&#34;, &#34;&lt;td class=\&#34;col-links\&#34;&gt;&lt;/td&gt;&#34;], &#34;log&#34;: &#34;[gw0] win32 -- Python 3.12.1 C:\\Automation\\Python\\DemoQA-Automation\\.venv\\Scripts\\python.exe\n&#34;}], &#34;testCases/test_interactions_page.py::Test_ResizeableBox::test_resizeable_inner_box[500-300]&#34;: [{&#34;extras&#34;: [], &#34;result&#34;: &#34;Passed&#34;, &#34;testId&#34;: &#34;testCases/test_interactions_page.py::Test_ResizeableBox::test_resizeable_inner_box[500-300]&#34;, &#34;duration&#34;: &#34;00:00:11&#34;, &#34;resultsTableRow&#34;: [&#34;&lt;td class=\&#34;col-result\&#34;&gt;Passed&lt;/td&gt;&#34;, &#34;&lt;td class=\&#34;col-testId\&#34;&gt;testCases/test_interactions_page.py::Test_ResizeableBox::test_resizeable_inner_box[500-300]&lt;/td&gt;&#34;, &#34;&lt;td class=\&#34;col-duration\&#34;&gt;00:00:11&lt;/td&gt;&#34;, &#34;&lt;td class=\&#34;col-links\&#34;&gt;&lt;/td&gt;&#34;], &#34;log&#34;: &#34;[gw1] win32 -- Python 3.12.1 C:\\Automation\\Python\\DemoQA-Automation\\.venv\\Scripts\\python.exe\n&#34;}], &#34;testCases/test_interactions_page.py::Test_ResizeableBox::test_resizeable_outer_box[600-200]&#34;: [{&#34;extras&#34;: [], &#34;result&#34;: &#34;Passed&#34;, &#34;testId&#34;: &#34;testCases/test_interactions_page.py::Test_ResizeableBox::test_resizeable_outer_box[600-200]&#34;, &#34;duration&#34;: &#34;00:00:11&#34;, &#34;resultsTableRow&#34;: [&#34;&lt;td class=\&#34;col-result\&#34;&gt;Passed&lt;/td&gt;&#34;, &#34;&lt;td class=\&#34;col-testId\&#34;&gt;testCases/test_interactions_page.py::Test_ResizeableBox::test_resizeable_outer_box[600-200]&lt;/td&gt;&#34;, &#34;&lt;td class=\&#34;col-duration\&#34;&gt;00:00:11&lt;/td&gt;&#34;, &#34;&lt;td class=\&#34;col-links\&#34;&gt;&lt;/td&gt;&#34;], &#34;log&#34;: &#34;[gw2] win32 -- Python 3.12.1 C:\\Automation\\Python\\DemoQA-Automation\\.venv\\Scripts\\python.exe\n&#34;}], &#34;testCases/test_interactions_page.py::Test_Droppable::test_revert_draggable[True]&#34;: [{&#34;extras&#34;: [], &#34;result&#34;: &#34;Passed&#34;, &#34;testId&#34;: &#34;testCases/test_interactions_page.py::Test_Droppable::test_revert_draggable[True]&#34;, &#34;duration&#34;: &#34;00:00:14&#34;, &#34;resultsTableRow&#34;: [&#34;&lt;td class=\&#34;col-result\&#34;&gt;Passed&lt;/td&gt;&#34;, &#34;&lt;td class=\&#34;col-testId\&#34;&gt;testCases/test_interactions_page.py::Test_Droppable::test_revert_draggable[True]&lt;/td&gt;&#34;, &#34;&lt;td class=\&#34;col-duration\&#34;&gt;00:00:14&lt;/td&gt;&#34;, &#34;&lt;td class=\&#34;col-links\&#34;&gt;&lt;/td&gt;&#34;], &#34;log&#34;: &#34;[gw4] win32 -- Python 3.12.1 C:\\Automation\\Python\\DemoQA-Automation\\.venv\\Scripts\\python.exe\n&#34;}], &#34;testCases/test_interactions_page.py::Test_Droppable::test_prevent_propagation&#34;: [{&#34;extras&#34;: [], &#34;result&#34;: &#34;Passed&#34;, &#34;testId&#34;: &#34;testCases/test_interactions_page.py::Test_Droppable::test_prevent_propagation&#34;, &#34;duration&#34;: &#34;00:00:12&#34;, &#34;resultsTableRow&#34;: [&#34;&lt;td class=\&#34;col-result\&#34;&gt;Passed&lt;/td&gt;&#34;, &#34;&lt;td class=\&#34;col-testId\&#34;&gt;testCases/test_interactions_page.py::Test_Droppable::test_prevent_propagation&lt;/td&gt;&#34;, &#34;&lt;td class=\&#34;col-duration\&#34;&gt;00:00:12&lt;/td&gt;&#34;, &#34;&lt;td class=\&#34;col-links\&#34;&gt;&lt;/td&gt;&#34;], &#34;log&#34;: &#34;[gw0] win32 -- Python 3.12.1 C:\\Automation\\Python\\DemoQA-Automation\\.venv\\Scripts\\python.exe\n&#34;}], &#34;testCases/test_interactions_page.py::Test_Droppable::test_acceptable_drop[True-Dropped!]&#34;: [{&#34;extras&#34;: [], &#34;result&#34;: &#34;Passed&#34;, &#34;testId&#34;: &#34;testCases/test_interactions_page.py::Test_Droppable::test_acceptable_drop[True-Dropped!]&#34;, &#34;duration&#34;: &#34;00:00:13&#34;, &#34;resultsTableRow&#34;: [&#34;&lt;td class=\&#34;col-result\&#34;&gt;Passed&lt;/td&gt;&#34;, &#34;&lt;td class=\&#34;col-testId\&#34;&gt;testCases/test_interactions_page.py::Test_Droppable::test_acceptable_drop[True-Dropped!]&lt;/td&gt;&#34;, &#34;&lt;td class=\&#34;col-duration\&#34;&gt;00:00:13&lt;/td&gt;&#34;, &#34;&lt;td class=\&#34;col-links\&#34;&gt;&lt;/td&gt;&#34;], &#34;log&#34;: &#34;[gw3] win32 -- Python 3.12.1 C:\\Automation\\Python\\DemoQA-Automation\\.venv\\Scripts\\python.exe\n&#34;}], &#34;testCases/test_interactions_page.py::Test_Draggable::test_y_axis_restricted&#34;: [{&#34;extras&#34;: [], &#34;result&#34;: &#34;Passed&#34;, &#34;testId&#34;: &#34;testCases/test_interactions_page.py::Test_Draggable::test_y_axis_restricted&#34;, &#34;duration&#34;: &#34;00:00:13&#34;, &#34;resultsTableRow&#34;: [&#34;&lt;td class=\&#34;col-result\&#34;&gt;Passed&lt;/td&gt;&#34;, &#34;&lt;td class=\&#34;col-testId\&#34;&gt;testCases/test_interactions_page.py::Test_Draggable::test_y_axis_restricted&lt;/td&gt;&#34;, &#34;&lt;td class=\&#34;col-duration\&#34;&gt;00:00:13&lt;/td&gt;&#34;, &#34;&lt;td class=\&#34;col-links\&#34;&gt;&lt;/td&gt;&#34;], &#34;log&#34;: &#34;[gw2] win32 -- Python 3.12.1 C:\\Automation\\Python\\DemoQA-Automation\\.venv\\Scripts\\python.exe\n&#34;}], &#34;testCases/test_interactions_page.py::Test_Draggable::test_simple_draggable&#34;: [{&#34;extras&#34;: [], &#34;result&#34;: &#34;Passed&#34;, &#34;testId&#34;: &#34;testCases/test_interactions_page.py::Test_Draggable::test_simple_draggable&#34;, &#34;duration&#34;: &#34;00:00:15&#34;, &#34;resultsTableRow&#34;: [&#34;&lt;td class=\&#34;col-result\&#34;&gt;Passed&lt;/td&gt;&#34;, &#34;&lt;td class=\&#34;col-testId\&#34;&gt;testCases/test_interactions_page.py::Test_Draggable::test_simple_draggable&lt;/td&gt;&#34;, &#34;&lt;td class=\&#34;col-duration\&#34;&gt;00:00:15&lt;/td&gt;&#34;, &#34;&lt;td class=\&#34;col-links\&#34;&gt;&lt;/td&gt;&#34;], &#34;log&#34;: &#34;[gw1] win32 -- Python 3.12.1 C:\\Automation\\Python\\DemoQA-Automation\\.venv\\Scripts\\python.exe\n&#34;}], &#34;testCases/test_interactions_page.py::Test_Droppable::test_revert_draggable[False]&#34;: [{&#34;extras&#34;: [], &#34;result&#34;: &#34;Passed&#34;, &#34;testId&#34;: &#34;testCases/test_interactions_page.py::Test_Droppable::test_revert_draggable[False]&#34;, &#34;duration&#34;: &#34;00:00:15&#34;, &#34;resultsTableRow&#34;: [&#34;&lt;td class=\&#34;col-result\&#34;&gt;Passed&lt;/td&gt;&#34;, &#34;&lt;td class=\&#34;col-testId\&#34;&gt;testCases/test_interactions_page.py::Test_Droppable::test_revert_draggable[False]&lt;/td&gt;&#34;, &#34;&lt;td class=\&#34;col-duration\&#34;&gt;00:00:15&lt;/td&gt;&#34;, &#34;&lt;td class=\&#34;col-links\&#34;&gt;&lt;/td&gt;&#34;], &#34;log&#34;: &#34;[gw4] win32 -- Python 3.12.1 C:\\Automation\\Python\\DemoQA-Automation\\.venv\\Scripts\\python.exe\n&#34;}], &#34;testCases/test_interactions_page.py::Test_Draggable::test_x_axis_restricted&#34;: [{&#34;extras&#34;: [], &#34;result&#34;: &#34;Passed&#34;, &#34;testId&#34;: &#34;testCases/test_interactions_page.py::Test_Draggable::test_x_axis_restricted&#34;, &#34;duration&#34;: &#34;00:00:12&#34;, &#34;resultsTableRow&#34;: [&#34;&lt;td class=\&#34;col-result\&#34;&gt;Passed&lt;/td&gt;&#34;, &#34;&lt;td class=\&#34;col-testId\&#34;&gt;testCases/test_interactions_page.py::Test_Draggable::test_x_axis_restricted&lt;/td&gt;&#34;, &#34;&lt;td class=\&#34;col-duration\&#34;&gt;00:00:12&lt;/td&gt;&#34;, &#34;&lt;td class=\&#34;col-links\&#34;&gt;&lt;/td&gt;&#34;], &#34;log&#34;: &#34;[gw3] win32 -- Python 3.12.1 C:\\Automation\\Python\\DemoQA-Automation\\.venv\\Scripts\\python.exe\n&#34;}], &#34;testCases/test_widgets_page.py::Test_Accordian::test_accordian_heading&#34;: [{&#34;extras&#34;: [], &#34;result&#34;: &#34;Passed&#34;, &#34;testId&#34;: &#34;testCases/test_widgets_page.py::Test_Accordian::test_accordian_heading&#34;, &#34;duration&#34;: &#34;00:00:11&#34;, &#34;resultsTableRow&#34;: [&#34;&lt;td class=\&#34;col-result\&#34;&gt;Passed&lt;/td&gt;&#34;, &#34;&lt;td class=\&#34;col-testId\&#34;&gt;testCases/test_widgets_page.py::Test_Accordian::test_accordian_heading&lt;/td&gt;&#34;, &#34;&lt;td class=\&#34;col-duration\&#34;&gt;00:00:11&lt;/td&gt;&#34;, &#34;&lt;td class=\&#34;col-links\&#34;&gt;&lt;/td&gt;&#34;], &#34;log&#34;: &#34;[gw4] win32 -- Python 3.12.1 C:\\Automation\\Python\\DemoQA-Automation\\.venv\\Scripts\\python.exe\n&#34;}], &#34;testCases/test_interactions_page.py::Test_Draggable::test_container_restricted&#34;: [{&#34;extras&#34;: [], &#34;result&#34;: &#34;Passed&#34;, &#34;testId&#34;: &#34;testCases/test_interactions_page.py::Test_Draggable::test_container_restricted&#34;, &#34;duration&#34;: &#34;00:00:20&#34;, &#34;resultsTableRow&#34;: [&#34;&lt;td class=\&#34;col-result\&#34;&gt;Passed&lt;/td&gt;&#34;, &#34;&lt;td class=\&#34;col-testId\&#34;&gt;testCases/test_interactions_page.py::Test_Draggable::test_container_restricted&lt;/td&gt;&#34;, &#34;&lt;td class=\&#34;col-duration\&#34;&gt;00:00:20&lt;/td&gt;&#34;, &#34;&lt;td class=\&#34;col-links\&#34;&gt;&lt;/td&gt;&#34;], &#34;log&#34;: &#34;[gw0] win32 -- Python 3.12.1 C:\\Automation\\Python\\DemoQA-Automation\\.venv\\Scripts\\python.exe\n&#34;}], &#34;testCases/test_interactions_page.py::Test_Draggable::test_container_restricted_text&#34;: [{&#34;extras&#34;: [], &#34;result&#34;: &#34;Passed&#34;, &#34;testId&#34;: &#34;testCases/test_interactions_page.py::Test_Draggable::test_container_restricted_text&#34;, &#34;duration&#34;: &#34;00:00:17&#34;, &#34;resultsTableRow&#34;: [&#34;&lt;td class=\&#34;col-result\&#34;&gt;Passed&lt;/td&gt;&#34;, &#34;&lt;td class=\&#34;col-testId\&#34;&gt;testCases/test_interactions_page.py::Test_Draggable::test_container_restricted_text&lt;/td&gt;&#34;, &#34;&lt;td class=\&#34;col-duration\&#34;&gt;00:00:17&lt;/td&gt;&#34;, &#34;&lt;td class=\&#34;col-links\&#34;&gt;&lt;/td&gt;&#34;], &#34;log&#34;: &#34;[gw1] win32 -- Python 3.12.1 C:\\Automation\\Python\\DemoQA-Automation\\.venv\\Scripts\\python.exe\n&#34;}], &#34;testCases/test_interactions_page.py::Test_Draggable::test_cursor_style&#34;: [{&#34;extras&#34;: [], &#34;result&#34;: &#34;Passed&#34;, &#34;testId&#34;: &#34;testCases/test_interactions_page.py::Test_Draggable::test_cursor_style&#34;, &#34;duration&#34;: &#34;00:00:19&#34;, &#34;resultsTableRow&#34;: [&#34;&lt;td class=\&#34;col-result\&#34;&gt;Passed&lt;/td&gt;&#34;, &#34;&lt;td class=\&#34;col-testId\&#34;&gt;testCases/test_interactions_page.py::Test_Draggable::test_cursor_style&lt;/td&gt;&#34;, &#34;&lt;td class=\&#34;col-duration\&#34;&gt;00:00:19&lt;/td&gt;&#34;, &#34;&lt;td class=\&#34;col-links\&#34;&gt;&lt;/td&gt;&#34;], &#34;log&#34;: &#34;[gw2] win32 -- Python 3.12.1 C:\\Automation\\Python\\DemoQA-Automation\\.venv\\Scripts\\python.exe\n&#34;}], &#34;testCases/test_widgets_page.py::Test_Accordian::test_accordian[1-Where does it come from?-Contrary to popular belief]&#34;: [{&#34;extras&#34;: [], &#34;result&#34;: &#34;Failed&#34;, &#34;testId&#34;: &#34;testCases/test_widgets_page.py::Test_Accordian::test_accordian[1-Where does it come from?-Contrary to popular belief]&#34;, &#34;duration&#34;: &#34;00:00:11&#34;, &#34;resultsTableRow&#34;: [&#34;&lt;td class=\&#34;col-result\&#34;&gt;Failed&lt;/td&gt;&#34;, &#34;&lt;td class=\&#34;col-testId\&#34;&gt;testCases/test_widgets_page.py::Test_Accordian::test_accordian[1-Where does it come from?-Contrary to popular belief]&lt;/td&gt;&#34;, &#34;&lt;td class=\&#34;col-duration\&#34;&gt;00:00:11&lt;/td&gt;&#34;, &#34;&lt;td class=\&#34;col-links\&#34;&gt;&lt;/td&gt;&#34;], &#34;log&#34;: &#34;[gw3] win32 -- Python 3.12.1 C:\\Automation\\Python\\DemoQA-Automation\\.venv\\Scripts\\python.exe\n\nself = &amp;lt;testCases.test_widgets_page.Test_Accordian object at 0x000002CF27784D70&amp;gt;, index = 1, exp_heading = &amp;#x27;Where does it come from?&amp;#x27;\nexp_body = &amp;#x27;Contrary to popular belief&amp;#x27;\n\n    @pytest.mark.parametrize(&amp;quot;index, exp_heading, exp_body&amp;quot;,\n                             [(0, &amp;quot;What is Lorem Ipsum?&amp;quot;, &amp;quot;Lorem Ipsum&amp;quot;),\n                              (1, &amp;quot;Where does it come from?&amp;quot;, &amp;quot;Contrary to popular belief&amp;quot;),\n                              (2, &amp;quot;Why do we use it?&amp;quot;, &amp;quot;It is a long established fact that a reader&amp;quot;)])\n    def test_accordian(self, index, exp_heading, exp_body):\n        heading_text, body_text = self.widgets.get_accordian(index)\n        assert exp_heading == heading_text\n&amp;gt;       assert exp_body in body_text\nE       AssertionError: assert &amp;#x27;Contrary to popular belief&amp;#x27; in &amp;#x27;&amp;#x27;\n\ntestCases\\test_widgets_page.py:36: AssertionError\n&#34;}], &#34;testCases/test_widgets_page.py::Test_Date_Picker::test_date_picker&#34;: [{&#34;extras&#34;: [], &#34;result&#34;: &#34;Passed&#34;, &#34;testId&#34;: &#34;testCases/test_widgets_page.py::Test_Date_Picker::test_date_picker&#34;, &#34;duration&#34;: &#34;00:00:12&#34;, &#34;resultsTableRow&#34;: [&#34;&lt;td class=\&#34;col-result\&#34;&gt;Passed&lt;/td&gt;&#34;, &#34;&lt;td class=\&#34;col-testId\&#34;&gt;testCases/test_widgets_page.py::Test_Date_Picker::test_date_picker&lt;/td&gt;&#34;, &#34;&lt;td class=\&#34;col-duration\&#34;&gt;00:00:12&lt;/td&gt;&#34;, &#34;&lt;td class=\&#34;col-links\&#34;&gt;&lt;/td&gt;&#34;], &#34;log&#34;: &#34;[gw4] win32 -- Python 3.12.1 C:\\Automation\\Python\\DemoQA-Automation\\.venv\\Scripts\\python.exe\n&#34;}], &#34;testCases/test_widgets_page.py::Test_Accordian::test_accordian[0-What is Lorem Ipsum?-Lorem Ipsum]&#34;: [{&#34;extras&#34;: [], &#34;result&#34;: &#34;Passed&#34;, &#34;testId&#34;: &#34;testCases/test_widgets_page.py::Test_Accordian::test_accordian[0-What is Lorem Ipsum?-Lorem Ipsum]&#34;, &#34;duration&#34;: &#34;00:00:10&#34;, &#34;resultsTableRow&#34;: [&#34;&lt;td class=\&#34;col-result\&#34;&gt;Passed&lt;/td&gt;&#34;, &#34;&lt;td class=\&#34;col-testId\&#34;&gt;testCases/test_widgets_page.py::Test_Accordian::test_accordian[0-What is Lorem Ipsum?-Lorem Ipsum]&lt;/td&gt;&#34;, &#34;&lt;td class=\&#34;col-duration\&#34;&gt;00:00:10&lt;/td&gt;&#34;, &#34;&lt;td class=\&#34;col-links\&#34;&gt;&lt;/td&gt;&#34;], &#34;log&#34;: &#34;[gw0] win32 -- Python 3.12.1 C:\\Automation\\Python\\DemoQA-Automation\\.venv\\Scripts\\python.exe\n&#34;}], &#34;testCases/test_widgets_page.py::Test_Auto_Complete::test_auto_complete&#34;: [{&#34;extras&#34;: [], &#34;result&#34;: &#34;Passed&#34;, &#34;testId&#34;: &#34;testCases/test_widgets_page.py::Test_Auto_Complete::test_auto_complete&#34;, &#34;duration&#34;: &#34;00:00:11&#34;, &#34;resultsTableRow&#34;: [&#34;&lt;td class=\&#34;col-result\&#34;&gt;Passed&lt;/td&gt;&#34;, &#34;&lt;td class=\&#34;col-testId\&#34;&gt;testCases/test_widgets_page.py::Test_Auto_Complete::test_auto_complete&lt;/td&gt;&#34;, &#34;&lt;td class=\&#34;col-duration\&#34;&gt;00:00:11&lt;/td&gt;&#34;, &#34;&lt;td class=\&#34;col-links\&#34;&gt;&lt;/td&gt;&#34;], &#34;log&#34;: &#34;[gw1] win32 -- Python 3.12.1 C:\\Automation\\Python\\DemoQA-Automation\\.venv\\Scripts\\python.exe\n&#34;}], &#34;testCases/test_widgets_page.py::Test_Accordian::test_accordian[2-Why do we use it?-It is a long established fact that a reader]&#34;: [{&#34;extras&#34;: [], &#34;result&#34;: &#34;Passed&#34;, &#34;testId&#34;: &#34;testCases/test_widgets_page.py::Test_Accordian::test_accordian[2-Why do we use it?-It is a long established fact that a reader]&#34;, &#34;duration&#34;: &#34;00:00:12&#34;, &#34;resultsTableRow&#34;: [&#34;&lt;td class=\&#34;col-result\&#34;&gt;Passed&lt;/td&gt;&#34;, &#34;&lt;td class=\&#34;col-testId\&#34;&gt;testCases/test_widgets_page.py::Test_Accordian::test_accordian[2-Why do we use it?-It is a long established fact that a reader]&lt;/td&gt;&#34;, &#34;&lt;td class=\&#34;col-duration\&#34;&gt;00:00:12&lt;/td&gt;&#34;, &#34;&lt;td class=\&#34;col-links\&#34;&gt;&lt;/td&gt;&#34;], &#34;log&#34;: &#34;[gw2] win32 -- Python 3.12.1 C:\\Automation\\Python\\DemoQA-Automation\\.venv\\Scripts\\python.exe\n&#34;}], &#34;testCases/test_widgets_page.py::Test_Date_Picker::test_datetime_picker&#34;: [{&#34;extras&#34;: [], &#34;result&#34;: &#34;Passed&#34;, &#34;testId&#34;: &#34;testCases/test_widgets_page.py::Test_Date_Picker::test_datetime_picker&#34;, &#34;duration&#34;: &#34;00:00:12&#34;, &#34;resultsTableRow&#34;: [&#34;&lt;td class=\&#34;col-result\&#34;&gt;Passed&lt;/td&gt;&#34;, &#34;&lt;td class=\&#34;col-testId\&#34;&gt;testCases/test_widgets_page.py::Test_Date_Picker::test_datetime_picker&lt;/td&gt;&#34;, &#34;&lt;td class=\&#34;col-duration\&#34;&gt;00:00:12&lt;/td&gt;&#34;, &#34;&lt;td class=\&#34;col-links\&#34;&gt;&lt;/td&gt;&#34;], &#34;log&#34;: &#34;[gw3] win32 -- Python 3.12.1 C:\\Automation\\Python\\DemoQA-Automation\\.venv\\Scripts\\python.exe\n&#34;}], &#34;testCases/test_widgets_page.py::Test_Range_Slider::test_range_slider&#34;: [{&#34;extras&#34;: [], &#34;result&#34;: &#34;Passed&#34;, &#34;testId&#34;: &#34;testCases/test_widgets_page.py::Test_Range_Slider::test_range_slider&#34;, &#34;duration&#34;: &#34;00:00:11&#34;, &#34;resultsTableRow&#34;: [&#34;&lt;td class=\&#34;col-result\&#34;&gt;Passed&lt;/td&gt;&#34;, &#34;&lt;td class=\&#34;col-testId\&#34;&gt;testCases/test_widgets_page.py::Test_Range_Slider::test_range_slider&lt;/td&gt;&#34;, &#34;&lt;td class=\&#34;col-duration\&#34;&gt;00:00:11&lt;/td&gt;&#34;, &#34;&lt;td class=\&#34;col-links\&#34;&gt;&lt;/td&gt;&#34;], &#34;log&#34;: &#34;[gw4] win32 -- Python 3.12.1 C:\\Automation\\Python\\DemoQA-Automation\\.venv\\Scripts\\python.exe\n&#34;}], &#34;testCases/test_widgets_page.py::Test_Progress_Bar::test_progress_bar&#34;: [{&#34;extras&#34;: [], &#34;result&#34;: &#34;Passed&#34;, &#34;testId&#34;: &#34;testCases/test_widgets_page.py::Test_Progress_Bar::test_progress_bar&#34;, &#34;duration&#34;: &#34;00:00:15&#34;, &#34;resultsTableRow&#34;: [&#34;&lt;td class=\&#34;col-result\&#34;&gt;Passed&lt;/td&gt;&#34;, &#34;&lt;td class=\&#34;col-testId\&#34;&gt;testCases/test_widgets_page.py::Test_Progress_Bar::test_progress_bar&lt;/td&gt;&#34;, &#34;&lt;td class=\&#34;col-duration\&#34;&gt;00:00:15&lt;/td&gt;&#34;, &#34;&lt;td class=\&#34;col-links\&#34;&gt;&lt;/td&gt;&#34;], &#34;log&#34;: &#34;[gw0] win32 -- Python 3.12.1 C:\\Automation\\Python\\DemoQA-Automation\\.venv\\Scripts\\python.exe\n&#34;}], &#34;testCases/test_widgets_page.py::Test_Tabs::test_tabs[what-Lorem Ipsum is simply dummy text]&#34;: [{&#34;extras&#34;: [], &#34;result&#34;: &#34;Passed&#34;, &#34;testId&#34;: &#34;testCases/test_widgets_page.py::Test_Tabs::test_tabs[what-Lorem Ipsum is simply dummy text]&#34;, &#34;duration&#34;: &#34;00:00:13&#34;, &#34;resultsTableRow&#34;: [&#34;&lt;td class=\&#34;col-result\&#34;&gt;Passed&lt;/td&gt;&#34;, &#34;&lt;td class=\&#34;col-testId\&#34;&gt;testCases/test_widgets_page.py::Test_Tabs::test_tabs[what-Lorem Ipsum is simply dummy text]&lt;/td&gt;&#34;, &#34;&lt;td class=\&#34;col-duration\&#34;&gt;00:00:13&lt;/td&gt;&#34;, &#34;&lt;td class=\&#34;col-links\&#34;&gt;&lt;/td&gt;&#34;], &#34;log&#34;: &#34;[gw1] win32 -- Python 3.12.1 C:\\Automation\\Python\\DemoQA-Automation\\.venv\\Scripts\\python.exe\n&#34;}], &#34;testCases/test_widgets_page.py::Test_Tabs::test_tabs[use-It is a long established fact that a reader]&#34;: [{&#34;extras&#34;: [], &#34;result&#34;: &#34;Passed&#34;, &#34;testId&#34;: &#34;testCases/test_widgets_page.py::Test_Tabs::test_tabs[use-It is a long established fact that a reader]&#34;, &#34;duration&#34;: &#34;00:00:13&#34;, &#34;resultsTableRow&#34;: [&#34;&lt;td class=\&#34;col-result\&#34;&gt;Passed&lt;/td&gt;&#34;, &#34;&lt;td class=\&#34;col-testId\&#34;&gt;testCases/test_widgets_page.py::Test_Tabs::test_tabs[use-It is a long established fact that a reader]&lt;/td&gt;&#34;, &#34;&lt;td class=\&#34;col-duration\&#34;&gt;00:00:13&lt;/td&gt;&#34;, &#34;&lt;td class=\&#34;col-links\&#34;&gt;&lt;/td&gt;&#34;], &#34;log&#34;: &#34;[gw2] win32 -- Python 3.12.1 C:\\Automation\\Python\\DemoQA-Automation\\.venv\\Scripts\\python.exe\n&#34;}], &#34;testCases/test_widgets_page.py::Test_Tabs::test_tabs[origin-Contrary to popular belief, Lorem Ipsum]&#34;: [{&#34;extras&#34;: [], &#34;result&#34;: &#34;Passed&#34;, &#34;testId&#34;: &#34;testCases/test_widgets_page.py::Test_Tabs::test_tabs[origin-Contrary to popular belief, Lorem Ipsum]&#34;, &#34;duration&#34;: &#34;00:00:12&#34;, &#34;resultsTableRow&#34;: [&#34;&lt;td class=\&#34;col-result\&#34;&gt;Passed&lt;/td&gt;&#34;, &#34;&lt;td class=\&#34;col-testId\&#34;&gt;testCases/test_widgets_page.py::Test_Tabs::test_tabs[origin-Contrary to popular belief, Lorem Ipsum]&lt;/td&gt;&#34;, &#34;&lt;td class=\&#34;col-duration\&#34;&gt;00:00:12&lt;/td&gt;&#34;, &#34;&lt;td class=\&#34;col-links\&#34;&gt;&lt;/td&gt;&#34;], &#34;log&#34;: &#34;[gw3] win32 -- Python 3.12.1 C:\\Automation\\Python\\DemoQA-Automation\\.venv\\Scripts\\python.exe\n&#34;}], &#34;testCases/test_widgets_page.py::Test_ToolTips::test_tool_tip_on_btn&#34;: [{&#34;extras&#34;: [], &#34;result&#34;: &#34;Failed&#34;, &#34;testId&#34;: &#34;testCases/test_widgets_page.py::Test_ToolTips::test_tool_tip_on_btn&#34;, &#34;duration&#34;: &#34;00:00:15&#34;, &#34;resultsTableRow&#34;: [&#34;&lt;td class=\&#34;col-result\&#34;&gt;Failed&lt;/td&gt;&#34;, &#34;&lt;td class=\&#34;col-testId\&#34;&gt;testCases/test_widgets_page.py::Test_ToolTips::test_tool_tip_on_btn&lt;/td&gt;&#34;, &#34;&lt;td class=\&#34;col-duration\&#34;&gt;00:00:15&lt;/td&gt;&#34;, &#34;&lt;td class=\&#34;col-links\&#34;&gt;&lt;/td&gt;&#34;], &#34;log&#34;: &#34;[gw4] win32 -- Python 3.12.1 C:\\Automation\\Python\\DemoQA-Automation\\.venv\\Scripts\\python.exe\n\nself = &amp;lt;testCases.test_widgets_page.Test_ToolTips object at 0x000002E17A4C7AD0&amp;gt;\n\n    def test_tool_tip_on_btn(self):\n        msg = self.widgets.get_tool_tip_on_btn_msg()\n&amp;gt;       assert &amp;quot;You hovered over the Button&amp;quot; == msg\nE       AssertionError: assert &amp;#x27;You hovered over the Button&amp;#x27; == &amp;#x27;&amp;#x27;\nE         \nE         + You hovered over the Button\n\ntestCases\\test_widgets_page.py:102: AssertionError\n&#34;}], &#34;testCases/test_widgets_page.py::Test_ToolTips::test_tool_tip_on_input_field&#34;: [{&#34;extras&#34;: [], &#34;result&#34;: &#34;Passed&#34;, &#34;testId&#34;: &#34;testCases/test_widgets_page.py::Test_ToolTips::test_tool_tip_on_input_field&#34;, &#34;duration&#34;: &#34;00:00:12&#34;, &#34;resultsTableRow&#34;: [&#34;&lt;td class=\&#34;col-result\&#34;&gt;Passed&lt;/td&gt;&#34;, &#34;&lt;td class=\&#34;col-testId\&#34;&gt;testCases/test_widgets_page.py::Test_ToolTips::test_tool_tip_on_input_field&lt;/td&gt;&#34;, &#34;&lt;td class=\&#34;col-duration\&#34;&gt;00:00:12&lt;/td&gt;&#34;, &#34;&lt;td class=\&#34;col-links\&#34;&gt;&lt;/td&gt;&#34;], &#34;log&#34;: &#34;[gw0] win32 -- Python 3.12.1 C:\\Automation\\Python\\DemoQA-Automation\\.venv\\Scripts\\python.exe\n&#34;}], &#34;testCases/test_widgets_page.py::Test_Menus::test_menu_item1_click&#34;: [{&#34;extras&#34;: [], &#34;result&#34;: &#34;Passed&#34;, &#34;testId&#34;: &#34;testCases/test_widgets_page.py::Test_Menus::test_menu_item1_click&#34;, &#34;duration&#34;: &#34;00:00:13&#34;, &#34;resultsTableRow&#34;: [&#34;&lt;td class=\&#34;col-result\&#34;&gt;Passed&lt;/td&gt;&#34;, &#34;&lt;td class=\&#34;col-testId\&#34;&gt;testCases/test_widgets_page.py::Test_Menus::test_menu_item1_click&lt;/td&gt;&#34;, &#34;&lt;td class=\&#34;col-duration\&#34;&gt;00:00:13&lt;/td&gt;&#34;, &#34;&lt;td class=\&#34;col-links\&#34;&gt;&lt;/td&gt;&#34;], &#34;log&#34;: &#34;[gw1] win32 -- Python 3.12.1 C:\\Automation\\Python\\DemoQA-Automation\\.venv\\Scripts\\python.exe\n&#34;}], &#34;testCases/test_widgets_page.py::Test_Select_Menu::test_select_value_field&#34;: [{&#34;extras&#34;: [], &#34;result&#34;: &#34;Passed&#34;, &#34;testId&#34;: &#34;testCases/test_widgets_page.py::Test_Select_Menu::test_select_value_field&#34;, &#34;duration&#34;: &#34;00:00:13&#34;, &#34;resultsTableRow&#34;: [&#34;&lt;td class=\&#34;col-result\&#34;&gt;Passed&lt;/td&gt;&#34;, &#34;&lt;td class=\&#34;col-testId\&#34;&gt;testCases/test_widgets_page.py::Test_Select_Menu::test_select_value_field&lt;/td&gt;&#34;, &#34;&lt;td class=\&#34;col-duration\&#34;&gt;00:00:13&lt;/td&gt;&#34;, &#34;&lt;td class=\&#34;col-links\&#34;&gt;&lt;/td&gt;&#34;], &#34;log&#34;: &#34;[gw3] win32 -- Python 3.12.1 C:\\Automation\\Python\\DemoQA-Automation\\.venv\\Scripts\\python.exe\n&#34;}], &#34;testCases/test_widgets_page.py::Test_Select_Menu::test_old_style_select_menu&#34;: [{&#34;extras&#34;: [], &#34;result&#34;: &#34;Passed&#34;, &#34;testId&#34;: &#34;testCases/test_widgets_page.py::Test_Select_Menu::test_old_style_select_menu&#34;, &#34;duration&#34;: &#34;00:00:11&#34;, &#34;resultsTableRow&#34;: [&#34;&lt;td class=\&#34;col-result\&#34;&gt;Passed&lt;/td&gt;&#34;, &#34;&lt;td class=\&#34;col-testId\&#34;&gt;testCases/test_widgets_page.py::Test_Select_Menu::test_old_style_select_menu&lt;/td&gt;&#34;, &#34;&lt;td class=\&#34;col-duration\&#34;&gt;00:00:11&lt;/td&gt;&#34;, &#34;&lt;td class=\&#34;col-links\&#34;&gt;&lt;/td&gt;&#34;], &#34;log&#34;: &#34;[gw4] win32 -- Python 3.12.1 C:\\Automation\\Python\\DemoQA-Automation\\.venv\\Scripts\\python.exe\n&#34;}], &#34;testCases/test_widgets_page.py::Test_Menus::test_hover_menu2&#34;: [{&#34;extras&#34;: [], &#34;result&#34;: &#34;Passed&#34;, &#34;testId&#34;: &#34;testCases/test_widgets_page.py::Test_Menus::test_hover_menu2&#34;, &#34;duration&#34;: &#34;00:00:20&#34;, &#34;resultsTableRow&#34;: [&#34;&lt;td class=\&#34;col-result\&#34;&gt;Passed&lt;/td&gt;&#34;, &#34;&lt;td class=\&#34;col-testId\&#34;&gt;testCases/test_widgets_page.py::Test_Menus::test_hover_menu2&lt;/td&gt;&#34;, &#34;&lt;td class=\&#34;col-duration\&#34;&gt;00:00:20&lt;/td&gt;&#34;, &#34;&lt;td class=\&#34;col-links\&#34;&gt;&lt;/td&gt;&#34;], &#34;log&#34;: &#34;[gw2] win32 -- Python 3.12.1 C:\\Automation\\Python\\DemoQA-Automation\\.venv\\Scripts\\python.exe\n&#34;}], &#34;testCases/test_widgets_page.py::Test_Select_Menu::test_multiselect_dropdown&#34;: [{&#34;extras&#34;: [], &#34;result&#34;: &#34;Passed&#34;, &#34;testId&#34;: &#34;testCases/test_widgets_page.py::Test_Select_Menu::test_multiselect_dropdown&#34;, &#34;duration&#34;: &#34;00:00:12&#34;, &#34;resultsTableRow&#34;: [&#34;&lt;td class=\&#34;col-result\&#34;&gt;Passed&lt;/td&gt;&#34;, &#34;&lt;td class=\&#34;col-testId\&#34;&gt;testCases/test_widgets_page.py::Test_Select_Menu::test_multiselect_dropdown&lt;/td&gt;&#34;, &#34;&lt;td class=\&#34;col-duration\&#34;&gt;00:00:12&lt;/td&gt;&#34;, &#34;&lt;td class=\&#34;col-links\&#34;&gt;&lt;/td&gt;&#34;], &#34;log&#34;: &#34;[gw0] win32 -- Python 3.12.1 C:\\Automation\\Python\\DemoQA-Automation\\.venv\\Scripts\\python.exe\n&#34;}], &#34;testCases/test_widgets_page.py::Test_Select_Menu::test_standard_multiselect&#34;: [{&#34;extras&#34;: [], &#34;result&#34;: &#34;Passed&#34;, &#34;testId&#34;: &#34;testCases/test_widgets_page.py::Test_Select_Menu::test_standard_multiselect&#34;, &#34;duration&#34;: &#34;00:00:11&#34;, &#34;resultsTableRow&#34;: [&#34;&lt;td class=\&#34;col-result\&#34;&gt;Passed&lt;/td&gt;&#34;, &#34;&lt;td class=\&#34;col-testId\&#34;&gt;testCases/test_widgets_page.py::Test_Select_Menu::test_standard_multiselect&lt;/td&gt;&#34;, &#34;&lt;td class=\&#34;col-duration\&#34;&gt;00:00:11&lt;/td&gt;&#34;, &#34;&lt;td class=\&#34;col-links\&#34;&gt;&lt;/td&gt;&#34;], &#34;log&#34;: &#34;[gw1] win32 -- Python 3.12.1 C:\\Automation\\Python\\DemoQA-Automation\\.venv\\Scripts\\python.exe\n&#34;}]}, &#34;renderCollapsed&#34;: [&#34;passed&#34;], &#34;initialSort&#34;: &#34;result&#34;, &#34;title&#34;: &#34;report.html&#34;}"></div>
    <script>
      (function(){function r(e,n,t){function o(i,f){if(!n[i]){if(!e[i]){var c="function"==typeof require&&require;if(!f&&c)return c(i,!0);if(u)return u(i,!0);var a=new Error("Cannot find module '"+i+"'");throw a.code="MODULE_NOT_FOUND",a}var p=n[i]={exports:{}};e[i][0].call(p.exports,function(r){var n=e[i][1][r];return o(n||r)},p,p.exports,r,e,n,t)}return n[i].exports}for(var u="function"==typeof require&&require,i=0;i<t.length;i++)o(t[i]);return o}return r})()({1:[function(require,module,exports){
const { getCollapsedCategory, setCollapsedIds } = require('./storage.js')

class DataManager {
    setManager(data) {
        const collapsedCategories = [...getCollapsedCategory(data.renderCollapsed)]
        const collapsedIds = []
        const tests = Object.values(data.tests).flat().map((test, index) => {
            const collapsed = collapsedCategories.includes(test.result.toLowerCase())
            const id = `test_${index}`
            if (collapsed) {
                collapsedIds.push(id)
            }
            return {
                ...test,
                id,
                collapsed,
            }
        })
        const dataBlob = { ...data, tests }
        this.data = { ...dataBlob }
        this.renderData = { ...dataBlob }
        setCollapsedIds(collapsedIds)
    }

    get allData() {
        return { ...this.data }
    }

    resetRender() {
        this.renderData = { ...this.data }
    }

    setRender(data) {
        this.renderData.tests = [...data]
    }

    toggleCollapsedItem(id) {
        this.renderData.tests = this.renderData.tests.map((test) =>
            test.id === id ? { ...test, collapsed: !test.collapsed } : test,
        )
    }

    set allCollapsed(collapsed) {
        this.renderData = { ...this.renderData, tests: [...this.renderData.tests.map((test) => (
            { ...test, collapsed }
        ))] }
    }

    get testSubset() {
        return [...this.renderData.tests]
    }

    get environment() {
        return this.renderData.environment
    }

    get initialSort() {
        return this.data.initialSort
    }
}

module.exports = {
    manager: new DataManager(),
}

},{"./storage.js":8}],2:[function(require,module,exports){
const mediaViewer = require('./mediaviewer.js')
const templateEnvRow = document.getElementById('template_environment_row')
const templateResult = document.getElementById('template_results-table__tbody')

function htmlToElements(html) {
    const temp = document.createElement('template')
    temp.innerHTML = html
    return temp.content.childNodes
}

const find = (selector, elem) => {
    if (!elem) {
        elem = document
    }
    return elem.querySelector(selector)
}

const findAll = (selector, elem) => {
    if (!elem) {
        elem = document
    }
    return [...elem.querySelectorAll(selector)]
}

const dom = {
    getStaticRow: (key, value) => {
        const envRow = templateEnvRow.content.cloneNode(true)
        const isObj = typeof value === 'object' && value !== null
        const values = isObj ? Object.keys(value).map((k) => `${k}: ${value[k]}`) : null

        const valuesElement = htmlToElements(
            values ? `<ul>${values.map((val) => `<li>${val}</li>`).join('')}<ul>` : `<div>${value}</div>`)[0]
        const td = findAll('td', envRow)
        td[0].textContent = key
        td[1].appendChild(valuesElement)

        return envRow
    },
    getResultTBody: ({ testId, id, log, extras, resultsTableRow, tableHtml, result, collapsed }) => {
        const resultBody = templateResult.content.cloneNode(true)
        resultBody.querySelector('tbody').classList.add(result.toLowerCase())
        resultBody.querySelector('tbody').id = testId
        resultBody.querySelector('.collapsible').dataset.id = id

        resultsTableRow.forEach((html) => {
            const t = document.createElement('template')
            t.innerHTML = html
            resultBody.querySelector('.collapsible').appendChild(t.content)
        })

        if (log) {
            // Wrap lines starting with "E" with span.error to color those lines red
            const wrappedLog = log.replace(/^E.*$/gm, (match) => `<span class="error">${match}</span>`)
            resultBody.querySelector('.log').innerHTML = wrappedLog
        } else {
            resultBody.querySelector('.log').remove()
        }

        if (collapsed) {
            resultBody.querySelector('.collapsible > td')?.classList.add('collapsed')
            resultBody.querySelector('.extras-row').classList.add('hidden')
        } else {
            resultBody.querySelector('.collapsible > td')?.classList.remove('collapsed')
        }

        const media = []
        extras?.forEach(({ name, format_type, content }) => {
            if (['image', 'video'].includes(format_type)) {
                media.push({ path: content, name, format_type })
            }

            if (format_type === 'html') {
                resultBody.querySelector('.extraHTML').insertAdjacentHTML('beforeend', `<div>${content}</div>`)
            }
        })
        mediaViewer.setup(resultBody, media)

        // Add custom html from the pytest_html_results_table_html hook
        tableHtml?.forEach((item) => {
            resultBody.querySelector('td[class="extra"]').insertAdjacentHTML('beforeend', item)
        })

        return resultBody
    },
}

module.exports = {
    dom,
    htmlToElements,
    find,
    findAll,
}

},{"./mediaviewer.js":6}],3:[function(require,module,exports){
const { manager } = require('./datamanager.js')
const { doSort } = require('./sort.js')
const storageModule = require('./storage.js')

const getFilteredSubSet = (filter) =>
    manager.allData.tests.filter(({ result }) => filter.includes(result.toLowerCase()))

const doInitFilter = () => {
    const currentFilter = storageModule.getVisible()
    const filteredSubset = getFilteredSubSet(currentFilter)
    manager.setRender(filteredSubset)
}

const doFilter = (type, show) => {
    if (show) {
        storageModule.showCategory(type)
    } else {
        storageModule.hideCategory(type)
    }

    const currentFilter = storageModule.getVisible()
    const filteredSubset = getFilteredSubSet(currentFilter)
    manager.setRender(filteredSubset)

    const sortColumn = storageModule.getSort()
    doSort(sortColumn, true)
}

module.exports = {
    doFilter,
    doInitFilter,
}

},{"./datamanager.js":1,"./sort.js":7,"./storage.js":8}],4:[function(require,module,exports){
const { redraw, bindEvents, renderStatic } = require('./main.js')
const { doInitFilter } = require('./filter.js')
const { doInitSort } = require('./sort.js')
const { manager } = require('./datamanager.js')
const data = JSON.parse(document.getElementById('data-container').dataset.jsonblob)

function init() {
    manager.setManager(data)
    doInitFilter()
    doInitSort()
    renderStatic()
    redraw()
    bindEvents()
}

init()

},{"./datamanager.js":1,"./filter.js":3,"./main.js":5,"./sort.js":7}],5:[function(require,module,exports){
const { dom, find, findAll } = require('./dom.js')
const { manager } = require('./datamanager.js')
const { doSort } = require('./sort.js')
const { doFilter } = require('./filter.js')
const {
    getVisible,
    getCollapsedIds,
    setCollapsedIds,
    getSort,
    getSortDirection,
    possibleFilters,
} = require('./storage.js')

const removeChildren = (node) => {
    while (node.firstChild) {
        node.removeChild(node.firstChild)
    }
}

const renderStatic = () => {
    const renderEnvironmentTable = () => {
        const environment = manager.environment
        const rows = Object.keys(environment).map((key) => dom.getStaticRow(key, environment[key]))
        const table = document.getElementById('environment')
        removeChildren(table)
        rows.forEach((row) => table.appendChild(row))
    }
    renderEnvironmentTable()
}

const addItemToggleListener = (elem) => {
    elem.addEventListener('click', ({ target }) => {
        const id = target.parentElement.dataset.id
        manager.toggleCollapsedItem(id)

        const collapsedIds = getCollapsedIds()
        if (collapsedIds.includes(id)) {
            const updated = collapsedIds.filter((item) => item !== id)
            setCollapsedIds(updated)
        } else {
            collapsedIds.push(id)
            setCollapsedIds(collapsedIds)
        }
        redraw()
    })
}

const renderContent = (tests) => {
    const sortAttr = getSort(manager.initialSort)
    const sortAsc = JSON.parse(getSortDirection())
    const rows = tests.map(dom.getResultTBody)
    const table = document.getElementById('results-table')
    const tableHeader = document.getElementById('results-table-head')

    const newTable = document.createElement('table')
    newTable.id = 'results-table'

    // remove all sorting classes and set the relevant
    findAll('.sortable', tableHeader).forEach((elem) => elem.classList.remove('asc', 'desc'))
    tableHeader.querySelector(`.sortable[data-column-type="${sortAttr}"]`)?.classList.add(sortAsc ? 'desc' : 'asc')
    newTable.appendChild(tableHeader)

    if (!rows.length) {
        const emptyTable = document.getElementById('template_results-table__body--empty').content.cloneNode(true)
        newTable.appendChild(emptyTable)
    } else {
        rows.forEach((row) => {
            if (!!row) {
                findAll('.collapsible td:not(.col-links', row).forEach(addItemToggleListener)
                find('.logexpander', row).addEventListener('click',
                    (evt) => evt.target.parentNode.classList.toggle('expanded'),
                )
                newTable.appendChild(row)
            }
        })
    }

    table.replaceWith(newTable)
}

const renderDerived = () => {
    const currentFilter = getVisible()
    possibleFilters.forEach((result) => {
        const input = document.querySelector(`input[data-test-result="${result}"]`)
        input.checked = currentFilter.includes(result)
    })
}

const bindEvents = () => {
    const filterColumn = (evt) => {
        const { target: element } = evt
        const { testResult } = element.dataset

        doFilter(testResult, element.checked)
        const collapsedIds = getCollapsedIds()
        const updated = manager.renderData.tests.map((test) => {
            return {
                ...test,
                collapsed: collapsedIds.includes(test.id),
            }
        })
        manager.setRender(updated)
        redraw()
    }

    const header = document.getElementById('environment-header')
    header.addEventListener('click', () => {
        const table = document.getElementById('environment')
        table.classList.toggle('hidden')
        header.classList.toggle('collapsed')
    })

    findAll('input[name="filter_checkbox"]').forEach((elem) => {
        elem.addEventListener('click', filterColumn)
    })

    findAll('.sortable').forEach((elem) => {
        elem.addEventListener('click', (evt) => {
            const { target: element } = evt
            const { columnType } = element.dataset
            doSort(columnType)
            redraw()
        })
    })

    document.getElementById('show_all_details').addEventListener('click', () => {
        manager.allCollapsed = false
        setCollapsedIds([])
        redraw()
    })
    document.getElementById('hide_all_details').addEventListener('click', () => {
        manager.allCollapsed = true
        const allIds = manager.renderData.tests.map((test) => test.id)
        setCollapsedIds(allIds)
        redraw()
    })
}

const redraw = () => {
    const { testSubset } = manager

    renderContent(testSubset)
    renderDerived()
}

module.exports = {
    redraw,
    bindEvents,
    renderStatic,
}

},{"./datamanager.js":1,"./dom.js":2,"./filter.js":3,"./sort.js":7,"./storage.js":8}],6:[function(require,module,exports){
class MediaViewer {
    constructor(assets) {
        this.assets = assets
        this.index = 0
    }

    nextActive() {
        this.index = this.index === this.assets.length - 1 ? 0 : this.index + 1
        return [this.activeFile, this.index]
    }

    prevActive() {
        this.index = this.index === 0 ? this.assets.length - 1 : this.index -1
        return [this.activeFile, this.index]
    }

    get currentIndex() {
        return this.index
    }

    get activeFile() {
        return this.assets[this.index]
    }
}


const setup = (resultBody, assets) => {
    if (!assets.length) {
        resultBody.querySelector('.media').classList.add('hidden')
        return
    }

    const mediaViewer = new MediaViewer(assets)
    const container = resultBody.querySelector('.media-container')
    const leftArrow = resultBody.querySelector('.media-container__nav--left')
    const rightArrow = resultBody.querySelector('.media-container__nav--right')
    const mediaName = resultBody.querySelector('.media__name')
    const counter = resultBody.querySelector('.media__counter')
    const imageEl = resultBody.querySelector('img')
    const sourceEl = resultBody.querySelector('source')
    const videoEl = resultBody.querySelector('video')

    const setImg = (media, index) => {
        if (media?.format_type === 'image') {
            imageEl.src = media.path

            imageEl.classList.remove('hidden')
            videoEl.classList.add('hidden')
        } else if (media?.format_type === 'video') {
            sourceEl.src = media.path

            videoEl.classList.remove('hidden')
            imageEl.classList.add('hidden')
        }

        mediaName.innerText = media?.name
        counter.innerText = `${index + 1} / ${assets.length}`
    }
    setImg(mediaViewer.activeFile, mediaViewer.currentIndex)

    const moveLeft = () => {
        const [media, index] = mediaViewer.prevActive()
        setImg(media, index)
    }
    const doRight = () => {
        const [media, index] = mediaViewer.nextActive()
        setImg(media, index)
    }
    const openImg = () => {
        window.open(mediaViewer.activeFile.path, '_blank')
    }
    if (assets.length === 1) {
        container.classList.add('media-container--fullscreen')
    } else {
        leftArrow.addEventListener('click', moveLeft)
        rightArrow.addEventListener('click', doRight)
    }
    imageEl.addEventListener('click', openImg)
}

module.exports = {
    setup,
}

},{}],7:[function(require,module,exports){
const { manager } = require('./datamanager.js')
const storageModule = require('./storage.js')

const genericSort = (list, key, ascending, customOrder) => {
    let sorted
    if (customOrder) {
        sorted = list.sort((a, b) => {
            const aValue = a.result.toLowerCase()
            const bValue = b.result.toLowerCase()

            const aIndex = customOrder.findIndex((item) => item.toLowerCase() === aValue)
            const bIndex = customOrder.findIndex((item) => item.toLowerCase() === bValue)

            // Compare the indices to determine the sort order
            return aIndex - bIndex
        })
    } else {
        sorted = list.sort((a, b) => a[key] === b[key] ? 0 : a[key] > b[key] ? 1 : -1)
    }

    if (ascending) {
        sorted.reverse()
    }
    return sorted
}

const durationSort = (list, ascending) => {
    const parseDuration = (duration) => {
        if (duration.includes(':')) {
            // If it's in the format "HH:mm:ss"
            const [hours, minutes, seconds] = duration.split(':').map(Number)
            return (hours * 3600 + minutes * 60 + seconds) * 1000
        } else {
            // If it's in the format "nnn ms"
            return parseInt(duration)
        }
    }
    const sorted = list.sort((a, b) => parseDuration(a['duration']) - parseDuration(b['duration']))
    if (ascending) {
        sorted.reverse()
    }
    return sorted
}

const doInitSort = () => {
    const type = storageModule.getSort(manager.initialSort)
    const ascending = storageModule.getSortDirection()
    const list = manager.testSubset
    const initialOrder = ['Error', 'Failed', 'Rerun', 'XFailed', 'XPassed', 'Skipped', 'Passed']

    storageModule.setSort(type)
    storageModule.setSortDirection(ascending)

    if (type?.toLowerCase() === 'original') {
        manager.setRender(list)
    } else {
        let sortedList
        switch (type) {
        case 'duration':
            sortedList = durationSort(list, ascending)
            break
        case 'result':
            sortedList = genericSort(list, type, ascending, initialOrder)
            break
        default:
            sortedList = genericSort(list, type, ascending)
            break
        }
        manager.setRender(sortedList)
    }
}

const doSort = (type, skipDirection) => {
    const newSortType = storageModule.getSort(manager.initialSort) !== type
    const currentAsc = storageModule.getSortDirection()
    let ascending
    if (skipDirection) {
        ascending = currentAsc
    } else {
        ascending = newSortType ? false : !currentAsc
    }
    storageModule.setSort(type)
    storageModule.setSortDirection(ascending)

    const list = manager.testSubset
    const sortedList = type === 'duration' ? durationSort(list, ascending) : genericSort(list, type, ascending)
    manager.setRender(sortedList)
}

module.exports = {
    doInitSort,
    doSort,
}

},{"./datamanager.js":1,"./storage.js":8}],8:[function(require,module,exports){
const possibleFilters = [
    'passed',
    'skipped',
    'failed',
    'error',
    'xfailed',
    'xpassed',
    'rerun',
]

const getVisible = () => {
    const url = new URL(window.location.href)
    const settings = new URLSearchParams(url.search).get('visible')
    const lower = (item) => {
        const lowerItem = item.toLowerCase()
        if (possibleFilters.includes(lowerItem)) {
            return lowerItem
        }
        return null
    }
    return settings === null ?
        possibleFilters :
        [...new Set(settings?.split(',').map(lower).filter((item) => item))]
}

const hideCategory = (categoryToHide) => {
    const url = new URL(window.location.href)
    const visibleParams = new URLSearchParams(url.search).get('visible')
    const currentVisible = visibleParams ? visibleParams.split(',') : [...possibleFilters]
    const settings = [...new Set(currentVisible)].filter((f) => f !== categoryToHide).join(',')

    url.searchParams.set('visible', settings)
    window.history.pushState({}, null, unescape(url.href))
}

const showCategory = (categoryToShow) => {
    if (typeof window === 'undefined') {
        return
    }
    const url = new URL(window.location.href)
    const currentVisible = new URLSearchParams(url.search).get('visible')?.split(',').filter(Boolean) ||
        [...possibleFilters]
    const settings = [...new Set([categoryToShow, ...currentVisible])]
    const noFilter = possibleFilters.length === settings.length || !settings.length

    noFilter ? url.searchParams.delete('visible') : url.searchParams.set('visible', settings.join(','))
    window.history.pushState({}, null, unescape(url.href))
}

const getSort = (initialSort) => {
    const url = new URL(window.location.href)
    let sort = new URLSearchParams(url.search).get('sort')
    if (!sort) {
        sort = initialSort || 'result'
    }
    return sort
}

const setSort = (type) => {
    const url = new URL(window.location.href)
    url.searchParams.set('sort', type)
    window.history.pushState({}, null, unescape(url.href))
}

const getCollapsedCategory = (renderCollapsed) => {
    let categories
    if (typeof window !== 'undefined') {
        const url = new URL(window.location.href)
        const collapsedItems = new URLSearchParams(url.search).get('collapsed')
        switch (true) {
        case !renderCollapsed && collapsedItems === null:
            categories = ['passed']
            break
        case collapsedItems?.length === 0 || /^["']{2}$/.test(collapsedItems):
            categories = []
            break
        case /^all$/.test(collapsedItems) || collapsedItems === null && /^all$/.test(renderCollapsed):
            categories = [...possibleFilters]
            break
        default:
            categories = collapsedItems?.split(',').map((item) => item.toLowerCase()) || renderCollapsed
            break
        }
    } else {
        categories = []
    }
    return categories
}

const getSortDirection = () => JSON.parse(sessionStorage.getItem('sortAsc')) || false
const setSortDirection = (ascending) => sessionStorage.setItem('sortAsc', ascending)

const getCollapsedIds = () => JSON.parse(sessionStorage.getItem('collapsedIds')) || []
const setCollapsedIds = (list) => sessionStorage.setItem('collapsedIds', JSON.stringify(list))

module.exports = {
    getVisible,
    hideCategory,
    showCategory,
    getCollapsedIds,
    setCollapsedIds,
    getSort,
    setSort,
    getSortDirection,
    setSortDirection,
    getCollapsedCategory,
    possibleFilters,
}

},{}]},{},[4]);
    </script>
  </footer>
</html>