<!DOCTYPE html>
<html>
  <head>
    <meta charset="utf-8"/>
    <title id="head-title">DemoQA Test Framework!</title>
      <link href="assets\style.css" rel="stylesheet" type="text/css"/>
  </head>
  <body>
    <h1 id="title">DemoQA Test Framework!</h1>
    <p>Report generated on 12-Feb-2024 at 13:40:32 by <a href="https://pypi.python.org/pypi/pytest-html">pytest-html</a>
        v4.1.1</p>
    <div id="environment-header">
      <h2>Environment</h2>
    </div>
    <table id="environment"></table>
    <!-- TEMPLATES -->
      <template id="template_environment_row">
      <tr>
        <td></td>
        <td></td>
      </tr>
    </template>
    <template id="template_results-table__body--empty">
      <tbody class="results-table-row">
        <tr id="not-found-message">
          <td colspan="4">No results found. Check the filters.</th>
        </tr>
    </template>
    <template id="template_results-table__tbody">
      <tbody class="results-table-row">
        <tr class="collapsible">
        </tr>
        <tr class="extras-row">
          <td class="extra" colspan="4">
            <div class="extraHTML"></div>
            <div class="media">
              <div class="media-container">
                  <div class="media-container__nav--left"><</div>
                  <div class="media-container__viewport">
                    <img src="" />
                    <video controls>
                      <source src="" type="video/mp4">
                    </video>
                  </div>
                  <div class="media-container__nav--right">></div>
                </div>
                <div class="media__name"></div>
                <div class="media__counter"></div>
            </div>
            <div class="logwrapper">
              <div class="logexpander"></div>
              <div class="log"></div>
            </div>
          </td>
        </tr>
      </tbody>
    </template>
    <!-- END TEMPLATES -->
    <div class="summary">
      <div class="summary__data">
        <h2>Summary</h2>
        <div class="additional-summary prefix">
        </div>
        <p class="run-count">107 tests took 04:16:32.</p>
        <p class="filter">(Un)check the boxes to filter the results.</p>
        <div class="summary__reload">
          <div class="summary__reload__button hidden" onclick="location.reload()">
            <div>There are still tests running. <br />Reload this page to get the latest results!</div>
          </div>
        </div>
        <div class="summary__spacer"></div>
        <div class="controls">
          <div class="filters">
            <input checked="true" class="filter" name="filter_checkbox" type="checkbox" data-test-result="failed" />
            <span class="failed">4 Failed,</span>
            <input checked="true" class="filter" name="filter_checkbox" type="checkbox" data-test-result="passed" />
            <span class="passed">102 Passed,</span>
            <input checked="true" class="filter" name="filter_checkbox" type="checkbox" data-test-result="skipped" disabled/>
            <span class="skipped">0 Skipped,</span>
            <input checked="true" class="filter" name="filter_checkbox" type="checkbox" data-test-result="xfailed" />
            <span class="xfailed">1 Expected failures,</span>
            <input checked="true" class="filter" name="filter_checkbox" type="checkbox" data-test-result="xpassed" disabled/>
            <span class="xpassed">0 Unexpected passes,</span>
            <input checked="true" class="filter" name="filter_checkbox" type="checkbox" data-test-result="error" />
            <span class="error">5 Errors,</span>
            <input checked="true" class="filter" name="filter_checkbox" type="checkbox" data-test-result="rerun" disabled/>
            <span class="rerun">0 Reruns</span>
          </div>
          <div class="collapse">
            <button id="show_all_details">Show all details</button>&nbsp;/&nbsp;<button id="hide_all_details">Hide all details</button>
          </div>
        </div>
      </div>
      <div class="additional-summary summary">
      </div>
      <div class="additional-summary postfix">
      </div>
    </div>
    <table id="results-table">
      <thead id="results-table-head">
        <tr>
          <th class="sortable" data-column-type="result">Result</th>
          <th class="sortable" data-column-type="testId">Test</th>
          <th class="sortable" data-column-type="duration">Duration</th>
          <th>Links</th>
        </tr>
      </thead>
    </table>
  </body>
  <footer>
    <div id="data-container" data-jsonblob="{&#34;environment&#34;: {&#34;Python&#34;: &#34;3.12.1&#34;, &#34;Platform&#34;: &#34;Windows-11-10.0.22631-SP0&#34;, &#34;Packages&#34;: {&#34;pytest&#34;: &#34;8.0.0&#34;, &#34;pluggy&#34;: &#34;1.4.0&#34;}, &#34;Project Name&#34;: &#34;DemoQA Automation Framework&#34;, &#34;Module Name&#34;: &#34;DemoQA&#34;, &#34;Base URL&#34;: &#34;https://demoqa.com/&#34;, &#34;Tester&#34;: &#34;Santosh Kumar&#34;}, &#34;tests&#34;: {&#34;testCases/test_alert_frame_windows.py::Test_Alerts::test_confirm_alert[accept]&#34;: [{&#34;extras&#34;: [], &#34;result&#34;: &#34;Passed&#34;, &#34;testId&#34;: &#34;testCases/test_alert_frame_windows.py::Test_Alerts::test_confirm_alert[accept]&#34;, &#34;duration&#34;: &#34;00:01:29&#34;, &#34;resultsTableRow&#34;: [&#34;&lt;td class=\&#34;col-result\&#34;&gt;Passed&lt;/td&gt;&#34;, &#34;&lt;td class=\&#34;col-testId\&#34;&gt;testCases/test_alert_frame_windows.py::Test_Alerts::test_confirm_alert[accept]&lt;/td&gt;&#34;, &#34;&lt;td class=\&#34;col-duration\&#34;&gt;00:01:29&lt;/td&gt;&#34;, &#34;&lt;td class=\&#34;col-links\&#34;&gt;&lt;/td&gt;&#34;], &#34;log&#34;: &#34;[gw3] win32 -- Python 3.12.1 C:\\Automation\\Python\\DemoQA-Automation\\.venv\\Scripts\\python.exe\n&#34;}], &#34;testCases/test_elements_page.py::Test_ElementPage::test_submenu_in_elements_clickable[dynamic-properties-8]&#34;: [{&#34;extras&#34;: [], &#34;result&#34;: &#34;Passed&#34;, &#34;testId&#34;: &#34;testCases/test_elements_page.py::Test_ElementPage::test_submenu_in_elements_clickable[dynamic-properties-8]&#34;, &#34;duration&#34;: &#34;00:01:35&#34;, &#34;resultsTableRow&#34;: [&#34;&lt;td class=\&#34;col-result\&#34;&gt;Passed&lt;/td&gt;&#34;, &#34;&lt;td class=\&#34;col-testId\&#34;&gt;testCases/test_elements_page.py::Test_ElementPage::test_submenu_in_elements_clickable[dynamic-properties-8]&lt;/td&gt;&#34;, &#34;&lt;td class=\&#34;col-duration\&#34;&gt;00:01:35&lt;/td&gt;&#34;, &#34;&lt;td class=\&#34;col-links\&#34;&gt;&lt;/td&gt;&#34;], &#34;log&#34;: &#34;[gw14] win32 -- Python 3.12.1 C:\\Automation\\Python\\DemoQA-Automation\\.venv\\Scripts\\python.exe\n\n------------------------------ Captured log call -------------------------------\nINFO     root:test_elements_page.py:71 dynamic-properties clickable: PASSED\n\n&#34;}], &#34;testCases/test_elements_page.py::Test_ElementPage::test_submenu_in_elements_clickable[radio-button-2]&#34;: [{&#34;extras&#34;: [], &#34;result&#34;: &#34;Passed&#34;, &#34;testId&#34;: &#34;testCases/test_elements_page.py::Test_ElementPage::test_submenu_in_elements_clickable[radio-button-2]&#34;, &#34;duration&#34;: &#34;00:01:33&#34;, &#34;resultsTableRow&#34;: [&#34;&lt;td class=\&#34;col-result\&#34;&gt;Passed&lt;/td&gt;&#34;, &#34;&lt;td class=\&#34;col-testId\&#34;&gt;testCases/test_elements_page.py::Test_ElementPage::test_submenu_in_elements_clickable[radio-button-2]&lt;/td&gt;&#34;, &#34;&lt;td class=\&#34;col-duration\&#34;&gt;00:01:33&lt;/td&gt;&#34;, &#34;&lt;td class=\&#34;col-links\&#34;&gt;&lt;/td&gt;&#34;], &#34;log&#34;: &#34;[gw11] win32 -- Python 3.12.1 C:\\Automation\\Python\\DemoQA-Automation\\.venv\\Scripts\\python.exe\n\n------------------------------ Captured log call -------------------------------\nINFO     root:test_elements_page.py:71 radio-button clickable: PASSED\n\n&#34;}], &#34;testCases/test_elements_page.py::Test_ElementPage::test_header_paragraph&#34;: [{&#34;extras&#34;: [], &#34;result&#34;: &#34;Passed&#34;, &#34;testId&#34;: &#34;testCases/test_elements_page.py::Test_ElementPage::test_header_paragraph&#34;, &#34;duration&#34;: &#34;00:01:35&#34;, &#34;resultsTableRow&#34;: [&#34;&lt;td class=\&#34;col-result\&#34;&gt;Passed&lt;/td&gt;&#34;, &#34;&lt;td class=\&#34;col-testId\&#34;&gt;testCases/test_elements_page.py::Test_ElementPage::test_header_paragraph&lt;/td&gt;&#34;, &#34;&lt;td class=\&#34;col-duration\&#34;&gt;00:01:35&lt;/td&gt;&#34;, &#34;&lt;td class=\&#34;col-links\&#34;&gt;&lt;/td&gt;&#34;], &#34;log&#34;: &#34;[gw9] win32 -- Python 3.12.1 C:\\Automation\\Python\\DemoQA-Automation\\.venv\\Scripts\\python.exe\n\n------------------------------ Captured log call -------------------------------\nINFO     root:test_elements_page.py:38 Elements Page summary text: PASSED\n\n&#34;}], &#34;testCases/test_homepage.py::Test_WebElement::test_nums_of_category&#34;: [{&#34;extras&#34;: [], &#34;result&#34;: &#34;Passed&#34;, &#34;testId&#34;: &#34;testCases/test_homepage.py::Test_WebElement::test_nums_of_category&#34;, &#34;duration&#34;: &#34;00:02:20&#34;, &#34;resultsTableRow&#34;: [&#34;&lt;td class=\&#34;col-result\&#34;&gt;Passed&lt;/td&gt;&#34;, &#34;&lt;td class=\&#34;col-testId\&#34;&gt;testCases/test_homepage.py::Test_WebElement::test_nums_of_category&lt;/td&gt;&#34;, &#34;&lt;td class=\&#34;col-duration\&#34;&gt;00:02:20&lt;/td&gt;&#34;, &#34;&lt;td class=\&#34;col-links\&#34;&gt;&lt;/td&gt;&#34;], &#34;log&#34;: &#34;[gw32] win32 -- Python 3.12.1 C:\\Automation\\Python\\DemoQA-Automation\\.venv\\Scripts\\python.exe\n\n------------------------------ Captured log call -------------------------------\nINFO     root:test_homepage.py:71 Categories Presence and number of categories also match: PASSED\n\n&#34;}], &#34;testCases/test_homepage.py::Test_WebElement::test_category_click[Widgets-3]&#34;: [{&#34;extras&#34;: [], &#34;result&#34;: &#34;Passed&#34;, &#34;testId&#34;: &#34;testCases/test_homepage.py::Test_WebElement::test_category_click[Widgets-3]&#34;, &#34;duration&#34;: &#34;00:02:20&#34;, &#34;resultsTableRow&#34;: [&#34;&lt;td class=\&#34;col-result\&#34;&gt;Passed&lt;/td&gt;&#34;, &#34;&lt;td class=\&#34;col-testId\&#34;&gt;testCases/test_homepage.py::Test_WebElement::test_category_click[Widgets-3]&lt;/td&gt;&#34;, &#34;&lt;td class=\&#34;col-duration\&#34;&gt;00:02:20&lt;/td&gt;&#34;, &#34;&lt;td class=\&#34;col-links\&#34;&gt;&lt;/td&gt;&#34;], &#34;log&#34;: &#34;[gw34] win32 -- Python 3.12.1 C:\\Automation\\Python\\DemoQA-Automation\\.venv\\Scripts\\python.exe\n\n------------------------------ Captured log call -------------------------------\nINFO     root:test_homepage.py:87 Widgets Category Presence and Clickable: PASSED\n\n&#34;}], &#34;testCases/test_elements_page.py::Test_Web_Tables::test_len_of_columns&#34;: [{&#34;extras&#34;: [], &#34;result&#34;: &#34;Passed&#34;, &#34;testId&#34;: &#34;testCases/test_elements_page.py::Test_Web_Tables::test_len_of_columns&#34;, &#34;duration&#34;: &#34;00:02:22&#34;, &#34;resultsTableRow&#34;: [&#34;&lt;td class=\&#34;col-result\&#34;&gt;Passed&lt;/td&gt;&#34;, &#34;&lt;td class=\&#34;col-testId\&#34;&gt;testCases/test_elements_page.py::Test_Web_Tables::test_len_of_columns&lt;/td&gt;&#34;, &#34;&lt;td class=\&#34;col-duration\&#34;&gt;00:02:22&lt;/td&gt;&#34;, &#34;&lt;td class=\&#34;col-links\&#34;&gt;&lt;/td&gt;&#34;], &#34;log&#34;: &#34;[gw19] win32 -- Python 3.12.1 C:\\Automation\\Python\\DemoQA-Automation\\.venv\\Scripts\\python.exe\n\n----------------------------- Captured stdout call -----------------------------\nColumns in Table:  [&amp;#x27;First Name\\nLast Name\\nAge\\nEmail\\nSalary\\nDepartment\\nAction&amp;#x27;]\n&#34;}], &#34;testCases/test_interactions_page.py::Test_Draggable::test_container_restricted_text&#34;: [{&#34;extras&#34;: [], &#34;result&#34;: &#34;Passed&#34;, &#34;testId&#34;: &#34;testCases/test_interactions_page.py::Test_Draggable::test_container_restricted_text&#34;, &#34;duration&#34;: &#34;00:02:19&#34;, &#34;resultsTableRow&#34;: [&#34;&lt;td class=\&#34;col-result\&#34;&gt;Passed&lt;/td&gt;&#34;, &#34;&lt;td class=\&#34;col-testId\&#34;&gt;testCases/test_interactions_page.py::Test_Draggable::test_container_restricted_text&lt;/td&gt;&#34;, &#34;&lt;td class=\&#34;col-duration\&#34;&gt;00:02:19&lt;/td&gt;&#34;, &#34;&lt;td class=\&#34;col-links\&#34;&gt;&lt;/td&gt;&#34;], &#34;log&#34;: &#34;[gw45] win32 -- Python 3.12.1 C:\\Automation\\Python\\DemoQA-Automation\\.venv\\Scripts\\python.exe\n&#34;}], &#34;testCases/test_homepage.py::Test_WebElement::test_page_loading&#34;: [{&#34;extras&#34;: [], &#34;result&#34;: &#34;Passed&#34;, &#34;testId&#34;: &#34;testCases/test_homepage.py::Test_WebElement::test_page_loading&#34;, &#34;duration&#34;: &#34;00:02:21&#34;, &#34;resultsTableRow&#34;: [&#34;&lt;td class=\&#34;col-result\&#34;&gt;Passed&lt;/td&gt;&#34;, &#34;&lt;td class=\&#34;col-testId\&#34;&gt;testCases/test_homepage.py::Test_WebElement::test_page_loading&lt;/td&gt;&#34;, &#34;&lt;td class=\&#34;col-duration\&#34;&gt;00:02:21&lt;/td&gt;&#34;, &#34;&lt;td class=\&#34;col-links\&#34;&gt;&lt;/td&gt;&#34;], &#34;log&#34;: &#34;[gw30] win32 -- Python 3.12.1 C:\\Automation\\Python\\DemoQA-Automation\\.venv\\Scripts\\python.exe\n\n------------------------------ Captured log call -------------------------------\nINFO     root:test_homepage.py:29 Homepage title: PASSED\n\n&#34;}], &#34;testCases/test_widgets_page.py::Test_Auto_Complete::test_auto_complete&#34;: [{&#34;extras&#34;: [], &#34;result&#34;: &#34;Passed&#34;, &#34;testId&#34;: &#34;testCases/test_widgets_page.py::Test_Auto_Complete::test_auto_complete&#34;, &#34;duration&#34;: &#34;00:02:19&#34;, &#34;resultsTableRow&#34;: [&#34;&lt;td class=\&#34;col-result\&#34;&gt;Passed&lt;/td&gt;&#34;, &#34;&lt;td class=\&#34;col-testId\&#34;&gt;testCases/test_widgets_page.py::Test_Auto_Complete::test_auto_complete&lt;/td&gt;&#34;, &#34;&lt;td class=\&#34;col-duration\&#34;&gt;00:02:19&lt;/td&gt;&#34;, &#34;&lt;td class=\&#34;col-links\&#34;&gt;&lt;/td&gt;&#34;], &#34;log&#34;: &#34;[gw48] win32 -- Python 3.12.1 C:\\Automation\\Python\\DemoQA-Automation\\.venv\\Scripts\\python.exe\n&#34;}], &#34;testCases/test_alert_frame_windows.py::Test_Alerts::test_alert&#34;: [{&#34;extras&#34;: [{&#34;name&#34;: null, &#34;format_type&#34;: &#34;html&#34;, &#34;content&#34;: &#34;&lt;div&gt;&lt;img src=\&#34;C:\\Automation\\Python\\DemoQA-Automation\\Screenshots\\Failed_Screenshot_2024_02_12_13_36_32.png\&#34; style=\&#34;width:250px;height:180px;\&#34; onclick=\&#34;window.open(this.src)\&#34; align=\&#34;right\&#34;/&gt;&lt;/div&gt;&#34;, &#34;mime_type&#34;: null, &#34;extension&#34;: null}], &#34;result&#34;: &#34;Failed&#34;, &#34;testId&#34;: &#34;testCases/test_alert_frame_windows.py::Test_Alerts::test_alert&#34;, &#34;duration&#34;: &#34;00:01:57&#34;, &#34;resultsTableRow&#34;: [&#34;&lt;td class=\&#34;col-result\&#34;&gt;Failed&lt;/td&gt;&#34;, &#34;&lt;td class=\&#34;col-testId\&#34;&gt;testCases/test_alert_frame_windows.py::Test_Alerts::test_alert&lt;/td&gt;&#34;, &#34;&lt;td class=\&#34;col-duration\&#34;&gt;00:01:57&lt;/td&gt;&#34;, &#34;&lt;td class=\&#34;col-links\&#34;&gt;&lt;/td&gt;&#34;], &#34;log&#34;: &#34;[gw2] win32 -- Python 3.12.1 C:\\Automation\\Python\\DemoQA-Automation\\.venv\\Scripts\\python.exe\n\nself = &amp;lt;testCases.test_alert_frame_windows.Test_Alerts object at 0x000001B85A2523C0&amp;gt;\n\n    def test_alert(self):\n        self.alert_page.click_alert_button()\n        alert = self.driver.switch_to.alert\n        alert.accept()\n&amp;gt;       assert &amp;quot;You clicked a button&amp;quot; == alert.text\n\ntestCases\\test_alert_frame_windows.py:63: \n_ _ _ _ _ _ _ _ _ _ _ _ _ _ _ _ _ _ _ _ _ _ _ _ _ _ _ _ _ _ _ _ _ _ _ _ _ _ _ _ _ _ _ _ _ _ _ _ _ _ _ _ _ _ _ _ _ _ _ _ _ _ _ _ _ _ _ _ _ _ _ _ _ _\n.venv\\Lib\\site-packages\\selenium\\webdriver\\common\\alert.py:58: in text\n    return self.driver.execute(Command.W3C_GET_ALERT_TEXT)[&amp;quot;value&amp;quot;]\n.venv\\Lib\\site-packages\\selenium\\webdriver\\remote\\webdriver.py:347: in execute\n    self.error_handler.check_response(response)\n_ _ _ _ _ _ _ _ _ _ _ _ _ _ _ _ _ _ _ _ _ _ _ _ _ _ _ _ _ _ _ _ _ _ _ _ _ _ _ _ _ _ _ _ _ _ _ _ _ _ _ _ _ _ _ _ _ _ _ _ _ _ _ _ _ _ _ _ _ _ _ _ _ _\n\nself = &amp;lt;selenium.webdriver.remote.errorhandler.ErrorHandler object at 0x000001B85934CF80&amp;gt;\nresponse = {&amp;#x27;status&amp;#x27;: 404, &amp;#x27;value&amp;#x27;: &amp;#x27;{&amp;quot;value&amp;quot;:{&amp;quot;error&amp;quot;:&amp;quot;no such alert&amp;quot;,&amp;quot;message&amp;quot;:&amp;quot;no such alert\\\\n  (Session info: chrome-headles...07FF7201EBD04]\\\\n\\\\tBaseThreadInitThunk [0x00007FFD1B7C257D+29]\\\\n\\\\tRtlUserThreadStart [0x00007FFD1C7EAA58+40]\\\\n&amp;quot;}}&amp;#x27;}\n\n    def check_response(self, response: Dict[str, Any]) -&amp;gt; None:\n        &amp;quot;&amp;quot;&amp;quot;Checks that a JSON response from the WebDriver does not have an\n        error.\n    \n        :Args:\n         - response - The JSON response from the WebDriver server as a dictionary\n           object.\n    \n        :Raises: If the response contains an error message.\n        &amp;quot;&amp;quot;&amp;quot;\n        status = response.get(&amp;quot;status&amp;quot;, None)\n        if not status or status == ErrorCode.SUCCESS:\n            return\n        value = None\n        message = response.get(&amp;quot;message&amp;quot;, &amp;quot;&amp;quot;)\n        screen: str = response.get(&amp;quot;screen&amp;quot;, &amp;quot;&amp;quot;)\n        stacktrace = None\n        if isinstance(status, int):\n            value_json = response.get(&amp;quot;value&amp;quot;, None)\n            if value_json and isinstance(value_json, str):\n                import json\n    \n                try:\n                    value = json.loads(value_json)\n                    if len(value) == 1:\n                        value = value[&amp;quot;value&amp;quot;]\n                    status = value.get(&amp;quot;error&amp;quot;, None)\n                    if not status:\n                        status = value.get(&amp;quot;status&amp;quot;, ErrorCode.UNKNOWN_ERROR)\n                        message = value.get(&amp;quot;value&amp;quot;) or value.get(&amp;quot;message&amp;quot;)\n                        if not isinstance(message, str):\n                            value = message\n                            message = message.get(&amp;quot;message&amp;quot;)\n                    else:\n                        message = value.get(&amp;quot;message&amp;quot;, None)\n                except ValueError:\n                    pass\n    \n        exception_class: Type[WebDriverException]\n        e = ErrorCode()\n        error_codes = [item for item in dir(e) if not item.startswith(&amp;quot;__&amp;quot;)]\n        for error_code in error_codes:\n            error_info = getattr(ErrorCode, error_code)\n            if isinstance(error_info, list) and status in error_info:\n                exception_class = getattr(ExceptionMapping, error_code, WebDriverException)\n                break\n        else:\n            exception_class = WebDriverException\n    \n        if not value:\n            value = response[&amp;quot;value&amp;quot;]\n        if isinstance(value, str):\n            raise exception_class(value)\n        if message == &amp;quot;&amp;quot; and &amp;quot;message&amp;quot; in value:\n            message = value[&amp;quot;message&amp;quot;]\n    \n        screen = None  # type: ignore[assignment]\n        if &amp;quot;screen&amp;quot; in value:\n            screen = value[&amp;quot;screen&amp;quot;]\n    \n        stacktrace = None\n        st_value = value.get(&amp;quot;stackTrace&amp;quot;) or value.get(&amp;quot;stacktrace&amp;quot;)\n        if st_value:\n            if isinstance(st_value, str):\n                stacktrace = st_value.split(&amp;quot;\\n&amp;quot;)\n            else:\n                stacktrace = []\n                try:\n                    for frame in st_value:\n                        line = frame.get(&amp;quot;lineNumber&amp;quot;, &amp;quot;&amp;quot;)\n                        file = frame.get(&amp;quot;fileName&amp;quot;, &amp;quot;&amp;lt;anonymous&amp;gt;&amp;quot;)\n                        if line:\n                            file = f&amp;quot;{file}:{line}&amp;quot;\n                        meth = frame.get(&amp;quot;methodName&amp;quot;, &amp;quot;&amp;lt;anonymous&amp;gt;&amp;quot;)\n                        if &amp;quot;className&amp;quot; in frame:\n                            meth = f&amp;quot;{frame[&amp;#x27;className&amp;#x27;]}.{meth}&amp;quot;\n                        msg = &amp;quot;    at %s (%s)&amp;quot;\n                        msg = msg % (meth, file)\n                        stacktrace.append(msg)\n                except TypeError:\n                    pass\n        if exception_class == UnexpectedAlertPresentException:\n            alert_text = None\n            if &amp;quot;data&amp;quot; in value:\n                alert_text = value[&amp;quot;data&amp;quot;].get(&amp;quot;text&amp;quot;)\n            elif &amp;quot;alert&amp;quot; in value:\n                alert_text = value[&amp;quot;alert&amp;quot;].get(&amp;quot;text&amp;quot;)\n            raise exception_class(message, screen, stacktrace, alert_text)  # type: ignore[call-arg]  # mypy is not smart enough here\n&amp;gt;       raise exception_class(message, screen, stacktrace)\nE       selenium.common.exceptions.NoAlertPresentException: Message: no such alert\nE         (Session info: chrome-headless-shell=121.0.6167.161)\nE       Stacktrace:\nE       \tGetHandleVerifier [0x00007FF7205D5E42+3538674]\nE       \t(No symbol) [0x00007FF7201F4C02]\nE       \t(No symbol) [0x00007FF7200A599D]\nE       \t(No symbol) [0x00007FF72009A087]\nE       \t(No symbol) [0x00007FF7200C582F]\nE       \t(No symbol) [0x00007FF72010F15D]\nE       \t(No symbol) [0x00007FF7200C568B]\nE       \t(No symbol) [0x00007FF72010EE53]\nE       \t(No symbol) [0x00007FF7200DF514]\nE       \t(No symbol) [0x00007FF7200E0631]\nE       \tGetHandleVerifier [0x00007FF720606CAD+3738973]\nE       \tGetHandleVerifier [0x00007FF72065C506+4089270]\nE       \tGetHandleVerifier [0x00007FF720654823+4057299]\nE       \tGetHandleVerifier [0x00007FF720325C49+720121]\nE       \t(No symbol) [0x00007FF72020126F]\nE       \t(No symbol) [0x00007FF7201FC304]\nE       \t(No symbol) [0x00007FF7201FC432]\nE       \t(No symbol) [0x00007FF7201EBD04]\nE       \tBaseThreadInitThunk [0x00007FFD1B7C257D+29]\nE       \tRtlUserThreadStart [0x00007FFD1C7EAA58+40]\n\n.venv\\Lib\\site-packages\\selenium\\webdriver\\remote\\errorhandler.py:229: NoAlertPresentException\n&#34;}], &#34;testCases/test_interactions_page.py::Test_ResizeableBox::test_resizeable_inner_box[200-200]&#34;: [{&#34;extras&#34;: [], &#34;result&#34;: &#34;Passed&#34;, &#34;testId&#34;: &#34;testCases/test_interactions_page.py::Test_ResizeableBox::test_resizeable_inner_box[200-200]&#34;, &#34;duration&#34;: &#34;00:02:11&#34;, &#34;resultsTableRow&#34;: [&#34;&lt;td class=\&#34;col-result\&#34;&gt;Passed&lt;/td&gt;&#34;, &#34;&lt;td class=\&#34;col-testId\&#34;&gt;testCases/test_interactions_page.py::Test_ResizeableBox::test_resizeable_inner_box[200-200]&lt;/td&gt;&#34;, &#34;&lt;td class=\&#34;col-duration\&#34;&gt;00:02:11&lt;/td&gt;&#34;, &#34;&lt;td class=\&#34;col-links\&#34;&gt;&lt;/td&gt;&#34;], &#34;log&#34;: &#34;[gw38] win32 -- Python 3.12.1 C:\\Automation\\Python\\DemoQA-Automation\\.venv\\Scripts\\python.exe\n&#34;}], &#34;testCases/test_alert_frame_windows.py::Test_Alerts::test_prompt[accept]&#34;: [{&#34;extras&#34;: [], &#34;result&#34;: &#34;Passed&#34;, &#34;testId&#34;: &#34;testCases/test_alert_frame_windows.py::Test_Alerts::test_prompt[accept]&#34;, &#34;duration&#34;: &#34;00:02:23&#34;, &#34;resultsTableRow&#34;: [&#34;&lt;td class=\&#34;col-result\&#34;&gt;Passed&lt;/td&gt;&#34;, &#34;&lt;td class=\&#34;col-testId\&#34;&gt;testCases/test_alert_frame_windows.py::Test_Alerts::test_prompt[accept]&lt;/td&gt;&#34;, &#34;&lt;td class=\&#34;col-duration\&#34;&gt;00:02:23&lt;/td&gt;&#34;, &#34;&lt;td class=\&#34;col-links\&#34;&gt;&lt;/td&gt;&#34;], &#34;log&#34;: &#34;[gw4] win32 -- Python 3.12.1 C:\\Automation\\Python\\DemoQA-Automation\\.venv\\Scripts\\python.exe\n&#34;}], &#34;testCases/test_homepage.py::Test_WebElement::test_category_click[Forms-1]&#34;: [{&#34;extras&#34;: [], &#34;result&#34;: &#34;Passed&#34;, &#34;testId&#34;: &#34;testCases/test_homepage.py::Test_WebElement::test_category_click[Forms-1]&#34;, &#34;duration&#34;: &#34;00:02:24&#34;, &#34;resultsTableRow&#34;: [&#34;&lt;td class=\&#34;col-result\&#34;&gt;Passed&lt;/td&gt;&#34;, &#34;&lt;td class=\&#34;col-testId\&#34;&gt;testCases/test_homepage.py::Test_WebElement::test_category_click[Forms-1]&lt;/td&gt;&#34;, &#34;&lt;td class=\&#34;col-duration\&#34;&gt;00:02:24&lt;/td&gt;&#34;, &#34;&lt;td class=\&#34;col-links\&#34;&gt;&lt;/td&gt;&#34;], &#34;log&#34;: &#34;[gw33] win32 -- Python 3.12.1 C:\\Automation\\Python\\DemoQA-Automation\\.venv\\Scripts\\python.exe\n\n------------------------------ Captured log call -------------------------------\nINFO     root:test_homepage.py:87 Forms Category Presence and Clickable: PASSED\n\n&#34;}], &#34;testCases/test_elements_page.py::Test_Upload_Download::test_download&#34;: [{&#34;extras&#34;: [], &#34;result&#34;: &#34;Passed&#34;, &#34;testId&#34;: &#34;testCases/test_elements_page.py::Test_Upload_Download::test_download&#34;, &#34;duration&#34;: &#34;00:02:27&#34;, &#34;resultsTableRow&#34;: [&#34;&lt;td class=\&#34;col-result\&#34;&gt;Passed&lt;/td&gt;&#34;, &#34;&lt;td class=\&#34;col-testId\&#34;&gt;testCases/test_elements_page.py::Test_Upload_Download::test_download&lt;/td&gt;&#34;, &#34;&lt;td class=\&#34;col-duration\&#34;&gt;00:02:27&lt;/td&gt;&#34;, &#34;&lt;td class=\&#34;col-links\&#34;&gt;&lt;/td&gt;&#34;], &#34;log&#34;: &#34;[gw26] win32 -- Python 3.12.1 C:\\Automation\\Python\\DemoQA-Automation\\.venv\\Scripts\\python.exe\n&#34;}], &#34;testCases/test_elements_page.py::Test_Link_Clicks::test_links_sends_api_call[Forbidden]&#34;: [{&#34;extras&#34;: [], &#34;result&#34;: &#34;Passed&#34;, &#34;testId&#34;: &#34;testCases/test_elements_page.py::Test_Link_Clicks::test_links_sends_api_call[Forbidden]&#34;, &#34;duration&#34;: &#34;00:02:33&#34;, &#34;resultsTableRow&#34;: [&#34;&lt;td class=\&#34;col-result\&#34;&gt;Passed&lt;/td&gt;&#34;, &#34;&lt;td class=\&#34;col-testId\&#34;&gt;testCases/test_elements_page.py::Test_Link_Clicks::test_links_sends_api_call[Forbidden]&lt;/td&gt;&#34;, &#34;&lt;td class=\&#34;col-duration\&#34;&gt;00:02:33&lt;/td&gt;&#34;, &#34;&lt;td class=\&#34;col-links\&#34;&gt;&lt;/td&gt;&#34;], &#34;log&#34;: &#34;[gw25] win32 -- Python 3.12.1 C:\\Automation\\Python\\DemoQA-Automation\\.venv\\Scripts\\python.exe\n&#34;}], &#34;testCases/test_alert_frame_windows.py::Test_Models::test_large_model&#34;: [{&#34;extras&#34;: [], &#34;result&#34;: &#34;Passed&#34;, &#34;testId&#34;: &#34;testCases/test_alert_frame_windows.py::Test_Models::test_large_model&#34;, &#34;duration&#34;: &#34;00:02:35&#34;, &#34;resultsTableRow&#34;: [&#34;&lt;td class=\&#34;col-result\&#34;&gt;Passed&lt;/td&gt;&#34;, &#34;&lt;td class=\&#34;col-testId\&#34;&gt;testCases/test_alert_frame_windows.py::Test_Models::test_large_model&lt;/td&gt;&#34;, &#34;&lt;td class=\&#34;col-duration\&#34;&gt;00:02:35&lt;/td&gt;&#34;, &#34;&lt;td class=\&#34;col-links\&#34;&gt;&lt;/td&gt;&#34;], &#34;log&#34;: &#34;[gw8] win32 -- Python 3.12.1 C:\\Automation\\Python\\DemoQA-Automation\\.venv\\Scripts\\python.exe\n&#34;}], &#34;testCases/test_elements_page.py::Test_TextBox::test_text_boxes_submission[-peter.com-420, London-421, London, England]&#34;: [{&#34;extras&#34;: [{&#34;name&#34;: null, &#34;format_type&#34;: &#34;html&#34;, &#34;content&#34;: &#34;&lt;div&gt;&lt;img src=\&#34;C:\\Automation\\Python\\DemoQA-Automation\\Screenshots\\Failed_Screenshot_2024_02_12_13_36_38.png\&#34; style=\&#34;width:250px;height:180px;\&#34; onclick=\&#34;window.open(this.src)\&#34; align=\&#34;right\&#34;/&gt;&lt;/div&gt;&#34;, &#34;mime_type&#34;: null, &#34;extension&#34;: null}], &#34;result&#34;: &#34;Error&#34;, &#34;testId&#34;: &#34;testCases/test_elements_page.py::Test_TextBox::test_text_boxes_submission[-peter.com-420, London-421, London, England]::setup&#34;, &#34;duration&#34;: &#34;00:01:59&#34;, &#34;resultsTableRow&#34;: [&#34;&lt;td class=\&#34;col-result\&#34;&gt;Error&lt;/td&gt;&#34;, &#34;&lt;td class=\&#34;col-testId\&#34;&gt;testCases/test_elements_page.py::Test_TextBox::test_text_boxes_submission[-peter.com-420, London-421, London, England]::setup&lt;/td&gt;&#34;, &#34;&lt;td class=\&#34;col-duration\&#34;&gt;00:01:59&lt;/td&gt;&#34;, &#34;&lt;td class=\&#34;col-links\&#34;&gt;&lt;/td&gt;&#34;], &#34;log&#34;: &#34;[gw16] win32 -- Python 3.12.1 C:\\Automation\\Python\\DemoQA-Automation\\.venv\\Scripts\\python.exe\n\nself = &amp;lt;testCases.test_elements_page.Test_TextBox object at 0x000001C7237B6FC0&amp;gt;\nsetup = &amp;lt;selenium.webdriver.chrome.webdriver.WebDriver (session=&amp;quot;f2bc0ffae3f1c636676217083731a017&amp;quot;)&amp;gt;\n\n    @pytest.fixture(autouse=True)\n    def init_test(self, setup):\n        self.driver = setup\n        self.homepage = Homepage(self.driver)\n&amp;gt;       self.homepage.click_category(0)\n\ntestCases\\test_elements_page.py:16: \n_ _ _ _ _ _ _ _ _ _ _ _ _ _ _ _ _ _ _ _ _ _ _ _ _ _ _ _ _ _ _ _ _ _ _ _ _ _ _ _ _ _ _ _ _ _ _ _ _ _ _ _ _ _ _ _ _ _ _ _ _ _ _ _ _ _ _ _ _ _ _ _ _ _\npageObjects\\homepage.py:31: in click_category\n    self.driver.execute_script(&amp;quot;arguments[0].click()&amp;quot;, div)\n.venv\\Lib\\site-packages\\selenium\\webdriver\\remote\\webdriver.py:407: in execute_script\n    return self.execute(command, {&amp;quot;script&amp;quot;: script, &amp;quot;args&amp;quot;: converted_args})[&amp;quot;value&amp;quot;]\n.venv\\Lib\\site-packages\\selenium\\webdriver\\remote\\webdriver.py:347: in execute\n    self.error_handler.check_response(response)\n_ _ _ _ _ _ _ _ _ _ _ _ _ _ _ _ _ _ _ _ _ _ _ _ _ _ _ _ _ _ _ _ _ _ _ _ _ _ _ _ _ _ _ _ _ _ _ _ _ _ _ _ _ _ _ _ _ _ _ _ _ _ _ _ _ _ _ _ _ _ _ _ _ _\n\nself = &amp;lt;selenium.webdriver.remote.errorhandler.ErrorHandler object at 0x000001C722715D90&amp;gt;\nresponse = {&amp;#x27;status&amp;#x27;: 500, &amp;#x27;value&amp;#x27;: &amp;#x27;{&amp;quot;value&amp;quot;:{&amp;quot;error&amp;quot;:&amp;quot;script timeout&amp;quot;,&amp;quot;message&amp;quot;:&amp;quot;script timeout\\\\n  (Session info: chrome-headl...07FF7201EBD04]\\\\n\\\\tBaseThreadInitThunk [0x00007FFD1B7C257D+29]\\\\n\\\\tRtlUserThreadStart [0x00007FFD1C7EAA58+40]\\\\n&amp;quot;}}&amp;#x27;}\n\n    def check_response(self, response: Dict[str, Any]) -&amp;gt; None:\n        &amp;quot;&amp;quot;&amp;quot;Checks that a JSON response from the WebDriver does not have an\n        error.\n    \n        :Args:\n         - response - The JSON response from the WebDriver server as a dictionary\n           object.\n    \n        :Raises: If the response contains an error message.\n        &amp;quot;&amp;quot;&amp;quot;\n        status = response.get(&amp;quot;status&amp;quot;, None)\n        if not status or status == ErrorCode.SUCCESS:\n            return\n        value = None\n        message = response.get(&amp;quot;message&amp;quot;, &amp;quot;&amp;quot;)\n        screen: str = response.get(&amp;quot;screen&amp;quot;, &amp;quot;&amp;quot;)\n        stacktrace = None\n        if isinstance(status, int):\n            value_json = response.get(&amp;quot;value&amp;quot;, None)\n            if value_json and isinstance(value_json, str):\n                import json\n    \n                try:\n                    value = json.loads(value_json)\n                    if len(value) == 1:\n                        value = value[&amp;quot;value&amp;quot;]\n                    status = value.get(&amp;quot;error&amp;quot;, None)\n                    if not status:\n                        status = value.get(&amp;quot;status&amp;quot;, ErrorCode.UNKNOWN_ERROR)\n                        message = value.get(&amp;quot;value&amp;quot;) or value.get(&amp;quot;message&amp;quot;)\n                        if not isinstance(message, str):\n                            value = message\n                            message = message.get(&amp;quot;message&amp;quot;)\n                    else:\n                        message = value.get(&amp;quot;message&amp;quot;, None)\n                except ValueError:\n                    pass\n    \n        exception_class: Type[WebDriverException]\n        e = ErrorCode()\n        error_codes = [item for item in dir(e) if not item.startswith(&amp;quot;__&amp;quot;)]\n        for error_code in error_codes:\n            error_info = getattr(ErrorCode, error_code)\n            if isinstance(error_info, list) and status in error_info:\n                exception_class = getattr(ExceptionMapping, error_code, WebDriverException)\n                break\n        else:\n            exception_class = WebDriverException\n    \n        if not value:\n            value = response[&amp;quot;value&amp;quot;]\n        if isinstance(value, str):\n            raise exception_class(value)\n        if message == &amp;quot;&amp;quot; and &amp;quot;message&amp;quot; in value:\n            message = value[&amp;quot;message&amp;quot;]\n    \n        screen = None  # type: ignore[assignment]\n        if &amp;quot;screen&amp;quot; in value:\n            screen = value[&amp;quot;screen&amp;quot;]\n    \n        stacktrace = None\n        st_value = value.get(&amp;quot;stackTrace&amp;quot;) or value.get(&amp;quot;stacktrace&amp;quot;)\n        if st_value:\n            if isinstance(st_value, str):\n                stacktrace = st_value.split(&amp;quot;\\n&amp;quot;)\n            else:\n                stacktrace = []\n                try:\n                    for frame in st_value:\n                        line = frame.get(&amp;quot;lineNumber&amp;quot;, &amp;quot;&amp;quot;)\n                        file = frame.get(&amp;quot;fileName&amp;quot;, &amp;quot;&amp;lt;anonymous&amp;gt;&amp;quot;)\n                        if line:\n                            file = f&amp;quot;{file}:{line}&amp;quot;\n                        meth = frame.get(&amp;quot;methodName&amp;quot;, &amp;quot;&amp;lt;anonymous&amp;gt;&amp;quot;)\n                        if &amp;quot;className&amp;quot; in frame:\n                            meth = f&amp;quot;{frame[&amp;#x27;className&amp;#x27;]}.{meth}&amp;quot;\n                        msg = &amp;quot;    at %s (%s)&amp;quot;\n                        msg = msg % (meth, file)\n                        stacktrace.append(msg)\n                except TypeError:\n                    pass\n        if exception_class == UnexpectedAlertPresentException:\n            alert_text = None\n            if &amp;quot;data&amp;quot; in value:\n                alert_text = value[&amp;quot;data&amp;quot;].get(&amp;quot;text&amp;quot;)\n            elif &amp;quot;alert&amp;quot; in value:\n                alert_text = value[&amp;quot;alert&amp;quot;].get(&amp;quot;text&amp;quot;)\n            raise exception_class(message, screen, stacktrace, alert_text)  # type: ignore[call-arg]  # mypy is not smart enough here\n&amp;gt;       raise exception_class(message, screen, stacktrace)\nE       selenium.common.exceptions.TimeoutException: Message: script timeout\nE         (Session info: chrome-headless-shell=121.0.6167.161)\nE       Stacktrace:\nE       \tGetHandleVerifier [0x00007FF7205D5E42+3538674]\nE       \t(No symbol) [0x00007FF7201F4C02]\nE       \t(No symbol) [0x00007FF7200A599D]\nE       \t(No symbol) [0x00007FF72012CB92]\nE       \t(No symbol) [0x00007FF72010F0AA]\nE       \t(No symbol) [0x00007FF72012BDE3]\nE       \t(No symbol) [0x00007FF72010EE53]\nE       \t(No symbol) [0x00007FF7200DF514]\nE       \t(No symbol) [0x00007FF7200E0631]\nE       \tGetHandleVerifier [0x00007FF720606CAD+3738973]\nE       \tGetHandleVerifier [0x00007FF72065C506+4089270]\nE       \tGetHandleVerifier [0x00007FF720654823+4057299]\nE       \tGetHandleVerifier [0x00007FF720325C49+720121]\nE       \t(No symbol) [0x00007FF72020126F]\nE       \t(No symbol) [0x00007FF7201FC304]\nE       \t(No symbol) [0x00007FF7201FC432]\nE       \t(No symbol) [0x00007FF7201EBD04]\nE       \tBaseThreadInitThunk [0x00007FFD1B7C257D+29]\nE       \tRtlUserThreadStart [0x00007FFD1C7EAA58+40]\n\n.venv\\Lib\\site-packages\\selenium\\webdriver\\remote\\errorhandler.py:229: TimeoutException\n&#34;}], &#34;testCases/test_interactions_page.py::Test_Droppable::test_acceptable_drop[False-Drop here]&#34;: [{&#34;extras&#34;: [], &#34;result&#34;: &#34;Passed&#34;, &#34;testId&#34;: &#34;testCases/test_interactions_page.py::Test_Droppable::test_acceptable_drop[False-Drop here]&#34;, &#34;duration&#34;: &#34;00:02:48&#34;, &#34;resultsTableRow&#34;: [&#34;&lt;td class=\&#34;col-result\&#34;&gt;Passed&lt;/td&gt;&#34;, &#34;&lt;td class=\&#34;col-testId\&#34;&gt;testCases/test_interactions_page.py::Test_Droppable::test_acceptable_drop[False-Drop here]&lt;/td&gt;&#34;, &#34;&lt;td class=\&#34;col-duration\&#34;&gt;00:02:48&lt;/td&gt;&#34;, &#34;&lt;td class=\&#34;col-links\&#34;&gt;&lt;/td&gt;&#34;], &#34;log&#34;: &#34;[gw41] win32 -- Python 3.12.1 C:\\Automation\\Python\\DemoQA-Automation\\.venv\\Scripts\\python.exe\n&#34;}], &#34;testCases/test_elements_page.py::Test_DynamicsProperties::test_dynamic_text_id&#34;: [{&#34;extras&#34;: [], &#34;result&#34;: &#34;Passed&#34;, &#34;testId&#34;: &#34;testCases/test_elements_page.py::Test_DynamicsProperties::test_dynamic_text_id&#34;, &#34;duration&#34;: &#34;00:02:41&#34;, &#34;resultsTableRow&#34;: [&#34;&lt;td class=\&#34;col-result\&#34;&gt;Passed&lt;/td&gt;&#34;, &#34;&lt;td class=\&#34;col-testId\&#34;&gt;testCases/test_elements_page.py::Test_DynamicsProperties::test_dynamic_text_id&lt;/td&gt;&#34;, &#34;&lt;td class=\&#34;col-duration\&#34;&gt;00:02:41&lt;/td&gt;&#34;, &#34;&lt;td class=\&#34;col-links\&#34;&gt;&lt;/td&gt;&#34;], &#34;log&#34;: &#34;[gw27] win32 -- Python 3.12.1 C:\\Automation\\Python\\DemoQA-Automation\\.venv\\Scripts\\python.exe\n&#34;}], &#34;testCases/test_elements_page.py::Test_ElementPage::test_submenu_in_elements_clickable[text-box-0]&#34;: [{&#34;extras&#34;: [], &#34;result&#34;: &#34;Passed&#34;, &#34;testId&#34;: &#34;testCases/test_elements_page.py::Test_ElementPage::test_submenu_in_elements_clickable[text-box-0]&#34;, &#34;duration&#34;: &#34;00:02:46&#34;, &#34;resultsTableRow&#34;: [&#34;&lt;td class=\&#34;col-result\&#34;&gt;Passed&lt;/td&gt;&#34;, &#34;&lt;td class=\&#34;col-testId\&#34;&gt;testCases/test_elements_page.py::Test_ElementPage::test_submenu_in_elements_clickable[text-box-0]&lt;/td&gt;&#34;, &#34;&lt;td class=\&#34;col-duration\&#34;&gt;00:02:46&lt;/td&gt;&#34;, &#34;&lt;td class=\&#34;col-links\&#34;&gt;&lt;/td&gt;&#34;], &#34;log&#34;: &#34;[gw10] win32 -- Python 3.12.1 C:\\Automation\\Python\\DemoQA-Automation\\.venv\\Scripts\\python.exe\n\n------------------------------ Captured log call -------------------------------\nINFO     root:test_elements_page.py:71 text-box clickable: PASSED\n\n&#34;}], &#34;testCases/test_alert_frame_windows.py::Test_Frames::test_frames_header_text&#34;: [{&#34;extras&#34;: [], &#34;result&#34;: &#34;Passed&#34;, &#34;testId&#34;: &#34;testCases/test_alert_frame_windows.py::Test_Frames::test_frames_header_text&#34;, &#34;duration&#34;: &#34;00:02:38&#34;, &#34;resultsTableRow&#34;: [&#34;&lt;td class=\&#34;col-result\&#34;&gt;Passed&lt;/td&gt;&#34;, &#34;&lt;td class=\&#34;col-testId\&#34;&gt;testCases/test_alert_frame_windows.py::Test_Frames::test_frames_header_text&lt;/td&gt;&#34;, &#34;&lt;td class=\&#34;col-duration\&#34;&gt;00:02:38&lt;/td&gt;&#34;, &#34;&lt;td class=\&#34;col-links\&#34;&gt;&lt;/td&gt;&#34;], &#34;log&#34;: &#34;[gw5] win32 -- Python 3.12.1 C:\\Automation\\Python\\DemoQA-Automation\\.venv\\Scripts\\python.exe\n&#34;}], &#34;testCases/test_homepage.py::Test_WebElement::test_logo_clickable&#34;: [{&#34;extras&#34;: [], &#34;result&#34;: &#34;Passed&#34;, &#34;testId&#34;: &#34;testCases/test_homepage.py::Test_WebElement::test_logo_clickable&#34;, &#34;duration&#34;: &#34;00:02:45&#34;, &#34;resultsTableRow&#34;: [&#34;&lt;td class=\&#34;col-result\&#34;&gt;Passed&lt;/td&gt;&#34;, &#34;&lt;td class=\&#34;col-testId\&#34;&gt;testCases/test_homepage.py::Test_WebElement::test_logo_clickable&lt;/td&gt;&#34;, &#34;&lt;td class=\&#34;col-duration\&#34;&gt;00:02:45&lt;/td&gt;&#34;, &#34;&lt;td class=\&#34;col-links\&#34;&gt;&lt;/td&gt;&#34;], &#34;log&#34;: &#34;[gw31] win32 -- Python 3.12.1 C:\\Automation\\Python\\DemoQA-Automation\\.venv\\Scripts\\python.exe\n\n------------------------------ Captured log call -------------------------------\nINFO     root:test_homepage.py:51 Logo is clickable: PASSED\n\n&#34;}], &#34;testCases/test_elements_page.py::Test_DynamicsProperties::test_dynamic_btn_text_color_change&#34;: [{&#34;extras&#34;: [{&#34;name&#34;: null, &#34;format_type&#34;: &#34;html&#34;, &#34;content&#34;: &#34;&lt;div&gt;&lt;img src=\&#34;C:\\Automation\\Python\\DemoQA-Automation\\Screenshots\\Failed_Screenshot_2024_02_12_13_36_57.png\&#34; style=\&#34;width:250px;height:180px;\&#34; onclick=\&#34;window.open(this.src)\&#34; align=\&#34;right\&#34;/&gt;&lt;/div&gt;&#34;, &#34;mime_type&#34;: null, &#34;extension&#34;: null}], &#34;result&#34;: &#34;Failed&#34;, &#34;testId&#34;: &#34;testCases/test_elements_page.py::Test_DynamicsProperties::test_dynamic_btn_text_color_change&#34;, &#34;duration&#34;: &#34;00:02:48&#34;, &#34;resultsTableRow&#34;: [&#34;&lt;td class=\&#34;col-result\&#34;&gt;Failed&lt;/td&gt;&#34;, &#34;&lt;td class=\&#34;col-testId\&#34;&gt;testCases/test_elements_page.py::Test_DynamicsProperties::test_dynamic_btn_text_color_change&lt;/td&gt;&#34;, &#34;&lt;td class=\&#34;col-duration\&#34;&gt;00:02:48&lt;/td&gt;&#34;, &#34;&lt;td class=\&#34;col-links\&#34;&gt;&lt;/td&gt;&#34;], &#34;log&#34;: &#34;[gw28] win32 -- Python 3.12.1 C:\\Automation\\Python\\DemoQA-Automation\\.venv\\Scripts\\python.exe\n\nself = &amp;lt;testCases.test_elements_page.Test_DynamicsProperties object at 0x0000020F4CC6CB00&amp;gt;\n\n    def test_dynamic_btn_text_color_change(self):\n        btn_color_before = self.element.btn_changes_color().value_of_css_property(&amp;#x27;color&amp;#x27;)\n        time.sleep(5) # color changes after 5 secs\n        btn_color_after = self.element.btn_changes_color().value_of_css_property(&amp;#x27;color&amp;#x27;)\n&amp;gt;       assert btn_color_after != btn_color_before\nE       AssertionError: assert &amp;#x27;rgba(220, 53, 69, 1)&amp;#x27; != &amp;#x27;rgba(220, 53, 69, 1)&amp;#x27;\n\ntestCases\\test_elements_page.py:257: AssertionError\n&#34;}], &#34;testCases/test_alert_frame_windows.py::Test_Frames::test_small_frame&#34;: [{&#34;extras&#34;: [], &#34;result&#34;: &#34;Passed&#34;, &#34;testId&#34;: &#34;testCases/test_alert_frame_windows.py::Test_Frames::test_small_frame&#34;, &#34;duration&#34;: &#34;00:02:50&#34;, &#34;resultsTableRow&#34;: [&#34;&lt;td class=\&#34;col-result\&#34;&gt;Passed&lt;/td&gt;&#34;, &#34;&lt;td class=\&#34;col-testId\&#34;&gt;testCases/test_alert_frame_windows.py::Test_Frames::test_small_frame&lt;/td&gt;&#34;, &#34;&lt;td class=\&#34;col-duration\&#34;&gt;00:02:50&lt;/td&gt;&#34;, &#34;&lt;td class=\&#34;col-links\&#34;&gt;&lt;/td&gt;&#34;], &#34;log&#34;: &#34;[gw6] win32 -- Python 3.12.1 C:\\Automation\\Python\\DemoQA-Automation\\.venv\\Scripts\\python.exe\n&#34;}], &#34;testCases/test_elements_page.py::Test_TextBox::test_text_boxes_submission[Alex Zender-abc@gmail.com-420, London-421, London, England]&#34;: [{&#34;extras&#34;: [], &#34;result&#34;: &#34;Passed&#34;, &#34;testId&#34;: &#34;testCases/test_elements_page.py::Test_TextBox::test_text_boxes_submission[Alex Zender-abc@gmail.com-420, London-421, London, England]&#34;, &#34;duration&#34;: &#34;00:02:49&#34;, &#34;resultsTableRow&#34;: [&#34;&lt;td class=\&#34;col-result\&#34;&gt;Passed&lt;/td&gt;&#34;, &#34;&lt;td class=\&#34;col-testId\&#34;&gt;testCases/test_elements_page.py::Test_TextBox::test_text_boxes_submission[Alex Zender-abc@gmail.com-420, London-421, London, England]&lt;/td&gt;&#34;, &#34;&lt;td class=\&#34;col-duration\&#34;&gt;00:02:49&lt;/td&gt;&#34;, &#34;&lt;td class=\&#34;col-links\&#34;&gt;&lt;/td&gt;&#34;], &#34;log&#34;: &#34;[gw15] win32 -- Python 3.12.1 C:\\Automation\\Python\\DemoQA-Automation\\.venv\\Scripts\\python.exe\n\n------------------------------ Captured log call -------------------------------\nINFO     root:test_elements_page.py:108 Text Box Submission with valid data: PASSED\n\n&#34;}], &#34;testCases/test_widgets_page.py::Test_Accordian::test_accordian[1-Where does it come from?-Contrary to popular belief]&#34;: [{&#34;extras&#34;: [], &#34;result&#34;: &#34;Passed&#34;, &#34;testId&#34;: &#34;testCases/test_widgets_page.py::Test_Accordian::test_accordian[1-Where does it come from?-Contrary to popular belief]&#34;, &#34;duration&#34;: &#34;00:02:48&#34;, &#34;resultsTableRow&#34;: [&#34;&lt;td class=\&#34;col-result\&#34;&gt;Passed&lt;/td&gt;&#34;, &#34;&lt;td class=\&#34;col-testId\&#34;&gt;testCases/test_widgets_page.py::Test_Accordian::test_accordian[1-Where does it come from?-Contrary to popular belief]&lt;/td&gt;&#34;, &#34;&lt;td class=\&#34;col-duration\&#34;&gt;00:02:48&lt;/td&gt;&#34;, &#34;&lt;td class=\&#34;col-links\&#34;&gt;&lt;/td&gt;&#34;], &#34;log&#34;: &#34;[gw47] win32 -- Python 3.12.1 C:\\Automation\\Python\\DemoQA-Automation\\.venv\\Scripts\\python.exe\n&#34;}], &#34;testCases/test_homepage.py::Test_WebElement::test_category_click[Books-5]&#34;: [{&#34;extras&#34;: [], &#34;result&#34;: &#34;Passed&#34;, &#34;testId&#34;: &#34;testCases/test_homepage.py::Test_WebElement::test_category_click[Books-5]&#34;, &#34;duration&#34;: &#34;00:02:45&#34;, &#34;resultsTableRow&#34;: [&#34;&lt;td class=\&#34;col-result\&#34;&gt;Passed&lt;/td&gt;&#34;, &#34;&lt;td class=\&#34;col-testId\&#34;&gt;testCases/test_homepage.py::Test_WebElement::test_category_click[Books-5]&lt;/td&gt;&#34;, &#34;&lt;td class=\&#34;col-duration\&#34;&gt;00:02:45&lt;/td&gt;&#34;, &#34;&lt;td class=\&#34;col-links\&#34;&gt;&lt;/td&gt;&#34;], &#34;log&#34;: &#34;[gw35] win32 -- Python 3.12.1 C:\\Automation\\Python\\DemoQA-Automation\\.venv\\Scripts\\python.exe\n\n------------------------------ Captured log call -------------------------------\nINFO     root:test_homepage.py:87 Books Category Presence and Clickable: PASSED\n\n&#34;}], &#34;testCases/test_interactions_page.py::Test_SelectableListGrids::test_select_grid&#34;: [{&#34;extras&#34;: [{&#34;name&#34;: null, &#34;format_type&#34;: &#34;html&#34;, &#34;content&#34;: &#34;&lt;div&gt;&lt;img src=\&#34;C:\\Automation\\Python\\DemoQA-Automation\\Screenshots\\Failed_Screenshot_2024_02_12_13_36_38.png\&#34; style=\&#34;width:250px;height:180px;\&#34; onclick=\&#34;window.open(this.src)\&#34; align=\&#34;right\&#34;/&gt;&lt;/div&gt;&#34;, &#34;mime_type&#34;: null, &#34;extension&#34;: null}], &#34;result&#34;: &#34;Error&#34;, &#34;testId&#34;: &#34;testCases/test_interactions_page.py::Test_SelectableListGrids::test_select_grid::setup&#34;, &#34;duration&#34;: &#34;00:02:03&#34;, &#34;resultsTableRow&#34;: [&#34;&lt;td class=\&#34;col-result\&#34;&gt;Error&lt;/td&gt;&#34;, &#34;&lt;td class=\&#34;col-testId\&#34;&gt;testCases/test_interactions_page.py::Test_SelectableListGrids::test_select_grid::setup&lt;/td&gt;&#34;, &#34;&lt;td class=\&#34;col-duration\&#34;&gt;00:02:03&lt;/td&gt;&#34;, &#34;&lt;td class=\&#34;col-links\&#34;&gt;&lt;/td&gt;&#34;], &#34;log&#34;: &#34;[gw37] win32 -- Python 3.12.1 C:\\Automation\\Python\\DemoQA-Automation\\.venv\\Scripts\\python.exe\n\nself = &amp;lt;testCases.test_interactions_page.Test_SelectableListGrids object at 0x00000207D4E53860&amp;gt;\nsetup = &amp;lt;selenium.webdriver.chrome.webdriver.WebDriver (session=&amp;quot;351c7b0c8939f70eaf2ee2b48caa7460&amp;quot;)&amp;gt;\n\n    @pytest.fixture(autouse=True)\n    def init_test(self, setup):\n        self.driver = setup\n        self.homepage = Homepage(self.driver)\n&amp;gt;       self.homepage.click_category(4)\n\ntestCases\\test_interactions_page.py:15: \n_ _ _ _ _ _ _ _ _ _ _ _ _ _ _ _ _ _ _ _ _ _ _ _ _ _ _ _ _ _ _ _ _ _ _ _ _ _ _ _ _ _ _ _ _ _ _ _ _ _ _ _ _ _ _ _ _ _ _ _ _ _ _ _ _ _ _ _ _ _ _ _ _ _\npageObjects\\homepage.py:31: in click_category\n    self.driver.execute_script(&amp;quot;arguments[0].click()&amp;quot;, div)\n.venv\\Lib\\site-packages\\selenium\\webdriver\\remote\\webdriver.py:407: in execute_script\n    return self.execute(command, {&amp;quot;script&amp;quot;: script, &amp;quot;args&amp;quot;: converted_args})[&amp;quot;value&amp;quot;]\n.venv\\Lib\\site-packages\\selenium\\webdriver\\remote\\webdriver.py:347: in execute\n    self.error_handler.check_response(response)\n_ _ _ _ _ _ _ _ _ _ _ _ _ _ _ _ _ _ _ _ _ _ _ _ _ _ _ _ _ _ _ _ _ _ _ _ _ _ _ _ _ _ _ _ _ _ _ _ _ _ _ _ _ _ _ _ _ _ _ _ _ _ _ _ _ _ _ _ _ _ _ _ _ _\n\nself = &amp;lt;selenium.webdriver.remote.errorhandler.ErrorHandler object at 0x00000207D3D3CF80&amp;gt;\nresponse = {&amp;#x27;status&amp;#x27;: 500, &amp;#x27;value&amp;#x27;: &amp;#x27;{&amp;quot;value&amp;quot;:{&amp;quot;error&amp;quot;:&amp;quot;script timeout&amp;quot;,&amp;quot;message&amp;quot;:&amp;quot;script timeout\\\\n  (Session info: chrome-headl...07FF7201EBD04]\\\\n\\\\tBaseThreadInitThunk [0x00007FFD1B7C257D+29]\\\\n\\\\tRtlUserThreadStart [0x00007FFD1C7EAA58+40]\\\\n&amp;quot;}}&amp;#x27;}\n\n    def check_response(self, response: Dict[str, Any]) -&amp;gt; None:\n        &amp;quot;&amp;quot;&amp;quot;Checks that a JSON response from the WebDriver does not have an\n        error.\n    \n        :Args:\n         - response - The JSON response from the WebDriver server as a dictionary\n           object.\n    \n        :Raises: If the response contains an error message.\n        &amp;quot;&amp;quot;&amp;quot;\n        status = response.get(&amp;quot;status&amp;quot;, None)\n        if not status or status == ErrorCode.SUCCESS:\n            return\n        value = None\n        message = response.get(&amp;quot;message&amp;quot;, &amp;quot;&amp;quot;)\n        screen: str = response.get(&amp;quot;screen&amp;quot;, &amp;quot;&amp;quot;)\n        stacktrace = None\n        if isinstance(status, int):\n            value_json = response.get(&amp;quot;value&amp;quot;, None)\n            if value_json and isinstance(value_json, str):\n                import json\n    \n                try:\n                    value = json.loads(value_json)\n                    if len(value) == 1:\n                        value = value[&amp;quot;value&amp;quot;]\n                    status = value.get(&amp;quot;error&amp;quot;, None)\n                    if not status:\n                        status = value.get(&amp;quot;status&amp;quot;, ErrorCode.UNKNOWN_ERROR)\n                        message = value.get(&amp;quot;value&amp;quot;) or value.get(&amp;quot;message&amp;quot;)\n                        if not isinstance(message, str):\n                            value = message\n                            message = message.get(&amp;quot;message&amp;quot;)\n                    else:\n                        message = value.get(&amp;quot;message&amp;quot;, None)\n                except ValueError:\n                    pass\n    \n        exception_class: Type[WebDriverException]\n        e = ErrorCode()\n        error_codes = [item for item in dir(e) if not item.startswith(&amp;quot;__&amp;quot;)]\n        for error_code in error_codes:\n            error_info = getattr(ErrorCode, error_code)\n            if isinstance(error_info, list) and status in error_info:\n                exception_class = getattr(ExceptionMapping, error_code, WebDriverException)\n                break\n        else:\n            exception_class = WebDriverException\n    \n        if not value:\n            value = response[&amp;quot;value&amp;quot;]\n        if isinstance(value, str):\n            raise exception_class(value)\n        if message == &amp;quot;&amp;quot; and &amp;quot;message&amp;quot; in value:\n            message = value[&amp;quot;message&amp;quot;]\n    \n        screen = None  # type: ignore[assignment]\n        if &amp;quot;screen&amp;quot; in value:\n            screen = value[&amp;quot;screen&amp;quot;]\n    \n        stacktrace = None\n        st_value = value.get(&amp;quot;stackTrace&amp;quot;) or value.get(&amp;quot;stacktrace&amp;quot;)\n        if st_value:\n            if isinstance(st_value, str):\n                stacktrace = st_value.split(&amp;quot;\\n&amp;quot;)\n            else:\n                stacktrace = []\n                try:\n                    for frame in st_value:\n                        line = frame.get(&amp;quot;lineNumber&amp;quot;, &amp;quot;&amp;quot;)\n                        file = frame.get(&amp;quot;fileName&amp;quot;, &amp;quot;&amp;lt;anonymous&amp;gt;&amp;quot;)\n                        if line:\n                            file = f&amp;quot;{file}:{line}&amp;quot;\n                        meth = frame.get(&amp;quot;methodName&amp;quot;, &amp;quot;&amp;lt;anonymous&amp;gt;&amp;quot;)\n                        if &amp;quot;className&amp;quot; in frame:\n                            meth = f&amp;quot;{frame[&amp;#x27;className&amp;#x27;]}.{meth}&amp;quot;\n                        msg = &amp;quot;    at %s (%s)&amp;quot;\n                        msg = msg % (meth, file)\n                        stacktrace.append(msg)\n                except TypeError:\n                    pass\n        if exception_class == UnexpectedAlertPresentException:\n            alert_text = None\n            if &amp;quot;data&amp;quot; in value:\n                alert_text = value[&amp;quot;data&amp;quot;].get(&amp;quot;text&amp;quot;)\n            elif &amp;quot;alert&amp;quot; in value:\n                alert_text = value[&amp;quot;alert&amp;quot;].get(&amp;quot;text&amp;quot;)\n            raise exception_class(message, screen, stacktrace, alert_text)  # type: ignore[call-arg]  # mypy is not smart enough here\n&amp;gt;       raise exception_class(message, screen, stacktrace)\nE       selenium.common.exceptions.TimeoutException: Message: script timeout\nE         (Session info: chrome-headless-shell=121.0.6167.161)\nE       Stacktrace:\nE       \tGetHandleVerifier [0x00007FF7205D5E42+3538674]\nE       \t(No symbol) [0x00007FF7201F4C02]\nE       \t(No symbol) [0x00007FF7200A599D]\nE       \t(No symbol) [0x00007FF72012CB92]\nE       \t(No symbol) [0x00007FF72010F0AA]\nE       \t(No symbol) [0x00007FF72012BDE3]\nE       \t(No symbol) [0x00007FF72010EE53]\nE       \t(No symbol) [0x00007FF7200DF514]\nE       \t(No symbol) [0x00007FF7200E0631]\nE       \tGetHandleVerifier [0x00007FF720606CAD+3738973]\nE       \tGetHandleVerifier [0x00007FF72065C506+4089270]\nE       \tGetHandleVerifier [0x00007FF720654823+4057299]\nE       \tGetHandleVerifier [0x00007FF720325C49+720121]\nE       \t(No symbol) [0x00007FF72020126F]\nE       \t(No symbol) [0x00007FF7201FC304]\nE       \t(No symbol) [0x00007FF7201FC432]\nE       \t(No symbol) [0x00007FF7201EBD04]\nE       \tBaseThreadInitThunk [0x00007FFD1B7C257D+29]\nE       \tRtlUserThreadStart [0x00007FFD1C7EAA58+40]\n\n.venv\\Lib\\site-packages\\selenium\\webdriver\\remote\\errorhandler.py:229: TimeoutException\n&#34;}], &#34;testCases/test_interactions_page.py::Test_ResizeableBox::test_resizeable_outer_box[350-450]&#34;: [{&#34;extras&#34;: [{&#34;name&#34;: null, &#34;format_type&#34;: &#34;html&#34;, &#34;content&#34;: &#34;&lt;div&gt;&lt;img src=\&#34;C:\\Automation\\Python\\DemoQA-Automation\\Screenshots\\Failed_Screenshot_2024_02_12_13_36_37.png\&#34; style=\&#34;width:250px;height:180px;\&#34; onclick=\&#34;window.open(this.src)\&#34; align=\&#34;right\&#34;/&gt;&lt;/div&gt;&#34;, &#34;mime_type&#34;: null, &#34;extension&#34;: null}], &#34;result&#34;: &#34;Error&#34;, &#34;testId&#34;: &#34;testCases/test_interactions_page.py::Test_ResizeableBox::test_resizeable_outer_box[350-450]::setup&#34;, &#34;duration&#34;: &#34;00:01:43&#34;, &#34;resultsTableRow&#34;: [&#34;&lt;td class=\&#34;col-result\&#34;&gt;Error&lt;/td&gt;&#34;, &#34;&lt;td class=\&#34;col-testId\&#34;&gt;testCases/test_interactions_page.py::Test_ResizeableBox::test_resizeable_outer_box[350-450]::setup&lt;/td&gt;&#34;, &#34;&lt;td class=\&#34;col-duration\&#34;&gt;00:01:43&lt;/td&gt;&#34;, &#34;&lt;td class=\&#34;col-links\&#34;&gt;&lt;/td&gt;&#34;], &#34;log&#34;: &#34;[gw40] win32 -- Python 3.12.1 C:\\Automation\\Python\\DemoQA-Automation\\.venv\\Scripts\\python.exe\n\nself = &amp;lt;testCases.test_interactions_page.Test_ResizeableBox object at 0x0000022A5F9D4380&amp;gt;\nsetup = &amp;lt;selenium.webdriver.chrome.webdriver.WebDriver (session=&amp;quot;fd891679be235f9a291756a3d7c22900&amp;quot;)&amp;gt;\n\n    @pytest.fixture(autouse=True)\n    def init_test(self, setup):\n        self.driver = setup\n        self.homepage = Homepage(self.driver)\n&amp;gt;       self.homepage.click_category(4)\n\ntestCases\\test_interactions_page.py:15: \n_ _ _ _ _ _ _ _ _ _ _ _ _ _ _ _ _ _ _ _ _ _ _ _ _ _ _ _ _ _ _ _ _ _ _ _ _ _ _ _ _ _ _ _ _ _ _ _ _ _ _ _ _ _ _ _ _ _ _ _ _ _ _ _ _ _ _ _ _ _ _ _ _ _\npageObjects\\homepage.py:31: in click_category\n    self.driver.execute_script(&amp;quot;arguments[0].click()&amp;quot;, div)\n.venv\\Lib\\site-packages\\selenium\\webdriver\\remote\\webdriver.py:407: in execute_script\n    return self.execute(command, {&amp;quot;script&amp;quot;: script, &amp;quot;args&amp;quot;: converted_args})[&amp;quot;value&amp;quot;]\n.venv\\Lib\\site-packages\\selenium\\webdriver\\remote\\webdriver.py:347: in execute\n    self.error_handler.check_response(response)\n_ _ _ _ _ _ _ _ _ _ _ _ _ _ _ _ _ _ _ _ _ _ _ _ _ _ _ _ _ _ _ _ _ _ _ _ _ _ _ _ _ _ _ _ _ _ _ _ _ _ _ _ _ _ _ _ _ _ _ _ _ _ _ _ _ _ _ _ _ _ _ _ _ _\n\nself = &amp;lt;selenium.webdriver.remote.errorhandler.ErrorHandler object at 0x0000022A5F7D8C20&amp;gt;\nresponse = {&amp;#x27;status&amp;#x27;: 500, &amp;#x27;value&amp;#x27;: &amp;#x27;{&amp;quot;value&amp;quot;:{&amp;quot;error&amp;quot;:&amp;quot;script timeout&amp;quot;,&amp;quot;message&amp;quot;:&amp;quot;script timeout\\\\n  (Session info: chrome-headl...07FF7201EBD04]\\\\n\\\\tBaseThreadInitThunk [0x00007FFD1B7C257D+29]\\\\n\\\\tRtlUserThreadStart [0x00007FFD1C7EAA58+40]\\\\n&amp;quot;}}&amp;#x27;}\n\n    def check_response(self, response: Dict[str, Any]) -&amp;gt; None:\n        &amp;quot;&amp;quot;&amp;quot;Checks that a JSON response from the WebDriver does not have an\n        error.\n    \n        :Args:\n         - response - The JSON response from the WebDriver server as a dictionary\n           object.\n    \n        :Raises: If the response contains an error message.\n        &amp;quot;&amp;quot;&amp;quot;\n        status = response.get(&amp;quot;status&amp;quot;, None)\n        if not status or status == ErrorCode.SUCCESS:\n            return\n        value = None\n        message = response.get(&amp;quot;message&amp;quot;, &amp;quot;&amp;quot;)\n        screen: str = response.get(&amp;quot;screen&amp;quot;, &amp;quot;&amp;quot;)\n        stacktrace = None\n        if isinstance(status, int):\n            value_json = response.get(&amp;quot;value&amp;quot;, None)\n            if value_json and isinstance(value_json, str):\n                import json\n    \n                try:\n                    value = json.loads(value_json)\n                    if len(value) == 1:\n                        value = value[&amp;quot;value&amp;quot;]\n                    status = value.get(&amp;quot;error&amp;quot;, None)\n                    if not status:\n                        status = value.get(&amp;quot;status&amp;quot;, ErrorCode.UNKNOWN_ERROR)\n                        message = value.get(&amp;quot;value&amp;quot;) or value.get(&amp;quot;message&amp;quot;)\n                        if not isinstance(message, str):\n                            value = message\n                            message = message.get(&amp;quot;message&amp;quot;)\n                    else:\n                        message = value.get(&amp;quot;message&amp;quot;, None)\n                except ValueError:\n                    pass\n    \n        exception_class: Type[WebDriverException]\n        e = ErrorCode()\n        error_codes = [item for item in dir(e) if not item.startswith(&amp;quot;__&amp;quot;)]\n        for error_code in error_codes:\n            error_info = getattr(ErrorCode, error_code)\n            if isinstance(error_info, list) and status in error_info:\n                exception_class = getattr(ExceptionMapping, error_code, WebDriverException)\n                break\n        else:\n            exception_class = WebDriverException\n    \n        if not value:\n            value = response[&amp;quot;value&amp;quot;]\n        if isinstance(value, str):\n            raise exception_class(value)\n        if message == &amp;quot;&amp;quot; and &amp;quot;message&amp;quot; in value:\n            message = value[&amp;quot;message&amp;quot;]\n    \n        screen = None  # type: ignore[assignment]\n        if &amp;quot;screen&amp;quot; in value:\n            screen = value[&amp;quot;screen&amp;quot;]\n    \n        stacktrace = None\n        st_value = value.get(&amp;quot;stackTrace&amp;quot;) or value.get(&amp;quot;stacktrace&amp;quot;)\n        if st_value:\n            if isinstance(st_value, str):\n                stacktrace = st_value.split(&amp;quot;\\n&amp;quot;)\n            else:\n                stacktrace = []\n                try:\n                    for frame in st_value:\n                        line = frame.get(&amp;quot;lineNumber&amp;quot;, &amp;quot;&amp;quot;)\n                        file = frame.get(&amp;quot;fileName&amp;quot;, &amp;quot;&amp;lt;anonymous&amp;gt;&amp;quot;)\n                        if line:\n                            file = f&amp;quot;{file}:{line}&amp;quot;\n                        meth = frame.get(&amp;quot;methodName&amp;quot;, &amp;quot;&amp;lt;anonymous&amp;gt;&amp;quot;)\n                        if &amp;quot;className&amp;quot; in frame:\n                            meth = f&amp;quot;{frame[&amp;#x27;className&amp;#x27;]}.{meth}&amp;quot;\n                        msg = &amp;quot;    at %s (%s)&amp;quot;\n                        msg = msg % (meth, file)\n                        stacktrace.append(msg)\n                except TypeError:\n                    pass\n        if exception_class == UnexpectedAlertPresentException:\n            alert_text = None\n            if &amp;quot;data&amp;quot; in value:\n                alert_text = value[&amp;quot;data&amp;quot;].get(&amp;quot;text&amp;quot;)\n            elif &amp;quot;alert&amp;quot; in value:\n                alert_text = value[&amp;quot;alert&amp;quot;].get(&amp;quot;text&amp;quot;)\n            raise exception_class(message, screen, stacktrace, alert_text)  # type: ignore[call-arg]  # mypy is not smart enough here\n&amp;gt;       raise exception_class(message, screen, stacktrace)\nE       selenium.common.exceptions.TimeoutException: Message: script timeout\nE         (Session info: chrome-headless-shell=121.0.6167.161)\nE       Stacktrace:\nE       \tGetHandleVerifier [0x00007FF7205D5E42+3538674]\nE       \t(No symbol) [0x00007FF7201F4C02]\nE       \t(No symbol) [0x00007FF7200A599D]\nE       \t(No symbol) [0x00007FF72012CB92]\nE       \t(No symbol) [0x00007FF72010F0AA]\nE       \t(No symbol) [0x00007FF72012BDE3]\nE       \t(No symbol) [0x00007FF72010EE53]\nE       \t(No symbol) [0x00007FF7200DF514]\nE       \t(No symbol) [0x00007FF7200E0631]\nE       \tGetHandleVerifier [0x00007FF720606CAD+3738973]\nE       \tGetHandleVerifier [0x00007FF72065C506+4089270]\nE       \tGetHandleVerifier [0x00007FF720654823+4057299]\nE       \tGetHandleVerifier [0x00007FF720325C49+720121]\nE       \t(No symbol) [0x00007FF72020126F]\nE       \t(No symbol) [0x00007FF7201FC304]\nE       \t(No symbol) [0x00007FF7201FC432]\nE       \t(No symbol) [0x00007FF7201EBD04]\nE       \tBaseThreadInitThunk [0x00007FFD1B7C257D+29]\nE       \tRtlUserThreadStart [0x00007FFD1C7EAA58+40]\n\n.venv\\Lib\\site-packages\\selenium\\webdriver\\remote\\errorhandler.py:229: TimeoutException\n&#34;}], &#34;testCases/test_elements_page.py::Test_Link_Clicks::test_links_sends_api_call[No Content]&#34;: [{&#34;extras&#34;: [], &#34;result&#34;: &#34;Passed&#34;, &#34;testId&#34;: &#34;testCases/test_elements_page.py::Test_Link_Clicks::test_links_sends_api_call[No Content]&#34;, &#34;duration&#34;: &#34;00:02:58&#34;, &#34;resultsTableRow&#34;: [&#34;&lt;td class=\&#34;col-result\&#34;&gt;Passed&lt;/td&gt;&#34;, &#34;&lt;td class=\&#34;col-testId\&#34;&gt;testCases/test_elements_page.py::Test_Link_Clicks::test_links_sends_api_call[No Content]&lt;/td&gt;&#34;, &#34;&lt;td class=\&#34;col-duration\&#34;&gt;00:02:58&lt;/td&gt;&#34;, &#34;&lt;td class=\&#34;col-links\&#34;&gt;&lt;/td&gt;&#34;], &#34;log&#34;: &#34;[gw23] win32 -- Python 3.12.1 C:\\Automation\\Python\\DemoQA-Automation\\.venv\\Scripts\\python.exe\n&#34;}], &#34;testCases/test_elements_page.py::Test_Link_Clicks::test_home_link_click&#34;: [{&#34;extras&#34;: [], &#34;result&#34;: &#34;Passed&#34;, &#34;testId&#34;: &#34;testCases/test_elements_page.py::Test_Link_Clicks::test_home_link_click&#34;, &#34;duration&#34;: &#34;00:02:58&#34;, &#34;resultsTableRow&#34;: [&#34;&lt;td class=\&#34;col-result\&#34;&gt;Passed&lt;/td&gt;&#34;, &#34;&lt;td class=\&#34;col-testId\&#34;&gt;testCases/test_elements_page.py::Test_Link_Clicks::test_home_link_click&lt;/td&gt;&#34;, &#34;&lt;td class=\&#34;col-duration\&#34;&gt;00:02:58&lt;/td&gt;&#34;, &#34;&lt;td class=\&#34;col-links\&#34;&gt;&lt;/td&gt;&#34;], &#34;log&#34;: &#34;[gw22] win32 -- Python 3.12.1 C:\\Automation\\Python\\DemoQA-Automation\\.venv\\Scripts\\python.exe\n&#34;}], &#34;testCases/test_elements_page.py::Test_ElementPage::test_submenu_in_elements_clickable[buttons-4]&#34;: [{&#34;extras&#34;: [], &#34;result&#34;: &#34;Passed&#34;, &#34;testId&#34;: &#34;testCases/test_elements_page.py::Test_ElementPage::test_submenu_in_elements_clickable[buttons-4]&#34;, &#34;duration&#34;: &#34;00:02:49&#34;, &#34;resultsTableRow&#34;: [&#34;&lt;td class=\&#34;col-result\&#34;&gt;Passed&lt;/td&gt;&#34;, &#34;&lt;td class=\&#34;col-testId\&#34;&gt;testCases/test_elements_page.py::Test_ElementPage::test_submenu_in_elements_clickable[buttons-4]&lt;/td&gt;&#34;, &#34;&lt;td class=\&#34;col-duration\&#34;&gt;00:02:49&lt;/td&gt;&#34;, &#34;&lt;td class=\&#34;col-links\&#34;&gt;&lt;/td&gt;&#34;], &#34;log&#34;: &#34;[gw12] win32 -- Python 3.12.1 C:\\Automation\\Python\\DemoQA-Automation\\.venv\\Scripts\\python.exe\n\n------------------------------ Captured log call -------------------------------\nINFO     root:test_elements_page.py:71 buttons clickable: PASSED\n\n&#34;}], &#34;testCases/test_alert_frame_windows.py::Test_Windows::test_header_text&#34;: [{&#34;extras&#34;: [], &#34;result&#34;: &#34;Passed&#34;, &#34;testId&#34;: &#34;testCases/test_alert_frame_windows.py::Test_Windows::test_header_text&#34;, &#34;duration&#34;: &#34;00:02:58&#34;, &#34;resultsTableRow&#34;: [&#34;&lt;td class=\&#34;col-result\&#34;&gt;Passed&lt;/td&gt;&#34;, &#34;&lt;td class=\&#34;col-testId\&#34;&gt;testCases/test_alert_frame_windows.py::Test_Windows::test_header_text&lt;/td&gt;&#34;, &#34;&lt;td class=\&#34;col-duration\&#34;&gt;00:02:58&lt;/td&gt;&#34;, &#34;&lt;td class=\&#34;col-links\&#34;&gt;&lt;/td&gt;&#34;], &#34;log&#34;: &#34;[gw0] win32 -- Python 3.12.1 C:\\Automation\\Python\\DemoQA-Automation\\.venv\\Scripts\\python.exe\n&#34;}], &#34;testCases/test_interactions_page.py::Test_ShortableListGrids::test_sortable_grid&#34;: [{&#34;extras&#34;: [], &#34;result&#34;: &#34;Passed&#34;, &#34;testId&#34;: &#34;testCases/test_interactions_page.py::Test_ShortableListGrids::test_sortable_grid&#34;, &#34;duration&#34;: &#34;00:02:58&#34;, &#34;resultsTableRow&#34;: [&#34;&lt;td class=\&#34;col-result\&#34;&gt;Passed&lt;/td&gt;&#34;, &#34;&lt;td class=\&#34;col-testId\&#34;&gt;testCases/test_interactions_page.py::Test_ShortableListGrids::test_sortable_grid&lt;/td&gt;&#34;, &#34;&lt;td class=\&#34;col-duration\&#34;&gt;00:02:58&lt;/td&gt;&#34;, &#34;&lt;td class=\&#34;col-links\&#34;&gt;&lt;/td&gt;&#34;], &#34;log&#34;: &#34;[gw36] win32 -- Python 3.12.1 C:\\Automation\\Python\\DemoQA-Automation\\.venv\\Scripts\\python.exe\n&#34;}], &#34;testCases/test_alert_frame_windows.py::Test_Windows::test_open_new_window&#34;: [{&#34;extras&#34;: [], &#34;result&#34;: &#34;Passed&#34;, &#34;testId&#34;: &#34;testCases/test_alert_frame_windows.py::Test_Windows::test_open_new_window&#34;, &#34;duration&#34;: &#34;00:02:51&#34;, &#34;resultsTableRow&#34;: [&#34;&lt;td class=\&#34;col-result\&#34;&gt;Passed&lt;/td&gt;&#34;, &#34;&lt;td class=\&#34;col-testId\&#34;&gt;testCases/test_alert_frame_windows.py::Test_Windows::test_open_new_window&lt;/td&gt;&#34;, &#34;&lt;td class=\&#34;col-duration\&#34;&gt;00:02:51&lt;/td&gt;&#34;, &#34;&lt;td class=\&#34;col-links\&#34;&gt;&lt;/td&gt;&#34;], &#34;log&#34;: &#34;[gw1] win32 -- Python 3.12.1 C:\\Automation\\Python\\DemoQA-Automation\\.venv\\Scripts\\python.exe\n&#34;}], &#34;testCases/test_elements_page.py::Test_Web_Tables::test_add_new_record_and_match&#34;: [{&#34;extras&#34;: [], &#34;result&#34;: &#34;Passed&#34;, &#34;testId&#34;: &#34;testCases/test_elements_page.py::Test_Web_Tables::test_add_new_record_and_match&#34;, &#34;duration&#34;: &#34;00:02:51&#34;, &#34;resultsTableRow&#34;: [&#34;&lt;td class=\&#34;col-result\&#34;&gt;Passed&lt;/td&gt;&#34;, &#34;&lt;td class=\&#34;col-testId\&#34;&gt;testCases/test_elements_page.py::Test_Web_Tables::test_add_new_record_and_match&lt;/td&gt;&#34;, &#34;&lt;td class=\&#34;col-duration\&#34;&gt;00:02:51&lt;/td&gt;&#34;, &#34;&lt;td class=\&#34;col-links\&#34;&gt;&lt;/td&gt;&#34;], &#34;log&#34;: &#34;[gw20] win32 -- Python 3.12.1 C:\\Automation\\Python\\DemoQA-Automation\\.venv\\Scripts\\python.exe\n&#34;}], &#34;testCases/test_elements_page.py::Test_CheckBox::test_collapse_all_check_boxes&#34;: [{&#34;extras&#34;: [], &#34;result&#34;: &#34;Passed&#34;, &#34;testId&#34;: &#34;testCases/test_elements_page.py::Test_CheckBox::test_collapse_all_check_boxes&#34;, &#34;duration&#34;: &#34;00:03:01&#34;, &#34;resultsTableRow&#34;: [&#34;&lt;td class=\&#34;col-result\&#34;&gt;Passed&lt;/td&gt;&#34;, &#34;&lt;td class=\&#34;col-testId\&#34;&gt;testCases/test_elements_page.py::Test_CheckBox::test_collapse_all_check_boxes&lt;/td&gt;&#34;, &#34;&lt;td class=\&#34;col-duration\&#34;&gt;00:03:01&lt;/td&gt;&#34;, &#34;&lt;td class=\&#34;col-links\&#34;&gt;&lt;/td&gt;&#34;], &#34;log&#34;: &#34;[gw17] win32 -- Python 3.12.1 C:\\Automation\\Python\\DemoQA-Automation\\.venv\\Scripts\\python.exe\n\n------------------------------ Captured log call -------------------------------\nINFO     root:test_elements_page.py:136 Collapse all CheckBoxes: PASSED\n\n&#34;}], &#34;testCases/test_elements_page.py::Test_Link_Clicks::test_links_sends_api_call[Bad Request]&#34;: [{&#34;extras&#34;: [], &#34;result&#34;: &#34;Passed&#34;, &#34;testId&#34;: &#34;testCases/test_elements_page.py::Test_Link_Clicks::test_links_sends_api_call[Bad Request]&#34;, &#34;duration&#34;: &#34;00:02:52&#34;, &#34;resultsTableRow&#34;: [&#34;&lt;td class=\&#34;col-result\&#34;&gt;Passed&lt;/td&gt;&#34;, &#34;&lt;td class=\&#34;col-testId\&#34;&gt;testCases/test_elements_page.py::Test_Link_Clicks::test_links_sends_api_call[Bad Request]&lt;/td&gt;&#34;, &#34;&lt;td class=\&#34;col-duration\&#34;&gt;00:02:52&lt;/td&gt;&#34;, &#34;&lt;td class=\&#34;col-links\&#34;&gt;&lt;/td&gt;&#34;], &#34;log&#34;: &#34;[gw24] win32 -- Python 3.12.1 C:\\Automation\\Python\\DemoQA-Automation\\.venv\\Scripts\\python.exe\n&#34;}], &#34;testCases/test_elements_page.py::Test_ElementPage::test_submenu_in_elements_clickable[broken-6]&#34;: [{&#34;extras&#34;: [], &#34;result&#34;: &#34;Passed&#34;, &#34;testId&#34;: &#34;testCases/test_elements_page.py::Test_ElementPage::test_submenu_in_elements_clickable[broken-6]&#34;, &#34;duration&#34;: &#34;00:03:23&#34;, &#34;resultsTableRow&#34;: [&#34;&lt;td class=\&#34;col-result\&#34;&gt;Passed&lt;/td&gt;&#34;, &#34;&lt;td class=\&#34;col-testId\&#34;&gt;testCases/test_elements_page.py::Test_ElementPage::test_submenu_in_elements_clickable[broken-6]&lt;/td&gt;&#34;, &#34;&lt;td class=\&#34;col-duration\&#34;&gt;00:03:23&lt;/td&gt;&#34;, &#34;&lt;td class=\&#34;col-links\&#34;&gt;&lt;/td&gt;&#34;], &#34;log&#34;: &#34;[gw13] win32 -- Python 3.12.1 C:\\Automation\\Python\\DemoQA-Automation\\.venv\\Scripts\\python.exe\n\n------------------------------ Captured log call -------------------------------\nINFO     root:test_elements_page.py:71 broken clickable: PASSED\n\n&#34;}], &#34;testCases/test_homepage.py::Test_WebElement::test_logo_presence&#34;: [{&#34;extras&#34;: [], &#34;result&#34;: &#34;Passed&#34;, &#34;testId&#34;: &#34;testCases/test_homepage.py::Test_WebElement::test_logo_presence&#34;, &#34;duration&#34;: &#34;00:00:59&#34;, &#34;resultsTableRow&#34;: [&#34;&lt;td class=\&#34;col-result\&#34;&gt;Passed&lt;/td&gt;&#34;, &#34;&lt;td class=\&#34;col-testId\&#34;&gt;testCases/test_homepage.py::Test_WebElement::test_logo_presence&lt;/td&gt;&#34;, &#34;&lt;td class=\&#34;col-duration\&#34;&gt;00:00:59&lt;/td&gt;&#34;, &#34;&lt;td class=\&#34;col-links\&#34;&gt;&lt;/td&gt;&#34;], &#34;log&#34;: &#34;[gw30] win32 -- Python 3.12.1 C:\\Automation\\Python\\DemoQA-Automation\\.venv\\Scripts\\python.exe\n\n------------------------------ Captured log call -------------------------------\nINFO     root:test_homepage.py:39 Header Logo Presence: PASSED\n\n&#34;}], &#34;testCases/test_alert_frame_windows.py::Test_Models::test_model_page_header_text&#34;: [{&#34;extras&#34;: [], &#34;result&#34;: &#34;Passed&#34;, &#34;testId&#34;: &#34;testCases/test_alert_frame_windows.py::Test_Models::test_model_page_header_text&#34;, &#34;duration&#34;: &#34;00:03:36&#34;, &#34;resultsTableRow&#34;: [&#34;&lt;td class=\&#34;col-result\&#34;&gt;Passed&lt;/td&gt;&#34;, &#34;&lt;td class=\&#34;col-testId\&#34;&gt;testCases/test_alert_frame_windows.py::Test_Models::test_model_page_header_text&lt;/td&gt;&#34;, &#34;&lt;td class=\&#34;col-duration\&#34;&gt;00:03:36&lt;/td&gt;&#34;, &#34;&lt;td class=\&#34;col-links\&#34;&gt;&lt;/td&gt;&#34;], &#34;log&#34;: &#34;[gw7] win32 -- Python 3.12.1 C:\\Automation\\Python\\DemoQA-Automation\\.venv\\Scripts\\python.exe\n&#34;}], &#34;testCases/test_interactions_page.py::Test_Droppable::test_simple_droppable&#34;: [{&#34;extras&#34;: [], &#34;result&#34;: &#34;Passed&#34;, &#34;testId&#34;: &#34;testCases/test_interactions_page.py::Test_Droppable::test_simple_droppable&#34;, &#34;duration&#34;: &#34;00:03:34&#34;, &#34;resultsTableRow&#34;: [&#34;&lt;td class=\&#34;col-result\&#34;&gt;Passed&lt;/td&gt;&#34;, &#34;&lt;td class=\&#34;col-testId\&#34;&gt;testCases/test_interactions_page.py::Test_Droppable::test_simple_droppable&lt;/td&gt;&#34;, &#34;&lt;td class=\&#34;col-duration\&#34;&gt;00:03:34&lt;/td&gt;&#34;, &#34;&lt;td class=\&#34;col-links\&#34;&gt;&lt;/td&gt;&#34;], &#34;log&#34;: &#34;[gw39] win32 -- Python 3.12.1 C:\\Automation\\Python\\DemoQA-Automation\\.venv\\Scripts\\python.exe\n&#34;}], &#34;testCases/test_homepage.py::Test_WebElement::test_category_click[Elements-0]&#34;: [{&#34;extras&#34;: [], &#34;result&#34;: &#34;Passed&#34;, &#34;testId&#34;: &#34;testCases/test_homepage.py::Test_WebElement::test_category_click[Elements-0]&#34;, &#34;duration&#34;: &#34;00:01:09&#34;, &#34;resultsTableRow&#34;: [&#34;&lt;td class=\&#34;col-result\&#34;&gt;Passed&lt;/td&gt;&#34;, &#34;&lt;td class=\&#34;col-testId\&#34;&gt;testCases/test_homepage.py::Test_WebElement::test_category_click[Elements-0]&lt;/td&gt;&#34;, &#34;&lt;td class=\&#34;col-duration\&#34;&gt;00:01:09&lt;/td&gt;&#34;, &#34;&lt;td class=\&#34;col-links\&#34;&gt;&lt;/td&gt;&#34;], &#34;log&#34;: &#34;[gw32] win32 -- Python 3.12.1 C:\\Automation\\Python\\DemoQA-Automation\\.venv\\Scripts\\python.exe\n\n------------------------------ Captured log call -------------------------------\nINFO     root:test_homepage.py:87 Elements Category Presence and Clickable: PASSED\n\n&#34;}], &#34;testCases/test_alert_frame_windows.py::Test_Alerts::test_prompt[dismiss]&#34;: [{&#34;extras&#34;: [], &#34;result&#34;: &#34;Passed&#34;, &#34;testId&#34;: &#34;testCases/test_alert_frame_windows.py::Test_Alerts::test_prompt[dismiss]&#34;, &#34;duration&#34;: &#34;00:01:05&#34;, &#34;resultsTableRow&#34;: [&#34;&lt;td class=\&#34;col-result\&#34;&gt;Passed&lt;/td&gt;&#34;, &#34;&lt;td class=\&#34;col-testId\&#34;&gt;testCases/test_alert_frame_windows.py::Test_Alerts::test_prompt[dismiss]&lt;/td&gt;&#34;, &#34;&lt;td class=\&#34;col-duration\&#34;&gt;00:01:05&lt;/td&gt;&#34;, &#34;&lt;td class=\&#34;col-links\&#34;&gt;&lt;/td&gt;&#34;], &#34;log&#34;: &#34;[gw4] win32 -- Python 3.12.1 C:\\Automation\\Python\\DemoQA-Automation\\.venv\\Scripts\\python.exe\n&#34;}], &#34;testCases/test_elements_page.py::Test_ElementPage::test_submenu_in_elements_clickable[webtables-3]&#34;: [{&#34;extras&#34;: [], &#34;result&#34;: &#34;Passed&#34;, &#34;testId&#34;: &#34;testCases/test_elements_page.py::Test_ElementPage::test_submenu_in_elements_clickable[webtables-3]&#34;, &#34;duration&#34;: &#34;00:02:04&#34;, &#34;resultsTableRow&#34;: [&#34;&lt;td class=\&#34;col-result\&#34;&gt;Passed&lt;/td&gt;&#34;, &#34;&lt;td class=\&#34;col-testId\&#34;&gt;testCases/test_elements_page.py::Test_ElementPage::test_submenu_in_elements_clickable[webtables-3]&lt;/td&gt;&#34;, &#34;&lt;td class=\&#34;col-duration\&#34;&gt;00:02:04&lt;/td&gt;&#34;, &#34;&lt;td class=\&#34;col-links\&#34;&gt;&lt;/td&gt;&#34;], &#34;log&#34;: &#34;[gw11] win32 -- Python 3.12.1 C:\\Automation\\Python\\DemoQA-Automation\\.venv\\Scripts\\python.exe\n\n------------------------------ Captured log setup ------------------------------\nWARNING  selenium.webdriver.common.selenium_manager:selenium_manager.py:149 Error sending stats to Plausible: error sending request for url (https://plausible.io/api/event): operation timed out\n\n------------------------------ Captured log call -------------------------------\nINFO     root:test_elements_page.py:71 webtables clickable: PASSED\n\n&#34;}], &#34;testCases/test_elements_page.py::Test_Upload_Download::test_upload&#34;: [{&#34;extras&#34;: [], &#34;result&#34;: &#34;Passed&#34;, &#34;testId&#34;: &#34;testCases/test_elements_page.py::Test_Upload_Download::test_upload&#34;, &#34;duration&#34;: &#34;00:01:04&#34;, &#34;resultsTableRow&#34;: [&#34;&lt;td class=\&#34;col-result\&#34;&gt;Passed&lt;/td&gt;&#34;, &#34;&lt;td class=\&#34;col-testId\&#34;&gt;testCases/test_elements_page.py::Test_Upload_Download::test_upload&lt;/td&gt;&#34;, &#34;&lt;td class=\&#34;col-duration\&#34;&gt;00:01:04&lt;/td&gt;&#34;, &#34;&lt;td class=\&#34;col-links\&#34;&gt;&lt;/td&gt;&#34;], &#34;log&#34;: &#34;[gw26] win32 -- Python 3.12.1 C:\\Automation\\Python\\DemoQA-Automation\\.venv\\Scripts\\python.exe\n&#34;}], &#34;testCases/test_homepage.py::Test_WebElement::test_category_click[AlertsWindows-2]&#34;: [{&#34;extras&#34;: [], &#34;result&#34;: &#34;Passed&#34;, &#34;testId&#34;: &#34;testCases/test_homepage.py::Test_WebElement::test_category_click[AlertsWindows-2]&#34;, &#34;duration&#34;: &#34;00:01:02&#34;, &#34;resultsTableRow&#34;: [&#34;&lt;td class=\&#34;col-result\&#34;&gt;Passed&lt;/td&gt;&#34;, &#34;&lt;td class=\&#34;col-testId\&#34;&gt;testCases/test_homepage.py::Test_WebElement::test_category_click[AlertsWindows-2]&lt;/td&gt;&#34;, &#34;&lt;td class=\&#34;col-duration\&#34;&gt;00:01:02&lt;/td&gt;&#34;, &#34;&lt;td class=\&#34;col-links\&#34;&gt;&lt;/td&gt;&#34;], &#34;log&#34;: &#34;[gw33] win32 -- Python 3.12.1 C:\\Automation\\Python\\DemoQA-Automation\\.venv\\Scripts\\python.exe\n\n------------------------------ Captured log call -------------------------------\nINFO     root:test_homepage.py:87 AlertsWindows Category Presence and Clickable: PASSED\n\n&#34;}], &#34;testCases/test_homepage.py::Test_WebElement::test_category_click[Interaction-4]&#34;: [{&#34;extras&#34;: [], &#34;result&#34;: &#34;Passed&#34;, &#34;testId&#34;: &#34;testCases/test_homepage.py::Test_WebElement::test_category_click[Interaction-4]&#34;, &#34;duration&#34;: &#34;00:01:07&#34;, &#34;resultsTableRow&#34;: [&#34;&lt;td class=\&#34;col-result\&#34;&gt;Passed&lt;/td&gt;&#34;, &#34;&lt;td class=\&#34;col-testId\&#34;&gt;testCases/test_homepage.py::Test_WebElement::test_category_click[Interaction-4]&lt;/td&gt;&#34;, &#34;&lt;td class=\&#34;col-duration\&#34;&gt;00:01:07&lt;/td&gt;&#34;, &#34;&lt;td class=\&#34;col-links\&#34;&gt;&lt;/td&gt;&#34;], &#34;log&#34;: &#34;[gw34] win32 -- Python 3.12.1 C:\\Automation\\Python\\DemoQA-Automation\\.venv\\Scripts\\python.exe\n\n------------------------------ Captured log call -------------------------------\nINFO     root:test_homepage.py:87 Interaction Category Presence and Clickable: PASSED\n\n&#34;}], &#34;testCases/test_alert_frame_windows.py::Test_Alerts::test_confirm_alert[dismiss]&#34;: [{&#34;extras&#34;: [], &#34;result&#34;: &#34;Passed&#34;, &#34;testId&#34;: &#34;testCases/test_alert_frame_windows.py::Test_Alerts::test_confirm_alert[dismiss]&#34;, &#34;duration&#34;: &#34;00:02:08&#34;, &#34;resultsTableRow&#34;: [&#34;&lt;td class=\&#34;col-result\&#34;&gt;Passed&lt;/td&gt;&#34;, &#34;&lt;td class=\&#34;col-testId\&#34;&gt;testCases/test_alert_frame_windows.py::Test_Alerts::test_confirm_alert[dismiss]&lt;/td&gt;&#34;, &#34;&lt;td class=\&#34;col-duration\&#34;&gt;00:02:08&lt;/td&gt;&#34;, &#34;&lt;td class=\&#34;col-links\&#34;&gt;&lt;/td&gt;&#34;], &#34;log&#34;: &#34;[gw3] win32 -- Python 3.12.1 C:\\Automation\\Python\\DemoQA-Automation\\.venv\\Scripts\\python.exe\n\n------------------------------ Captured log setup ------------------------------\nWARNING  selenium.webdriver.common.selenium_manager:selenium_manager.py:149 Error sending stats to Plausible: error sending request for url (https://plausible.io/api/event): operation timed out\n&#34;}], &#34;testCases/test_interactions_page.py::Test_Draggable::test_simple_draggable&#34;: [{&#34;extras&#34;: [], &#34;result&#34;: &#34;Passed&#34;, &#34;testId&#34;: &#34;testCases/test_interactions_page.py::Test_Draggable::test_simple_draggable&#34;, &#34;duration&#34;: &#34;00:03:39&#34;, &#34;resultsTableRow&#34;: [&#34;&lt;td class=\&#34;col-result\&#34;&gt;Passed&lt;/td&gt;&#34;, &#34;&lt;td class=\&#34;col-testId\&#34;&gt;testCases/test_interactions_page.py::Test_Draggable::test_simple_draggable&lt;/td&gt;&#34;, &#34;&lt;td class=\&#34;col-duration\&#34;&gt;00:03:39&lt;/td&gt;&#34;, &#34;&lt;td class=\&#34;col-links\&#34;&gt;&lt;/td&gt;&#34;], &#34;log&#34;: &#34;[gw43] win32 -- Python 3.12.1 C:\\Automation\\Python\\DemoQA-Automation\\.venv\\Scripts\\python.exe\n&#34;}], &#34;testCases/test_interactions_page.py::Test_ResizeableBox::test_resizeable_inner_box[500-300]&#34;: [{&#34;extras&#34;: [], &#34;result&#34;: &#34;Passed&#34;, &#34;testId&#34;: &#34;testCases/test_interactions_page.py::Test_ResizeableBox::test_resizeable_inner_box[500-300]&#34;, &#34;duration&#34;: &#34;00:01:18&#34;, &#34;resultsTableRow&#34;: [&#34;&lt;td class=\&#34;col-result\&#34;&gt;Passed&lt;/td&gt;&#34;, &#34;&lt;td class=\&#34;col-testId\&#34;&gt;testCases/test_interactions_page.py::Test_ResizeableBox::test_resizeable_inner_box[500-300]&lt;/td&gt;&#34;, &#34;&lt;td class=\&#34;col-duration\&#34;&gt;00:01:18&lt;/td&gt;&#34;, &#34;&lt;td class=\&#34;col-links\&#34;&gt;&lt;/td&gt;&#34;], &#34;log&#34;: &#34;[gw38] win32 -- Python 3.12.1 C:\\Automation\\Python\\DemoQA-Automation\\.venv\\Scripts\\python.exe\n&#34;}], &#34;testCases/test_elements_page.py::Test_ElementPage::test_header_text&#34;: [{&#34;extras&#34;: [], &#34;result&#34;: &#34;Passed&#34;, &#34;testId&#34;: &#34;testCases/test_elements_page.py::Test_ElementPage::test_header_text&#34;, &#34;duration&#34;: &#34;00:01:16&#34;, &#34;resultsTableRow&#34;: [&#34;&lt;td class=\&#34;col-result\&#34;&gt;Passed&lt;/td&gt;&#34;, &#34;&lt;td class=\&#34;col-testId\&#34;&gt;testCases/test_elements_page.py::Test_ElementPage::test_header_text&lt;/td&gt;&#34;, &#34;&lt;td class=\&#34;col-duration\&#34;&gt;00:01:16&lt;/td&gt;&#34;, &#34;&lt;td class=\&#34;col-links\&#34;&gt;&lt;/td&gt;&#34;], &#34;log&#34;: &#34;[gw8] win32 -- Python 3.12.1 C:\\Automation\\Python\\DemoQA-Automation\\.venv\\Scripts\\python.exe\n\n------------------------------ Captured log call -------------------------------\nINFO     root:test_elements_page.py:27 Elements Page Header Text: PASSED\n\n&#34;}], &#34;testCases/test_interactions_page.py::Test_Droppable::test_revert_draggable[True]&#34;: [{&#34;extras&#34;: [], &#34;result&#34;: &#34;Passed&#34;, &#34;testId&#34;: &#34;testCases/test_interactions_page.py::Test_Droppable::test_revert_draggable[True]&#34;, &#34;duration&#34;: &#34;00:03:53&#34;, &#34;resultsTableRow&#34;: [&#34;&lt;td class=\&#34;col-result\&#34;&gt;Passed&lt;/td&gt;&#34;, &#34;&lt;td class=\&#34;col-testId\&#34;&gt;testCases/test_interactions_page.py::Test_Droppable::test_revert_draggable[True]&lt;/td&gt;&#34;, &#34;&lt;td class=\&#34;col-duration\&#34;&gt;00:03:53&lt;/td&gt;&#34;, &#34;&lt;td class=\&#34;col-links\&#34;&gt;&lt;/td&gt;&#34;], &#34;log&#34;: &#34;[gw42] win32 -- Python 3.12.1 C:\\Automation\\Python\\DemoQA-Automation\\.venv\\Scripts\\python.exe\n&#34;}], &#34;testCases/test_elements_page.py::Test_ElementPage::test_submenu_in_elements_clickable[checkbox-1]&#34;: [{&#34;extras&#34;: [], &#34;result&#34;: &#34;Passed&#34;, &#34;testId&#34;: &#34;testCases/test_elements_page.py::Test_ElementPage::test_submenu_in_elements_clickable[checkbox-1]&#34;, &#34;duration&#34;: &#34;00:00:59&#34;, &#34;resultsTableRow&#34;: [&#34;&lt;td class=\&#34;col-result\&#34;&gt;Passed&lt;/td&gt;&#34;, &#34;&lt;td class=\&#34;col-testId\&#34;&gt;testCases/test_elements_page.py::Test_ElementPage::test_submenu_in_elements_clickable[checkbox-1]&lt;/td&gt;&#34;, &#34;&lt;td class=\&#34;col-duration\&#34;&gt;00:00:59&lt;/td&gt;&#34;, &#34;&lt;td class=\&#34;col-links\&#34;&gt;&lt;/td&gt;&#34;], &#34;log&#34;: &#34;[gw10] win32 -- Python 3.12.1 C:\\Automation\\Python\\DemoQA-Automation\\.venv\\Scripts\\python.exe\n\n------------------------------ Captured log call -------------------------------\nINFO     root:test_elements_page.py:71 checkbox clickable: PASSED\n\n&#34;}], &#34;testCases/test_forms_page.py::Test_Form_Page::test_header_text&#34;: [{&#34;extras&#34;: [], &#34;result&#34;: &#34;Passed&#34;, &#34;testId&#34;: &#34;testCases/test_forms_page.py::Test_Form_Page::test_header_text&#34;, &#34;duration&#34;: &#34;00:03:58&#34;, &#34;resultsTableRow&#34;: [&#34;&lt;td class=\&#34;col-result\&#34;&gt;Passed&lt;/td&gt;&#34;, &#34;&lt;td class=\&#34;col-testId\&#34;&gt;testCases/test_forms_page.py::Test_Form_Page::test_header_text&lt;/td&gt;&#34;, &#34;&lt;td class=\&#34;col-duration\&#34;&gt;00:03:58&lt;/td&gt;&#34;, &#34;&lt;td class=\&#34;col-links\&#34;&gt;&lt;/td&gt;&#34;], &#34;log&#34;: &#34;[gw29] win32 -- Python 3.12.1 C:\\Automation\\Python\\DemoQA-Automation\\.venv\\Scripts\\python.exe\n&#34;}], &#34;testCases/test_interactions_page.py::Test_Draggable::test_x_axis_restricted&#34;: [{&#34;extras&#34;: [], &#34;result&#34;: &#34;Passed&#34;, &#34;testId&#34;: &#34;testCases/test_interactions_page.py::Test_Draggable::test_x_axis_restricted&#34;, &#34;duration&#34;: &#34;00:03:59&#34;, &#34;resultsTableRow&#34;: [&#34;&lt;td class=\&#34;col-result\&#34;&gt;Passed&lt;/td&gt;&#34;, &#34;&lt;td class=\&#34;col-testId\&#34;&gt;testCases/test_interactions_page.py::Test_Draggable::test_x_axis_restricted&lt;/td&gt;&#34;, &#34;&lt;td class=\&#34;col-duration\&#34;&gt;00:03:59&lt;/td&gt;&#34;, &#34;&lt;td class=\&#34;col-links\&#34;&gt;&lt;/td&gt;&#34;], &#34;log&#34;: &#34;[gw44] win32 -- Python 3.12.1 C:\\Automation\\Python\\DemoQA-Automation\\.venv\\Scripts\\python.exe\n&#34;}], &#34;testCases/test_alert_frame_windows.py::Test_Alerts::test_alert_delay&#34;: [{&#34;extras&#34;: [{&#34;name&#34;: null, &#34;format_type&#34;: &#34;html&#34;, &#34;content&#34;: &#34;&lt;div&gt;&lt;img src=\&#34;C:\\Automation\\Python\\DemoQA-Automation\\Screenshots\\Failed_Screenshot_2024_02_12_13_37_56.png\&#34; style=\&#34;width:250px;height:180px;\&#34; onclick=\&#34;window.open(this.src)\&#34; align=\&#34;right\&#34;/&gt;&lt;/div&gt;&#34;, &#34;mime_type&#34;: null, &#34;extension&#34;: null}], &#34;result&#34;: &#34;Failed&#34;, &#34;testId&#34;: &#34;testCases/test_alert_frame_windows.py::Test_Alerts::test_alert_delay&#34;, &#34;duration&#34;: &#34;00:01:22&#34;, &#34;resultsTableRow&#34;: [&#34;&lt;td class=\&#34;col-result\&#34;&gt;Failed&lt;/td&gt;&#34;, &#34;&lt;td class=\&#34;col-testId\&#34;&gt;testCases/test_alert_frame_windows.py::Test_Alerts::test_alert_delay&lt;/td&gt;&#34;, &#34;&lt;td class=\&#34;col-duration\&#34;&gt;00:01:22&lt;/td&gt;&#34;, &#34;&lt;td class=\&#34;col-links\&#34;&gt;&lt;/td&gt;&#34;], &#34;log&#34;: &#34;[gw2] win32 -- Python 3.12.1 C:\\Automation\\Python\\DemoQA-Automation\\.venv\\Scripts\\python.exe\n\nself = &amp;lt;testCases.test_alert_frame_windows.Test_Alerts object at 0x000001B85A252570&amp;gt;\n\n    def test_alert_delay(self):\n        self.alert_page.click_delay_alert_button()\n        time.sleep(6)\n        delay = self.driver.switch_to.alert\n        delay.accept()\n&amp;gt;       assert &amp;quot;This alert appeared after 5 seconds&amp;quot; == delay.text\n\ntestCases\\test_alert_frame_windows.py:70: \n_ _ _ _ _ _ _ _ _ _ _ _ _ _ _ _ _ _ _ _ _ _ _ _ _ _ _ _ _ _ _ _ _ _ _ _ _ _ _ _ _ _ _ _ _ _ _ _ _ _ _ _ _ _ _ _ _ _ _ _ _ _ _ _ _ _ _ _ _ _ _ _ _ _\n.venv\\Lib\\site-packages\\selenium\\webdriver\\common\\alert.py:58: in text\n    return self.driver.execute(Command.W3C_GET_ALERT_TEXT)[&amp;quot;value&amp;quot;]\n.venv\\Lib\\site-packages\\selenium\\webdriver\\remote\\webdriver.py:347: in execute\n    self.error_handler.check_response(response)\n_ _ _ _ _ _ _ _ _ _ _ _ _ _ _ _ _ _ _ _ _ _ _ _ _ _ _ _ _ _ _ _ _ _ _ _ _ _ _ _ _ _ _ _ _ _ _ _ _ _ _ _ _ _ _ _ _ _ _ _ _ _ _ _ _ _ _ _ _ _ _ _ _ _\n\nself = &amp;lt;selenium.webdriver.remote.errorhandler.ErrorHandler object at 0x000001B85A4065D0&amp;gt;\nresponse = {&amp;#x27;status&amp;#x27;: 404, &amp;#x27;value&amp;#x27;: &amp;#x27;{&amp;quot;value&amp;quot;:{&amp;quot;error&amp;quot;:&amp;quot;no such alert&amp;quot;,&amp;quot;message&amp;quot;:&amp;quot;no such alert\\\\n  (Session info: chrome-headles...07FF7201EBD04]\\\\n\\\\tBaseThreadInitThunk [0x00007FFD1B7C257D+29]\\\\n\\\\tRtlUserThreadStart [0x00007FFD1C7EAA58+40]\\\\n&amp;quot;}}&amp;#x27;}\n\n    def check_response(self, response: Dict[str, Any]) -&amp;gt; None:\n        &amp;quot;&amp;quot;&amp;quot;Checks that a JSON response from the WebDriver does not have an\n        error.\n    \n        :Args:\n         - response - The JSON response from the WebDriver server as a dictionary\n           object.\n    \n        :Raises: If the response contains an error message.\n        &amp;quot;&amp;quot;&amp;quot;\n        status = response.get(&amp;quot;status&amp;quot;, None)\n        if not status or status == ErrorCode.SUCCESS:\n            return\n        value = None\n        message = response.get(&amp;quot;message&amp;quot;, &amp;quot;&amp;quot;)\n        screen: str = response.get(&amp;quot;screen&amp;quot;, &amp;quot;&amp;quot;)\n        stacktrace = None\n        if isinstance(status, int):\n            value_json = response.get(&amp;quot;value&amp;quot;, None)\n            if value_json and isinstance(value_json, str):\n                import json\n    \n                try:\n                    value = json.loads(value_json)\n                    if len(value) == 1:\n                        value = value[&amp;quot;value&amp;quot;]\n                    status = value.get(&amp;quot;error&amp;quot;, None)\n                    if not status:\n                        status = value.get(&amp;quot;status&amp;quot;, ErrorCode.UNKNOWN_ERROR)\n                        message = value.get(&amp;quot;value&amp;quot;) or value.get(&amp;quot;message&amp;quot;)\n                        if not isinstance(message, str):\n                            value = message\n                            message = message.get(&amp;quot;message&amp;quot;)\n                    else:\n                        message = value.get(&amp;quot;message&amp;quot;, None)\n                except ValueError:\n                    pass\n    \n        exception_class: Type[WebDriverException]\n        e = ErrorCode()\n        error_codes = [item for item in dir(e) if not item.startswith(&amp;quot;__&amp;quot;)]\n        for error_code in error_codes:\n            error_info = getattr(ErrorCode, error_code)\n            if isinstance(error_info, list) and status in error_info:\n                exception_class = getattr(ExceptionMapping, error_code, WebDriverException)\n                break\n        else:\n            exception_class = WebDriverException\n    \n        if not value:\n            value = response[&amp;quot;value&amp;quot;]\n        if isinstance(value, str):\n            raise exception_class(value)\n        if message == &amp;quot;&amp;quot; and &amp;quot;message&amp;quot; in value:\n            message = value[&amp;quot;message&amp;quot;]\n    \n        screen = None  # type: ignore[assignment]\n        if &amp;quot;screen&amp;quot; in value:\n            screen = value[&amp;quot;screen&amp;quot;]\n    \n        stacktrace = None\n        st_value = value.get(&amp;quot;stackTrace&amp;quot;) or value.get(&amp;quot;stacktrace&amp;quot;)\n        if st_value:\n            if isinstance(st_value, str):\n                stacktrace = st_value.split(&amp;quot;\\n&amp;quot;)\n            else:\n                stacktrace = []\n                try:\n                    for frame in st_value:\n                        line = frame.get(&amp;quot;lineNumber&amp;quot;, &amp;quot;&amp;quot;)\n                        file = frame.get(&amp;quot;fileName&amp;quot;, &amp;quot;&amp;lt;anonymous&amp;gt;&amp;quot;)\n                        if line:\n                            file = f&amp;quot;{file}:{line}&amp;quot;\n                        meth = frame.get(&amp;quot;methodName&amp;quot;, &amp;quot;&amp;lt;anonymous&amp;gt;&amp;quot;)\n                        if &amp;quot;className&amp;quot; in frame:\n                            meth = f&amp;quot;{frame[&amp;#x27;className&amp;#x27;]}.{meth}&amp;quot;\n                        msg = &amp;quot;    at %s (%s)&amp;quot;\n                        msg = msg % (meth, file)\n                        stacktrace.append(msg)\n                except TypeError:\n                    pass\n        if exception_class == UnexpectedAlertPresentException:\n            alert_text = None\n            if &amp;quot;data&amp;quot; in value:\n                alert_text = value[&amp;quot;data&amp;quot;].get(&amp;quot;text&amp;quot;)\n            elif &amp;quot;alert&amp;quot; in value:\n                alert_text = value[&amp;quot;alert&amp;quot;].get(&amp;quot;text&amp;quot;)\n            raise exception_class(message, screen, stacktrace, alert_text)  # type: ignore[call-arg]  # mypy is not smart enough here\n&amp;gt;       raise exception_class(message, screen, stacktrace)\nE       selenium.common.exceptions.NoAlertPresentException: Message: no such alert\nE         (Session info: chrome-headless-shell=121.0.6167.161)\nE       Stacktrace:\nE       \tGetHandleVerifier [0x00007FF7205D5E42+3538674]\nE       \t(No symbol) [0x00007FF7201F4C02]\nE       \t(No symbol) [0x00007FF7200A599D]\nE       \t(No symbol) [0x00007FF72009A087]\nE       \t(No symbol) [0x00007FF7200C582F]\nE       \t(No symbol) [0x00007FF72010F15D]\nE       \t(No symbol) [0x00007FF7200C568B]\nE       \t(No symbol) [0x00007FF72010EE53]\nE       \t(No symbol) [0x00007FF7200DF514]\nE       \t(No symbol) [0x00007FF7200E0631]\nE       \tGetHandleVerifier [0x00007FF720606CAD+3738973]\nE       \tGetHandleVerifier [0x00007FF72065C506+4089270]\nE       \tGetHandleVerifier [0x00007FF720654823+4057299]\nE       \tGetHandleVerifier [0x00007FF720325C49+720121]\nE       \t(No symbol) [0x00007FF72020126F]\nE       \t(No symbol) [0x00007FF7201FC304]\nE       \t(No symbol) [0x00007FF7201FC432]\nE       \t(No symbol) [0x00007FF7201EBD04]\nE       \tBaseThreadInitThunk [0x00007FFD1B7C257D+29]\nE       \tRtlUserThreadStart [0x00007FFD1C7EAA58+40]\n\n.venv\\Lib\\site-packages\\selenium\\webdriver\\remote\\errorhandler.py:229: NoAlertPresentException\n&#34;}], &#34;testCases/test_elements_page.py::Test_ElementPage::test_element_groups&#34;: [{&#34;extras&#34;: [], &#34;result&#34;: &#34;Passed&#34;, &#34;testId&#34;: &#34;testCases/test_elements_page.py::Test_ElementPage::test_element_groups&#34;, &#34;duration&#34;: &#34;00:02:27&#34;, &#34;resultsTableRow&#34;: [&#34;&lt;td class=\&#34;col-result\&#34;&gt;Passed&lt;/td&gt;&#34;, &#34;&lt;td class=\&#34;col-testId\&#34;&gt;testCases/test_elements_page.py::Test_ElementPage::test_element_groups&lt;/td&gt;&#34;, &#34;&lt;td class=\&#34;col-duration\&#34;&gt;00:02:27&lt;/td&gt;&#34;, &#34;&lt;td class=\&#34;col-links\&#34;&gt;&lt;/td&gt;&#34;], &#34;log&#34;: &#34;[gw9] win32 -- Python 3.12.1 C:\\Automation\\Python\\DemoQA-Automation\\.venv\\Scripts\\python.exe\n\n------------------------------ Captured log setup ------------------------------\nWARNING  selenium.webdriver.common.selenium_manager:selenium_manager.py:149 Error sending stats to Plausible: error sending request for url (https://plausible.io/api/event): operation timed out\n\n------------------------------ Captured log call -------------------------------\nINFO     root:test_elements_page.py:49 Test Element groups: PASSED\n\n&#34;}], &#34;testCases/test_elements_page.py::Test_TextBox::test_verify_heading&#34;: [{&#34;extras&#34;: [], &#34;result&#34;: &#34;Passed&#34;, &#34;testId&#34;: &#34;testCases/test_elements_page.py::Test_TextBox::test_verify_heading&#34;, &#34;duration&#34;: &#34;00:02:31&#34;, &#34;resultsTableRow&#34;: [&#34;&lt;td class=\&#34;col-result\&#34;&gt;Passed&lt;/td&gt;&#34;, &#34;&lt;td class=\&#34;col-testId\&#34;&gt;testCases/test_elements_page.py::Test_TextBox::test_verify_heading&lt;/td&gt;&#34;, &#34;&lt;td class=\&#34;col-duration\&#34;&gt;00:02:31&lt;/td&gt;&#34;, &#34;&lt;td class=\&#34;col-links\&#34;&gt;&lt;/td&gt;&#34;], &#34;log&#34;: &#34;[gw14] win32 -- Python 3.12.1 C:\\Automation\\Python\\DemoQA-Automation\\.venv\\Scripts\\python.exe\n\n------------------------------ Captured log setup ------------------------------\nWARNING  selenium.webdriver.common.selenium_manager:selenium_manager.py:149 Error sending stats to Plausible: error sending request for url (https://plausible.io/api/event): operation timed out\n\n------------------------------ Captured log call -------------------------------\nINFO     root:test_elements_page.py:85 Verify Heading text: PASSED\n\n&#34;}], &#34;testCases/test_widgets_page.py::Test_Date_Picker::test_date_picker&#34;: [{&#34;extras&#34;: [], &#34;result&#34;: &#34;Passed&#34;, &#34;testId&#34;: &#34;testCases/test_widgets_page.py::Test_Date_Picker::test_date_picker&#34;, &#34;duration&#34;: &#34;00:01:43&#34;, &#34;resultsTableRow&#34;: [&#34;&lt;td class=\&#34;col-result\&#34;&gt;Passed&lt;/td&gt;&#34;, &#34;&lt;td class=\&#34;col-testId\&#34;&gt;testCases/test_widgets_page.py::Test_Date_Picker::test_date_picker&lt;/td&gt;&#34;, &#34;&lt;td class=\&#34;col-duration\&#34;&gt;00:01:43&lt;/td&gt;&#34;, &#34;&lt;td class=\&#34;col-links\&#34;&gt;&lt;/td&gt;&#34;], &#34;log&#34;: &#34;[gw48] win32 -- Python 3.12.1 C:\\Automation\\Python\\DemoQA-Automation\\.venv\\Scripts\\python.exe\n&#34;}], &#34;testCases/test_elements_page.py::Test_Link_Clicks::test_links_sends_api_call[Not Found]&#34;: [{&#34;extras&#34;: [], &#34;result&#34;: &#34;Passed&#34;, &#34;testId&#34;: &#34;testCases/test_elements_page.py::Test_Link_Clicks::test_links_sends_api_call[Not Found]&#34;, &#34;duration&#34;: &#34;00:01:46&#34;, &#34;resultsTableRow&#34;: [&#34;&lt;td class=\&#34;col-result\&#34;&gt;Passed&lt;/td&gt;&#34;, &#34;&lt;td class=\&#34;col-testId\&#34;&gt;testCases/test_elements_page.py::Test_Link_Clicks::test_links_sends_api_call[Not Found]&lt;/td&gt;&#34;, &#34;&lt;td class=\&#34;col-duration\&#34;&gt;00:01:46&lt;/td&gt;&#34;, &#34;&lt;td class=\&#34;col-links\&#34;&gt;&lt;/td&gt;&#34;], &#34;log&#34;: &#34;[gw25] win32 -- Python 3.12.1 C:\\Automation\\Python\\DemoQA-Automation\\.venv\\Scripts\\python.exe\n&#34;}], &#34;testCases/test_homepage.py::Test_WebElement::test_footer_presence&#34;: [{&#34;extras&#34;: [], &#34;result&#34;: &#34;Passed&#34;, &#34;testId&#34;: &#34;testCases/test_homepage.py::Test_WebElement::test_footer_presence&#34;, &#34;duration&#34;: &#34;00:01:19&#34;, &#34;resultsTableRow&#34;: [&#34;&lt;td class=\&#34;col-result\&#34;&gt;Passed&lt;/td&gt;&#34;, &#34;&lt;td class=\&#34;col-testId\&#34;&gt;testCases/test_homepage.py::Test_WebElement::test_footer_presence&lt;/td&gt;&#34;, &#34;&lt;td class=\&#34;col-duration\&#34;&gt;00:01:19&lt;/td&gt;&#34;, &#34;&lt;td class=\&#34;col-links\&#34;&gt;&lt;/td&gt;&#34;], &#34;log&#34;: &#34;[gw31] win32 -- Python 3.12.1 C:\\Automation\\Python\\DemoQA-Automation\\.venv\\Scripts\\python.exe\n\n------------------------------ Captured log call -------------------------------\nINFO     root:test_homepage.py:61 Footer presence: PASSED\n\n&#34;}], &#34;testCases/test_elements_page.py::Test_Buttons_Click::test_double_click&#34;: [{&#34;extras&#34;: [], &#34;result&#34;: &#34;Passed&#34;, &#34;testId&#34;: &#34;testCases/test_elements_page.py::Test_Buttons_Click::test_double_click&#34;, &#34;duration&#34;: &#34;00:04:26&#34;, &#34;resultsTableRow&#34;: [&#34;&lt;td class=\&#34;col-result\&#34;&gt;Passed&lt;/td&gt;&#34;, &#34;&lt;td class=\&#34;col-testId\&#34;&gt;testCases/test_elements_page.py::Test_Buttons_Click::test_double_click&lt;/td&gt;&#34;, &#34;&lt;td class=\&#34;col-duration\&#34;&gt;00:04:26&lt;/td&gt;&#34;, &#34;&lt;td class=\&#34;col-links\&#34;&gt;&lt;/td&gt;&#34;], &#34;log&#34;: &#34;[gw21] win32 -- Python 3.12.1 C:\\Automation\\Python\\DemoQA-Automation\\.venv\\Scripts\\python.exe\n&#34;}], &#34;testCases/test_elements_page.py::Test_Web_Tables::test_data_in_table&#34;: [{&#34;extras&#34;: [], &#34;result&#34;: &#34;Passed&#34;, &#34;testId&#34;: &#34;testCases/test_elements_page.py::Test_Web_Tables::test_data_in_table&#34;, &#34;duration&#34;: &#34;00:01:55&#34;, &#34;resultsTableRow&#34;: [&#34;&lt;td class=\&#34;col-result\&#34;&gt;Passed&lt;/td&gt;&#34;, &#34;&lt;td class=\&#34;col-testId\&#34;&gt;testCases/test_elements_page.py::Test_Web_Tables::test_data_in_table&lt;/td&gt;&#34;, &#34;&lt;td class=\&#34;col-duration\&#34;&gt;00:01:55&lt;/td&gt;&#34;, &#34;&lt;td class=\&#34;col-links\&#34;&gt;&lt;/td&gt;&#34;], &#34;log&#34;: &#34;[gw19] win32 -- Python 3.12.1 C:\\Automation\\Python\\DemoQA-Automation\\.venv\\Scripts\\python.exe\n\n----------------------------- Captured stdout call -----------------------------\nData:  {0: [&amp;#x27;Cierra&amp;#x27;, &amp;#x27;Vega&amp;#x27;, &amp;#x27;39&amp;#x27;, &amp;#x27;cierra@example.com&amp;#x27;, &amp;#x27;10000&amp;#x27;, &amp;#x27;Insurance&amp;#x27;], 1: [&amp;#x27;Alden&amp;#x27;, &amp;#x27;Cantrell&amp;#x27;, &amp;#x27;45&amp;#x27;, &amp;#x27;alden@example.com&amp;#x27;, &amp;#x27;12000&amp;#x27;, &amp;#x27;Compliance&amp;#x27;], 2: [&amp;#x27;Kierra&amp;#x27;, &amp;#x27;Gentry&amp;#x27;, &amp;#x27;29&amp;#x27;, &amp;#x27;kierra@example.com&amp;#x27;, &amp;#x27;2000&amp;#x27;, &amp;#x27;Legal&amp;#x27;], 3: [&amp;#x27;       &amp;#x27;], 4: [&amp;#x27;       &amp;#x27;], 5: [&amp;#x27;       &amp;#x27;], 6: [&amp;#x27;       &amp;#x27;], 7: [&amp;#x27;       &amp;#x27;], 8: [&amp;#x27;       &amp;#x27;], 9: [&amp;#x27;       &amp;#x27;]}\n&#34;}], &#34;testCases/test_widgets_page.py::Test_Date_Picker::test_datetime_picker&#34;: [{&#34;extras&#34;: [], &#34;result&#34;: &#34;Passed&#34;, &#34;testId&#34;: &#34;testCases/test_widgets_page.py::Test_Date_Picker::test_datetime_picker&#34;, &#34;duration&#34;: &#34;00:04:25&#34;, &#34;resultsTableRow&#34;: [&#34;&lt;td class=\&#34;col-result\&#34;&gt;Passed&lt;/td&gt;&#34;, &#34;&lt;td class=\&#34;col-testId\&#34;&gt;testCases/test_widgets_page.py::Test_Date_Picker::test_datetime_picker&lt;/td&gt;&#34;, &#34;&lt;td class=\&#34;col-duration\&#34;&gt;00:04:25&lt;/td&gt;&#34;, &#34;&lt;td class=\&#34;col-links\&#34;&gt;&lt;/td&gt;&#34;], &#34;log&#34;: &#34;[gw49] win32 -- Python 3.12.1 C:\\Automation\\Python\\DemoQA-Automation\\.venv\\Scripts\\python.exe\n&#34;}], &#34;testCases/test_interactions_page.py::Test_Draggable::test_cursor_style&#34;: [{&#34;extras&#34;: [], &#34;result&#34;: &#34;Passed&#34;, &#34;testId&#34;: &#34;testCases/test_interactions_page.py::Test_Draggable::test_cursor_style&#34;, &#34;duration&#34;: &#34;00:01:55&#34;, &#34;resultsTableRow&#34;: [&#34;&lt;td class=\&#34;col-result\&#34;&gt;Passed&lt;/td&gt;&#34;, &#34;&lt;td class=\&#34;col-testId\&#34;&gt;testCases/test_interactions_page.py::Test_Draggable::test_cursor_style&lt;/td&gt;&#34;, &#34;&lt;td class=\&#34;col-duration\&#34;&gt;00:01:55&lt;/td&gt;&#34;, &#34;&lt;td class=\&#34;col-links\&#34;&gt;&lt;/td&gt;&#34;], &#34;log&#34;: &#34;[gw45] win32 -- Python 3.12.1 C:\\Automation\\Python\\DemoQA-Automation\\.venv\\Scripts\\python.exe\n&#34;}], &#34;testCases/test_widgets_page.py::Test_Accordian::test_accordian_heading&#34;: [{&#34;extras&#34;: [], &#34;result&#34;: &#34;Passed&#34;, &#34;testId&#34;: &#34;testCases/test_widgets_page.py::Test_Accordian::test_accordian_heading&#34;, &#34;duration&#34;: &#34;00:04:23&#34;, &#34;resultsTableRow&#34;: [&#34;&lt;td class=\&#34;col-result\&#34;&gt;Passed&lt;/td&gt;&#34;, &#34;&lt;td class=\&#34;col-testId\&#34;&gt;testCases/test_widgets_page.py::Test_Accordian::test_accordian_heading&lt;/td&gt;&#34;, &#34;&lt;td class=\&#34;col-duration\&#34;&gt;00:04:23&lt;/td&gt;&#34;, &#34;&lt;td class=\&#34;col-links\&#34;&gt;&lt;/td&gt;&#34;], &#34;log&#34;: &#34;[gw46] win32 -- Python 3.12.1 C:\\Automation\\Python\\DemoQA-Automation\\.venv\\Scripts\\python.exe\n&#34;}], &#34;testCases/test_elements_page.py::Test_Radio_Button::test_radio_button[impressive]&#34;: [{&#34;extras&#34;: [], &#34;result&#34;: &#34;Passed&#34;, &#34;testId&#34;: &#34;testCases/test_elements_page.py::Test_Radio_Button::test_radio_button[impressive]&#34;, &#34;duration&#34;: &#34;00:04:27&#34;, &#34;resultsTableRow&#34;: [&#34;&lt;td class=\&#34;col-result\&#34;&gt;Passed&lt;/td&gt;&#34;, &#34;&lt;td class=\&#34;col-testId\&#34;&gt;testCases/test_elements_page.py::Test_Radio_Button::test_radio_button[impressive]&lt;/td&gt;&#34;, &#34;&lt;td class=\&#34;col-duration\&#34;&gt;00:04:27&lt;/td&gt;&#34;, &#34;&lt;td class=\&#34;col-links\&#34;&gt;&lt;/td&gt;&#34;], &#34;log&#34;: &#34;[gw18] win32 -- Python 3.12.1 C:\\Automation\\Python\\DemoQA-Automation\\.venv\\Scripts\\python.exe\n&#34;}], &#34;testCases/test_interactions_page.py::Test_Droppable::test_prevent_propagation&#34;: [{&#34;extras&#34;: [], &#34;result&#34;: &#34;Passed&#34;, &#34;testId&#34;: &#34;testCases/test_interactions_page.py::Test_Droppable::test_prevent_propagation&#34;, &#34;duration&#34;: &#34;00:01:26&#34;, &#34;resultsTableRow&#34;: [&#34;&lt;td class=\&#34;col-result\&#34;&gt;Passed&lt;/td&gt;&#34;, &#34;&lt;td class=\&#34;col-testId\&#34;&gt;testCases/test_interactions_page.py::Test_Droppable::test_prevent_propagation&lt;/td&gt;&#34;, &#34;&lt;td class=\&#34;col-duration\&#34;&gt;00:01:26&lt;/td&gt;&#34;, &#34;&lt;td class=\&#34;col-links\&#34;&gt;&lt;/td&gt;&#34;], &#34;log&#34;: &#34;[gw41] win32 -- Python 3.12.1 C:\\Automation\\Python\\DemoQA-Automation\\.venv\\Scripts\\python.exe\n&#34;}], &#34;testCases/test_elements_page.py::Test_ElementPage::test_submenu_in_elements_clickable[links-5]&#34;: [{&#34;extras&#34;: [], &#34;result&#34;: &#34;Passed&#34;, &#34;testId&#34;: &#34;testCases/test_elements_page.py::Test_ElementPage::test_submenu_in_elements_clickable[links-5]&#34;, &#34;duration&#34;: &#34;00:01:11&#34;, &#34;resultsTableRow&#34;: [&#34;&lt;td class=\&#34;col-result\&#34;&gt;Passed&lt;/td&gt;&#34;, &#34;&lt;td class=\&#34;col-testId\&#34;&gt;testCases/test_elements_page.py::Test_ElementPage::test_submenu_in_elements_clickable[links-5]&lt;/td&gt;&#34;, &#34;&lt;td class=\&#34;col-duration\&#34;&gt;00:01:11&lt;/td&gt;&#34;, &#34;&lt;td class=\&#34;col-links\&#34;&gt;&lt;/td&gt;&#34;], &#34;log&#34;: &#34;[gw12] win32 -- Python 3.12.1 C:\\Automation\\Python\\DemoQA-Automation\\.venv\\Scripts\\python.exe\n\n------------------------------ Captured log setup ------------------------------\nWARNING  selenium.webdriver.common.selenium_manager:selenium_manager.py:149 Error sending stats to Plausible: error sending request for url (https://plausible.io/api/event): operation timed out\n\n------------------------------ Captured log call -------------------------------\nINFO     root:test_elements_page.py:71 links clickable: PASSED\n\n&#34;}], &#34;testCases/test_alert_frame_windows.py::Test_Nested_Frames::test_parent_frame&#34;: [{&#34;extras&#34;: [], &#34;result&#34;: &#34;Passed&#34;, &#34;testId&#34;: &#34;testCases/test_alert_frame_windows.py::Test_Nested_Frames::test_parent_frame&#34;, &#34;duration&#34;: &#34;00:01:30&#34;, &#34;resultsTableRow&#34;: [&#34;&lt;td class=\&#34;col-result\&#34;&gt;Passed&lt;/td&gt;&#34;, &#34;&lt;td class=\&#34;col-testId\&#34;&gt;testCases/test_alert_frame_windows.py::Test_Nested_Frames::test_parent_frame&lt;/td&gt;&#34;, &#34;&lt;td class=\&#34;col-duration\&#34;&gt;00:01:30&lt;/td&gt;&#34;, &#34;&lt;td class=\&#34;col-links\&#34;&gt;&lt;/td&gt;&#34;], &#34;log&#34;: &#34;[gw6] win32 -- Python 3.12.1 C:\\Automation\\Python\\DemoQA-Automation\\.venv\\Scripts\\python.exe\n&#34;}], &#34;testCases/test_widgets_page.py::Test_Select_Menu::test_select_value_field&#34;: [{&#34;extras&#34;: [], &#34;result&#34;: &#34;Passed&#34;, &#34;testId&#34;: &#34;testCases/test_widgets_page.py::Test_Select_Menu::test_select_value_field&#34;, &#34;duration&#34;: &#34;00:00:53&#34;, &#34;resultsTableRow&#34;: [&#34;&lt;td class=\&#34;col-result\&#34;&gt;Passed&lt;/td&gt;&#34;, &#34;&lt;td class=\&#34;col-testId\&#34;&gt;testCases/test_widgets_page.py::Test_Select_Menu::test_select_value_field&lt;/td&gt;&#34;, &#34;&lt;td class=\&#34;col-duration\&#34;&gt;00:00:53&lt;/td&gt;&#34;, &#34;&lt;td class=\&#34;col-links\&#34;&gt;&lt;/td&gt;&#34;], &#34;log&#34;: &#34;[gw30] win32 -- Python 3.12.1 C:\\Automation\\Python\\DemoQA-Automation\\.venv\\Scripts\\python.exe\n&#34;}], &#34;testCases/test_elements_page.py::Test_Buttons_Click::test_right_click&#34;: [{&#34;extras&#34;: [], &#34;result&#34;: &#34;Passed&#34;, &#34;testId&#34;: &#34;testCases/test_elements_page.py::Test_Buttons_Click::test_right_click&#34;, &#34;duration&#34;: &#34;00:01:16&#34;, &#34;resultsTableRow&#34;: [&#34;&lt;td class=\&#34;col-result\&#34;&gt;Passed&lt;/td&gt;&#34;, &#34;&lt;td class=\&#34;col-testId\&#34;&gt;testCases/test_elements_page.py::Test_Buttons_Click::test_right_click&lt;/td&gt;&#34;, &#34;&lt;td class=\&#34;col-duration\&#34;&gt;00:01:16&lt;/td&gt;&#34;, &#34;&lt;td class=\&#34;col-links\&#34;&gt;&lt;/td&gt;&#34;], &#34;log&#34;: &#34;[gw20] win32 -- Python 3.12.1 C:\\Automation\\Python\\DemoQA-Automation\\.venv\\Scripts\\python.exe\n&#34;}], &#34;testCases/test_alert_frame_windows.py::Test_Frames::test_large_frame&#34;: [{&#34;extras&#34;: [], &#34;result&#34;: &#34;Passed&#34;, &#34;testId&#34;: &#34;testCases/test_alert_frame_windows.py::Test_Frames::test_large_frame&#34;, &#34;duration&#34;: &#34;00:01:32&#34;, &#34;resultsTableRow&#34;: [&#34;&lt;td class=\&#34;col-result\&#34;&gt;Passed&lt;/td&gt;&#34;, &#34;&lt;td class=\&#34;col-testId\&#34;&gt;testCases/test_alert_frame_windows.py::Test_Frames::test_large_frame&lt;/td&gt;&#34;, &#34;&lt;td class=\&#34;col-duration\&#34;&gt;00:01:32&lt;/td&gt;&#34;, &#34;&lt;td class=\&#34;col-links\&#34;&gt;&lt;/td&gt;&#34;], &#34;log&#34;: &#34;[gw5] win32 -- Python 3.12.1 C:\\Automation\\Python\\DemoQA-Automation\\.venv\\Scripts\\python.exe\n&#34;}], &#34;testCases/test_elements_page.py::Test_CheckBox::test_expand_all_check_boxes&#34;: [{&#34;extras&#34;: [], &#34;result&#34;: &#34;Passed&#34;, &#34;testId&#34;: &#34;testCases/test_elements_page.py::Test_CheckBox::test_expand_all_check_boxes&#34;, &#34;duration&#34;: &#34;00:01:26&#34;, &#34;resultsTableRow&#34;: [&#34;&lt;td class=\&#34;col-result\&#34;&gt;Passed&lt;/td&gt;&#34;, &#34;&lt;td class=\&#34;col-testId\&#34;&gt;testCases/test_elements_page.py::Test_CheckBox::test_expand_all_check_boxes&lt;/td&gt;&#34;, &#34;&lt;td class=\&#34;col-duration\&#34;&gt;00:01:26&lt;/td&gt;&#34;, &#34;&lt;td class=\&#34;col-links\&#34;&gt;&lt;/td&gt;&#34;], &#34;log&#34;: &#34;[gw16] win32 -- Python 3.12.1 C:\\Automation\\Python\\DemoQA-Automation\\.venv\\Scripts\\python.exe\n\n------------------------------ Captured log call -------------------------------\nINFO     root:test_elements_page.py:130 Expend all CheckBoxes: PASSED\n\n&#34;}], &#34;testCases/test_elements_page.py::Test_DynamicsProperties::test_dynamic_btn_visible_after_delay&#34;: [{&#34;extras&#34;: [{&#34;name&#34;: null, &#34;format_type&#34;: &#34;html&#34;, &#34;content&#34;: &#34;&lt;div&gt;&lt;img src=\&#34;C:\\Automation\\Python\\DemoQA-Automation\\Screenshots\\Failed_Screenshot_2024_02_12_13_38_41.png\&#34; style=\&#34;width:250px;height:180px;\&#34; onclick=\&#34;window.open(this.src)\&#34; align=\&#34;right\&#34;/&gt;&lt;/div&gt;&#34;, &#34;mime_type&#34;: null, &#34;extension&#34;: null}], &#34;result&#34;: &#34;XFailed&#34;, &#34;testId&#34;: &#34;testCases/test_elements_page.py::Test_DynamicsProperties::test_dynamic_btn_visible_after_delay&#34;, &#34;duration&#34;: &#34;00:01:30&#34;, &#34;resultsTableRow&#34;: [&#34;&lt;td class=\&#34;col-result\&#34;&gt;XFailed&lt;/td&gt;&#34;, &#34;&lt;td class=\&#34;col-testId\&#34;&gt;testCases/test_elements_page.py::Test_DynamicsProperties::test_dynamic_btn_visible_after_delay&lt;/td&gt;&#34;, &#34;&lt;td class=\&#34;col-duration\&#34;&gt;00:01:30&lt;/td&gt;&#34;, &#34;&lt;td class=\&#34;col-links\&#34;&gt;&lt;/td&gt;&#34;], &#34;log&#34;: &#34;[gw28] win32 -- Python 3.12.1 C:\\Automation\\Python\\DemoQA-Automation\\.venv\\Scripts\\python.exe\n\nself = &amp;lt;testCases.test_elements_page.Test_DynamicsProperties object at 0x0000020F4CC6CCB0&amp;gt;\n\n    @pytest.mark.xfail\n    def test_dynamic_btn_visible_after_delay(self):\n        is_btn_present_before = bool(self.element.btn_visible_after_5_secs())\n        time.sleep(5) # visible after 5 secs delay\n        is_btn_present_after = bool(self.element.btn_visible_after_5_secs())\n&amp;gt;       assert is_btn_present_before != is_btn_present_after\nE       assert True != True\n\ntestCases\\test_elements_page.py:264: AssertionError\n&#34;}], &#34;testCases/test_elements_page.py::Test_DynamicsProperties::test_dynamic_btn_enable_after_delay&#34;: [{&#34;extras&#34;: [{&#34;name&#34;: null, &#34;format_type&#34;: &#34;html&#34;, &#34;content&#34;: &#34;&lt;div&gt;&lt;img src=\&#34;C:\\Automation\\Python\\DemoQA-Automation\\Screenshots\\Failed_Screenshot_2024_02_12_13_38_55.png\&#34; style=\&#34;width:250px;height:180px;\&#34; onclick=\&#34;window.open(this.src)\&#34; align=\&#34;right\&#34;/&gt;&lt;/div&gt;&#34;, &#34;mime_type&#34;: null, &#34;extension&#34;: null}], &#34;result&#34;: &#34;Failed&#34;, &#34;testId&#34;: &#34;testCases/test_elements_page.py::Test_DynamicsProperties::test_dynamic_btn_enable_after_delay&#34;, &#34;duration&#34;: &#34;00:01:48&#34;, &#34;resultsTableRow&#34;: [&#34;&lt;td class=\&#34;col-result\&#34;&gt;Failed&lt;/td&gt;&#34;, &#34;&lt;td class=\&#34;col-testId\&#34;&gt;testCases/test_elements_page.py::Test_DynamicsProperties::test_dynamic_btn_enable_after_delay&lt;/td&gt;&#34;, &#34;&lt;td class=\&#34;col-duration\&#34;&gt;00:01:48&lt;/td&gt;&#34;, &#34;&lt;td class=\&#34;col-links\&#34;&gt;&lt;/td&gt;&#34;], &#34;log&#34;: &#34;[gw27] win32 -- Python 3.12.1 C:\\Automation\\Python\\DemoQA-Automation\\.venv\\Scripts\\python.exe\n\nself = &amp;lt;testCases.test_elements_page.Test_DynamicsProperties object at 0x0000018E780FC650&amp;gt;\n\n    def test_dynamic_btn_enable_after_delay(self):\n        btn = self.element.btn_enable_after_5_secs()\n        is_btn_enabled_before_click = btn.is_enabled()\n        time.sleep(5)  # enable after 5 seconds\n        btn.click()\n        is_btn_enabled_after_click = btn.is_enabled()\n&amp;gt;       assert is_btn_enabled_before_click != is_btn_enabled_after_click\nE       assert True != True\n\ntestCases\\test_elements_page.py:251: AssertionError\n&#34;}], &#34;testCases/test_widgets_page.py::Test_Accordian::test_accordian[2-Why do we use it?-It is a long established fact that a reader]&#34;: [{&#34;extras&#34;: [], &#34;result&#34;: &#34;Passed&#34;, &#34;testId&#34;: &#34;testCases/test_widgets_page.py::Test_Accordian::test_accordian[2-Why do we use it?-It is a long established fact that a reader]&#34;, &#34;duration&#34;: &#34;00:02:21&#34;, &#34;resultsTableRow&#34;: [&#34;&lt;td class=\&#34;col-result\&#34;&gt;Passed&lt;/td&gt;&#34;, &#34;&lt;td class=\&#34;col-testId\&#34;&gt;testCases/test_widgets_page.py::Test_Accordian::test_accordian[2-Why do we use it?-It is a long established fact that a reader]&lt;/td&gt;&#34;, &#34;&lt;td class=\&#34;col-duration\&#34;&gt;00:02:21&lt;/td&gt;&#34;, &#34;&lt;td class=\&#34;col-links\&#34;&gt;&lt;/td&gt;&#34;], &#34;log&#34;: &#34;[gw47] win32 -- Python 3.12.1 C:\\Automation\\Python\\DemoQA-Automation\\.venv\\Scripts\\python.exe\n&#34;}], &#34;testCases/test_alert_frame_windows.py::Test_Windows::test_open_new_window_message&#34;: [{&#34;extras&#34;: [{&#34;name&#34;: null, &#34;format_type&#34;: &#34;html&#34;, &#34;content&#34;: &#34;&lt;div&gt;&lt;img src=\&#34;C:\\Automation\\Python\\DemoQA-Automation\\Screenshots\\Failed_Screenshot_2024_02_12_13_39_37.png\&#34; style=\&#34;width:250px;height:180px;\&#34; onclick=\&#34;window.open(this.src)\&#34; align=\&#34;right\&#34;/&gt;&lt;/div&gt;&#34;, &#34;mime_type&#34;: null, &#34;extension&#34;: null}], &#34;result&#34;: &#34;Error&#34;, &#34;testId&#34;: &#34;testCases/test_alert_frame_windows.py::Test_Windows::test_open_new_window_message::setup&#34;, &#34;duration&#34;: &#34;00:01:56&#34;, &#34;resultsTableRow&#34;: [&#34;&lt;td class=\&#34;col-result\&#34;&gt;Error&lt;/td&gt;&#34;, &#34;&lt;td class=\&#34;col-testId\&#34;&gt;testCases/test_alert_frame_windows.py::Test_Windows::test_open_new_window_message::setup&lt;/td&gt;&#34;, &#34;&lt;td class=\&#34;col-duration\&#34;&gt;00:01:56&lt;/td&gt;&#34;, &#34;&lt;td class=\&#34;col-links\&#34;&gt;&lt;/td&gt;&#34;], &#34;log&#34;: &#34;[gw1] win32 -- Python 3.12.1 C:\\Automation\\Python\\DemoQA-Automation\\.venv\\Scripts\\python.exe\n\nself = &amp;lt;testCases.test_alert_frame_windows.Test_Windows object at 0x000002C071C8EAB0&amp;gt;\nsetup = &amp;lt;selenium.webdriver.chrome.webdriver.WebDriver (session=&amp;quot;d083375302ecca83924167d972ee770f&amp;quot;)&amp;gt;\n\n    @pytest.fixture(autouse=True)\n    def init_test(self, setup):\n        self.driver = setup\n        self.homepage = Homepage(self.driver)\n        self.homepage.click_category(2)\n        self.elements_page = Element_Page(self.driver)\n&amp;gt;       self.elements_page.open_sub_menus(self.menu_index, self.sub_menu_index)\n\ntestCases\\test_alert_frame_windows.py:17: \n_ _ _ _ _ _ _ _ _ _ _ _ _ _ _ _ _ _ _ _ _ _ _ _ _ _ _ _ _ _ _ _ _ _ _ _ _ _ _ _ _ _ _ _ _ _ _ _ _ _ _ _ _ _ _ _ _ _ _ _ _ _ _ _ _ _ _ _ _ _ _ _ _ _\npageObjects\\elements_page.py:244: in open_sub_menus\n    self.click_sub_menu_element(menu_index, submenu_index)\npageObjects\\elements_page.py:96: in click_sub_menu_element\n    self.driver.execute_script(&amp;quot;arguments[0].click()&amp;quot;, menu_list[sub_menu_id_index])\n.venv\\Lib\\site-packages\\selenium\\webdriver\\remote\\webdriver.py:407: in execute_script\n    return self.execute(command, {&amp;quot;script&amp;quot;: script, &amp;quot;args&amp;quot;: converted_args})[&amp;quot;value&amp;quot;]\n.venv\\Lib\\site-packages\\selenium\\webdriver\\remote\\webdriver.py:347: in execute\n    self.error_handler.check_response(response)\n_ _ _ _ _ _ _ _ _ _ _ _ _ _ _ _ _ _ _ _ _ _ _ _ _ _ _ _ _ _ _ _ _ _ _ _ _ _ _ _ _ _ _ _ _ _ _ _ _ _ _ _ _ _ _ _ _ _ _ _ _ _ _ _ _ _ _ _ _ _ _ _ _ _\n\nself = &amp;lt;selenium.webdriver.remote.errorhandler.ErrorHandler object at 0x000002C071E4E780&amp;gt;\nresponse = {&amp;#x27;status&amp;#x27;: 500, &amp;#x27;value&amp;#x27;: &amp;#x27;{&amp;quot;value&amp;quot;:{&amp;quot;error&amp;quot;:&amp;quot;script timeout&amp;quot;,&amp;quot;message&amp;quot;:&amp;quot;script timeout\\\\n  (Session info: chrome-headl...07FF7201EBD04]\\\\n\\\\tBaseThreadInitThunk [0x00007FFD1B7C257D+29]\\\\n\\\\tRtlUserThreadStart [0x00007FFD1C7EAA58+40]\\\\n&amp;quot;}}&amp;#x27;}\n\n    def check_response(self, response: Dict[str, Any]) -&amp;gt; None:\n        &amp;quot;&amp;quot;&amp;quot;Checks that a JSON response from the WebDriver does not have an\n        error.\n    \n        :Args:\n         - response - The JSON response from the WebDriver server as a dictionary\n           object.\n    \n        :Raises: If the response contains an error message.\n        &amp;quot;&amp;quot;&amp;quot;\n        status = response.get(&amp;quot;status&amp;quot;, None)\n        if not status or status == ErrorCode.SUCCESS:\n            return\n        value = None\n        message = response.get(&amp;quot;message&amp;quot;, &amp;quot;&amp;quot;)\n        screen: str = response.get(&amp;quot;screen&amp;quot;, &amp;quot;&amp;quot;)\n        stacktrace = None\n        if isinstance(status, int):\n            value_json = response.get(&amp;quot;value&amp;quot;, None)\n            if value_json and isinstance(value_json, str):\n                import json\n    \n                try:\n                    value = json.loads(value_json)\n                    if len(value) == 1:\n                        value = value[&amp;quot;value&amp;quot;]\n                    status = value.get(&amp;quot;error&amp;quot;, None)\n                    if not status:\n                        status = value.get(&amp;quot;status&amp;quot;, ErrorCode.UNKNOWN_ERROR)\n                        message = value.get(&amp;quot;value&amp;quot;) or value.get(&amp;quot;message&amp;quot;)\n                        if not isinstance(message, str):\n                            value = message\n                            message = message.get(&amp;quot;message&amp;quot;)\n                    else:\n                        message = value.get(&amp;quot;message&amp;quot;, None)\n                except ValueError:\n                    pass\n    \n        exception_class: Type[WebDriverException]\n        e = ErrorCode()\n        error_codes = [item for item in dir(e) if not item.startswith(&amp;quot;__&amp;quot;)]\n        for error_code in error_codes:\n            error_info = getattr(ErrorCode, error_code)\n            if isinstance(error_info, list) and status in error_info:\n                exception_class = getattr(ExceptionMapping, error_code, WebDriverException)\n                break\n        else:\n            exception_class = WebDriverException\n    \n        if not value:\n            value = response[&amp;quot;value&amp;quot;]\n        if isinstance(value, str):\n            raise exception_class(value)\n        if message == &amp;quot;&amp;quot; and &amp;quot;message&amp;quot; in value:\n            message = value[&amp;quot;message&amp;quot;]\n    \n        screen = None  # type: ignore[assignment]\n        if &amp;quot;screen&amp;quot; in value:\n            screen = value[&amp;quot;screen&amp;quot;]\n    \n        stacktrace = None\n        st_value = value.get(&amp;quot;stackTrace&amp;quot;) or value.get(&amp;quot;stacktrace&amp;quot;)\n        if st_value:\n            if isinstance(st_value, str):\n                stacktrace = st_value.split(&amp;quot;\\n&amp;quot;)\n            else:\n                stacktrace = []\n                try:\n                    for frame in st_value:\n                        line = frame.get(&amp;quot;lineNumber&amp;quot;, &amp;quot;&amp;quot;)\n                        file = frame.get(&amp;quot;fileName&amp;quot;, &amp;quot;&amp;lt;anonymous&amp;gt;&amp;quot;)\n                        if line:\n                            file = f&amp;quot;{file}:{line}&amp;quot;\n                        meth = frame.get(&amp;quot;methodName&amp;quot;, &amp;quot;&amp;lt;anonymous&amp;gt;&amp;quot;)\n                        if &amp;quot;className&amp;quot; in frame:\n                            meth = f&amp;quot;{frame[&amp;#x27;className&amp;#x27;]}.{meth}&amp;quot;\n                        msg = &amp;quot;    at %s (%s)&amp;quot;\n                        msg = msg % (meth, file)\n                        stacktrace.append(msg)\n                except TypeError:\n                    pass\n        if exception_class == UnexpectedAlertPresentException:\n            alert_text = None\n            if &amp;quot;data&amp;quot; in value:\n                alert_text = value[&amp;quot;data&amp;quot;].get(&amp;quot;text&amp;quot;)\n            elif &amp;quot;alert&amp;quot; in value:\n                alert_text = value[&amp;quot;alert&amp;quot;].get(&amp;quot;text&amp;quot;)\n            raise exception_class(message, screen, stacktrace, alert_text)  # type: ignore[call-arg]  # mypy is not smart enough here\n&amp;gt;       raise exception_class(message, screen, stacktrace)\nE       selenium.common.exceptions.TimeoutException: Message: script timeout\nE         (Session info: chrome-headless-shell=121.0.6167.161)\nE       Stacktrace:\nE       \tGetHandleVerifier [0x00007FF7205D5E42+3538674]\nE       \t(No symbol) [0x00007FF7201F4C02]\nE       \t(No symbol) [0x00007FF7200A599D]\nE       \t(No symbol) [0x00007FF72012CB92]\nE       \t(No symbol) [0x00007FF72010F0AA]\nE       \t(No symbol) [0x00007FF72012BDE3]\nE       \t(No symbol) [0x00007FF72010EE53]\nE       \t(No symbol) [0x00007FF7200DF514]\nE       \t(No symbol) [0x00007FF7200E0631]\nE       \tGetHandleVerifier [0x00007FF720606CAD+3738973]\nE       \tGetHandleVerifier [0x00007FF72065C506+4089270]\nE       \tGetHandleVerifier [0x00007FF720654823+4057299]\nE       \tGetHandleVerifier [0x00007FF720325C49+720121]\nE       \t(No symbol) [0x00007FF72020126F]\nE       \t(No symbol) [0x00007FF7201FC304]\nE       \t(No symbol) [0x00007FF7201FC432]\nE       \t(No symbol) [0x00007FF7201EBD04]\nE       \tBaseThreadInitThunk [0x00007FFD1B7C257D+29]\nE       \tRtlUserThreadStart [0x00007FFD1C7EAA58+40]\n\n.venv\\Lib\\site-packages\\selenium\\webdriver\\remote\\errorhandler.py:229: TimeoutException\n&#34;}], &#34;testCases/test_interactions_page.py::Test_Draggable::test_container_restricted&#34;: [{&#34;extras&#34;: [], &#34;result&#34;: &#34;Passed&#34;, &#34;testId&#34;: &#34;testCases/test_interactions_page.py::Test_Draggable::test_container_restricted&#34;, &#34;duration&#34;: &#34;00:01:47&#34;, &#34;resultsTableRow&#34;: [&#34;&lt;td class=\&#34;col-result\&#34;&gt;Passed&lt;/td&gt;&#34;, &#34;&lt;td class=\&#34;col-testId\&#34;&gt;testCases/test_interactions_page.py::Test_Draggable::test_container_restricted&lt;/td&gt;&#34;, &#34;&lt;td class=\&#34;col-duration\&#34;&gt;00:01:47&lt;/td&gt;&#34;, &#34;&lt;td class=\&#34;col-links\&#34;&gt;&lt;/td&gt;&#34;], &#34;log&#34;: &#34;[gw44] win32 -- Python 3.12.1 C:\\Automation\\Python\\DemoQA-Automation\\.venv\\Scripts\\python.exe\n&#34;}], &#34;testCases/test_widgets_page.py::Test_Menus::test_menu_item1_click&#34;: [{&#34;extras&#34;: [], &#34;result&#34;: &#34;Passed&#34;, &#34;testId&#34;: &#34;testCases/test_widgets_page.py::Test_Menus::test_menu_item1_click&#34;, &#34;duration&#34;: &#34;00:01:25&#34;, &#34;resultsTableRow&#34;: [&#34;&lt;td class=\&#34;col-result\&#34;&gt;Passed&lt;/td&gt;&#34;, &#34;&lt;td class=\&#34;col-testId\&#34;&gt;testCases/test_widgets_page.py::Test_Menus::test_menu_item1_click&lt;/td&gt;&#34;, &#34;&lt;td class=\&#34;col-duration\&#34;&gt;00:01:25&lt;/td&gt;&#34;, &#34;&lt;td class=\&#34;col-links\&#34;&gt;&lt;/td&gt;&#34;], &#34;log&#34;: &#34;[gw19] win32 -- Python 3.12.1 C:\\Automation\\Python\\DemoQA-Automation\\.venv\\Scripts\\python.exe\n&#34;}], &#34;testCases/test_widgets_page.py::Test_Menus::test_hover_menu2&#34;: [{&#34;extras&#34;: [], &#34;result&#34;: &#34;Passed&#34;, &#34;testId&#34;: &#34;testCases/test_widgets_page.py::Test_Menus::test_hover_menu2&#34;, &#34;duration&#34;: &#34;00:01:26&#34;, &#34;resultsTableRow&#34;: [&#34;&lt;td class=\&#34;col-result\&#34;&gt;Passed&lt;/td&gt;&#34;, &#34;&lt;td class=\&#34;col-testId\&#34;&gt;testCases/test_widgets_page.py::Test_Menus::test_hover_menu2&lt;/td&gt;&#34;, &#34;&lt;td class=\&#34;col-duration\&#34;&gt;00:01:26&lt;/td&gt;&#34;, &#34;&lt;td class=\&#34;col-links\&#34;&gt;&lt;/td&gt;&#34;], &#34;log&#34;: &#34;[gw45] win32 -- Python 3.12.1 C:\\Automation\\Python\\DemoQA-Automation\\.venv\\Scripts\\python.exe\n&#34;}], &#34;testCases/test_widgets_page.py::Test_Select_Menu::test_standard_multiselect&#34;: [{&#34;extras&#34;: [], &#34;result&#34;: &#34;Passed&#34;, &#34;testId&#34;: &#34;testCases/test_widgets_page.py::Test_Select_Menu::test_standard_multiselect&#34;, &#34;duration&#34;: &#34;00:02:00&#34;, &#34;resultsTableRow&#34;: [&#34;&lt;td class=\&#34;col-result\&#34;&gt;Passed&lt;/td&gt;&#34;, &#34;&lt;td class=\&#34;col-testId\&#34;&gt;testCases/test_widgets_page.py::Test_Select_Menu::test_standard_multiselect&lt;/td&gt;&#34;, &#34;&lt;td class=\&#34;col-duration\&#34;&gt;00:02:00&lt;/td&gt;&#34;, &#34;&lt;td class=\&#34;col-links\&#34;&gt;&lt;/td&gt;&#34;], &#34;log&#34;: &#34;[gw38] win32 -- Python 3.12.1 C:\\Automation\\Python\\DemoQA-Automation\\.venv\\Scripts\\python.exe\n&#34;}], &#34;testCases/test_elements_page.py::Test_Buttons_Click::test_dynamic_click&#34;: [{&#34;extras&#34;: [], &#34;result&#34;: &#34;Passed&#34;, &#34;testId&#34;: &#34;testCases/test_elements_page.py::Test_Buttons_Click::test_dynamic_click&#34;, &#34;duration&#34;: &#34;00:01:27&#34;, &#34;resultsTableRow&#34;: [&#34;&lt;td class=\&#34;col-result\&#34;&gt;Passed&lt;/td&gt;&#34;, &#34;&lt;td class=\&#34;col-testId\&#34;&gt;testCases/test_elements_page.py::Test_Buttons_Click::test_dynamic_click&lt;/td&gt;&#34;, &#34;&lt;td class=\&#34;col-duration\&#34;&gt;00:01:27&lt;/td&gt;&#34;, &#34;&lt;td class=\&#34;col-links\&#34;&gt;&lt;/td&gt;&#34;], &#34;log&#34;: &#34;[gw21] win32 -- Python 3.12.1 C:\\Automation\\Python\\DemoQA-Automation\\.venv\\Scripts\\python.exe\n&#34;}], &#34;testCases/test_alert_frame_windows.py::Test_Models::test_small_model&#34;: [{&#34;extras&#34;: [], &#34;result&#34;: &#34;Passed&#34;, &#34;testId&#34;: &#34;testCases/test_alert_frame_windows.py::Test_Models::test_small_model&#34;, &#34;duration&#34;: &#34;00:02:20&#34;, &#34;resultsTableRow&#34;: [&#34;&lt;td class=\&#34;col-result\&#34;&gt;Passed&lt;/td&gt;&#34;, &#34;&lt;td class=\&#34;col-testId\&#34;&gt;testCases/test_alert_frame_windows.py::Test_Models::test_small_model&lt;/td&gt;&#34;, &#34;&lt;td class=\&#34;col-duration\&#34;&gt;00:02:20&lt;/td&gt;&#34;, &#34;&lt;td class=\&#34;col-links\&#34;&gt;&lt;/td&gt;&#34;], &#34;log&#34;: &#34;[gw7] win32 -- Python 3.12.1 C:\\Automation\\Python\\DemoQA-Automation\\.venv\\Scripts\\python.exe\n&#34;}], &#34;testCases/test_elements_page.py::Test_ElementPage::test_submenu_in_elements_clickable[upload-download-7]&#34;: [{&#34;extras&#34;: [], &#34;result&#34;: &#34;Passed&#34;, &#34;testId&#34;: &#34;testCases/test_elements_page.py::Test_ElementPage::test_submenu_in_elements_clickable[upload-download-7]&#34;, &#34;duration&#34;: &#34;00:02:25&#34;, &#34;resultsTableRow&#34;: [&#34;&lt;td class=\&#34;col-result\&#34;&gt;Passed&lt;/td&gt;&#34;, &#34;&lt;td class=\&#34;col-testId\&#34;&gt;testCases/test_elements_page.py::Test_ElementPage::test_submenu_in_elements_clickable[upload-download-7]&lt;/td&gt;&#34;, &#34;&lt;td class=\&#34;col-duration\&#34;&gt;00:02:25&lt;/td&gt;&#34;, &#34;&lt;td class=\&#34;col-links\&#34;&gt;&lt;/td&gt;&#34;], &#34;log&#34;: &#34;[gw13] win32 -- Python 3.12.1 C:\\Automation\\Python\\DemoQA-Automation\\.venv\\Scripts\\python.exe\n\n------------------------------ Captured log call -------------------------------\nINFO     root:test_elements_page.py:71 upload-download clickable: PASSED\n\n&#34;}], &#34;testCases/test_widgets_page.py::Test_ToolTips::test_tool_tip_on_btn&#34;: [{&#34;extras&#34;: [], &#34;result&#34;: &#34;Passed&#34;, &#34;testId&#34;: &#34;testCases/test_widgets_page.py::Test_ToolTips::test_tool_tip_on_btn&#34;, &#34;duration&#34;: &#34;00:02:19&#34;, &#34;resultsTableRow&#34;: [&#34;&lt;td class=\&#34;col-result\&#34;&gt;Passed&lt;/td&gt;&#34;, &#34;&lt;td class=\&#34;col-testId\&#34;&gt;testCases/test_widgets_page.py::Test_ToolTips::test_tool_tip_on_btn&lt;/td&gt;&#34;, &#34;&lt;td class=\&#34;col-duration\&#34;&gt;00:02:19&lt;/td&gt;&#34;, &#34;&lt;td class=\&#34;col-links\&#34;&gt;&lt;/td&gt;&#34;], &#34;log&#34;: &#34;[gw32] win32 -- Python 3.12.1 C:\\Automation\\Python\\DemoQA-Automation\\.venv\\Scripts\\python.exe\n&#34;}], &#34;testCases/test_widgets_page.py::Test_ToolTips::test_tool_tip_on_input_field&#34;: [{&#34;extras&#34;: [], &#34;result&#34;: &#34;Passed&#34;, &#34;testId&#34;: &#34;testCases/test_widgets_page.py::Test_ToolTips::test_tool_tip_on_input_field&#34;, &#34;duration&#34;: &#34;00:02:17&#34;, &#34;resultsTableRow&#34;: [&#34;&lt;td class=\&#34;col-result\&#34;&gt;Passed&lt;/td&gt;&#34;, &#34;&lt;td class=\&#34;col-testId\&#34;&gt;testCases/test_widgets_page.py::Test_ToolTips::test_tool_tip_on_input_field&lt;/td&gt;&#34;, &#34;&lt;td class=\&#34;col-duration\&#34;&gt;00:02:17&lt;/td&gt;&#34;, &#34;&lt;td class=\&#34;col-links\&#34;&gt;&lt;/td&gt;&#34;], &#34;log&#34;: &#34;[gw34] win32 -- Python 3.12.1 C:\\Automation\\Python\\DemoQA-Automation\\.venv\\Scripts\\python.exe\n&#34;}], &#34;testCases/test_widgets_page.py::Test_Tabs::test_tabs[origin-Contrary to popular belief, Lorem Ipsum]&#34;: [{&#34;extras&#34;: [], &#34;result&#34;: &#34;Passed&#34;, &#34;testId&#34;: &#34;testCases/test_widgets_page.py::Test_Tabs::test_tabs[origin-Contrary to popular belief, Lorem Ipsum]&#34;, &#34;duration&#34;: &#34;00:01:47&#34;, &#34;resultsTableRow&#34;: [&#34;&lt;td class=\&#34;col-result\&#34;&gt;Passed&lt;/td&gt;&#34;, &#34;&lt;td class=\&#34;col-testId\&#34;&gt;testCases/test_widgets_page.py::Test_Tabs::test_tabs[origin-Contrary to popular belief, Lorem Ipsum]&lt;/td&gt;&#34;, &#34;&lt;td class=\&#34;col-duration\&#34;&gt;00:01:47&lt;/td&gt;&#34;, &#34;&lt;td class=\&#34;col-links\&#34;&gt;&lt;/td&gt;&#34;], &#34;log&#34;: &#34;[gw9] win32 -- Python 3.12.1 C:\\Automation\\Python\\DemoQA-Automation\\.venv\\Scripts\\python.exe\n&#34;}], &#34;testCases/test_widgets_page.py::Test_Select_Menu::test_old_style_select_menu&#34;: [{&#34;extras&#34;: [], &#34;result&#34;: &#34;Passed&#34;, &#34;testId&#34;: &#34;testCases/test_widgets_page.py::Test_Select_Menu::test_old_style_select_menu&#34;, &#34;duration&#34;: &#34;00:01:32&#34;, &#34;resultsTableRow&#34;: [&#34;&lt;td class=\&#34;col-result\&#34;&gt;Passed&lt;/td&gt;&#34;, &#34;&lt;td class=\&#34;col-testId\&#34;&gt;testCases/test_widgets_page.py::Test_Select_Menu::test_old_style_select_menu&lt;/td&gt;&#34;, &#34;&lt;td class=\&#34;col-duration\&#34;&gt;00:01:32&lt;/td&gt;&#34;, &#34;&lt;td class=\&#34;col-links\&#34;&gt;&lt;/td&gt;&#34;], &#34;log&#34;: &#34;[gw48] win32 -- Python 3.12.1 C:\\Automation\\Python\\DemoQA-Automation\\.venv\\Scripts\\python.exe\n&#34;}], &#34;testCases/test_interactions_page.py::Test_ResizeableBox::test_resizeable_inner_box[150-150]&#34;: [{&#34;extras&#34;: [{&#34;name&#34;: null, &#34;format_type&#34;: &#34;html&#34;, &#34;content&#34;: &#34;&lt;div&gt;&lt;img src=\&#34;C:\\Automation\\Python\\DemoQA-Automation\\Screenshots\\Failed_Screenshot_2024_02_12_13_40_07.png\&#34; style=\&#34;width:250px;height:180px;\&#34; onclick=\&#34;window.open(this.src)\&#34; align=\&#34;right\&#34;/&gt;&lt;/div&gt;&#34;, &#34;mime_type&#34;: null, &#34;extension&#34;: null}], &#34;result&#34;: &#34;Error&#34;, &#34;testId&#34;: &#34;testCases/test_interactions_page.py::Test_ResizeableBox::test_resizeable_inner_box[150-150]::setup&#34;, &#34;duration&#34;: &#34;00:02:30&#34;, &#34;resultsTableRow&#34;: [&#34;&lt;td class=\&#34;col-result\&#34;&gt;Error&lt;/td&gt;&#34;, &#34;&lt;td class=\&#34;col-testId\&#34;&gt;testCases/test_interactions_page.py::Test_ResizeableBox::test_resizeable_inner_box[150-150]::setup&lt;/td&gt;&#34;, &#34;&lt;td class=\&#34;col-duration\&#34;&gt;00:02:30&lt;/td&gt;&#34;, &#34;&lt;td class=\&#34;col-links\&#34;&gt;&lt;/td&gt;&#34;], &#34;log&#34;: &#34;[gw37] win32 -- Python 3.12.1 C:\\Automation\\Python\\DemoQA-Automation\\.venv\\Scripts\\python.exe\n\nself = &amp;lt;testCases.test_interactions_page.Test_ResizeableBox object at 0x00000207D4E535C0&amp;gt;\nsetup = &amp;lt;selenium.webdriver.chrome.webdriver.WebDriver (session=&amp;quot;0d5b1a6ac9403eb8d7945f3f9da6f4b2&amp;quot;)&amp;gt;\n\n    @pytest.fixture(autouse=True)\n    def init_test(self, setup):\n        self.driver = setup\n        self.homepage = Homepage(self.driver)\n        self.homepage.click_category(4)\n        self.elements_page = Element_Page(self.driver)\n&amp;gt;       self.elements_page.open_sub_menus(self.menu_index, self.sub_menu_index)\n\ntestCases\\test_interactions_page.py:17: \n_ _ _ _ _ _ _ _ _ _ _ _ _ _ _ _ _ _ _ _ _ _ _ _ _ _ _ _ _ _ _ _ _ _ _ _ _ _ _ _ _ _ _ _ _ _ _ _ _ _ _ _ _ _ _ _ _ _ _ _ _ _ _ _ _ _ _ _ _ _ _ _ _ _\npageObjects\\elements_page.py:244: in open_sub_menus\n    self.click_sub_menu_element(menu_index, submenu_index)\npageObjects\\elements_page.py:96: in click_sub_menu_element\n    self.driver.execute_script(&amp;quot;arguments[0].click()&amp;quot;, menu_list[sub_menu_id_index])\n.venv\\Lib\\site-packages\\selenium\\webdriver\\remote\\webdriver.py:407: in execute_script\n    return self.execute(command, {&amp;quot;script&amp;quot;: script, &amp;quot;args&amp;quot;: converted_args})[&amp;quot;value&amp;quot;]\n.venv\\Lib\\site-packages\\selenium\\webdriver\\remote\\webdriver.py:347: in execute\n    self.error_handler.check_response(response)\n_ _ _ _ _ _ _ _ _ _ _ _ _ _ _ _ _ _ _ _ _ _ _ _ _ _ _ _ _ _ _ _ _ _ _ _ _ _ _ _ _ _ _ _ _ _ _ _ _ _ _ _ _ _ _ _ _ _ _ _ _ _ _ _ _ _ _ _ _ _ _ _ _ _\n\nself = &amp;lt;selenium.webdriver.remote.errorhandler.ErrorHandler object at 0x00000207D4F06B40&amp;gt;\nresponse = {&amp;#x27;status&amp;#x27;: 500, &amp;#x27;value&amp;#x27;: &amp;#x27;{&amp;quot;value&amp;quot;:{&amp;quot;error&amp;quot;:&amp;quot;script timeout&amp;quot;,&amp;quot;message&amp;quot;:&amp;quot;script timeout\\\\n  (Session info: chrome-headl...07FF7201EBD04]\\\\n\\\\tBaseThreadInitThunk [0x00007FFD1B7C257D+29]\\\\n\\\\tRtlUserThreadStart [0x00007FFD1C7EAA58+40]\\\\n&amp;quot;}}&amp;#x27;}\n\n    def check_response(self, response: Dict[str, Any]) -&amp;gt; None:\n        &amp;quot;&amp;quot;&amp;quot;Checks that a JSON response from the WebDriver does not have an\n        error.\n    \n        :Args:\n         - response - The JSON response from the WebDriver server as a dictionary\n           object.\n    \n        :Raises: If the response contains an error message.\n        &amp;quot;&amp;quot;&amp;quot;\n        status = response.get(&amp;quot;status&amp;quot;, None)\n        if not status or status == ErrorCode.SUCCESS:\n            return\n        value = None\n        message = response.get(&amp;quot;message&amp;quot;, &amp;quot;&amp;quot;)\n        screen: str = response.get(&amp;quot;screen&amp;quot;, &amp;quot;&amp;quot;)\n        stacktrace = None\n        if isinstance(status, int):\n            value_json = response.get(&amp;quot;value&amp;quot;, None)\n            if value_json and isinstance(value_json, str):\n                import json\n    \n                try:\n                    value = json.loads(value_json)\n                    if len(value) == 1:\n                        value = value[&amp;quot;value&amp;quot;]\n                    status = value.get(&amp;quot;error&amp;quot;, None)\n                    if not status:\n                        status = value.get(&amp;quot;status&amp;quot;, ErrorCode.UNKNOWN_ERROR)\n                        message = value.get(&amp;quot;value&amp;quot;) or value.get(&amp;quot;message&amp;quot;)\n                        if not isinstance(message, str):\n                            value = message\n                            message = message.get(&amp;quot;message&amp;quot;)\n                    else:\n                        message = value.get(&amp;quot;message&amp;quot;, None)\n                except ValueError:\n                    pass\n    \n        exception_class: Type[WebDriverException]\n        e = ErrorCode()\n        error_codes = [item for item in dir(e) if not item.startswith(&amp;quot;__&amp;quot;)]\n        for error_code in error_codes:\n            error_info = getattr(ErrorCode, error_code)\n            if isinstance(error_info, list) and status in error_info:\n                exception_class = getattr(ExceptionMapping, error_code, WebDriverException)\n                break\n        else:\n            exception_class = WebDriverException\n    \n        if not value:\n            value = response[&amp;quot;value&amp;quot;]\n        if isinstance(value, str):\n            raise exception_class(value)\n        if message == &amp;quot;&amp;quot; and &amp;quot;message&amp;quot; in value:\n            message = value[&amp;quot;message&amp;quot;]\n    \n        screen = None  # type: ignore[assignment]\n        if &amp;quot;screen&amp;quot; in value:\n            screen = value[&amp;quot;screen&amp;quot;]\n    \n        stacktrace = None\n        st_value = value.get(&amp;quot;stackTrace&amp;quot;) or value.get(&amp;quot;stacktrace&amp;quot;)\n        if st_value:\n            if isinstance(st_value, str):\n                stacktrace = st_value.split(&amp;quot;\\n&amp;quot;)\n            else:\n                stacktrace = []\n                try:\n                    for frame in st_value:\n                        line = frame.get(&amp;quot;lineNumber&amp;quot;, &amp;quot;&amp;quot;)\n                        file = frame.get(&amp;quot;fileName&amp;quot;, &amp;quot;&amp;lt;anonymous&amp;gt;&amp;quot;)\n                        if line:\n                            file = f&amp;quot;{file}:{line}&amp;quot;\n                        meth = frame.get(&amp;quot;methodName&amp;quot;, &amp;quot;&amp;lt;anonymous&amp;gt;&amp;quot;)\n                        if &amp;quot;className&amp;quot; in frame:\n                            meth = f&amp;quot;{frame[&amp;#x27;className&amp;#x27;]}.{meth}&amp;quot;\n                        msg = &amp;quot;    at %s (%s)&amp;quot;\n                        msg = msg % (meth, file)\n                        stacktrace.append(msg)\n                except TypeError:\n                    pass\n        if exception_class == UnexpectedAlertPresentException:\n            alert_text = None\n            if &amp;quot;data&amp;quot; in value:\n                alert_text = value[&amp;quot;data&amp;quot;].get(&amp;quot;text&amp;quot;)\n            elif &amp;quot;alert&amp;quot; in value:\n                alert_text = value[&amp;quot;alert&amp;quot;].get(&amp;quot;text&amp;quot;)\n            raise exception_class(message, screen, stacktrace, alert_text)  # type: ignore[call-arg]  # mypy is not smart enough here\n&amp;gt;       raise exception_class(message, screen, stacktrace)\nE       selenium.common.exceptions.TimeoutException: Message: script timeout\nE         (Session info: chrome-headless-shell=121.0.6167.161)\nE       Stacktrace:\nE       \tGetHandleVerifier [0x00007FF7205D5E42+3538674]\nE       \t(No symbol) [0x00007FF7201F4C02]\nE       \t(No symbol) [0x00007FF7200A599D]\nE       \t(No symbol) [0x00007FF72012CB92]\nE       \t(No symbol) [0x00007FF72010F0AA]\nE       \t(No symbol) [0x00007FF72012BDE3]\nE       \t(No symbol) [0x00007FF72010EE53]\nE       \t(No symbol) [0x00007FF7200DF514]\nE       \t(No symbol) [0x00007FF7200E0631]\nE       \tGetHandleVerifier [0x00007FF720606CAD+3738973]\nE       \tGetHandleVerifier [0x00007FF72065C506+4089270]\nE       \tGetHandleVerifier [0x00007FF720654823+4057299]\nE       \tGetHandleVerifier [0x00007FF720325C49+720121]\nE       \t(No symbol) [0x00007FF72020126F]\nE       \t(No symbol) [0x00007FF7201FC304]\nE       \t(No symbol) [0x00007FF7201FC432]\nE       \t(No symbol) [0x00007FF7201EBD04]\nE       \tBaseThreadInitThunk [0x00007FFD1B7C257D+29]\nE       \tRtlUserThreadStart [0x00007FFD1C7EAA58+40]\n\n.venv\\Lib\\site-packages\\selenium\\webdriver\\remote\\errorhandler.py:229: TimeoutException\n&#34;}], &#34;testCases/test_interactions_page.py::Test_ShortableListGrids::test_sortable_list&#34;: [{&#34;extras&#34;: [], &#34;result&#34;: &#34;Passed&#34;, &#34;testId&#34;: &#34;testCases/test_interactions_page.py::Test_ShortableListGrids::test_sortable_list&#34;, &#34;duration&#34;: &#34;00:02:47&#34;, &#34;resultsTableRow&#34;: [&#34;&lt;td class=\&#34;col-result\&#34;&gt;Passed&lt;/td&gt;&#34;, &#34;&lt;td class=\&#34;col-testId\&#34;&gt;testCases/test_interactions_page.py::Test_ShortableListGrids::test_sortable_list&lt;/td&gt;&#34;, &#34;&lt;td class=\&#34;col-duration\&#34;&gt;00:02:47&lt;/td&gt;&#34;, &#34;&lt;td class=\&#34;col-links\&#34;&gt;&lt;/td&gt;&#34;], &#34;log&#34;: &#34;[gw35] win32 -- Python 3.12.1 C:\\Automation\\Python\\DemoQA-Automation\\.venv\\Scripts\\python.exe\n&#34;}], &#34;testCases/test_alert_frame_windows.py::Test_Windows::test_open_new_tab&#34;: [{&#34;extras&#34;: [], &#34;result&#34;: &#34;Passed&#34;, &#34;testId&#34;: &#34;testCases/test_alert_frame_windows.py::Test_Windows::test_open_new_tab&#34;, &#34;duration&#34;: &#34;00:02:44&#34;, &#34;resultsTableRow&#34;: [&#34;&lt;td class=\&#34;col-result\&#34;&gt;Passed&lt;/td&gt;&#34;, &#34;&lt;td class=\&#34;col-testId\&#34;&gt;testCases/test_alert_frame_windows.py::Test_Windows::test_open_new_tab&lt;/td&gt;&#34;, &#34;&lt;td class=\&#34;col-duration\&#34;&gt;00:02:44&lt;/td&gt;&#34;, &#34;&lt;td class=\&#34;col-links\&#34;&gt;&lt;/td&gt;&#34;], &#34;log&#34;: &#34;[gw0] win32 -- Python 3.12.1 C:\\Automation\\Python\\DemoQA-Automation\\.venv\\Scripts\\python.exe\n&#34;}], &#34;testCases/test_elements_page.py::Test_Link_Clicks::test_links_sends_api_call[Created]&#34;: [{&#34;extras&#34;: [], &#34;result&#34;: &#34;Passed&#34;, &#34;testId&#34;: &#34;testCases/test_elements_page.py::Test_Link_Clicks::test_links_sends_api_call[Created]&#34;, &#34;duration&#34;: &#34;00:02:42&#34;, &#34;resultsTableRow&#34;: [&#34;&lt;td class=\&#34;col-result\&#34;&gt;Passed&lt;/td&gt;&#34;, &#34;&lt;td class=\&#34;col-testId\&#34;&gt;testCases/test_elements_page.py::Test_Link_Clicks::test_links_sends_api_call[Created]&lt;/td&gt;&#34;, &#34;&lt;td class=\&#34;col-duration\&#34;&gt;00:02:42&lt;/td&gt;&#34;, &#34;&lt;td class=\&#34;col-links\&#34;&gt;&lt;/td&gt;&#34;], &#34;log&#34;: &#34;[gw22] win32 -- Python 3.12.1 C:\\Automation\\Python\\DemoQA-Automation\\.venv\\Scripts\\python.exe\n&#34;}], &#34;testCases/test_elements_page.py::Test_Link_Clicks::test_links_sends_api_call[Moved]&#34;: [{&#34;extras&#34;: [], &#34;result&#34;: &#34;Passed&#34;, &#34;testId&#34;: &#34;testCases/test_elements_page.py::Test_Link_Clicks::test_links_sends_api_call[Moved]&#34;, &#34;duration&#34;: &#34;00:02:46&#34;, &#34;resultsTableRow&#34;: [&#34;&lt;td class=\&#34;col-result\&#34;&gt;Passed&lt;/td&gt;&#34;, &#34;&lt;td class=\&#34;col-testId\&#34;&gt;testCases/test_elements_page.py::Test_Link_Clicks::test_links_sends_api_call[Moved]&lt;/td&gt;&#34;, &#34;&lt;td class=\&#34;col-duration\&#34;&gt;00:02:46&lt;/td&gt;&#34;, &#34;&lt;td class=\&#34;col-links\&#34;&gt;&lt;/td&gt;&#34;], &#34;log&#34;: &#34;[gw23] win32 -- Python 3.12.1 C:\\Automation\\Python\\DemoQA-Automation\\.venv\\Scripts\\python.exe\n&#34;}], &#34;testCases/test_forms_page.py::Test_Form_Page::test_forms&#34;: [{&#34;extras&#34;: [], &#34;result&#34;: &#34;Passed&#34;, &#34;testId&#34;: &#34;testCases/test_forms_page.py::Test_Form_Page::test_forms&#34;, &#34;duration&#34;: &#34;00:01:48&#34;, &#34;resultsTableRow&#34;: [&#34;&lt;td class=\&#34;col-result\&#34;&gt;Passed&lt;/td&gt;&#34;, &#34;&lt;td class=\&#34;col-testId\&#34;&gt;testCases/test_forms_page.py::Test_Form_Page::test_forms&lt;/td&gt;&#34;, &#34;&lt;td class=\&#34;col-duration\&#34;&gt;00:01:48&lt;/td&gt;&#34;, &#34;&lt;td class=\&#34;col-links\&#34;&gt;&lt;/td&gt;&#34;], &#34;log&#34;: &#34;[gw29] win32 -- Python 3.12.1 C:\\Automation\\Python\\DemoQA-Automation\\.venv\\Scripts\\python.exe\n&#34;}], &#34;testCases/test_widgets_page.py::Test_Tabs::test_tabs[use-It is a long established fact that a reader]&#34;: [{&#34;extras&#34;: [], &#34;result&#34;: &#34;Passed&#34;, &#34;testId&#34;: &#34;testCases/test_widgets_page.py::Test_Tabs::test_tabs[use-It is a long established fact that a reader]&#34;, &#34;duration&#34;: &#34;00:02:18&#34;, &#34;resultsTableRow&#34;: [&#34;&lt;td class=\&#34;col-result\&#34;&gt;Passed&lt;/td&gt;&#34;, &#34;&lt;td class=\&#34;col-testId\&#34;&gt;testCases/test_widgets_page.py::Test_Tabs::test_tabs[use-It is a long established fact that a reader]&lt;/td&gt;&#34;, &#34;&lt;td class=\&#34;col-duration\&#34;&gt;00:02:18&lt;/td&gt;&#34;, &#34;&lt;td class=\&#34;col-links\&#34;&gt;&lt;/td&gt;&#34;], &#34;log&#34;: &#34;[gw11] win32 -- Python 3.12.1 C:\\Automation\\Python\\DemoQA-Automation\\.venv\\Scripts\\python.exe\n&#34;}], &#34;testCases/test_interactions_page.py::Test_SelectableListGrids::test_select_list&#34;: [{&#34;extras&#34;: [], &#34;result&#34;: &#34;Passed&#34;, &#34;testId&#34;: &#34;testCases/test_interactions_page.py::Test_SelectableListGrids::test_select_list&#34;, &#34;duration&#34;: &#34;00:02:40&#34;, &#34;resultsTableRow&#34;: [&#34;&lt;td class=\&#34;col-result\&#34;&gt;Passed&lt;/td&gt;&#34;, &#34;&lt;td class=\&#34;col-testId\&#34;&gt;testCases/test_interactions_page.py::Test_SelectableListGrids::test_select_list&lt;/td&gt;&#34;, &#34;&lt;td class=\&#34;col-duration\&#34;&gt;00:02:40&lt;/td&gt;&#34;, &#34;&lt;td class=\&#34;col-links\&#34;&gt;&lt;/td&gt;&#34;], &#34;log&#34;: &#34;[gw36] win32 -- Python 3.12.1 C:\\Automation\\Python\\DemoQA-Automation\\.venv\\Scripts\\python.exe\n&#34;}], &#34;testCases/test_widgets_page.py::Test_Tabs::test_tabs[what-Lorem Ipsum is simply dummy text]&#34;: [{&#34;extras&#34;: [], &#34;result&#34;: &#34;Passed&#34;, &#34;testId&#34;: &#34;testCases/test_widgets_page.py::Test_Tabs::test_tabs[what-Lorem Ipsum is simply dummy text]&#34;, &#34;duration&#34;: &#34;00:01:49&#34;, &#34;resultsTableRow&#34;: [&#34;&lt;td class=\&#34;col-result\&#34;&gt;Passed&lt;/td&gt;&#34;, &#34;&lt;td class=\&#34;col-testId\&#34;&gt;testCases/test_widgets_page.py::Test_Tabs::test_tabs[what-Lorem Ipsum is simply dummy text]&lt;/td&gt;&#34;, &#34;&lt;td class=\&#34;col-duration\&#34;&gt;00:01:49&lt;/td&gt;&#34;, &#34;&lt;td class=\&#34;col-links\&#34;&gt;&lt;/td&gt;&#34;], &#34;log&#34;: &#34;[gw14] win32 -- Python 3.12.1 C:\\Automation\\Python\\DemoQA-Automation\\.venv\\Scripts\\python.exe\n&#34;}], &#34;testCases/test_interactions_page.py::Test_ResizeableBox::test_resizeable_outer_box[600-200]&#34;: [{&#34;extras&#34;: [], &#34;result&#34;: &#34;Passed&#34;, &#34;testId&#34;: &#34;testCases/test_interactions_page.py::Test_ResizeableBox::test_resizeable_outer_box[600-200]&#34;, &#34;duration&#34;: &#34;00:02:39&#34;, &#34;resultsTableRow&#34;: [&#34;&lt;td class=\&#34;col-result\&#34;&gt;Passed&lt;/td&gt;&#34;, &#34;&lt;td class=\&#34;col-testId\&#34;&gt;testCases/test_interactions_page.py::Test_ResizeableBox::test_resizeable_outer_box[600-200]&lt;/td&gt;&#34;, &#34;&lt;td class=\&#34;col-duration\&#34;&gt;00:02:39&lt;/td&gt;&#34;, &#34;&lt;td class=\&#34;col-links\&#34;&gt;&lt;/td&gt;&#34;], &#34;log&#34;: &#34;[gw40] win32 -- Python 3.12.1 C:\\Automation\\Python\\DemoQA-Automation\\.venv\\Scripts\\python.exe\n&#34;}], &#34;testCases/test_widgets_page.py::Test_Range_Slider::test_range_slider&#34;: [{&#34;extras&#34;: [], &#34;result&#34;: &#34;Passed&#34;, &#34;testId&#34;: &#34;testCases/test_widgets_page.py::Test_Range_Slider::test_range_slider&#34;, &#34;duration&#34;: &#34;00:01:34&#34;, &#34;resultsTableRow&#34;: [&#34;&lt;td class=\&#34;col-result\&#34;&gt;Passed&lt;/td&gt;&#34;, &#34;&lt;td class=\&#34;col-testId\&#34;&gt;testCases/test_widgets_page.py::Test_Range_Slider::test_range_slider&lt;/td&gt;&#34;, &#34;&lt;td class=\&#34;col-duration\&#34;&gt;00:01:34&lt;/td&gt;&#34;, &#34;&lt;td class=\&#34;col-links\&#34;&gt;&lt;/td&gt;&#34;], &#34;log&#34;: &#34;[gw49] win32 -- Python 3.12.1 C:\\Automation\\Python\\DemoQA-Automation\\.venv\\Scripts\\python.exe\n&#34;}], &#34;testCases/test_elements_page.py::Test_Radio_Button::test_radio_button[yes]&#34;: [{&#34;extras&#34;: [], &#34;result&#34;: &#34;Passed&#34;, &#34;testId&#34;: &#34;testCases/test_elements_page.py::Test_Radio_Button::test_radio_button[yes]&#34;, &#34;duration&#34;: &#34;00:02:43&#34;, &#34;resultsTableRow&#34;: [&#34;&lt;td class=\&#34;col-result\&#34;&gt;Passed&lt;/td&gt;&#34;, &#34;&lt;td class=\&#34;col-testId\&#34;&gt;testCases/test_elements_page.py::Test_Radio_Button::test_radio_button[yes]&lt;/td&gt;&#34;, &#34;&lt;td class=\&#34;col-duration\&#34;&gt;00:02:43&lt;/td&gt;&#34;, &#34;&lt;td class=\&#34;col-links\&#34;&gt;&lt;/td&gt;&#34;], &#34;log&#34;: &#34;[gw17] win32 -- Python 3.12.1 C:\\Automation\\Python\\DemoQA-Automation\\.venv\\Scripts\\python.exe\n&#34;}], &#34;testCases/test_widgets_page.py::Test_Progress_Bar::test_progress_bar&#34;: [{&#34;extras&#34;: [], &#34;result&#34;: &#34;Passed&#34;, &#34;testId&#34;: &#34;testCases/test_widgets_page.py::Test_Progress_Bar::test_progress_bar&#34;, &#34;duration&#34;: &#34;00:02:19&#34;, &#34;resultsTableRow&#34;: [&#34;&lt;td class=\&#34;col-result\&#34;&gt;Passed&lt;/td&gt;&#34;, &#34;&lt;td class=\&#34;col-testId\&#34;&gt;testCases/test_widgets_page.py::Test_Progress_Bar::test_progress_bar&lt;/td&gt;&#34;, &#34;&lt;td class=\&#34;col-duration\&#34;&gt;00:02:19&lt;/td&gt;&#34;, &#34;&lt;td class=\&#34;col-links\&#34;&gt;&lt;/td&gt;&#34;], &#34;log&#34;: &#34;[gw3] win32 -- Python 3.12.1 C:\\Automation\\Python\\DemoQA-Automation\\.venv\\Scripts\\python.exe\n&#34;}], &#34;testCases/test_interactions_page.py::Test_Draggable::test_y_axis_restricted&#34;: [{&#34;extras&#34;: [], &#34;result&#34;: &#34;Passed&#34;, &#34;testId&#34;: &#34;testCases/test_interactions_page.py::Test_Draggable::test_y_axis_restricted&#34;, &#34;duration&#34;: &#34;00:02:13&#34;, &#34;resultsTableRow&#34;: [&#34;&lt;td class=\&#34;col-result\&#34;&gt;Passed&lt;/td&gt;&#34;, &#34;&lt;td class=\&#34;col-testId\&#34;&gt;testCases/test_interactions_page.py::Test_Draggable::test_y_axis_restricted&lt;/td&gt;&#34;, &#34;&lt;td class=\&#34;col-duration\&#34;&gt;00:02:13&lt;/td&gt;&#34;, &#34;&lt;td class=\&#34;col-links\&#34;&gt;&lt;/td&gt;&#34;], &#34;log&#34;: &#34;[gw43] win32 -- Python 3.12.1 C:\\Automation\\Python\\DemoQA-Automation\\.venv\\Scripts\\python.exe\n&#34;}], &#34;testCases/test_widgets_page.py::Test_Accordian::test_accordian[0-What is Lorem Ipsum?-Lorem Ipsum]&#34;: [{&#34;extras&#34;: [], &#34;result&#34;: &#34;Passed&#34;, &#34;testId&#34;: &#34;testCases/test_widgets_page.py::Test_Accordian::test_accordian[0-What is Lorem Ipsum?-Lorem Ipsum]&#34;, &#34;duration&#34;: &#34;00:01:35&#34;, &#34;resultsTableRow&#34;: [&#34;&lt;td class=\&#34;col-result\&#34;&gt;Passed&lt;/td&gt;&#34;, &#34;&lt;td class=\&#34;col-testId\&#34;&gt;testCases/test_widgets_page.py::Test_Accordian::test_accordian[0-What is Lorem Ipsum?-Lorem Ipsum]&lt;/td&gt;&#34;, &#34;&lt;td class=\&#34;col-duration\&#34;&gt;00:01:35&lt;/td&gt;&#34;, &#34;&lt;td class=\&#34;col-links\&#34;&gt;&lt;/td&gt;&#34;], &#34;log&#34;: &#34;[gw46] win32 -- Python 3.12.1 C:\\Automation\\Python\\DemoQA-Automation\\.venv\\Scripts\\python.exe\n&#34;}], &#34;testCases/test_elements_page.py::Test_Radio_Button::test_radio_button[no]&#34;: [{&#34;extras&#34;: [], &#34;result&#34;: &#34;Passed&#34;, &#34;testId&#34;: &#34;testCases/test_elements_page.py::Test_Radio_Button::test_radio_button[no]&#34;, &#34;duration&#34;: &#34;00:01:35&#34;, &#34;resultsTableRow&#34;: [&#34;&lt;td class=\&#34;col-result\&#34;&gt;Passed&lt;/td&gt;&#34;, &#34;&lt;td class=\&#34;col-testId\&#34;&gt;testCases/test_elements_page.py::Test_Radio_Button::test_radio_button[no]&lt;/td&gt;&#34;, &#34;&lt;td class=\&#34;col-duration\&#34;&gt;00:01:35&lt;/td&gt;&#34;, &#34;&lt;td class=\&#34;col-links\&#34;&gt;&lt;/td&gt;&#34;], &#34;log&#34;: &#34;[gw18] win32 -- Python 3.12.1 C:\\Automation\\Python\\DemoQA-Automation\\.venv\\Scripts\\python.exe\n\n----------------------------- Captured stdout call -----------------------------\nMessage: no such element: Unable to locate element: {&amp;quot;method&amp;quot;:&amp;quot;css selector&amp;quot;,&amp;quot;selector&amp;quot;:&amp;quot;.text-success&amp;quot;}\n  (Session info: chrome-headless-shell=121.0.6167.161); For documentation on this error, please visit: https://www.selenium.dev/documentation/webdriver/troubleshooting/errors#no-such-element-exception\nStacktrace:\n\tGetHandleVerifier [0x00007FF7205D5E42+3538674]\n\t(No symbol) [0x00007FF7201F4C02]\n\t(No symbol) [0x00007FF7200A5AEB]\n\t(No symbol) [0x00007FF7200EBF4E]\n\t(No symbol) [0x00007FF7200EC0CC]\n\t(No symbol) [0x00007FF72012E477]\n\t(No symbol) [0x00007FF72010F0EF]\n\t(No symbol) [0x00007FF72012BDE3]\n\t(No symbol) [0x00007FF72010EE53]\n\t(No symbol) [0x00007FF7200DF514]\n\t(No symbol) [0x00007FF7200E0631]\n\tGetHandleVerifier [0x00007FF720606CAD+3738973]\n\tGetHandleVerifier [0x00007FF72065C506+4089270]\n\tGetHandleVerifier [0x00007FF720654823+4057299]\n\tGetHandleVerifier [0x00007FF720325C49+720121]\n\t(No symbol) [0x00007FF72020126F]\n\t(No symbol) [0x00007FF7201FC304]\n\t(No symbol) [0x00007FF7201FC432]\n\t(No symbol) [0x00007FF7201EBD04]\n\tBaseThreadInitThunk [0x00007FFD1B7C257D+29]\n\tRtlUserThreadStart [0x00007FFD1C7EAA58+40]\n\n&#34;}], &#34;testCases/test_elements_page.py::Test_Link_Clicks::test_links_sends_api_call[Unauthorized]&#34;: [{&#34;extras&#34;: [], &#34;result&#34;: &#34;Passed&#34;, &#34;testId&#34;: &#34;testCases/test_elements_page.py::Test_Link_Clicks::test_links_sends_api_call[Unauthorized]&#34;, &#34;duration&#34;: &#34;00:02:48&#34;, &#34;resultsTableRow&#34;: [&#34;&lt;td class=\&#34;col-result\&#34;&gt;Passed&lt;/td&gt;&#34;, &#34;&lt;td class=\&#34;col-testId\&#34;&gt;testCases/test_elements_page.py::Test_Link_Clicks::test_links_sends_api_call[Unauthorized]&lt;/td&gt;&#34;, &#34;&lt;td class=\&#34;col-duration\&#34;&gt;00:02:48&lt;/td&gt;&#34;, &#34;&lt;td class=\&#34;col-links\&#34;&gt;&lt;/td&gt;&#34;], &#34;log&#34;: &#34;[gw24] win32 -- Python 3.12.1 C:\\Automation\\Python\\DemoQA-Automation\\.venv\\Scripts\\python.exe\n&#34;}], &#34;testCases/test_interactions_page.py::Test_Droppable::test_revert_draggable[False]&#34;: [{&#34;extras&#34;: [], &#34;result&#34;: &#34;Passed&#34;, &#34;testId&#34;: &#34;testCases/test_interactions_page.py::Test_Droppable::test_revert_draggable[False]&#34;, &#34;duration&#34;: &#34;00:01:50&#34;, &#34;resultsTableRow&#34;: [&#34;&lt;td class=\&#34;col-result\&#34;&gt;Passed&lt;/td&gt;&#34;, &#34;&lt;td class=\&#34;col-testId\&#34;&gt;testCases/test_interactions_page.py::Test_Droppable::test_revert_draggable[False]&lt;/td&gt;&#34;, &#34;&lt;td class=\&#34;col-duration\&#34;&gt;00:01:50&lt;/td&gt;&#34;, &#34;&lt;td class=\&#34;col-links\&#34;&gt;&lt;/td&gt;&#34;], &#34;log&#34;: &#34;[gw42] win32 -- Python 3.12.1 C:\\Automation\\Python\\DemoQA-Automation\\.venv\\Scripts\\python.exe\n&#34;}], &#34;testCases/test_interactions_page.py::Test_Droppable::test_acceptable_drop[True-Dropped!]&#34;: [{&#34;extras&#34;: [], &#34;result&#34;: &#34;Passed&#34;, &#34;testId&#34;: &#34;testCases/test_interactions_page.py::Test_Droppable::test_acceptable_drop[True-Dropped!]&#34;, &#34;duration&#34;: &#34;00:02:27&#34;, &#34;resultsTableRow&#34;: [&#34;&lt;td class=\&#34;col-result\&#34;&gt;Passed&lt;/td&gt;&#34;, &#34;&lt;td class=\&#34;col-testId\&#34;&gt;testCases/test_interactions_page.py::Test_Droppable::test_acceptable_drop[True-Dropped!]&lt;/td&gt;&#34;, &#34;&lt;td class=\&#34;col-duration\&#34;&gt;00:02:27&lt;/td&gt;&#34;, &#34;&lt;td class=\&#34;col-links\&#34;&gt;&lt;/td&gt;&#34;], &#34;log&#34;: &#34;[gw39] win32 -- Python 3.12.1 C:\\Automation\\Python\\DemoQA-Automation\\.venv\\Scripts\\python.exe\n&#34;}], &#34;testCases/test_widgets_page.py::Test_Select_Menu::test_multiselect_dropdown&#34;: [{&#34;extras&#34;: [], &#34;result&#34;: &#34;Passed&#34;, &#34;testId&#34;: &#34;testCases/test_widgets_page.py::Test_Select_Menu::test_multiselect_dropdown&#34;, &#34;duration&#34;: &#34;00:01:52&#34;, &#34;resultsTableRow&#34;: [&#34;&lt;td class=\&#34;col-result\&#34;&gt;Passed&lt;/td&gt;&#34;, &#34;&lt;td class=\&#34;col-testId\&#34;&gt;testCases/test_widgets_page.py::Test_Select_Menu::test_multiselect_dropdown&lt;/td&gt;&#34;, &#34;&lt;td class=\&#34;col-duration\&#34;&gt;00:01:52&lt;/td&gt;&#34;, &#34;&lt;td class=\&#34;col-links\&#34;&gt;&lt;/td&gt;&#34;], &#34;log&#34;: &#34;[gw2] win32 -- Python 3.12.1 C:\\Automation\\Python\\DemoQA-Automation\\.venv\\Scripts\\python.exe\n&#34;}], &#34;testCases/test_elements_page.py::Test_TextBox::test_text_boxes_submission[Hello--Patna-Gaya]&#34;: [{&#34;extras&#34;: [], &#34;result&#34;: &#34;Passed&#34;, &#34;testId&#34;: &#34;testCases/test_elements_page.py::Test_TextBox::test_text_boxes_submission[Hello--Patna-Gaya]&#34;, &#34;duration&#34;: &#34;00:02:58&#34;, &#34;resultsTableRow&#34;: [&#34;&lt;td class=\&#34;col-result\&#34;&gt;Passed&lt;/td&gt;&#34;, &#34;&lt;td class=\&#34;col-testId\&#34;&gt;testCases/test_elements_page.py::Test_TextBox::test_text_boxes_submission[Hello--Patna-Gaya]&lt;/td&gt;&#34;, &#34;&lt;td class=\&#34;col-duration\&#34;&gt;00:02:58&lt;/td&gt;&#34;, &#34;&lt;td class=\&#34;col-links\&#34;&gt;&lt;/td&gt;&#34;], &#34;log&#34;: &#34;[gw15] win32 -- Python 3.12.1 C:\\Automation\\Python\\DemoQA-Automation\\.venv\\Scripts\\python.exe\n\n------------------------------ Captured log call -------------------------------\nINFO     root:test_elements_page.py:111 Text Box with invalid email format: PASSED\n\n&#34;}]}, &#34;renderCollapsed&#34;: [&#34;passed&#34;], &#34;initialSort&#34;: &#34;result&#34;, &#34;title&#34;: &#34;DemoQA Test Framework!&#34;}"></div>
    <script>
      (function(){function r(e,n,t){function o(i,f){if(!n[i]){if(!e[i]){var c="function"==typeof require&&require;if(!f&&c)return c(i,!0);if(u)return u(i,!0);var a=new Error("Cannot find module '"+i+"'");throw a.code="MODULE_NOT_FOUND",a}var p=n[i]={exports:{}};e[i][0].call(p.exports,function(r){var n=e[i][1][r];return o(n||r)},p,p.exports,r,e,n,t)}return n[i].exports}for(var u="function"==typeof require&&require,i=0;i<t.length;i++)o(t[i]);return o}return r})()({1:[function(require,module,exports){
const { getCollapsedCategory, setCollapsedIds } = require('./storage.js')

class DataManager {
    setManager(data) {
        const collapsedCategories = [...getCollapsedCategory(data.renderCollapsed)]
        const collapsedIds = []
        const tests = Object.values(data.tests).flat().map((test, index) => {
            const collapsed = collapsedCategories.includes(test.result.toLowerCase())
            const id = `test_${index}`
            if (collapsed) {
                collapsedIds.push(id)
            }
            return {
                ...test,
                id,
                collapsed,
            }
        })
        const dataBlob = { ...data, tests }
        this.data = { ...dataBlob }
        this.renderData = { ...dataBlob }
        setCollapsedIds(collapsedIds)
    }

    get allData() {
        return { ...this.data }
    }

    resetRender() {
        this.renderData = { ...this.data }
    }

    setRender(data) {
        this.renderData.tests = [...data]
    }

    toggleCollapsedItem(id) {
        this.renderData.tests = this.renderData.tests.map((test) =>
            test.id === id ? { ...test, collapsed: !test.collapsed } : test,
        )
    }

    set allCollapsed(collapsed) {
        this.renderData = { ...this.renderData, tests: [...this.renderData.tests.map((test) => (
            { ...test, collapsed }
        ))] }
    }

    get testSubset() {
        return [...this.renderData.tests]
    }

    get environment() {
        return this.renderData.environment
    }

    get initialSort() {
        return this.data.initialSort
    }
}

module.exports = {
    manager: new DataManager(),
}

},{"./storage.js":8}],2:[function(require,module,exports){
const mediaViewer = require('./mediaviewer.js')
const templateEnvRow = document.getElementById('template_environment_row')
const templateResult = document.getElementById('template_results-table__tbody')

function htmlToElements(html) {
    const temp = document.createElement('template')
    temp.innerHTML = html
    return temp.content.childNodes
}

const find = (selector, elem) => {
    if (!elem) {
        elem = document
    }
    return elem.querySelector(selector)
}

const findAll = (selector, elem) => {
    if (!elem) {
        elem = document
    }
    return [...elem.querySelectorAll(selector)]
}

const dom = {
    getStaticRow: (key, value) => {
        const envRow = templateEnvRow.content.cloneNode(true)
        const isObj = typeof value === 'object' && value !== null
        const values = isObj ? Object.keys(value).map((k) => `${k}: ${value[k]}`) : null

        const valuesElement = htmlToElements(
            values ? `<ul>${values.map((val) => `<li>${val}</li>`).join('')}<ul>` : `<div>${value}</div>`)[0]
        const td = findAll('td', envRow)
        td[0].textContent = key
        td[1].appendChild(valuesElement)

        return envRow
    },
    getResultTBody: ({ testId, id, log, extras, resultsTableRow, tableHtml, result, collapsed }) => {
        const resultBody = templateResult.content.cloneNode(true)
        resultBody.querySelector('tbody').classList.add(result.toLowerCase())
        resultBody.querySelector('tbody').id = testId
        resultBody.querySelector('.collapsible').dataset.id = id

        resultsTableRow.forEach((html) => {
            const t = document.createElement('template')
            t.innerHTML = html
            resultBody.querySelector('.collapsible').appendChild(t.content)
        })

        if (log) {
            // Wrap lines starting with "E" with span.error to color those lines red
            const wrappedLog = log.replace(/^E.*$/gm, (match) => `<span class="error">${match}</span>`)
            resultBody.querySelector('.log').innerHTML = wrappedLog
        } else {
            resultBody.querySelector('.log').remove()
        }

        if (collapsed) {
            resultBody.querySelector('.collapsible > td')?.classList.add('collapsed')
            resultBody.querySelector('.extras-row').classList.add('hidden')
        } else {
            resultBody.querySelector('.collapsible > td')?.classList.remove('collapsed')
        }

        const media = []
        extras?.forEach(({ name, format_type, content }) => {
            if (['image', 'video'].includes(format_type)) {
                media.push({ path: content, name, format_type })
            }

            if (format_type === 'html') {
                resultBody.querySelector('.extraHTML').insertAdjacentHTML('beforeend', `<div>${content}</div>`)
            }
        })
        mediaViewer.setup(resultBody, media)

        // Add custom html from the pytest_html_results_table_html hook
        tableHtml?.forEach((item) => {
            resultBody.querySelector('td[class="extra"]').insertAdjacentHTML('beforeend', item)
        })

        return resultBody
    },
}

module.exports = {
    dom,
    htmlToElements,
    find,
    findAll,
}

},{"./mediaviewer.js":6}],3:[function(require,module,exports){
const { manager } = require('./datamanager.js')
const { doSort } = require('./sort.js')
const storageModule = require('./storage.js')

const getFilteredSubSet = (filter) =>
    manager.allData.tests.filter(({ result }) => filter.includes(result.toLowerCase()))

const doInitFilter = () => {
    const currentFilter = storageModule.getVisible()
    const filteredSubset = getFilteredSubSet(currentFilter)
    manager.setRender(filteredSubset)
}

const doFilter = (type, show) => {
    if (show) {
        storageModule.showCategory(type)
    } else {
        storageModule.hideCategory(type)
    }

    const currentFilter = storageModule.getVisible()
    const filteredSubset = getFilteredSubSet(currentFilter)
    manager.setRender(filteredSubset)

    const sortColumn = storageModule.getSort()
    doSort(sortColumn, true)
}

module.exports = {
    doFilter,
    doInitFilter,
}

},{"./datamanager.js":1,"./sort.js":7,"./storage.js":8}],4:[function(require,module,exports){
const { redraw, bindEvents, renderStatic } = require('./main.js')
const { doInitFilter } = require('./filter.js')
const { doInitSort } = require('./sort.js')
const { manager } = require('./datamanager.js')
const data = JSON.parse(document.getElementById('data-container').dataset.jsonblob)

function init() {
    manager.setManager(data)
    doInitFilter()
    doInitSort()
    renderStatic()
    redraw()
    bindEvents()
}

init()

},{"./datamanager.js":1,"./filter.js":3,"./main.js":5,"./sort.js":7}],5:[function(require,module,exports){
const { dom, find, findAll } = require('./dom.js')
const { manager } = require('./datamanager.js')
const { doSort } = require('./sort.js')
const { doFilter } = require('./filter.js')
const {
    getVisible,
    getCollapsedIds,
    setCollapsedIds,
    getSort,
    getSortDirection,
    possibleFilters,
} = require('./storage.js')

const removeChildren = (node) => {
    while (node.firstChild) {
        node.removeChild(node.firstChild)
    }
}

const renderStatic = () => {
    const renderEnvironmentTable = () => {
        const environment = manager.environment
        const rows = Object.keys(environment).map((key) => dom.getStaticRow(key, environment[key]))
        const table = document.getElementById('environment')
        removeChildren(table)
        rows.forEach((row) => table.appendChild(row))
    }
    renderEnvironmentTable()
}

const addItemToggleListener = (elem) => {
    elem.addEventListener('click', ({ target }) => {
        const id = target.parentElement.dataset.id
        manager.toggleCollapsedItem(id)

        const collapsedIds = getCollapsedIds()
        if (collapsedIds.includes(id)) {
            const updated = collapsedIds.filter((item) => item !== id)
            setCollapsedIds(updated)
        } else {
            collapsedIds.push(id)
            setCollapsedIds(collapsedIds)
        }
        redraw()
    })
}

const renderContent = (tests) => {
    const sortAttr = getSort(manager.initialSort)
    const sortAsc = JSON.parse(getSortDirection())
    const rows = tests.map(dom.getResultTBody)
    const table = document.getElementById('results-table')
    const tableHeader = document.getElementById('results-table-head')

    const newTable = document.createElement('table')
    newTable.id = 'results-table'

    // remove all sorting classes and set the relevant
    findAll('.sortable', tableHeader).forEach((elem) => elem.classList.remove('asc', 'desc'))
    tableHeader.querySelector(`.sortable[data-column-type="${sortAttr}"]`)?.classList.add(sortAsc ? 'desc' : 'asc')
    newTable.appendChild(tableHeader)

    if (!rows.length) {
        const emptyTable = document.getElementById('template_results-table__body--empty').content.cloneNode(true)
        newTable.appendChild(emptyTable)
    } else {
        rows.forEach((row) => {
            if (!!row) {
                findAll('.collapsible td:not(.col-links', row).forEach(addItemToggleListener)
                find('.logexpander', row).addEventListener('click',
                    (evt) => evt.target.parentNode.classList.toggle('expanded'),
                )
                newTable.appendChild(row)
            }
        })
    }

    table.replaceWith(newTable)
}

const renderDerived = () => {
    const currentFilter = getVisible()
    possibleFilters.forEach((result) => {
        const input = document.querySelector(`input[data-test-result="${result}"]`)
        input.checked = currentFilter.includes(result)
    })
}

const bindEvents = () => {
    const filterColumn = (evt) => {
        const { target: element } = evt
        const { testResult } = element.dataset

        doFilter(testResult, element.checked)
        const collapsedIds = getCollapsedIds()
        const updated = manager.renderData.tests.map((test) => {
            return {
                ...test,
                collapsed: collapsedIds.includes(test.id),
            }
        })
        manager.setRender(updated)
        redraw()
    }

    const header = document.getElementById('environment-header')
    header.addEventListener('click', () => {
        const table = document.getElementById('environment')
        table.classList.toggle('hidden')
        header.classList.toggle('collapsed')
    })

    findAll('input[name="filter_checkbox"]').forEach((elem) => {
        elem.addEventListener('click', filterColumn)
    })

    findAll('.sortable').forEach((elem) => {
        elem.addEventListener('click', (evt) => {
            const { target: element } = evt
            const { columnType } = element.dataset
            doSort(columnType)
            redraw()
        })
    })

    document.getElementById('show_all_details').addEventListener('click', () => {
        manager.allCollapsed = false
        setCollapsedIds([])
        redraw()
    })
    document.getElementById('hide_all_details').addEventListener('click', () => {
        manager.allCollapsed = true
        const allIds = manager.renderData.tests.map((test) => test.id)
        setCollapsedIds(allIds)
        redraw()
    })
}

const redraw = () => {
    const { testSubset } = manager

    renderContent(testSubset)
    renderDerived()
}

module.exports = {
    redraw,
    bindEvents,
    renderStatic,
}

},{"./datamanager.js":1,"./dom.js":2,"./filter.js":3,"./sort.js":7,"./storage.js":8}],6:[function(require,module,exports){
class MediaViewer {
    constructor(assets) {
        this.assets = assets
        this.index = 0
    }

    nextActive() {
        this.index = this.index === this.assets.length - 1 ? 0 : this.index + 1
        return [this.activeFile, this.index]
    }

    prevActive() {
        this.index = this.index === 0 ? this.assets.length - 1 : this.index -1
        return [this.activeFile, this.index]
    }

    get currentIndex() {
        return this.index
    }

    get activeFile() {
        return this.assets[this.index]
    }
}


const setup = (resultBody, assets) => {
    if (!assets.length) {
        resultBody.querySelector('.media').classList.add('hidden')
        return
    }

    const mediaViewer = new MediaViewer(assets)
    const container = resultBody.querySelector('.media-container')
    const leftArrow = resultBody.querySelector('.media-container__nav--left')
    const rightArrow = resultBody.querySelector('.media-container__nav--right')
    const mediaName = resultBody.querySelector('.media__name')
    const counter = resultBody.querySelector('.media__counter')
    const imageEl = resultBody.querySelector('img')
    const sourceEl = resultBody.querySelector('source')
    const videoEl = resultBody.querySelector('video')

    const setImg = (media, index) => {
        if (media?.format_type === 'image') {
            imageEl.src = media.path

            imageEl.classList.remove('hidden')
            videoEl.classList.add('hidden')
        } else if (media?.format_type === 'video') {
            sourceEl.src = media.path

            videoEl.classList.remove('hidden')
            imageEl.classList.add('hidden')
        }

        mediaName.innerText = media?.name
        counter.innerText = `${index + 1} / ${assets.length}`
    }
    setImg(mediaViewer.activeFile, mediaViewer.currentIndex)

    const moveLeft = () => {
        const [media, index] = mediaViewer.prevActive()
        setImg(media, index)
    }
    const doRight = () => {
        const [media, index] = mediaViewer.nextActive()
        setImg(media, index)
    }
    const openImg = () => {
        window.open(mediaViewer.activeFile.path, '_blank')
    }
    if (assets.length === 1) {
        container.classList.add('media-container--fullscreen')
    } else {
        leftArrow.addEventListener('click', moveLeft)
        rightArrow.addEventListener('click', doRight)
    }
    imageEl.addEventListener('click', openImg)
}

module.exports = {
    setup,
}

},{}],7:[function(require,module,exports){
const { manager } = require('./datamanager.js')
const storageModule = require('./storage.js')

const genericSort = (list, key, ascending, customOrder) => {
    let sorted
    if (customOrder) {
        sorted = list.sort((a, b) => {
            const aValue = a.result.toLowerCase()
            const bValue = b.result.toLowerCase()

            const aIndex = customOrder.findIndex((item) => item.toLowerCase() === aValue)
            const bIndex = customOrder.findIndex((item) => item.toLowerCase() === bValue)

            // Compare the indices to determine the sort order
            return aIndex - bIndex
        })
    } else {
        sorted = list.sort((a, b) => a[key] === b[key] ? 0 : a[key] > b[key] ? 1 : -1)
    }

    if (ascending) {
        sorted.reverse()
    }
    return sorted
}

const durationSort = (list, ascending) => {
    const parseDuration = (duration) => {
        if (duration.includes(':')) {
            // If it's in the format "HH:mm:ss"
            const [hours, minutes, seconds] = duration.split(':').map(Number)
            return (hours * 3600 + minutes * 60 + seconds) * 1000
        } else {
            // If it's in the format "nnn ms"
            return parseInt(duration)
        }
    }
    const sorted = list.sort((a, b) => parseDuration(a['duration']) - parseDuration(b['duration']))
    if (ascending) {
        sorted.reverse()
    }
    return sorted
}

const doInitSort = () => {
    const type = storageModule.getSort(manager.initialSort)
    const ascending = storageModule.getSortDirection()
    const list = manager.testSubset
    const initialOrder = ['Error', 'Failed', 'Rerun', 'XFailed', 'XPassed', 'Skipped', 'Passed']

    storageModule.setSort(type)
    storageModule.setSortDirection(ascending)

    if (type?.toLowerCase() === 'original') {
        manager.setRender(list)
    } else {
        let sortedList
        switch (type) {
        case 'duration':
            sortedList = durationSort(list, ascending)
            break
        case 'result':
            sortedList = genericSort(list, type, ascending, initialOrder)
            break
        default:
            sortedList = genericSort(list, type, ascending)
            break
        }
        manager.setRender(sortedList)
    }
}

const doSort = (type, skipDirection) => {
    const newSortType = storageModule.getSort(manager.initialSort) !== type
    const currentAsc = storageModule.getSortDirection()
    let ascending
    if (skipDirection) {
        ascending = currentAsc
    } else {
        ascending = newSortType ? false : !currentAsc
    }
    storageModule.setSort(type)
    storageModule.setSortDirection(ascending)

    const list = manager.testSubset
    const sortedList = type === 'duration' ? durationSort(list, ascending) : genericSort(list, type, ascending)
    manager.setRender(sortedList)
}

module.exports = {
    doInitSort,
    doSort,
}

},{"./datamanager.js":1,"./storage.js":8}],8:[function(require,module,exports){
const possibleFilters = [
    'passed',
    'skipped',
    'failed',
    'error',
    'xfailed',
    'xpassed',
    'rerun',
]

const getVisible = () => {
    const url = new URL(window.location.href)
    const settings = new URLSearchParams(url.search).get('visible')
    const lower = (item) => {
        const lowerItem = item.toLowerCase()
        if (possibleFilters.includes(lowerItem)) {
            return lowerItem
        }
        return null
    }
    return settings === null ?
        possibleFilters :
        [...new Set(settings?.split(',').map(lower).filter((item) => item))]
}

const hideCategory = (categoryToHide) => {
    const url = new URL(window.location.href)
    const visibleParams = new URLSearchParams(url.search).get('visible')
    const currentVisible = visibleParams ? visibleParams.split(',') : [...possibleFilters]
    const settings = [...new Set(currentVisible)].filter((f) => f !== categoryToHide).join(',')

    url.searchParams.set('visible', settings)
    window.history.pushState({}, null, unescape(url.href))
}

const showCategory = (categoryToShow) => {
    if (typeof window === 'undefined') {
        return
    }
    const url = new URL(window.location.href)
    const currentVisible = new URLSearchParams(url.search).get('visible')?.split(',').filter(Boolean) ||
        [...possibleFilters]
    const settings = [...new Set([categoryToShow, ...currentVisible])]
    const noFilter = possibleFilters.length === settings.length || !settings.length

    noFilter ? url.searchParams.delete('visible') : url.searchParams.set('visible', settings.join(','))
    window.history.pushState({}, null, unescape(url.href))
}

const getSort = (initialSort) => {
    const url = new URL(window.location.href)
    let sort = new URLSearchParams(url.search).get('sort')
    if (!sort) {
        sort = initialSort || 'result'
    }
    return sort
}

const setSort = (type) => {
    const url = new URL(window.location.href)
    url.searchParams.set('sort', type)
    window.history.pushState({}, null, unescape(url.href))
}

const getCollapsedCategory = (renderCollapsed) => {
    let categories
    if (typeof window !== 'undefined') {
        const url = new URL(window.location.href)
        const collapsedItems = new URLSearchParams(url.search).get('collapsed')
        switch (true) {
        case !renderCollapsed && collapsedItems === null:
            categories = ['passed']
            break
        case collapsedItems?.length === 0 || /^["']{2}$/.test(collapsedItems):
            categories = []
            break
        case /^all$/.test(collapsedItems) || collapsedItems === null && /^all$/.test(renderCollapsed):
            categories = [...possibleFilters]
            break
        default:
            categories = collapsedItems?.split(',').map((item) => item.toLowerCase()) || renderCollapsed
            break
        }
    } else {
        categories = []
    }
    return categories
}

const getSortDirection = () => JSON.parse(sessionStorage.getItem('sortAsc')) || false
const setSortDirection = (ascending) => sessionStorage.setItem('sortAsc', ascending)

const getCollapsedIds = () => JSON.parse(sessionStorage.getItem('collapsedIds')) || []
const setCollapsedIds = (list) => sessionStorage.setItem('collapsedIds', JSON.stringify(list))

module.exports = {
    getVisible,
    hideCategory,
    showCategory,
    getCollapsedIds,
    setCollapsedIds,
    getSort,
    setSort,
    getSortDirection,
    setSortDirection,
    getCollapsedCategory,
    possibleFilters,
}

},{}]},{},[4]);
    </script>
  </footer>
</html>